Nov 28, 2014 4:46:23 AM org.lown.consultancy.accounts.AccountsManagement main
INFO: LOWN Accounting Application logs...
Nov 28, 2014 4:46:23 AM org.lown.consultancy.accounts.AccountsManagement main
INFO: Application Starting...
Nov 28, 2014 4:46:24 AM org.lown.consultancy.accounts.dialog.LoginDialog <init>
INFO: Application User Log on UI...
Nov 28, 2014 4:46:29 AM org.lown.consultancy.accounts.api.UserService getUser
INFO: Getting user Details given username and pass... 
Nov 28, 2014 4:46:30 AM org.lown.consultancy.accounts.Sql createStatement
INFO: Creating Statement...
Nov 28, 2014 4:46:30 AM org.lown.consultancy.accounts.Sql getConnection
INFO: Opening Connection to the Database
Nov 28, 2014 4:46:30 AM org.lown.consultancy.accounts.dialog.LoginDialog actionPerformed
INFO: Sucessfull Log on... Loading Main Menu
Nov 28, 2014 4:46:30 AM org.lown.consultancy.accounts.dialog.LoginDialog actionPerformed
INFO: User: super Login  Sucessfull
Nov 28, 2014 4:46:30 AM org.lown.consultancy.accounts.api.CompanyService getCompanyDetails
INFO: Getting Customer Details given the internal DB id... 
Nov 28, 2014 4:46:30 AM org.lown.consultancy.accounts.Sql createStatement
INFO: Creating Statement...
Nov 28, 2014 4:46:40 AM org.lown.consultancy.accounts.dialog.MainMenu actionPerformed
INFO: Loading Supplier Dialog form... 
Nov 28, 2014 4:46:40 AM org.lown.consultancy.accounts.dialog.SupplierDashboard createAndShowGUI
INFO: Loading CustomerDashboard Dialog
Nov 28, 2014 4:46:40 AM org.lown.consultancy.accounts.tables.PurchasesTransactions <init>
INFO: Creating Purchases Transactions Table UI...
Nov 28, 2014 4:46:40 AM org.lown.consultancy.accounts.tables.SupplierList <init>
INFO: Creating Find Table UI...
Nov 28, 2014 4:47:01 AM org.lown.consultancy.accounts.api.SupplierService getSupplierByName
INFO: Get List of Customers given the search criteria... 
Nov 28, 2014 4:47:01 AM org.lown.consultancy.accounts.api.SupplierService getSupplierByName
INFO: Executing Query: Select supplier_id,sname,number,phone,address, contactperson, pin from supplier WHERE voided=0 and (number like '%msa%' or  sname like '%msa%' or phone like '%msa%' or address like '%msa%'  or contactperson like '%msa%') order by number asc;
Nov 28, 2014 4:47:01 AM org.lown.consultancy.accounts.Sql createStatement
INFO: Creating Statement...
Nov 28, 2014 4:47:03 AM org.lown.consultancy.accounts.api.SupplierService getSupplierByNumber
INFO: Getting Customer Details given the internal DB id... 
Nov 28, 2014 4:47:03 AM org.lown.consultancy.accounts.Sql createStatement
INFO: Creating Statement...
Nov 28, 2014 4:47:03 AM org.lown.consultancy.accounts.api.SupplierService getSupplierByNumber
INFO: Getting Customer Details given the internal DB id... 
Nov 28, 2014 4:47:03 AM org.lown.consultancy.accounts.Sql createStatement
INFO: Creating Statement...
Nov 28, 2014 4:47:05 AM org.lown.consultancy.accounts.api.PurchasesService getPurchasesBySupplierId
INFO: Getting Category Details given the internal DB id... 
Nov 28, 2014 4:47:05 AM org.lown.consultancy.accounts.Sql createStatement
INFO: Creating Statement...
Nov 28, 2014 4:47:05 AM org.lown.consultancy.accounts.api.PurchasesService getPurchasesBySupplierId
INFO: Getting Category Details given the internal DB id... 
Nov 28, 2014 4:47:05 AM org.lown.consultancy.accounts.Sql createStatement
INFO: Creating Statement...
Nov 28, 2014 4:47:05 AM org.lown.consultancy.accounts.api.PurchasesService getTotalPurchasesBySupplierId
INFO: getTotalPurchasesBySupplierId given DB id... 
Nov 28, 2014 4:47:05 AM org.lown.consultancy.accounts.Sql createStatement
INFO: Creating Statement...
Nov 28, 2014 4:47:05 AM org.lown.consultancy.accounts.api.PurchasesService getTotalPaymentsBySupplierId
INFO: getTotalPaymentsBySupplierId given DB id... 
Nov 28, 2014 4:47:05 AM org.lown.consultancy.accounts.Sql createStatement
INFO: Creating Statement...
Nov 28, 2014 4:47:58 AM org.lown.consultancy.accounts.dialog.SupplierDialog <init>
INFO: Creating Register Customer UI...
Nov 28, 2014 4:48:27 AM org.lown.consultancy.accounts.api.PurchasesService getPurchasesBySupplierId
INFO: Getting Category Details given the internal DB id... 
Nov 28, 2014 4:48:27 AM org.lown.consultancy.accounts.Sql createStatement
INFO: Creating Statement...
Nov 28, 2014 4:48:27 AM org.lown.consultancy.accounts.api.PurchasesService getPurchasesBySupplierId
INFO: Getting Category Details given the internal DB id... 
Nov 28, 2014 4:48:27 AM org.lown.consultancy.accounts.Sql createStatement
INFO: Creating Statement...
Nov 28, 2014 4:48:27 AM org.lown.consultancy.accounts.api.PurchasesService getTotalPurchasesBySupplierId
INFO: getTotalPurchasesBySupplierId given DB id... 
Nov 28, 2014 4:48:27 AM org.lown.consultancy.accounts.Sql createStatement
INFO: Creating Statement...
Nov 28, 2014 4:48:27 AM org.lown.consultancy.accounts.api.PurchasesService getTotalPaymentsBySupplierId
INFO: getTotalPaymentsBySupplierId given DB id... 
Nov 28, 2014 4:48:27 AM org.lown.consultancy.accounts.Sql createStatement
INFO: Creating Statement...
Nov 28, 2014 4:48:28 AM org.lown.consultancy.accounts.dialog.SupplierDialog <init>
INFO: Creating Register Customer UI...
Nov 28, 2014 4:48:32 AM org.lown.consultancy.accounts.dialog.SupplierDialog <init>
INFO: Creating Register Customer UI...
Nov 28, 2014 5:02:14 AM org.lown.consultancy.accounts.dialog.MainMenu actionPerformed
INFO: Exiting Accounts Management Application... 
Nov 28, 2014 5:02:14 AM org.lown.consultancy.accounts.dialog.LoginDialog createAndShowGUI
INFO: Loading The Log on Page
Nov 28, 2014 5:02:17 AM org.lown.consultancy.accounts.AccountsManagement main
INFO: LOWN Accounting Application logs...
Nov 28, 2014 5:02:17 AM org.lown.consultancy.accounts.AccountsManagement main
INFO: Application Starting...
Nov 28, 2014 5:02:17 AM org.lown.consultancy.accounts.dialog.LoginDialog <init>
INFO: Application User Log on UI...
Nov 28, 2014 5:02:21 AM org.lown.consultancy.accounts.api.UserService getUser
INFO: Getting user Details given username and pass... 
Nov 28, 2014 5:02:21 AM org.lown.consultancy.accounts.Sql createStatement
INFO: Creating Statement...
Nov 28, 2014 5:02:21 AM org.lown.consultancy.accounts.Sql getConnection
INFO: Opening Connection to the Database
Nov 28, 2014 5:02:21 AM org.lown.consultancy.accounts.dialog.LoginDialog actionPerformed
INFO: Sucessfull Log on... Loading Main Menu
Nov 28, 2014 5:02:21 AM org.lown.consultancy.accounts.dialog.LoginDialog actionPerformed
INFO: User: super Login  Sucessfull
Nov 28, 2014 5:02:21 AM org.lown.consultancy.accounts.api.CompanyService getCompanyDetails
INFO: Getting Customer Details given the internal DB id... 
Nov 28, 2014 5:02:21 AM org.lown.consultancy.accounts.Sql createStatement
INFO: Creating Statement...
Nov 28, 2014 5:02:23 AM org.lown.consultancy.accounts.dialog.MainMenu actionPerformed
INFO: Loading Customer Dashboard Dialog form... 
Nov 28, 2014 5:02:23 AM org.lown.consultancy.accounts.dialog.CustomerDashboard createAndShowGUI
INFO: Loading CustomerDashboard Dialog
Nov 28, 2014 5:02:23 AM org.lown.consultancy.accounts.tables.TransactionsTable <init>
INFO: Creating Transactions Table UI...
Nov 28, 2014 5:02:23 AM org.lown.consultancy.accounts.tables.CustomerListTable <init>
INFO: Creating Find Table UI...
Nov 28, 2014 5:02:28 AM org.lown.consultancy.accounts.dialog.MainMenu actionPerformed
INFO: Loading Supplier Dialog form... 
Nov 28, 2014 5:02:28 AM org.lown.consultancy.accounts.dialog.SupplierDashboard createAndShowGUI
INFO: Loading CustomerDashboard Dialog
Nov 28, 2014 5:02:28 AM org.lown.consultancy.accounts.tables.PurchasesTransactions <init>
INFO: Creating Purchases Transactions Table UI...
Nov 28, 2014 5:02:28 AM org.lown.consultancy.accounts.tables.SupplierList <init>
INFO: Creating Find Table UI...
Nov 28, 2014 5:02:32 AM org.lown.consultancy.accounts.api.SupplierService getSupplierByName
INFO: Get List of Customers given the search criteria... 
Nov 28, 2014 5:02:32 AM org.lown.consultancy.accounts.api.SupplierService getSupplierByName
INFO: Executing Query: Select supplier_id,sname,number,phone,address, contactperson, pin from supplier WHERE voided=0 and (number like '%mas%' or  sname like '%mas%' or phone like '%mas%' or address like '%mas%'  or contactperson like '%mas%') order by number asc;
Nov 28, 2014 5:02:32 AM org.lown.consultancy.accounts.Sql createStatement
INFO: Creating Statement...
Nov 28, 2014 5:02:34 AM org.lown.consultancy.accounts.api.SupplierService getSupplierByName
INFO: Get List of Customers given the search criteria... 
Nov 28, 2014 5:02:34 AM org.lown.consultancy.accounts.api.SupplierService getSupplierByName
INFO: Executing Query: Select supplier_id,sname,number,phone,address, contactperson, pin from supplier WHERE voided=0 and (number like '%msa%' or  sname like '%msa%' or phone like '%msa%' or address like '%msa%'  or contactperson like '%msa%') order by number asc;
Nov 28, 2014 5:02:34 AM org.lown.consultancy.accounts.Sql createStatement
INFO: Creating Statement...
Nov 28, 2014 5:02:35 AM org.lown.consultancy.accounts.api.SupplierService getSupplierByNumber
INFO: Getting Customer Details given the internal DB id... 
Nov 28, 2014 5:02:35 AM org.lown.consultancy.accounts.Sql createStatement
INFO: Creating Statement...
Nov 28, 2014 5:02:35 AM org.lown.consultancy.accounts.api.SupplierService getSupplierByNumber
INFO: Getting Customer Details given the internal DB id... 
Nov 28, 2014 5:02:35 AM org.lown.consultancy.accounts.Sql createStatement
INFO: Creating Statement...
Nov 28, 2014 5:02:36 AM org.lown.consultancy.accounts.api.PurchasesService getPurchasesBySupplierId
INFO: Getting Category Details given the internal DB id... 
Nov 28, 2014 5:02:36 AM org.lown.consultancy.accounts.Sql createStatement
INFO: Creating Statement...
Nov 28, 2014 5:02:36 AM org.lown.consultancy.accounts.api.PurchasesService getPurchasesBySupplierId
INFO: Getting Category Details given the internal DB id... 
Nov 28, 2014 5:02:36 AM org.lown.consultancy.accounts.Sql createStatement
INFO: Creating Statement...
Nov 28, 2014 5:02:36 AM org.lown.consultancy.accounts.api.PurchasesService getTotalPurchasesBySupplierId
INFO: getTotalPurchasesBySupplierId given DB id... 
Nov 28, 2014 5:02:36 AM org.lown.consultancy.accounts.Sql createStatement
INFO: Creating Statement...
Nov 28, 2014 5:02:36 AM org.lown.consultancy.accounts.api.PurchasesService getTotalPaymentsBySupplierId
INFO: getTotalPaymentsBySupplierId given DB id... 
Nov 28, 2014 5:02:36 AM org.lown.consultancy.accounts.Sql createStatement
INFO: Creating Statement...
Nov 28, 2014 5:02:40 AM org.lown.consultancy.accounts.dialog.SupplierDialog <init>
INFO: Creating Register Customer UI...
Nov 28, 2014 5:02:50 AM org.lown.consultancy.accounts.dialog.SupplierDialog <init>
INFO: Creating Register Customer UI...
Nov 28, 2014 5:04:02 AM org.lown.consultancy.accounts.dialog.MainMenu actionPerformed
INFO: Exiting Accounts Management Application... 
Nov 28, 2014 5:04:02 AM org.lown.consultancy.accounts.dialog.LoginDialog createAndShowGUI
INFO: Loading The Log on Page
Nov 28, 2014 5:04:46 AM org.lown.consultancy.accounts.AccountsManagement main
INFO: LOWN Accounting Application logs...
Nov 28, 2014 5:04:46 AM org.lown.consultancy.accounts.AccountsManagement main
INFO: Application Starting...
Nov 28, 2014 5:04:46 AM org.lown.consultancy.accounts.dialog.LoginDialog <init>
INFO: Application User Log on UI...
Nov 28, 2014 5:04:52 AM org.lown.consultancy.accounts.api.UserService getUser
INFO: Getting user Details given username and pass... 
Nov 28, 2014 5:04:52 AM org.lown.consultancy.accounts.Sql createStatement
INFO: Creating Statement...
Nov 28, 2014 5:04:52 AM org.lown.consultancy.accounts.Sql getConnection
INFO: Opening Connection to the Database
Nov 28, 2014 5:04:52 AM org.lown.consultancy.accounts.dialog.LoginDialog actionPerformed
INFO: Sucessfull Log on... Loading Main Menu
Nov 28, 2014 5:04:52 AM org.lown.consultancy.accounts.dialog.LoginDialog actionPerformed
INFO: User: super Login  Sucessfull
Nov 28, 2014 5:04:52 AM org.lown.consultancy.accounts.api.CompanyService getCompanyDetails
INFO: Getting Customer Details given the internal DB id... 
Nov 28, 2014 5:04:52 AM org.lown.consultancy.accounts.Sql createStatement
INFO: Creating Statement...
Nov 28, 2014 5:06:14 AM org.lown.consultancy.accounts.dialog.MainMenu actionPerformed
INFO: Exiting Accounts Management Application... 
Nov 28, 2014 5:06:14 AM org.lown.consultancy.accounts.dialog.LoginDialog createAndShowGUI
INFO: Loading The Log on Page
Nov 28, 2014 5:06:16 AM org.lown.consultancy.accounts.AccountsManagement main
INFO: LOWN Accounting Application logs...
Nov 28, 2014 5:06:16 AM org.lown.consultancy.accounts.AccountsManagement main
INFO: Application Starting...
Nov 28, 2014 5:06:16 AM org.lown.consultancy.accounts.dialog.LoginDialog <init>
INFO: Application User Log on UI...
Nov 28, 2014 5:06:20 AM org.lown.consultancy.accounts.api.UserService getUser
INFO: Getting user Details given username and pass... 
Nov 28, 2014 5:06:20 AM org.lown.consultancy.accounts.Sql createStatement
INFO: Creating Statement...
Nov 28, 2014 5:06:20 AM org.lown.consultancy.accounts.Sql getConnection
INFO: Opening Connection to the Database
Nov 28, 2014 5:06:20 AM org.lown.consultancy.accounts.dialog.LoginDialog actionPerformed
INFO: Sucessfull Log on... Loading Main Menu
Nov 28, 2014 5:06:20 AM org.lown.consultancy.accounts.dialog.LoginDialog actionPerformed
INFO: User: super Login  Sucessfull
Nov 28, 2014 5:06:20 AM org.lown.consultancy.accounts.api.CompanyService getCompanyDetails
INFO: Getting Customer Details given the internal DB id... 
Nov 28, 2014 5:06:20 AM org.lown.consultancy.accounts.Sql createStatement
INFO: Creating Statement...
Nov 28, 2014 5:06:24 AM org.lown.consultancy.accounts.dialog.MainMenu actionPerformed
INFO: Loading Supplier Dialog form... 
Nov 28, 2014 5:06:24 AM org.lown.consultancy.accounts.dialog.SupplierDashboard createAndShowGUI
INFO: Loading CustomerDashboard Dialog
Nov 28, 2014 5:06:24 AM org.lown.consultancy.accounts.tables.PurchasesTransactions <init>
INFO: Creating Purchases Transactions Table UI...
Nov 28, 2014 5:06:24 AM org.lown.consultancy.accounts.tables.SupplierList <init>
INFO: Creating Find Table UI...
Nov 28, 2014 5:06:27 AM org.lown.consultancy.accounts.api.SupplierService getSupplierByName
INFO: Get List of Customers given the search criteria... 
Nov 28, 2014 5:06:27 AM org.lown.consultancy.accounts.api.SupplierService getSupplierByName
INFO: Executing Query: Select supplier_id,sname,number,phone,address, contactperson, pin from supplier WHERE voided=0 and (number like '%msa%' or  sname like '%msa%' or phone like '%msa%' or address like '%msa%'  or contactperson like '%msa%') order by number asc;
Nov 28, 2014 5:06:27 AM org.lown.consultancy.accounts.Sql createStatement
INFO: Creating Statement...
Nov 28, 2014 5:06:28 AM org.lown.consultancy.accounts.api.SupplierService getSupplierByNumber
INFO: Getting Customer Details given the internal DB id... 
Nov 28, 2014 5:06:28 AM org.lown.consultancy.accounts.Sql createStatement
INFO: Creating Statement...
Nov 28, 2014 5:06:28 AM org.lown.consultancy.accounts.api.SupplierService getSupplierByNumber
INFO: Getting Customer Details given the internal DB id... 
Nov 28, 2014 5:06:28 AM org.lown.consultancy.accounts.Sql createStatement
INFO: Creating Statement...
Nov 28, 2014 5:06:29 AM org.lown.consultancy.accounts.api.PurchasesService getPurchasesBySupplierId
INFO: Getting Category Details given the internal DB id... 
Nov 28, 2014 5:06:29 AM org.lown.consultancy.accounts.Sql createStatement
INFO: Creating Statement...
Nov 28, 2014 5:06:29 AM org.lown.consultancy.accounts.api.PurchasesService getPurchasesBySupplierId
INFO: Getting Category Details given the internal DB id... 
Nov 28, 2014 5:06:29 AM org.lown.consultancy.accounts.Sql createStatement
INFO: Creating Statement...
Nov 28, 2014 5:06:29 AM org.lown.consultancy.accounts.api.PurchasesService getTotalPurchasesBySupplierId
INFO: getTotalPurchasesBySupplierId given DB id... 
Nov 28, 2014 5:06:29 AM org.lown.consultancy.accounts.Sql createStatement
INFO: Creating Statement...
Nov 28, 2014 5:06:29 AM org.lown.consultancy.accounts.api.PurchasesService getTotalPaymentsBySupplierId
INFO: getTotalPaymentsBySupplierId given DB id... 
Nov 28, 2014 5:06:29 AM org.lown.consultancy.accounts.Sql createStatement
INFO: Creating Statement...
Nov 28, 2014 5:06:31 AM org.lown.consultancy.accounts.dialog.SupplierDialog <init>
INFO: Creating Register Supplier UI...
Nov 28, 2014 5:09:04 AM org.lown.consultancy.accounts.dialog.MainMenu actionPerformed
INFO: Exiting Accounts Management Application... 
Nov 28, 2014 5:09:04 AM org.lown.consultancy.accounts.dialog.LoginDialog createAndShowGUI
INFO: Loading The Log on Page
Nov 28, 2014 5:09:07 AM org.lown.consultancy.accounts.AccountsManagement main
INFO: LOWN Accounting Application logs...
Nov 28, 2014 5:09:07 AM org.lown.consultancy.accounts.AccountsManagement main
INFO: Application Starting...
Nov 28, 2014 5:09:07 AM org.lown.consultancy.accounts.dialog.LoginDialog <init>
INFO: Application User Log on UI...
Nov 28, 2014 5:09:12 AM org.lown.consultancy.accounts.api.UserService getUser
INFO: Getting user Details given username and pass... 
Nov 28, 2014 5:09:12 AM org.lown.consultancy.accounts.Sql createStatement
INFO: Creating Statement...
Nov 28, 2014 5:09:12 AM org.lown.consultancy.accounts.Sql getConnection
INFO: Opening Connection to the Database
Nov 28, 2014 5:09:12 AM org.lown.consultancy.accounts.dialog.LoginDialog actionPerformed
INFO: Sucessfull Log on... Loading Main Menu
Nov 28, 2014 5:09:12 AM org.lown.consultancy.accounts.dialog.LoginDialog actionPerformed
INFO: User: super Login  Sucessfull
Nov 28, 2014 5:09:12 AM org.lown.consultancy.accounts.api.CompanyService getCompanyDetails
INFO: Getting Customer Details given the internal DB id... 
Nov 28, 2014 5:09:12 AM org.lown.consultancy.accounts.Sql createStatement
INFO: Creating Statement...
Nov 28, 2014 5:09:14 AM org.lown.consultancy.accounts.dialog.MainMenu actionPerformed
INFO: Loading Supplier Dialog form... 
Nov 28, 2014 5:09:14 AM org.lown.consultancy.accounts.dialog.SupplierDashboard createAndShowGUI
INFO: Loading CustomerDashboard Dialog
Nov 28, 2014 5:09:14 AM org.lown.consultancy.accounts.tables.PurchasesTransactions <init>
INFO: Creating Purchases Transactions Table UI...
Nov 28, 2014 5:09:14 AM org.lown.consultancy.accounts.tables.SupplierList <init>
INFO: Creating Find Table UI...
Nov 28, 2014 5:09:16 AM org.lown.consultancy.accounts.api.SupplierService getSupplierByName
INFO: Get List of Customers given the search criteria... 
Nov 28, 2014 5:09:16 AM org.lown.consultancy.accounts.api.SupplierService getSupplierByName
INFO: Executing Query: Select supplier_id,sname,number,phone,address, contactperson, pin from supplier WHERE voided=0 and (number like '%msa%' or  sname like '%msa%' or phone like '%msa%' or address like '%msa%'  or contactperson like '%msa%') order by number asc;
Nov 28, 2014 5:09:16 AM org.lown.consultancy.accounts.Sql createStatement
INFO: Creating Statement...
Nov 28, 2014 5:09:18 AM org.lown.consultancy.accounts.api.SupplierService getSupplierByNumber
INFO: Getting Customer Details given the internal DB id... 
Nov 28, 2014 5:09:18 AM org.lown.consultancy.accounts.Sql createStatement
INFO: Creating Statement...
Nov 28, 2014 5:09:18 AM org.lown.consultancy.accounts.api.SupplierService getSupplierByNumber
INFO: Getting Customer Details given the internal DB id... 
Nov 28, 2014 5:09:18 AM org.lown.consultancy.accounts.Sql createStatement
INFO: Creating Statement...
Nov 28, 2014 5:09:19 AM org.lown.consultancy.accounts.api.PurchasesService getPurchasesBySupplierId
INFO: Getting Category Details given the internal DB id... 
Nov 28, 2014 5:09:19 AM org.lown.consultancy.accounts.Sql createStatement
INFO: Creating Statement...
Nov 28, 2014 5:09:19 AM org.lown.consultancy.accounts.api.PurchasesService getPurchasesBySupplierId
INFO: Getting Category Details given the internal DB id... 
Nov 28, 2014 5:09:19 AM org.lown.consultancy.accounts.Sql createStatement
INFO: Creating Statement...
Nov 28, 2014 5:09:19 AM org.lown.consultancy.accounts.api.PurchasesService getTotalPurchasesBySupplierId
INFO: getTotalPurchasesBySupplierId given DB id... 
Nov 28, 2014 5:09:19 AM org.lown.consultancy.accounts.Sql createStatement
INFO: Creating Statement...
Nov 28, 2014 5:09:19 AM org.lown.consultancy.accounts.api.PurchasesService getTotalPaymentsBySupplierId
INFO: getTotalPaymentsBySupplierId given DB id... 
Nov 28, 2014 5:09:19 AM org.lown.consultancy.accounts.Sql createStatement
INFO: Creating Statement...
Nov 28, 2014 5:09:21 AM org.lown.consultancy.accounts.dialog.PurchasesDialog createAndShowGUI
INFO: Loading Transactions
Nov 28, 2014 5:09:21 AM org.lown.consultancy.accounts.dialog.PurchasesDialog <init>
INFO: Creating Purchases UI...
Nov 28, 2014 5:09:21 AM org.lown.consultancy.accounts.api.ProductService getCategoryMap
INFO: Get List of all Product Category and put them in a hash map... 
Nov 28, 2014 5:09:21 AM org.lown.consultancy.accounts.api.ProductService getCategoryMap
INFO: Executing Query: Select category_id,categoryname,categorycode from productcategory WHERE voided=0 
Nov 28, 2014 5:09:21 AM org.lown.consultancy.accounts.Sql createStatement
INFO: Creating Statement...
Nov 28, 2014 5:09:21 AM org.lown.consultancy.accounts.tables.PurchasesList <init>
INFO: Creating Items List Table UI...
Nov 28, 2014 5:09:21 AM org.lown.consultancy.accounts.api.ProductService getCategoryMap
INFO: Get List of all Product Category and put them in a hash map... 
Nov 28, 2014 5:09:21 AM org.lown.consultancy.accounts.api.ProductService getCategoryMap
INFO: Executing Query: Select category_id,categoryname,categorycode from productcategory WHERE voided=0 
Nov 28, 2014 5:09:21 AM org.lown.consultancy.accounts.Sql createStatement
INFO: Creating Statement...
Nov 28, 2014 5:09:29 AM org.lown.consultancy.accounts.dialog.SupplierDialog <init>
INFO: Creating Register Supplier UI...
Nov 28, 2014 5:09:40 AM org.lown.consultancy.accounts.api.SupplierService getSupplierByNumber
INFO: Getting Customer Details given the internal DB id... 
Nov 28, 2014 5:09:40 AM org.lown.consultancy.accounts.Sql createStatement
INFO: Creating Statement...
Nov 28, 2014 5:09:40 AM org.lown.consultancy.accounts.api.SupplierService getSupplierByNumber
INFO: Getting Customer Details given the internal DB id... 
Nov 28, 2014 5:09:40 AM org.lown.consultancy.accounts.Sql createStatement
INFO: Creating Statement...
Nov 28, 2014 5:09:41 AM org.lown.consultancy.accounts.api.PurchasesService getPurchasesBySupplierId
INFO: Getting Category Details given the internal DB id... 
Nov 28, 2014 5:09:41 AM org.lown.consultancy.accounts.Sql createStatement
INFO: Creating Statement...
Nov 28, 2014 5:09:41 AM org.lown.consultancy.accounts.api.PurchasesService getPurchasesBySupplierId
INFO: Getting Category Details given the internal DB id... 
Nov 28, 2014 5:09:41 AM org.lown.consultancy.accounts.Sql createStatement
INFO: Creating Statement...
Nov 28, 2014 5:09:41 AM org.lown.consultancy.accounts.api.PurchasesService getTotalPurchasesBySupplierId
INFO: getTotalPurchasesBySupplierId given DB id... 
Nov 28, 2014 5:09:41 AM org.lown.consultancy.accounts.Sql createStatement
INFO: Creating Statement...
Nov 28, 2014 5:09:41 AM org.lown.consultancy.accounts.api.PurchasesService getTotalPaymentsBySupplierId
INFO: getTotalPaymentsBySupplierId given DB id... 
Nov 28, 2014 5:09:41 AM org.lown.consultancy.accounts.Sql createStatement
INFO: Creating Statement...
Nov 28, 2014 5:09:43 AM org.lown.consultancy.accounts.dialog.SupplierDialog <init>
INFO: Creating Register Supplier UI...
Nov 28, 2014 5:09:48 AM org.lown.consultancy.accounts.api.SupplierService updateSupplier
INFO: Updating Supplier Details... 
Nov 28, 2014 5:09:59 AM org.lown.consultancy.accounts.api.SupplierService getSupplierByNumber
INFO: Getting Customer Details given the internal DB id... 
Nov 28, 2014 5:09:59 AM org.lown.consultancy.accounts.Sql createStatement
INFO: Creating Statement...
Nov 28, 2014 5:09:59 AM org.lown.consultancy.accounts.api.SupplierService getSupplierByNumber
INFO: Getting Customer Details given the internal DB id... 
Nov 28, 2014 5:09:59 AM org.lown.consultancy.accounts.Sql createStatement
INFO: Creating Statement...
Nov 28, 2014 5:10:00 AM org.lown.consultancy.accounts.api.PurchasesService getPurchasesBySupplierId
INFO: Getting Category Details given the internal DB id... 
Nov 28, 2014 5:10:00 AM org.lown.consultancy.accounts.Sql createStatement
INFO: Creating Statement...
Nov 28, 2014 5:10:00 AM org.lown.consultancy.accounts.api.PurchasesService getPurchasesBySupplierId
INFO: Getting Category Details given the internal DB id... 
Nov 28, 2014 5:10:00 AM org.lown.consultancy.accounts.Sql createStatement
INFO: Creating Statement...
Nov 28, 2014 5:10:00 AM org.lown.consultancy.accounts.api.PurchasesService getTotalPurchasesBySupplierId
INFO: getTotalPurchasesBySupplierId given DB id... 
Nov 28, 2014 5:10:00 AM org.lown.consultancy.accounts.Sql createStatement
INFO: Creating Statement...
Nov 28, 2014 5:10:00 AM org.lown.consultancy.accounts.api.PurchasesService getTotalPaymentsBySupplierId
INFO: getTotalPaymentsBySupplierId given DB id... 
Nov 28, 2014 5:10:00 AM org.lown.consultancy.accounts.Sql createStatement
INFO: Creating Statement...
Nov 28, 2014 5:10:03 AM org.lown.consultancy.accounts.dialog.SupplierDialog <init>
INFO: Creating Register Supplier UI...
Nov 28, 2014 5:10:20 AM org.lown.consultancy.accounts.api.SupplierService updateSupplier
INFO: Updating Supplier Details... 
Nov 28, 2014 5:10:24 AM org.lown.consultancy.accounts.api.PurchasesService getPurchasesBySupplierId
INFO: Getting Category Details given the internal DB id... 
Nov 28, 2014 5:10:24 AM org.lown.consultancy.accounts.Sql createStatement
INFO: Creating Statement...
Nov 28, 2014 5:10:24 AM org.lown.consultancy.accounts.api.PurchasesService getPurchasesBySupplierId
INFO: Getting Category Details given the internal DB id... 
Nov 28, 2014 5:10:24 AM org.lown.consultancy.accounts.Sql createStatement
INFO: Creating Statement...
Nov 28, 2014 5:10:24 AM org.lown.consultancy.accounts.api.PurchasesService getTotalPurchasesBySupplierId
INFO: getTotalPurchasesBySupplierId given DB id... 
Nov 28, 2014 5:10:24 AM org.lown.consultancy.accounts.Sql createStatement
INFO: Creating Statement...
Nov 28, 2014 5:10:24 AM org.lown.consultancy.accounts.api.PurchasesService getTotalPaymentsBySupplierId
INFO: getTotalPaymentsBySupplierId given DB id... 
Nov 28, 2014 5:10:24 AM org.lown.consultancy.accounts.Sql createStatement
INFO: Creating Statement...
Nov 28, 2014 5:10:29 AM org.lown.consultancy.accounts.api.PurchasesService getPurchasesBySupplierId
INFO: Getting Category Details given the internal DB id... 
Nov 28, 2014 5:10:29 AM org.lown.consultancy.accounts.Sql createStatement
INFO: Creating Statement...
Nov 28, 2014 5:10:29 AM org.lown.consultancy.accounts.api.PurchasesService getPurchasesBySupplierId
INFO: Getting Category Details given the internal DB id... 
Nov 28, 2014 5:10:29 AM org.lown.consultancy.accounts.Sql createStatement
INFO: Creating Statement...
Nov 28, 2014 5:10:29 AM org.lown.consultancy.accounts.api.PurchasesService getTotalPurchasesBySupplierId
INFO: getTotalPurchasesBySupplierId given DB id... 
Nov 28, 2014 5:10:29 AM org.lown.consultancy.accounts.Sql createStatement
INFO: Creating Statement...
Nov 28, 2014 5:10:29 AM org.lown.consultancy.accounts.api.PurchasesService getTotalPaymentsBySupplierId
INFO: getTotalPaymentsBySupplierId given DB id... 
Nov 28, 2014 5:10:29 AM org.lown.consultancy.accounts.Sql createStatement
INFO: Creating Statement...
Nov 28, 2014 5:10:32 AM org.lown.consultancy.accounts.api.PurchasesService getPurchasesBySupplierId
INFO: Getting Category Details given the internal DB id... 
Nov 28, 2014 5:10:32 AM org.lown.consultancy.accounts.Sql createStatement
INFO: Creating Statement...
Nov 28, 2014 5:10:33 AM org.lown.consultancy.accounts.api.PurchasesService getPurchasesBySupplierId
INFO: Getting Category Details given the internal DB id... 
Nov 28, 2014 5:10:33 AM org.lown.consultancy.accounts.Sql createStatement
INFO: Creating Statement...
Nov 28, 2014 5:10:33 AM org.lown.consultancy.accounts.api.PurchasesService getTotalPurchasesBySupplierId
INFO: getTotalPurchasesBySupplierId given DB id... 
Nov 28, 2014 5:10:33 AM org.lown.consultancy.accounts.Sql createStatement
INFO: Creating Statement...
Nov 28, 2014 5:10:33 AM org.lown.consultancy.accounts.api.PurchasesService getTotalPaymentsBySupplierId
INFO: getTotalPaymentsBySupplierId given DB id... 
Nov 28, 2014 5:10:33 AM org.lown.consultancy.accounts.Sql createStatement
INFO: Creating Statement...
Nov 28, 2014 5:10:38 AM org.lown.consultancy.accounts.dialog.MainMenu actionPerformed
INFO: Loading Supplier Dialog form... 
Nov 28, 2014 5:10:38 AM org.lown.consultancy.accounts.dialog.SupplierDashboard createAndShowGUI
INFO: Loading CustomerDashboard Dialog
Nov 28, 2014 5:10:38 AM org.lown.consultancy.accounts.tables.PurchasesTransactions <init>
INFO: Creating Purchases Transactions Table UI...
Nov 28, 2014 5:10:38 AM org.lown.consultancy.accounts.tables.SupplierList <init>
INFO: Creating Find Table UI...
Nov 28, 2014 5:10:41 AM org.lown.consultancy.accounts.api.SupplierService getSupplierByName
INFO: Get List of Customers given the search criteria... 
Nov 28, 2014 5:10:41 AM org.lown.consultancy.accounts.api.SupplierService getSupplierByName
INFO: Executing Query: Select supplier_id,sname,number,phone,address, contactperson, pin from supplier WHERE voided=0 and (number like '%msa%' or  sname like '%msa%' or phone like '%msa%' or address like '%msa%'  or contactperson like '%msa%') order by number asc;
Nov 28, 2014 5:10:41 AM org.lown.consultancy.accounts.Sql createStatement
INFO: Creating Statement...
Nov 28, 2014 5:10:44 AM org.lown.consultancy.accounts.api.SupplierService getSupplierByNumber
INFO: Getting Customer Details given the internal DB id... 
Nov 28, 2014 5:10:44 AM org.lown.consultancy.accounts.Sql createStatement
INFO: Creating Statement...
Nov 28, 2014 5:10:44 AM org.lown.consultancy.accounts.api.SupplierService getSupplierByNumber
INFO: Getting Customer Details given the internal DB id... 
Nov 28, 2014 5:10:44 AM org.lown.consultancy.accounts.Sql createStatement
INFO: Creating Statement...
Nov 28, 2014 5:10:45 AM org.lown.consultancy.accounts.api.PurchasesService getPurchasesBySupplierId
INFO: Getting Category Details given the internal DB id... 
Nov 28, 2014 5:10:45 AM org.lown.consultancy.accounts.Sql createStatement
INFO: Creating Statement...
Nov 28, 2014 5:10:45 AM org.lown.consultancy.accounts.api.PurchasesService getPurchasesBySupplierId
INFO: Getting Category Details given the internal DB id... 
Nov 28, 2014 5:10:45 AM org.lown.consultancy.accounts.Sql createStatement
INFO: Creating Statement...
Nov 28, 2014 5:10:45 AM org.lown.consultancy.accounts.api.PurchasesService getTotalPurchasesBySupplierId
INFO: getTotalPurchasesBySupplierId given DB id... 
Nov 28, 2014 5:10:45 AM org.lown.consultancy.accounts.Sql createStatement
INFO: Creating Statement...
Nov 28, 2014 5:10:45 AM org.lown.consultancy.accounts.api.PurchasesService getTotalPaymentsBySupplierId
INFO: getTotalPaymentsBySupplierId given DB id... 
Nov 28, 2014 5:10:45 AM org.lown.consultancy.accounts.Sql createStatement
INFO: Creating Statement...
Nov 28, 2014 5:10:58 AM org.lown.consultancy.accounts.api.SupplierService getSupplierByNumber
INFO: Getting Customer Details given the internal DB id... 
Nov 28, 2014 5:10:58 AM org.lown.consultancy.accounts.Sql createStatement
INFO: Creating Statement...
Nov 28, 2014 5:10:58 AM org.lown.consultancy.accounts.api.SupplierService getSupplierByNumber
INFO: Getting Customer Details given the internal DB id... 
Nov 28, 2014 5:10:58 AM org.lown.consultancy.accounts.Sql createStatement
INFO: Creating Statement...
Nov 28, 2014 5:11:00 AM org.lown.consultancy.accounts.api.PurchasesService getPurchasesBySupplierId
INFO: Getting Category Details given the internal DB id... 
Nov 28, 2014 5:11:00 AM org.lown.consultancy.accounts.Sql createStatement
INFO: Creating Statement...
Nov 28, 2014 5:11:00 AM org.lown.consultancy.accounts.api.PurchasesService getPurchasesBySupplierId
INFO: Getting Category Details given the internal DB id... 
Nov 28, 2014 5:11:00 AM org.lown.consultancy.accounts.Sql createStatement
INFO: Creating Statement...
Nov 28, 2014 5:11:00 AM org.lown.consultancy.accounts.api.PurchasesService getTotalPurchasesBySupplierId
INFO: getTotalPurchasesBySupplierId given DB id... 
Nov 28, 2014 5:11:00 AM org.lown.consultancy.accounts.Sql createStatement
INFO: Creating Statement...
Nov 28, 2014 5:11:00 AM org.lown.consultancy.accounts.api.PurchasesService getTotalPaymentsBySupplierId
INFO: getTotalPaymentsBySupplierId given DB id... 
Nov 28, 2014 5:11:00 AM org.lown.consultancy.accounts.Sql createStatement
INFO: Creating Statement...
Nov 28, 2014 5:11:02 AM org.lown.consultancy.accounts.api.SupplierService getSupplierByNumber
INFO: Getting Customer Details given the internal DB id... 
Nov 28, 2014 5:11:02 AM org.lown.consultancy.accounts.Sql createStatement
INFO: Creating Statement...
Nov 28, 2014 5:11:02 AM org.lown.consultancy.accounts.api.SupplierService getSupplierByNumber
INFO: Getting Customer Details given the internal DB id... 
Nov 28, 2014 5:11:02 AM org.lown.consultancy.accounts.Sql createStatement
INFO: Creating Statement...
Nov 28, 2014 5:11:03 AM org.lown.consultancy.accounts.api.PurchasesService getPurchasesBySupplierId
INFO: Getting Category Details given the internal DB id... 
Nov 28, 2014 5:11:03 AM org.lown.consultancy.accounts.Sql createStatement
INFO: Creating Statement...
Nov 28, 2014 5:11:03 AM org.lown.consultancy.accounts.api.PurchasesService getPurchasesBySupplierId
INFO: Getting Category Details given the internal DB id... 
Nov 28, 2014 5:11:03 AM org.lown.consultancy.accounts.Sql createStatement
INFO: Creating Statement...
Nov 28, 2014 5:11:03 AM org.lown.consultancy.accounts.api.PurchasesService getTotalPurchasesBySupplierId
INFO: getTotalPurchasesBySupplierId given DB id... 
Nov 28, 2014 5:11:03 AM org.lown.consultancy.accounts.Sql createStatement
INFO: Creating Statement...
Nov 28, 2014 5:11:03 AM org.lown.consultancy.accounts.api.PurchasesService getTotalPaymentsBySupplierId
INFO: getTotalPaymentsBySupplierId given DB id... 
Nov 28, 2014 5:11:03 AM org.lown.consultancy.accounts.Sql createStatement
INFO: Creating Statement...
Nov 28, 2014 5:11:35 AM org.lown.consultancy.accounts.dialog.SupplierDialog <init>
INFO: Creating Register Supplier UI...
Nov 28, 2014 5:12:14 AM org.lown.consultancy.accounts.dialog.MainMenu actionPerformed
INFO: Exiting Accounts Management Application... 
Nov 28, 2014 5:12:14 AM org.lown.consultancy.accounts.dialog.LoginDialog createAndShowGUI
INFO: Loading The Log on Page
Nov 28, 2014 5:17:36 AM org.lown.consultancy.accounts.AccountsManagement main
INFO: LOWN Accounting Application logs...
Nov 28, 2014 5:17:36 AM org.lown.consultancy.accounts.AccountsManagement main
INFO: Application Starting...
Nov 28, 2014 5:17:36 AM org.lown.consultancy.accounts.dialog.LoginDialog <init>
INFO: Application User Log on UI...
Nov 28, 2014 5:17:42 AM org.lown.consultancy.accounts.api.UserService getUser
INFO: Getting user Details given username and pass... 
Nov 28, 2014 5:17:42 AM org.lown.consultancy.accounts.Sql createStatement
INFO: Creating Statement...
Nov 28, 2014 5:17:42 AM org.lown.consultancy.accounts.Sql getConnection
INFO: Opening Connection to the Database
Nov 28, 2014 5:17:42 AM org.lown.consultancy.accounts.dialog.LoginDialog actionPerformed
INFO: Sucessfull Log on... Loading Main Menu
Nov 28, 2014 5:17:42 AM org.lown.consultancy.accounts.dialog.LoginDialog actionPerformed
INFO: User: super Login  Sucessfull
Nov 28, 2014 5:17:42 AM org.lown.consultancy.accounts.api.CompanyService getCompanyDetails
INFO: Getting Customer Details given the internal DB id... 
Nov 28, 2014 5:17:42 AM org.lown.consultancy.accounts.Sql createStatement
INFO: Creating Statement...
Nov 28, 2014 5:17:45 AM org.lown.consultancy.accounts.dialog.MainMenu actionPerformed
INFO: Loading Supplier Dialog form... 
Nov 28, 2014 5:17:45 AM org.lown.consultancy.accounts.dialog.SupplierDashboard createAndShowGUI
INFO: Loading CustomerDashboard Dialog
Nov 28, 2014 5:17:45 AM org.lown.consultancy.accounts.tables.PurchasesTransactions <init>
INFO: Creating Purchases Transactions Table UI...
Nov 28, 2014 5:17:45 AM org.lown.consultancy.accounts.tables.SupplierList <init>
INFO: Creating Find Table UI...
Nov 28, 2014 5:17:47 AM org.lown.consultancy.accounts.api.SupplierService getSupplierByName
INFO: Get List of Customers given the search criteria... 
Nov 28, 2014 5:17:47 AM org.lown.consultancy.accounts.api.SupplierService getSupplierByName
INFO: Executing Query: Select supplier_id,sname,number,phone,address, contactperson, pin from supplier WHERE voided=0 and (number like '%msa%' or  sname like '%msa%' or phone like '%msa%' or address like '%msa%'  or contactperson like '%msa%') order by number asc;
Nov 28, 2014 5:17:47 AM org.lown.consultancy.accounts.Sql createStatement
INFO: Creating Statement...
Nov 28, 2014 5:17:49 AM org.lown.consultancy.accounts.api.SupplierService getSupplierByNumber
INFO: Getting Customer Details given the internal DB id... 
Nov 28, 2014 5:17:49 AM org.lown.consultancy.accounts.Sql createStatement
INFO: Creating Statement...
Nov 28, 2014 5:17:49 AM org.lown.consultancy.accounts.api.SupplierService getSupplierByNumber
INFO: Getting Customer Details given the internal DB id... 
Nov 28, 2014 5:17:49 AM org.lown.consultancy.accounts.Sql createStatement
INFO: Creating Statement...
Nov 28, 2014 5:17:50 AM org.lown.consultancy.accounts.dialog.SupplierDialog <init>
INFO: Creating Register Supplier UI...
Nov 28, 2014 5:18:00 AM org.lown.consultancy.accounts.api.SupplierService getSupplierByName
INFO: Get List of Customers given the search criteria... 
Nov 28, 2014 5:18:00 AM org.lown.consultancy.accounts.api.SupplierService getSupplierByName
INFO: Executing Query: Select supplier_id,sname,number,phone,address, contactperson, pin from supplier WHERE voided=0 and (number like '%msa%' or  sname like '%msa%' or phone like '%msa%' or address like '%msa%'  or contactperson like '%msa%') order by number asc;
Nov 28, 2014 5:18:00 AM org.lown.consultancy.accounts.Sql createStatement
INFO: Creating Statement...
Nov 28, 2014 5:18:02 AM org.lown.consultancy.accounts.api.SupplierService getSupplierByNumber
INFO: Getting Customer Details given the internal DB id... 
Nov 28, 2014 5:18:02 AM org.lown.consultancy.accounts.Sql createStatement
INFO: Creating Statement...
Nov 28, 2014 5:18:02 AM org.lown.consultancy.accounts.api.SupplierService getSupplierByNumber
INFO: Getting Customer Details given the internal DB id... 
Nov 28, 2014 5:18:02 AM org.lown.consultancy.accounts.Sql createStatement
INFO: Creating Statement...
Nov 28, 2014 5:18:03 AM org.lown.consultancy.accounts.api.PurchasesService getPurchasesBySupplierId
INFO: Getting Category Details given the internal DB id... 
Nov 28, 2014 5:18:03 AM org.lown.consultancy.accounts.Sql createStatement
INFO: Creating Statement...
Nov 28, 2014 5:18:03 AM org.lown.consultancy.accounts.api.PurchasesService getPurchasesBySupplierId
INFO: Getting Category Details given the internal DB id... 
Nov 28, 2014 5:18:03 AM org.lown.consultancy.accounts.Sql createStatement
INFO: Creating Statement...
Nov 28, 2014 5:18:03 AM org.lown.consultancy.accounts.api.PurchasesService getTotalPurchasesBySupplierId
INFO: getTotalPurchasesBySupplierId given DB id... 
Nov 28, 2014 5:18:03 AM org.lown.consultancy.accounts.Sql createStatement
INFO: Creating Statement...
Nov 28, 2014 5:18:03 AM org.lown.consultancy.accounts.api.PurchasesService getTotalPaymentsBySupplierId
INFO: getTotalPaymentsBySupplierId given DB id... 
Nov 28, 2014 5:18:03 AM org.lown.consultancy.accounts.Sql createStatement
INFO: Creating Statement...
Nov 28, 2014 5:18:05 AM org.lown.consultancy.accounts.dialog.SupplierDialog <init>
INFO: Creating Register Supplier UI...
Nov 28, 2014 5:18:27 AM org.lown.consultancy.accounts.dialog.MainMenu actionPerformed
INFO: Exiting Accounts Management Application... 
Nov 28, 2014 5:18:27 AM org.lown.consultancy.accounts.dialog.LoginDialog createAndShowGUI
INFO: Loading The Log on Page
Nov 28, 2014 5:28:10 AM org.lown.consultancy.accounts.AccountsManagement main
INFO: LOWN Accounting Application logs...
Nov 28, 2014 5:28:10 AM org.lown.consultancy.accounts.AccountsManagement main
INFO: Application Starting...
Nov 28, 2014 5:28:10 AM org.lown.consultancy.accounts.dialog.LoginDialog <init>
INFO: Application User Log on UI...
Nov 28, 2014 5:28:20 AM org.lown.consultancy.accounts.api.UserService getUser
INFO: Getting user Details given username and pass... 
Nov 28, 2014 5:28:20 AM org.lown.consultancy.accounts.Sql createStatement
INFO: Creating Statement...
Nov 28, 2014 5:28:20 AM org.lown.consultancy.accounts.Sql getConnection
INFO: Opening Connection to the Database
Nov 28, 2014 5:28:20 AM org.lown.consultancy.accounts.dialog.LoginDialog actionPerformed
INFO: Sucessfull Log on... Loading Main Menu
Nov 28, 2014 5:28:20 AM org.lown.consultancy.accounts.dialog.LoginDialog actionPerformed
INFO: User: super Login  Sucessfull
Nov 28, 2014 5:28:20 AM org.lown.consultancy.accounts.api.CompanyService getCompanyDetails
INFO: Getting Customer Details given the internal DB id... 
Nov 28, 2014 5:28:20 AM org.lown.consultancy.accounts.Sql createStatement
INFO: Creating Statement...
Nov 28, 2014 5:28:22 AM org.lown.consultancy.accounts.dialog.MainMenu actionPerformed
INFO: Loading Supplier Dialog form... 
Nov 28, 2014 5:28:22 AM org.lown.consultancy.accounts.dialog.SupplierDashboard createAndShowGUI
INFO: Loading CustomerDashboard Dialog
Nov 28, 2014 5:28:22 AM org.lown.consultancy.accounts.tables.PurchasesTransactions <init>
INFO: Creating Purchases Transactions Table UI...
Nov 28, 2014 5:28:23 AM org.lown.consultancy.accounts.tables.SupplierList <init>
INFO: Creating Find Table UI...
Nov 28, 2014 5:35:06 AM org.lown.consultancy.accounts.dialog.MainMenu actionPerformed
INFO: Exiting Accounts Management Application... 
Nov 28, 2014 5:35:06 AM org.lown.consultancy.accounts.dialog.LoginDialog createAndShowGUI
INFO: Loading The Log on Page
Nov 28, 2014 5:35:09 AM org.lown.consultancy.accounts.AccountsManagement main
INFO: LOWN Accounting Application logs...
Nov 28, 2014 5:35:09 AM org.lown.consultancy.accounts.AccountsManagement main
INFO: Application Starting...
Nov 28, 2014 5:35:09 AM org.lown.consultancy.accounts.dialog.LoginDialog <init>
INFO: Application User Log on UI...
Nov 28, 2014 5:35:13 AM org.lown.consultancy.accounts.api.UserService getUser
INFO: Getting user Details given username and pass... 
Nov 28, 2014 5:35:13 AM org.lown.consultancy.accounts.Sql createStatement
INFO: Creating Statement...
Nov 28, 2014 5:35:14 AM org.lown.consultancy.accounts.Sql getConnection
INFO: Opening Connection to the Database
Nov 28, 2014 5:35:14 AM org.lown.consultancy.accounts.dialog.LoginDialog actionPerformed
INFO: Sucessfull Log on... Loading Main Menu
Nov 28, 2014 5:35:14 AM org.lown.consultancy.accounts.dialog.LoginDialog actionPerformed
INFO: User: super Login  Sucessfull
Nov 28, 2014 5:35:14 AM org.lown.consultancy.accounts.api.CompanyService getCompanyDetails
INFO: Getting Customer Details given the internal DB id... 
Nov 28, 2014 5:35:14 AM org.lown.consultancy.accounts.Sql createStatement
INFO: Creating Statement...
Nov 28, 2014 5:35:15 AM org.lown.consultancy.accounts.dialog.MainMenu actionPerformed
INFO: Loading Supplier Dialog form... 
Nov 28, 2014 5:35:15 AM org.lown.consultancy.accounts.dialog.SupplierDashboard createAndShowGUI
INFO: Loading CustomerDashboard Dialog
Nov 28, 2014 5:35:15 AM org.lown.consultancy.accounts.tables.PurchasesTransactions <init>
INFO: Creating Purchases Transactions Table UI...
Nov 28, 2014 5:35:15 AM org.lown.consultancy.accounts.tables.SupplierList <init>
INFO: Creating Find Table UI...
Nov 28, 2014 5:35:17 AM org.lown.consultancy.accounts.api.SupplierService getSupplierByName
INFO: Get List of Customers given the search criteria... 
Nov 28, 2014 5:35:17 AM org.lown.consultancy.accounts.api.SupplierService getSupplierByName
INFO: Executing Query: Select supplier_id,sname,number,phone,address, contactperson, pin from supplier WHERE voided=0 and (number like '%msa%' or  sname like '%msa%' or phone like '%msa%' or address like '%msa%'  or contactperson like '%msa%') order by number asc;
Nov 28, 2014 5:35:17 AM org.lown.consultancy.accounts.Sql createStatement
INFO: Creating Statement...
Nov 28, 2014 5:35:18 AM org.lown.consultancy.accounts.api.SupplierService getSupplierByNumber
INFO: Getting Customer Details given the internal DB id... 
Nov 28, 2014 5:35:18 AM org.lown.consultancy.accounts.Sql createStatement
INFO: Creating Statement...
Nov 28, 2014 5:35:19 AM org.lown.consultancy.accounts.api.SupplierService getSupplierByNumber
INFO: Getting Customer Details given the internal DB id... 
Nov 28, 2014 5:35:19 AM org.lown.consultancy.accounts.Sql createStatement
INFO: Creating Statement...
Nov 28, 2014 5:35:20 AM org.lown.consultancy.accounts.api.PurchasesService getPurchasesBySupplierId
INFO: Getting Category Details given the internal DB id... 
Nov 28, 2014 5:35:20 AM org.lown.consultancy.accounts.Sql createStatement
INFO: Creating Statement...
Nov 28, 2014 5:35:20 AM org.lown.consultancy.accounts.api.PurchasesService getPurchasesBySupplierId
INFO: Getting Category Details given the internal DB id... 
Nov 28, 2014 5:35:20 AM org.lown.consultancy.accounts.Sql createStatement
INFO: Creating Statement...
Nov 28, 2014 5:35:20 AM org.lown.consultancy.accounts.api.PurchasesService getTotalPurchasesBySupplierId
INFO: getTotalPurchasesBySupplierId given DB id... 
Nov 28, 2014 5:35:20 AM org.lown.consultancy.accounts.Sql createStatement
INFO: Creating Statement...
Nov 28, 2014 5:35:20 AM org.lown.consultancy.accounts.api.PurchasesService getTotalPaymentsBySupplierId
INFO: getTotalPaymentsBySupplierId given DB id... 
Nov 28, 2014 5:35:20 AM org.lown.consultancy.accounts.Sql createStatement
INFO: Creating Statement...
Nov 28, 2014 5:37:13 AM org.lown.consultancy.accounts.dialog.MainMenu actionPerformed
INFO: Exiting Accounts Management Application... 
Nov 28, 2014 5:37:13 AM org.lown.consultancy.accounts.dialog.LoginDialog createAndShowGUI
INFO: Loading The Log on Page
Nov 28, 2014 5:38:51 AM org.lown.consultancy.accounts.AccountsManagement main
INFO: LOWN Accounting Application logs...
Nov 28, 2014 5:38:51 AM org.lown.consultancy.accounts.AccountsManagement main
INFO: Application Starting...
Nov 28, 2014 5:38:51 AM org.lown.consultancy.accounts.dialog.LoginDialog <init>
INFO: Application User Log on UI...
Nov 28, 2014 5:38:55 AM org.lown.consultancy.accounts.api.UserService getUser
INFO: Getting user Details given username and pass... 
Nov 28, 2014 5:38:55 AM org.lown.consultancy.accounts.Sql createStatement
INFO: Creating Statement...
Nov 28, 2014 5:38:55 AM org.lown.consultancy.accounts.Sql getConnection
INFO: Opening Connection to the Database
Nov 28, 2014 5:38:55 AM org.lown.consultancy.accounts.dialog.LoginDialog actionPerformed
INFO: Sucessfull Log on... Loading Main Menu
Nov 28, 2014 5:38:55 AM org.lown.consultancy.accounts.dialog.LoginDialog actionPerformed
INFO: User: super Login  Sucessfull
Nov 28, 2014 5:38:55 AM org.lown.consultancy.accounts.api.CompanyService getCompanyDetails
INFO: Getting Customer Details given the internal DB id... 
Nov 28, 2014 5:38:55 AM org.lown.consultancy.accounts.Sql createStatement
INFO: Creating Statement...
Nov 28, 2014 5:38:57 AM org.lown.consultancy.accounts.dialog.MainMenu actionPerformed
INFO: Loading Supplier Dialog form... 
Nov 28, 2014 5:38:57 AM org.lown.consultancy.accounts.dialog.SupplierDashboard createAndShowGUI
INFO: Loading CustomerDashboard Dialog
Nov 28, 2014 5:38:57 AM org.lown.consultancy.accounts.tables.PurchasesTransactions <init>
INFO: Creating Purchases Transactions Table UI...
Nov 28, 2014 5:38:57 AM org.lown.consultancy.accounts.tables.SupplierList <init>
INFO: Creating Find Table UI...
Nov 28, 2014 5:38:59 AM org.lown.consultancy.accounts.api.SupplierService getSupplierByName
INFO: Get List of Customers given the search criteria... 
Nov 28, 2014 5:38:59 AM org.lown.consultancy.accounts.api.SupplierService getSupplierByName
INFO: Executing Query: Select supplier_id,sname,number,phone,address, contactperson, pin from supplier WHERE voided=0 and (number like '%msa%' or  sname like '%msa%' or phone like '%msa%' or address like '%msa%'  or contactperson like '%msa%') order by number asc;
Nov 28, 2014 5:38:59 AM org.lown.consultancy.accounts.Sql createStatement
INFO: Creating Statement...
Nov 28, 2014 5:39:00 AM org.lown.consultancy.accounts.api.SupplierService getSupplierByNumber
INFO: Getting Customer Details given the internal DB id... 
Nov 28, 2014 5:39:00 AM org.lown.consultancy.accounts.Sql createStatement
INFO: Creating Statement...
Nov 28, 2014 5:39:00 AM org.lown.consultancy.accounts.api.SupplierService getSupplierByNumber
INFO: Getting Customer Details given the internal DB id... 
Nov 28, 2014 5:39:00 AM org.lown.consultancy.accounts.Sql createStatement
INFO: Creating Statement...
Nov 28, 2014 5:39:02 AM org.lown.consultancy.accounts.api.PurchasesService getPurchasesBySupplierId
INFO: Getting Category Details given the internal DB id... 
Nov 28, 2014 5:39:02 AM org.lown.consultancy.accounts.Sql createStatement
INFO: Creating Statement...
Nov 28, 2014 5:39:02 AM org.lown.consultancy.accounts.api.PurchasesService getPurchasesBySupplierId
INFO: Getting Category Details given the internal DB id... 
Nov 28, 2014 5:39:02 AM org.lown.consultancy.accounts.Sql createStatement
INFO: Creating Statement...
Nov 28, 2014 5:39:02 AM org.lown.consultancy.accounts.api.PurchasesService getTotalPurchasesBySupplierId
INFO: getTotalPurchasesBySupplierId given DB id... 
Nov 28, 2014 5:39:02 AM org.lown.consultancy.accounts.Sql createStatement
INFO: Creating Statement...
Nov 28, 2014 5:39:02 AM org.lown.consultancy.accounts.api.PurchasesService getTotalPaymentsBySupplierId
INFO: getTotalPaymentsBySupplierId given DB id... 
Nov 28, 2014 5:39:02 AM org.lown.consultancy.accounts.Sql createStatement
INFO: Creating Statement...
Nov 28, 2014 5:39:03 AM org.lown.consultancy.accounts.dialog.PaySupplierDialog createAndShowGUI
INFO: Loading Supplier Payment Dialog
Nov 28, 2014 5:39:03 AM org.lown.consultancy.accounts.tables.InvoiceList <init>
INFO: Creating Transactions Table UI...
Nov 28, 2014 5:53:08 AM org.lown.consultancy.accounts.dialog.SupplierDashboard actionPerformed
INFO: Closing Supplier Dashboard Dialog
Nov 28, 2014 5:53:09 AM org.lown.consultancy.accounts.dialog.MainMenu actionPerformed
INFO: Exiting Accounts Management Application... 
Nov 28, 2014 5:53:09 AM org.lown.consultancy.accounts.dialog.LoginDialog createAndShowGUI
INFO: Loading The Log on Page
Nov 28, 2014 5:53:11 AM org.lown.consultancy.accounts.AccountsManagement main
INFO: LOWN Accounting Application logs...
Nov 28, 2014 5:53:11 AM org.lown.consultancy.accounts.AccountsManagement main
INFO: Application Starting...
Nov 28, 2014 5:53:11 AM org.lown.consultancy.accounts.dialog.LoginDialog <init>
INFO: Application User Log on UI...
Nov 28, 2014 5:53:16 AM org.lown.consultancy.accounts.api.UserService getUser
INFO: Getting user Details given username and pass... 
Nov 28, 2014 5:53:16 AM org.lown.consultancy.accounts.Sql createStatement
INFO: Creating Statement...
Nov 28, 2014 5:53:16 AM org.lown.consultancy.accounts.Sql getConnection
INFO: Opening Connection to the Database
Nov 28, 2014 5:53:16 AM org.lown.consultancy.accounts.dialog.LoginDialog actionPerformed
INFO: Sucessfull Log on... Loading Main Menu
Nov 28, 2014 5:53:16 AM org.lown.consultancy.accounts.dialog.LoginDialog actionPerformed
INFO: User: super Login  Sucessfull
Nov 28, 2014 5:53:16 AM org.lown.consultancy.accounts.api.CompanyService getCompanyDetails
INFO: Getting Customer Details given the internal DB id... 
Nov 28, 2014 5:53:16 AM org.lown.consultancy.accounts.Sql createStatement
INFO: Creating Statement...
Nov 28, 2014 5:53:19 AM org.lown.consultancy.accounts.dialog.MainMenu actionPerformed
INFO: Loading Supplier Dialog form... 
Nov 28, 2014 5:53:19 AM org.lown.consultancy.accounts.dialog.SupplierDashboard createAndShowGUI
INFO: Loading CustomerDashboard Dialog
Nov 28, 2014 5:53:19 AM org.lown.consultancy.accounts.tables.PurchasesTransactions <init>
INFO: Creating Purchases Transactions Table UI...
Nov 28, 2014 5:53:19 AM org.lown.consultancy.accounts.tables.SupplierList <init>
INFO: Creating Find Table UI...
Nov 28, 2014 5:53:21 AM org.lown.consultancy.accounts.api.SupplierService getSupplierByName
INFO: Get List of Customers given the search criteria... 
Nov 28, 2014 5:53:21 AM org.lown.consultancy.accounts.api.SupplierService getSupplierByName
INFO: Executing Query: Select supplier_id,sname,number,phone,address, contactperson, pin from supplier WHERE voided=0 and (number like '%msa%' or  sname like '%msa%' or phone like '%msa%' or address like '%msa%'  or contactperson like '%msa%') order by number asc;
Nov 28, 2014 5:53:21 AM org.lown.consultancy.accounts.Sql createStatement
INFO: Creating Statement...
Nov 28, 2014 5:53:22 AM org.lown.consultancy.accounts.api.SupplierService getSupplierByNumber
INFO: Getting Customer Details given the internal DB id... 
Nov 28, 2014 5:53:22 AM org.lown.consultancy.accounts.Sql createStatement
INFO: Creating Statement...
Nov 28, 2014 5:53:22 AM org.lown.consultancy.accounts.api.SupplierService getSupplierByNumber
INFO: Getting Customer Details given the internal DB id... 
Nov 28, 2014 5:53:22 AM org.lown.consultancy.accounts.Sql createStatement
INFO: Creating Statement...
Nov 28, 2014 5:53:24 AM org.lown.consultancy.accounts.api.PurchasesService getPurchasesBySupplierId
INFO: Getting Category Details given the internal DB id... 
Nov 28, 2014 5:53:24 AM org.lown.consultancy.accounts.Sql createStatement
INFO: Creating Statement...
Nov 28, 2014 5:53:24 AM org.lown.consultancy.accounts.api.PurchasesService getPurchasesBySupplierId
INFO: Getting Category Details given the internal DB id... 
Nov 28, 2014 5:53:24 AM org.lown.consultancy.accounts.Sql createStatement
INFO: Creating Statement...
Nov 28, 2014 5:53:24 AM org.lown.consultancy.accounts.api.PurchasesService getTotalPurchasesBySupplierId
INFO: getTotalPurchasesBySupplierId given DB id... 
Nov 28, 2014 5:53:24 AM org.lown.consultancy.accounts.Sql createStatement
INFO: Creating Statement...
Nov 28, 2014 5:53:24 AM org.lown.consultancy.accounts.api.PurchasesService getTotalPaymentsBySupplierId
INFO: getTotalPaymentsBySupplierId given DB id... 
Nov 28, 2014 5:53:24 AM org.lown.consultancy.accounts.Sql createStatement
INFO: Creating Statement...
Nov 28, 2014 5:53:25 AM org.lown.consultancy.accounts.dialog.PaySupplierDialog createAndShowGUI
INFO: Loading Supplier Payment Dialog
Nov 28, 2014 5:53:25 AM org.lown.consultancy.accounts.tables.InvoiceList <init>
INFO: Creating Transactions Table UI...
Nov 28, 2014 5:57:01 AM org.lown.consultancy.accounts.dialog.SupplierDashboard actionPerformed
INFO: Closing Supplier Dashboard Dialog
Nov 28, 2014 5:57:03 AM org.lown.consultancy.accounts.dialog.MainMenu actionPerformed
INFO: Exiting Accounts Management Application... 
Nov 28, 2014 5:57:03 AM org.lown.consultancy.accounts.dialog.LoginDialog createAndShowGUI
INFO: Loading The Log on Page
Nov 28, 2014 5:57:05 AM org.lown.consultancy.accounts.AccountsManagement main
INFO: LOWN Accounting Application logs...
Nov 28, 2014 5:57:05 AM org.lown.consultancy.accounts.AccountsManagement main
INFO: Application Starting...
Nov 28, 2014 5:57:05 AM org.lown.consultancy.accounts.dialog.LoginDialog <init>
INFO: Application User Log on UI...
Nov 28, 2014 5:57:10 AM org.lown.consultancy.accounts.api.UserService getUser
INFO: Getting user Details given username and pass... 
Nov 28, 2014 5:57:10 AM org.lown.consultancy.accounts.Sql createStatement
INFO: Creating Statement...
Nov 28, 2014 5:57:10 AM org.lown.consultancy.accounts.Sql getConnection
INFO: Opening Connection to the Database
Nov 28, 2014 5:57:10 AM org.lown.consultancy.accounts.dialog.LoginDialog actionPerformed
INFO: Sucessfull Log on... Loading Main Menu
Nov 28, 2014 5:57:10 AM org.lown.consultancy.accounts.dialog.LoginDialog actionPerformed
INFO: User: super Login  Sucessfull
Nov 28, 2014 5:57:10 AM org.lown.consultancy.accounts.api.CompanyService getCompanyDetails
INFO: Getting Customer Details given the internal DB id... 
Nov 28, 2014 5:57:10 AM org.lown.consultancy.accounts.Sql createStatement
INFO: Creating Statement...
Nov 28, 2014 5:57:17 AM org.lown.consultancy.accounts.dialog.MainMenu actionPerformed
INFO: Loading Supplier Dialog form... 
Nov 28, 2014 5:57:17 AM org.lown.consultancy.accounts.dialog.SupplierDashboard createAndShowGUI
INFO: Loading CustomerDashboard Dialog
Nov 28, 2014 5:57:17 AM org.lown.consultancy.accounts.tables.PurchasesTransactions <init>
INFO: Creating Purchases Transactions Table UI...
Nov 28, 2014 5:57:17 AM org.lown.consultancy.accounts.tables.SupplierList <init>
INFO: Creating Find Table UI...
Nov 28, 2014 5:57:18 AM org.lown.consultancy.accounts.api.SupplierService getSupplierByName
INFO: Get List of Customers given the search criteria... 
Nov 28, 2014 5:57:18 AM org.lown.consultancy.accounts.api.SupplierService getSupplierByName
INFO: Executing Query: Select supplier_id,sname,number,phone,address, contactperson, pin from supplier WHERE voided=0 and (number like '%msa%' or  sname like '%msa%' or phone like '%msa%' or address like '%msa%'  or contactperson like '%msa%') order by number asc;
Nov 28, 2014 5:57:18 AM org.lown.consultancy.accounts.Sql createStatement
INFO: Creating Statement...
Nov 28, 2014 5:57:21 AM org.lown.consultancy.accounts.api.SupplierService getSupplierByNumber
INFO: Getting Customer Details given the internal DB id... 
Nov 28, 2014 5:57:21 AM org.lown.consultancy.accounts.Sql createStatement
INFO: Creating Statement...
Nov 28, 2014 5:57:21 AM org.lown.consultancy.accounts.api.SupplierService getSupplierByNumber
INFO: Getting Customer Details given the internal DB id... 
Nov 28, 2014 5:57:21 AM org.lown.consultancy.accounts.Sql createStatement
INFO: Creating Statement...
Nov 28, 2014 5:57:22 AM org.lown.consultancy.accounts.api.PurchasesService getPurchasesBySupplierId
INFO: Getting Category Details given the internal DB id... 
Nov 28, 2014 5:57:22 AM org.lown.consultancy.accounts.Sql createStatement
INFO: Creating Statement...
Nov 28, 2014 5:57:22 AM org.lown.consultancy.accounts.api.PurchasesService getPurchasesBySupplierId
INFO: Getting Category Details given the internal DB id... 
Nov 28, 2014 5:57:22 AM org.lown.consultancy.accounts.Sql createStatement
INFO: Creating Statement...
Nov 28, 2014 5:57:22 AM org.lown.consultancy.accounts.api.PurchasesService getTotalPurchasesBySupplierId
INFO: getTotalPurchasesBySupplierId given DB id... 
Nov 28, 2014 5:57:22 AM org.lown.consultancy.accounts.Sql createStatement
INFO: Creating Statement...
Nov 28, 2014 5:57:22 AM org.lown.consultancy.accounts.api.PurchasesService getTotalPaymentsBySupplierId
INFO: getTotalPaymentsBySupplierId given DB id... 
Nov 28, 2014 5:57:22 AM org.lown.consultancy.accounts.Sql createStatement
INFO: Creating Statement...
Nov 28, 2014 5:57:25 AM org.lown.consultancy.accounts.dialog.PaySupplierDialog createAndShowGUI
INFO: Loading Supplier Payment Dialog
Nov 28, 2014 5:57:25 AM org.lown.consultancy.accounts.tables.InvoiceList <init>
INFO: Creating Transactions Table UI...
Nov 28, 2014 6:14:43 AM org.lown.consultancy.accounts.dialog.SupplierDashboard actionPerformed
INFO: Closing Supplier Dashboard Dialog
Nov 28, 2014 6:14:44 AM org.lown.consultancy.accounts.dialog.MainMenu actionPerformed
INFO: Exiting Accounts Management Application... 
Nov 28, 2014 6:14:44 AM org.lown.consultancy.accounts.dialog.LoginDialog createAndShowGUI
INFO: Loading The Log on Page
Nov 28, 2014 6:14:47 AM org.lown.consultancy.accounts.AccountsManagement main
INFO: LOWN Accounting Application logs...
Nov 28, 2014 6:14:47 AM org.lown.consultancy.accounts.AccountsManagement main
INFO: Application Starting...
Nov 28, 2014 6:14:47 AM org.lown.consultancy.accounts.dialog.LoginDialog <init>
INFO: Application User Log on UI...
Nov 28, 2014 6:14:52 AM org.lown.consultancy.accounts.api.UserService getUser
INFO: Getting user Details given username and pass... 
Nov 28, 2014 6:14:52 AM org.lown.consultancy.accounts.Sql createStatement
INFO: Creating Statement...
Nov 28, 2014 6:14:52 AM org.lown.consultancy.accounts.Sql getConnection
INFO: Opening Connection to the Database
Nov 28, 2014 6:14:52 AM org.lown.consultancy.accounts.dialog.LoginDialog actionPerformed
INFO: Sucessfull Log on... Loading Main Menu
Nov 28, 2014 6:14:52 AM org.lown.consultancy.accounts.dialog.LoginDialog actionPerformed
INFO: User: super Login  Sucessfull
Nov 28, 2014 6:14:52 AM org.lown.consultancy.accounts.api.CompanyService getCompanyDetails
INFO: Getting Customer Details given the internal DB id... 
Nov 28, 2014 6:14:52 AM org.lown.consultancy.accounts.Sql createStatement
INFO: Creating Statement...
Nov 28, 2014 6:14:54 AM org.lown.consultancy.accounts.dialog.MainMenu actionPerformed
INFO: Loading Supplier Dialog form... 
Nov 28, 2014 6:14:54 AM org.lown.consultancy.accounts.dialog.SupplierDashboard createAndShowGUI
INFO: Loading CustomerDashboard Dialog
Nov 28, 2014 6:14:54 AM org.lown.consultancy.accounts.tables.PurchasesTransactions <init>
INFO: Creating Purchases Transactions Table UI...
Nov 28, 2014 6:14:54 AM org.lown.consultancy.accounts.tables.SupplierList <init>
INFO: Creating Find Table UI...
Nov 28, 2014 6:14:55 AM org.lown.consultancy.accounts.api.SupplierService getSupplierByName
INFO: Get List of Customers given the search criteria... 
Nov 28, 2014 6:14:55 AM org.lown.consultancy.accounts.api.SupplierService getSupplierByName
INFO: Executing Query: Select supplier_id,sname,number,phone,address, contactperson, pin from supplier WHERE voided=0 and (number like '%msa%' or  sname like '%msa%' or phone like '%msa%' or address like '%msa%'  or contactperson like '%msa%') order by number asc;
Nov 28, 2014 6:14:55 AM org.lown.consultancy.accounts.Sql createStatement
INFO: Creating Statement...
Nov 28, 2014 6:14:57 AM org.lown.consultancy.accounts.api.SupplierService getSupplierByNumber
INFO: Getting Customer Details given the internal DB id... 
Nov 28, 2014 6:14:57 AM org.lown.consultancy.accounts.Sql createStatement
INFO: Creating Statement...
Nov 28, 2014 6:14:57 AM org.lown.consultancy.accounts.api.SupplierService getSupplierByNumber
INFO: Getting Customer Details given the internal DB id... 
Nov 28, 2014 6:14:57 AM org.lown.consultancy.accounts.Sql createStatement
INFO: Creating Statement...
Nov 28, 2014 6:14:58 AM org.lown.consultancy.accounts.api.PurchasesService getPurchasesBySupplierId
INFO: Getting Category Details given the internal DB id... 
Nov 28, 2014 6:14:58 AM org.lown.consultancy.accounts.Sql createStatement
INFO: Creating Statement...
Nov 28, 2014 6:14:58 AM org.lown.consultancy.accounts.api.PurchasesService getPurchasesBySupplierId
INFO: Getting Category Details given the internal DB id... 
Nov 28, 2014 6:14:58 AM org.lown.consultancy.accounts.Sql createStatement
INFO: Creating Statement...
Nov 28, 2014 6:14:58 AM org.lown.consultancy.accounts.api.PurchasesService getTotalPurchasesBySupplierId
INFO: getTotalPurchasesBySupplierId given DB id... 
Nov 28, 2014 6:14:58 AM org.lown.consultancy.accounts.Sql createStatement
INFO: Creating Statement...
Nov 28, 2014 6:14:58 AM org.lown.consultancy.accounts.api.PurchasesService getTotalPaymentsBySupplierId
INFO: getTotalPaymentsBySupplierId given DB id... 
Nov 28, 2014 6:14:58 AM org.lown.consultancy.accounts.Sql createStatement
INFO: Creating Statement...
Nov 28, 2014 6:15:00 AM org.lown.consultancy.accounts.dialog.PaySupplierDialog createAndShowGUI
INFO: Loading Supplier Payment Dialog
Nov 28, 2014 6:15:30 AM org.lown.consultancy.accounts.dialog.SupplierDashboard actionPerformed
INFO: Closing Supplier Dashboard Dialog
Nov 28, 2014 6:15:31 AM org.lown.consultancy.accounts.dialog.MainMenu actionPerformed
INFO: Exiting Accounts Management Application... 
Nov 28, 2014 6:15:31 AM org.lown.consultancy.accounts.dialog.LoginDialog createAndShowGUI
INFO: Loading The Log on Page
Nov 28, 2014 6:15:34 AM org.lown.consultancy.accounts.AccountsManagement main
INFO: LOWN Accounting Application logs...
Nov 28, 2014 6:15:34 AM org.lown.consultancy.accounts.AccountsManagement main
INFO: Application Starting...
Nov 28, 2014 6:15:34 AM org.lown.consultancy.accounts.dialog.LoginDialog <init>
INFO: Application User Log on UI...
Nov 28, 2014 6:15:37 AM org.lown.consultancy.accounts.api.UserService getUser
INFO: Getting user Details given username and pass... 
Nov 28, 2014 6:15:37 AM org.lown.consultancy.accounts.Sql createStatement
INFO: Creating Statement...
Nov 28, 2014 6:15:38 AM org.lown.consultancy.accounts.Sql getConnection
INFO: Opening Connection to the Database
Nov 28, 2014 6:15:38 AM org.lown.consultancy.accounts.dialog.LoginDialog actionPerformed
INFO: Sucessfull Log on... Loading Main Menu
Nov 28, 2014 6:15:38 AM org.lown.consultancy.accounts.dialog.LoginDialog actionPerformed
INFO: User: super Login  Sucessfull
Nov 28, 2014 6:15:38 AM org.lown.consultancy.accounts.api.CompanyService getCompanyDetails
INFO: Getting Customer Details given the internal DB id... 
Nov 28, 2014 6:15:38 AM org.lown.consultancy.accounts.Sql createStatement
INFO: Creating Statement...
Nov 28, 2014 6:15:39 AM org.lown.consultancy.accounts.dialog.MainMenu actionPerformed
INFO: Loading Supplier Dialog form... 
Nov 28, 2014 6:15:39 AM org.lown.consultancy.accounts.dialog.SupplierDashboard createAndShowGUI
INFO: Loading CustomerDashboard Dialog
Nov 28, 2014 6:15:39 AM org.lown.consultancy.accounts.tables.PurchasesTransactions <init>
INFO: Creating Purchases Transactions Table UI...
Nov 28, 2014 6:15:39 AM org.lown.consultancy.accounts.tables.SupplierList <init>
INFO: Creating Find Table UI...
Nov 28, 2014 6:15:41 AM org.lown.consultancy.accounts.api.SupplierService getSupplierByName
INFO: Get List of Customers given the search criteria... 
Nov 28, 2014 6:15:41 AM org.lown.consultancy.accounts.api.SupplierService getSupplierByName
INFO: Executing Query: Select supplier_id,sname,number,phone,address, contactperson, pin from supplier WHERE voided=0 and (number like '%msa%' or  sname like '%msa%' or phone like '%msa%' or address like '%msa%'  or contactperson like '%msa%') order by number asc;
Nov 28, 2014 6:15:41 AM org.lown.consultancy.accounts.Sql createStatement
INFO: Creating Statement...
Nov 28, 2014 6:15:42 AM org.lown.consultancy.accounts.api.SupplierService getSupplierByNumber
INFO: Getting Customer Details given the internal DB id... 
Nov 28, 2014 6:15:42 AM org.lown.consultancy.accounts.Sql createStatement
INFO: Creating Statement...
Nov 28, 2014 6:15:43 AM org.lown.consultancy.accounts.api.SupplierService getSupplierByNumber
INFO: Getting Customer Details given the internal DB id... 
Nov 28, 2014 6:15:43 AM org.lown.consultancy.accounts.Sql createStatement
INFO: Creating Statement...
Nov 28, 2014 6:15:44 AM org.lown.consultancy.accounts.api.PurchasesService getPurchasesBySupplierId
INFO: Getting Category Details given the internal DB id... 
Nov 28, 2014 6:15:44 AM org.lown.consultancy.accounts.Sql createStatement
INFO: Creating Statement...
Nov 28, 2014 6:15:44 AM org.lown.consultancy.accounts.api.PurchasesService getPurchasesBySupplierId
INFO: Getting Category Details given the internal DB id... 
Nov 28, 2014 6:15:44 AM org.lown.consultancy.accounts.Sql createStatement
INFO: Creating Statement...
Nov 28, 2014 6:15:44 AM org.lown.consultancy.accounts.api.PurchasesService getTotalPurchasesBySupplierId
INFO: getTotalPurchasesBySupplierId given DB id... 
Nov 28, 2014 6:15:44 AM org.lown.consultancy.accounts.Sql createStatement
INFO: Creating Statement...
Nov 28, 2014 6:15:44 AM org.lown.consultancy.accounts.api.PurchasesService getTotalPaymentsBySupplierId
INFO: getTotalPaymentsBySupplierId given DB id... 
Nov 28, 2014 6:15:44 AM org.lown.consultancy.accounts.Sql createStatement
INFO: Creating Statement...
Nov 28, 2014 6:15:45 AM org.lown.consultancy.accounts.dialog.PaySupplierDialog createAndShowGUI
INFO: Loading Supplier Payment Dialog
Nov 28, 2014 6:15:45 AM org.lown.consultancy.accounts.tables.InvoiceList <init>
INFO: Creating Transactions Table UI...
Nov 28, 2014 6:17:31 AM org.lown.consultancy.accounts.dialog.SupplierDashboard actionPerformed
INFO: Closing Supplier Dashboard Dialog
Nov 28, 2014 6:17:32 AM org.lown.consultancy.accounts.dialog.MainMenu actionPerformed
INFO: Exiting Accounts Management Application... 
Nov 28, 2014 6:17:32 AM org.lown.consultancy.accounts.dialog.LoginDialog createAndShowGUI
INFO: Loading The Log on Page
Nov 28, 2014 6:17:50 AM org.lown.consultancy.accounts.AccountsManagement main
INFO: LOWN Accounting Application logs...
Nov 28, 2014 6:17:50 AM org.lown.consultancy.accounts.AccountsManagement main
INFO: Application Starting...
Nov 28, 2014 6:17:50 AM org.lown.consultancy.accounts.dialog.LoginDialog <init>
INFO: Application User Log on UI...
Nov 28, 2014 6:17:54 AM org.lown.consultancy.accounts.api.UserService getUser
INFO: Getting user Details given username and pass... 
Nov 28, 2014 6:17:54 AM org.lown.consultancy.accounts.Sql createStatement
INFO: Creating Statement...
Nov 28, 2014 6:17:54 AM org.lown.consultancy.accounts.Sql getConnection
INFO: Opening Connection to the Database
Nov 28, 2014 6:17:54 AM org.lown.consultancy.accounts.dialog.LoginDialog actionPerformed
INFO: Sucessfull Log on... Loading Main Menu
Nov 28, 2014 6:17:54 AM org.lown.consultancy.accounts.dialog.LoginDialog actionPerformed
INFO: User: super Login  Sucessfull
Nov 28, 2014 6:17:54 AM org.lown.consultancy.accounts.api.CompanyService getCompanyDetails
INFO: Getting Customer Details given the internal DB id... 
Nov 28, 2014 6:17:54 AM org.lown.consultancy.accounts.Sql createStatement
INFO: Creating Statement...
Nov 28, 2014 6:17:56 AM org.lown.consultancy.accounts.dialog.MainMenu actionPerformed
INFO: Loading Supplier Dialog form... 
Nov 28, 2014 6:17:56 AM org.lown.consultancy.accounts.dialog.SupplierDashboard createAndShowGUI
INFO: Loading CustomerDashboard Dialog
Nov 28, 2014 6:17:56 AM org.lown.consultancy.accounts.tables.PurchasesTransactions <init>
INFO: Creating Purchases Transactions Table UI...
Nov 28, 2014 6:17:56 AM org.lown.consultancy.accounts.tables.SupplierList <init>
INFO: Creating Find Table UI...
Nov 28, 2014 6:17:58 AM org.lown.consultancy.accounts.api.SupplierService getSupplierByName
INFO: Get List of Customers given the search criteria... 
Nov 28, 2014 6:17:58 AM org.lown.consultancy.accounts.api.SupplierService getSupplierByName
INFO: Executing Query: Select supplier_id,sname,number,phone,address, contactperson, pin from supplier WHERE voided=0 and (number like '%msa%' or  sname like '%msa%' or phone like '%msa%' or address like '%msa%'  or contactperson like '%msa%') order by number asc;
Nov 28, 2014 6:17:58 AM org.lown.consultancy.accounts.Sql createStatement
INFO: Creating Statement...
Nov 28, 2014 6:17:59 AM org.lown.consultancy.accounts.api.SupplierService getSupplierByNumber
INFO: Getting Customer Details given the internal DB id... 
Nov 28, 2014 6:17:59 AM org.lown.consultancy.accounts.Sql createStatement
INFO: Creating Statement...
Nov 28, 2014 6:17:59 AM org.lown.consultancy.accounts.api.SupplierService getSupplierByNumber
INFO: Getting Customer Details given the internal DB id... 
Nov 28, 2014 6:17:59 AM org.lown.consultancy.accounts.Sql createStatement
INFO: Creating Statement...
Nov 28, 2014 6:18:01 AM org.lown.consultancy.accounts.api.PurchasesService getPurchasesBySupplierId
INFO: Getting Category Details given the internal DB id... 
Nov 28, 2014 6:18:01 AM org.lown.consultancy.accounts.Sql createStatement
INFO: Creating Statement...
Nov 28, 2014 6:18:01 AM org.lown.consultancy.accounts.api.PurchasesService getPurchasesBySupplierId
INFO: Getting Category Details given the internal DB id... 
Nov 28, 2014 6:18:01 AM org.lown.consultancy.accounts.Sql createStatement
INFO: Creating Statement...
Nov 28, 2014 6:18:01 AM org.lown.consultancy.accounts.api.PurchasesService getTotalPurchasesBySupplierId
INFO: getTotalPurchasesBySupplierId given DB id... 
Nov 28, 2014 6:18:01 AM org.lown.consultancy.accounts.Sql createStatement
INFO: Creating Statement...
Nov 28, 2014 6:18:01 AM org.lown.consultancy.accounts.api.PurchasesService getTotalPaymentsBySupplierId
INFO: getTotalPaymentsBySupplierId given DB id... 
Nov 28, 2014 6:18:01 AM org.lown.consultancy.accounts.Sql createStatement
INFO: Creating Statement...
Nov 28, 2014 6:18:02 AM org.lown.consultancy.accounts.dialog.PaySupplierDialog createAndShowGUI
INFO: Loading Supplier Payment Dialog
Nov 28, 2014 6:18:02 AM org.lown.consultancy.accounts.tables.InvoiceList <init>
INFO: Creating Transactions Table UI...
Nov 28, 2014 6:18:33 AM org.lown.consultancy.accounts.dialog.SupplierDashboard actionPerformed
INFO: Closing Supplier Dashboard Dialog
Nov 28, 2014 6:18:34 AM org.lown.consultancy.accounts.dialog.MainMenu actionPerformed
INFO: Exiting Accounts Management Application... 
Nov 28, 2014 6:18:34 AM org.lown.consultancy.accounts.dialog.LoginDialog createAndShowGUI
INFO: Loading The Log on Page
Nov 28, 2014 6:18:37 AM org.lown.consultancy.accounts.AccountsManagement main
INFO: LOWN Accounting Application logs...
Nov 28, 2014 6:18:37 AM org.lown.consultancy.accounts.AccountsManagement main
INFO: Application Starting...
Nov 28, 2014 6:18:37 AM org.lown.consultancy.accounts.dialog.LoginDialog <init>
INFO: Application User Log on UI...
Nov 28, 2014 6:18:41 AM org.lown.consultancy.accounts.api.UserService getUser
INFO: Getting user Details given username and pass... 
Nov 28, 2014 6:18:41 AM org.lown.consultancy.accounts.Sql createStatement
INFO: Creating Statement...
Nov 28, 2014 6:18:42 AM org.lown.consultancy.accounts.Sql getConnection
INFO: Opening Connection to the Database
Nov 28, 2014 6:18:42 AM org.lown.consultancy.accounts.dialog.LoginDialog actionPerformed
INFO: Sucessfull Log on... Loading Main Menu
Nov 28, 2014 6:18:42 AM org.lown.consultancy.accounts.dialog.LoginDialog actionPerformed
INFO: User: super Login  Sucessfull
Nov 28, 2014 6:18:42 AM org.lown.consultancy.accounts.api.CompanyService getCompanyDetails
INFO: Getting Customer Details given the internal DB id... 
Nov 28, 2014 6:18:42 AM org.lown.consultancy.accounts.Sql createStatement
INFO: Creating Statement...
Nov 28, 2014 6:18:43 AM org.lown.consultancy.accounts.dialog.MainMenu actionPerformed
INFO: Loading Supplier Dialog form... 
Nov 28, 2014 6:18:43 AM org.lown.consultancy.accounts.dialog.SupplierDashboard createAndShowGUI
INFO: Loading CustomerDashboard Dialog
Nov 28, 2014 6:18:43 AM org.lown.consultancy.accounts.tables.PurchasesTransactions <init>
INFO: Creating Purchases Transactions Table UI...
Nov 28, 2014 6:18:43 AM org.lown.consultancy.accounts.tables.SupplierList <init>
INFO: Creating Find Table UI...
Nov 28, 2014 6:18:45 AM org.lown.consultancy.accounts.api.SupplierService getSupplierByName
INFO: Get List of Customers given the search criteria... 
Nov 28, 2014 6:18:45 AM org.lown.consultancy.accounts.api.SupplierService getSupplierByName
INFO: Executing Query: Select supplier_id,sname,number,phone,address, contactperson, pin from supplier WHERE voided=0 and (number like '%msa%' or  sname like '%msa%' or phone like '%msa%' or address like '%msa%'  or contactperson like '%msa%') order by number asc;
Nov 28, 2014 6:18:45 AM org.lown.consultancy.accounts.Sql createStatement
INFO: Creating Statement...
Nov 28, 2014 6:18:47 AM org.lown.consultancy.accounts.api.SupplierService getSupplierByNumber
INFO: Getting Customer Details given the internal DB id... 
Nov 28, 2014 6:18:47 AM org.lown.consultancy.accounts.Sql createStatement
INFO: Creating Statement...
Nov 28, 2014 6:18:47 AM org.lown.consultancy.accounts.api.SupplierService getSupplierByNumber
INFO: Getting Customer Details given the internal DB id... 
Nov 28, 2014 6:18:47 AM org.lown.consultancy.accounts.Sql createStatement
INFO: Creating Statement...
Nov 28, 2014 6:18:48 AM org.lown.consultancy.accounts.api.PurchasesService getPurchasesBySupplierId
INFO: Getting Category Details given the internal DB id... 
Nov 28, 2014 6:18:48 AM org.lown.consultancy.accounts.Sql createStatement
INFO: Creating Statement...
Nov 28, 2014 6:18:48 AM org.lown.consultancy.accounts.api.PurchasesService getPurchasesBySupplierId
INFO: Getting Category Details given the internal DB id... 
Nov 28, 2014 6:18:48 AM org.lown.consultancy.accounts.Sql createStatement
INFO: Creating Statement...
Nov 28, 2014 6:18:48 AM org.lown.consultancy.accounts.api.PurchasesService getTotalPurchasesBySupplierId
INFO: getTotalPurchasesBySupplierId given DB id... 
Nov 28, 2014 6:18:48 AM org.lown.consultancy.accounts.Sql createStatement
INFO: Creating Statement...
Nov 28, 2014 6:18:48 AM org.lown.consultancy.accounts.api.PurchasesService getTotalPaymentsBySupplierId
INFO: getTotalPaymentsBySupplierId given DB id... 
Nov 28, 2014 6:18:48 AM org.lown.consultancy.accounts.Sql createStatement
INFO: Creating Statement...
Nov 28, 2014 6:18:52 AM org.lown.consultancy.accounts.dialog.PaySupplierDialog createAndShowGUI
INFO: Loading Supplier Payment Dialog
Nov 28, 2014 6:18:53 AM org.lown.consultancy.accounts.tables.InvoiceList <init>
INFO: Creating Transactions Table UI...
Nov 28, 2014 6:19:16 AM org.lown.consultancy.accounts.dialog.SupplierDashboard actionPerformed
INFO: Closing Supplier Dashboard Dialog
Nov 28, 2014 6:19:17 AM org.lown.consultancy.accounts.dialog.MainMenu actionPerformed
INFO: Exiting Accounts Management Application... 
Nov 28, 2014 6:19:18 AM org.lown.consultancy.accounts.dialog.LoginDialog createAndShowGUI
INFO: Loading The Log on Page
Nov 28, 2014 6:19:26 AM org.lown.consultancy.accounts.AccountsManagement main
INFO: LOWN Accounting Application logs...
Nov 28, 2014 6:19:26 AM org.lown.consultancy.accounts.AccountsManagement main
INFO: Application Starting...
Nov 28, 2014 6:19:26 AM org.lown.consultancy.accounts.dialog.LoginDialog <init>
INFO: Application User Log on UI...
Nov 28, 2014 6:19:31 AM org.lown.consultancy.accounts.api.UserService getUser
INFO: Getting user Details given username and pass... 
Nov 28, 2014 6:19:31 AM org.lown.consultancy.accounts.Sql createStatement
INFO: Creating Statement...
Nov 28, 2014 6:19:31 AM org.lown.consultancy.accounts.Sql getConnection
INFO: Opening Connection to the Database
Nov 28, 2014 6:19:31 AM org.lown.consultancy.accounts.dialog.LoginDialog actionPerformed
INFO: Sucessfull Log on... Loading Main Menu
Nov 28, 2014 6:19:31 AM org.lown.consultancy.accounts.dialog.LoginDialog actionPerformed
INFO: User: super Login  Sucessfull
Nov 28, 2014 6:19:31 AM org.lown.consultancy.accounts.api.CompanyService getCompanyDetails
INFO: Getting Customer Details given the internal DB id... 
Nov 28, 2014 6:19:31 AM org.lown.consultancy.accounts.Sql createStatement
INFO: Creating Statement...
Nov 28, 2014 6:19:36 AM org.lown.consultancy.accounts.dialog.MainMenu actionPerformed
INFO: Loading Supplier Dialog form... 
Nov 28, 2014 6:19:36 AM org.lown.consultancy.accounts.dialog.SupplierDashboard createAndShowGUI
INFO: Loading CustomerDashboard Dialog
Nov 28, 2014 6:19:36 AM org.lown.consultancy.accounts.tables.PurchasesTransactions <init>
INFO: Creating Purchases Transactions Table UI...
Nov 28, 2014 6:19:36 AM org.lown.consultancy.accounts.tables.SupplierList <init>
INFO: Creating Find Table UI...
Nov 28, 2014 6:19:38 AM org.lown.consultancy.accounts.api.SupplierService getSupplierByName
INFO: Get List of Customers given the search criteria... 
Nov 28, 2014 6:19:38 AM org.lown.consultancy.accounts.api.SupplierService getSupplierByName
INFO: Executing Query: Select supplier_id,sname,number,phone,address, contactperson, pin from supplier WHERE voided=0 and (number like '%msa%' or  sname like '%msa%' or phone like '%msa%' or address like '%msa%'  or contactperson like '%msa%') order by number asc;
Nov 28, 2014 6:19:38 AM org.lown.consultancy.accounts.Sql createStatement
INFO: Creating Statement...
Nov 28, 2014 6:19:40 AM org.lown.consultancy.accounts.api.SupplierService getSupplierByNumber
INFO: Getting Customer Details given the internal DB id... 
Nov 28, 2014 6:19:40 AM org.lown.consultancy.accounts.Sql createStatement
INFO: Creating Statement...
Nov 28, 2014 6:19:40 AM org.lown.consultancy.accounts.api.SupplierService getSupplierByNumber
INFO: Getting Customer Details given the internal DB id... 
Nov 28, 2014 6:19:40 AM org.lown.consultancy.accounts.Sql createStatement
INFO: Creating Statement...
Nov 28, 2014 6:19:41 AM org.lown.consultancy.accounts.api.PurchasesService getPurchasesBySupplierId
INFO: Getting Category Details given the internal DB id... 
Nov 28, 2014 6:19:41 AM org.lown.consultancy.accounts.Sql createStatement
INFO: Creating Statement...
Nov 28, 2014 6:19:41 AM org.lown.consultancy.accounts.api.PurchasesService getPurchasesBySupplierId
INFO: Getting Category Details given the internal DB id... 
Nov 28, 2014 6:19:41 AM org.lown.consultancy.accounts.Sql createStatement
INFO: Creating Statement...
Nov 28, 2014 6:19:41 AM org.lown.consultancy.accounts.api.PurchasesService getTotalPurchasesBySupplierId
INFO: getTotalPurchasesBySupplierId given DB id... 
Nov 28, 2014 6:19:41 AM org.lown.consultancy.accounts.Sql createStatement
INFO: Creating Statement...
Nov 28, 2014 6:19:41 AM org.lown.consultancy.accounts.api.PurchasesService getTotalPaymentsBySupplierId
INFO: getTotalPaymentsBySupplierId given DB id... 
Nov 28, 2014 6:19:41 AM org.lown.consultancy.accounts.Sql createStatement
INFO: Creating Statement...
Nov 28, 2014 6:19:41 AM org.lown.consultancy.accounts.dialog.PaySupplierDialog createAndShowGUI
INFO: Loading Supplier Payment Dialog
Nov 28, 2014 6:19:41 AM org.lown.consultancy.accounts.tables.InvoiceList <init>
INFO: Creating Transactions Table UI...
Nov 28, 2014 6:19:57 AM org.lown.consultancy.accounts.dialog.LoginDialog createAndShowGUI
INFO: Loading The Log on Page
Nov 28, 2014 6:20:04 AM org.lown.consultancy.accounts.AccountsManagement main
INFO: LOWN Accounting Application logs...
Nov 28, 2014 6:20:04 AM org.lown.consultancy.accounts.AccountsManagement main
INFO: Application Starting...
Nov 28, 2014 6:20:04 AM org.lown.consultancy.accounts.dialog.LoginDialog <init>
INFO: Application User Log on UI...
Nov 28, 2014 6:20:08 AM org.lown.consultancy.accounts.api.UserService getUser
INFO: Getting user Details given username and pass... 
Nov 28, 2014 6:20:08 AM org.lown.consultancy.accounts.Sql createStatement
INFO: Creating Statement...
Nov 28, 2014 6:20:09 AM org.lown.consultancy.accounts.Sql getConnection
INFO: Opening Connection to the Database
Nov 28, 2014 6:20:09 AM org.lown.consultancy.accounts.dialog.LoginDialog actionPerformed
INFO: Sucessfull Log on... Loading Main Menu
Nov 28, 2014 6:20:09 AM org.lown.consultancy.accounts.dialog.LoginDialog actionPerformed
INFO: User: super Login  Sucessfull
Nov 28, 2014 6:20:09 AM org.lown.consultancy.accounts.api.CompanyService getCompanyDetails
INFO: Getting Customer Details given the internal DB id... 
Nov 28, 2014 6:20:09 AM org.lown.consultancy.accounts.Sql createStatement
INFO: Creating Statement...
Nov 28, 2014 6:20:10 AM org.lown.consultancy.accounts.dialog.MainMenu actionPerformed
INFO: Loading Supplier Dialog form... 
Nov 28, 2014 6:20:10 AM org.lown.consultancy.accounts.dialog.SupplierDashboard createAndShowGUI
INFO: Loading CustomerDashboard Dialog
Nov 28, 2014 6:20:10 AM org.lown.consultancy.accounts.tables.PurchasesTransactions <init>
INFO: Creating Purchases Transactions Table UI...
Nov 28, 2014 6:20:10 AM org.lown.consultancy.accounts.tables.SupplierList <init>
INFO: Creating Find Table UI...
Nov 28, 2014 6:20:12 AM org.lown.consultancy.accounts.api.SupplierService getSupplierByName
INFO: Get List of Customers given the search criteria... 
Nov 28, 2014 6:20:12 AM org.lown.consultancy.accounts.api.SupplierService getSupplierByName
INFO: Executing Query: Select supplier_id,sname,number,phone,address, contactperson, pin from supplier WHERE voided=0 and (number like '%msa%' or  sname like '%msa%' or phone like '%msa%' or address like '%msa%'  or contactperson like '%msa%') order by number asc;
Nov 28, 2014 6:20:12 AM org.lown.consultancy.accounts.Sql createStatement
INFO: Creating Statement...
Nov 28, 2014 6:20:13 AM org.lown.consultancy.accounts.api.SupplierService getSupplierByNumber
INFO: Getting Customer Details given the internal DB id... 
Nov 28, 2014 6:20:13 AM org.lown.consultancy.accounts.Sql createStatement
INFO: Creating Statement...
Nov 28, 2014 6:20:13 AM org.lown.consultancy.accounts.api.SupplierService getSupplierByNumber
INFO: Getting Customer Details given the internal DB id... 
Nov 28, 2014 6:20:13 AM org.lown.consultancy.accounts.Sql createStatement
INFO: Creating Statement...
Nov 28, 2014 6:20:15 AM org.lown.consultancy.accounts.api.PurchasesService getPurchasesBySupplierId
INFO: Getting Category Details given the internal DB id... 
Nov 28, 2014 6:20:15 AM org.lown.consultancy.accounts.Sql createStatement
INFO: Creating Statement...
Nov 28, 2014 6:20:15 AM org.lown.consultancy.accounts.api.PurchasesService getPurchasesBySupplierId
INFO: Getting Category Details given the internal DB id... 
Nov 28, 2014 6:20:15 AM org.lown.consultancy.accounts.Sql createStatement
INFO: Creating Statement...
Nov 28, 2014 6:20:15 AM org.lown.consultancy.accounts.api.PurchasesService getTotalPurchasesBySupplierId
INFO: getTotalPurchasesBySupplierId given DB id... 
Nov 28, 2014 6:20:15 AM org.lown.consultancy.accounts.Sql createStatement
INFO: Creating Statement...
Nov 28, 2014 6:20:15 AM org.lown.consultancy.accounts.api.PurchasesService getTotalPaymentsBySupplierId
INFO: getTotalPaymentsBySupplierId given DB id... 
Nov 28, 2014 6:20:15 AM org.lown.consultancy.accounts.Sql createStatement
INFO: Creating Statement...
Nov 28, 2014 6:20:15 AM org.lown.consultancy.accounts.dialog.PaySupplierDialog createAndShowGUI
INFO: Loading Supplier Payment Dialog
Nov 28, 2014 6:20:16 AM org.lown.consultancy.accounts.tables.InvoiceList <init>
INFO: Creating Transactions Table UI...
Nov 28, 2014 6:44:32 AM org.lown.consultancy.accounts.dialog.SupplierDashboard actionPerformed
INFO: Closing Supplier Dashboard Dialog
Nov 28, 2014 6:44:33 AM org.lown.consultancy.accounts.dialog.MainMenu actionPerformed
INFO: Exiting Accounts Management Application... 
Nov 28, 2014 6:44:33 AM org.lown.consultancy.accounts.dialog.LoginDialog createAndShowGUI
INFO: Loading The Log on Page
Nov 28, 2014 6:44:35 AM org.lown.consultancy.accounts.AccountsManagement main
INFO: LOWN Accounting Application logs...
Nov 28, 2014 6:44:35 AM org.lown.consultancy.accounts.AccountsManagement main
INFO: Application Starting...
Nov 28, 2014 6:44:35 AM org.lown.consultancy.accounts.dialog.LoginDialog <init>
INFO: Application User Log on UI...
Nov 28, 2014 6:44:41 AM org.lown.consultancy.accounts.api.UserService getUser
INFO: Getting user Details given username and pass... 
Nov 28, 2014 6:44:41 AM org.lown.consultancy.accounts.Sql createStatement
INFO: Creating Statement...
Nov 28, 2014 6:44:41 AM org.lown.consultancy.accounts.Sql getConnection
INFO: Opening Connection to the Database
Nov 28, 2014 6:44:41 AM org.lown.consultancy.accounts.dialog.LoginDialog actionPerformed
INFO: Sucessfull Log on... Loading Main Menu
Nov 28, 2014 6:44:41 AM org.lown.consultancy.accounts.dialog.LoginDialog actionPerformed
INFO: User: super Login  Sucessfull
Nov 28, 2014 6:44:41 AM org.lown.consultancy.accounts.api.CompanyService getCompanyDetails
INFO: Getting Customer Details given the internal DB id... 
Nov 28, 2014 6:44:41 AM org.lown.consultancy.accounts.Sql createStatement
INFO: Creating Statement...
Nov 28, 2014 6:44:43 AM org.lown.consultancy.accounts.dialog.MainMenu actionPerformed
INFO: Loading Supplier Dialog form... 
Nov 28, 2014 6:44:43 AM org.lown.consultancy.accounts.dialog.SupplierDashboard createAndShowGUI
INFO: Loading CustomerDashboard Dialog
Nov 28, 2014 6:44:43 AM org.lown.consultancy.accounts.tables.PurchasesTransactions <init>
INFO: Creating Purchases Transactions Table UI...
Nov 28, 2014 6:44:43 AM org.lown.consultancy.accounts.tables.SupplierList <init>
INFO: Creating Find Table UI...
Nov 28, 2014 6:44:45 AM org.lown.consultancy.accounts.api.SupplierService getSupplierByName
INFO: Get List of Customers given the search criteria... 
Nov 28, 2014 6:44:45 AM org.lown.consultancy.accounts.api.SupplierService getSupplierByName
INFO: Executing Query: Select supplier_id,sname,number,phone,address, contactperson, pin from supplier WHERE voided=0 and (number like '%msa%' or  sname like '%msa%' or phone like '%msa%' or address like '%msa%'  or contactperson like '%msa%') order by number asc;
Nov 28, 2014 6:44:45 AM org.lown.consultancy.accounts.Sql createStatement
INFO: Creating Statement...
Nov 28, 2014 6:44:47 AM org.lown.consultancy.accounts.api.SupplierService getSupplierByNumber
INFO: Getting Customer Details given the internal DB id... 
Nov 28, 2014 6:44:47 AM org.lown.consultancy.accounts.Sql createStatement
INFO: Creating Statement...
Nov 28, 2014 6:44:47 AM org.lown.consultancy.accounts.api.SupplierService getSupplierByNumber
INFO: Getting Customer Details given the internal DB id... 
Nov 28, 2014 6:44:47 AM org.lown.consultancy.accounts.Sql createStatement
INFO: Creating Statement...
Nov 28, 2014 6:44:48 AM org.lown.consultancy.accounts.api.PurchasesService getPurchasesBySupplierId
INFO: Getting Category Details given the internal DB id... 
Nov 28, 2014 6:44:48 AM org.lown.consultancy.accounts.Sql createStatement
INFO: Creating Statement...
Nov 28, 2014 6:44:48 AM org.lown.consultancy.accounts.api.PurchasesService getPurchasesBySupplierId
INFO: Getting Category Details given the internal DB id... 
Nov 28, 2014 6:44:48 AM org.lown.consultancy.accounts.Sql createStatement
INFO: Creating Statement...
Nov 28, 2014 6:44:48 AM org.lown.consultancy.accounts.api.PurchasesService getTotalPurchasesBySupplierId
INFO: getTotalPurchasesBySupplierId given DB id... 
Nov 28, 2014 6:44:48 AM org.lown.consultancy.accounts.Sql createStatement
INFO: Creating Statement...
Nov 28, 2014 6:44:48 AM org.lown.consultancy.accounts.api.PurchasesService getTotalPaymentsBySupplierId
INFO: getTotalPaymentsBySupplierId given DB id... 
Nov 28, 2014 6:44:48 AM org.lown.consultancy.accounts.Sql createStatement
INFO: Creating Statement...
Nov 28, 2014 6:44:49 AM org.lown.consultancy.accounts.dialog.PaySupplierDialog createAndShowGUI
INFO: Loading Supplier Payment Dialog
Nov 28, 2014 6:44:49 AM org.lown.consultancy.accounts.tables.InvoiceList <init>
INFO: Creating Transactions Table UI...
Nov 28, 2014 6:44:52 AM org.lown.consultancy.accounts.api.CashService getTotalCash
INFO: get available cash... 
Nov 28, 2014 6:44:52 AM org.lown.consultancy.accounts.Sql createStatement
INFO: Creating Statement...
Nov 28, 2014 6:44:52 AM org.lown.consultancy.accounts.api.CashService getTotalCashPayments
INFO: get available cash... 
Nov 28, 2014 6:44:52 AM org.lown.consultancy.accounts.Sql createStatement
INFO: Creating Statement...
Nov 28, 2014 6:46:19 AM org.lown.consultancy.accounts.api.CashService getTotalCash
INFO: get available cash... 
Nov 28, 2014 6:46:19 AM org.lown.consultancy.accounts.Sql createStatement
INFO: Creating Statement...
Nov 28, 2014 6:46:19 AM org.lown.consultancy.accounts.api.CashService getTotalCashPayments
INFO: get available cash... 
Nov 28, 2014 6:46:19 AM org.lown.consultancy.accounts.Sql createStatement
INFO: Creating Statement...
Nov 28, 2014 6:47:21 AM org.lown.consultancy.accounts.dialog.SupplierDashboard actionPerformed
INFO: Closing Supplier Dashboard Dialog
Nov 28, 2014 6:47:22 AM org.lown.consultancy.accounts.dialog.MainMenu actionPerformed
INFO: Exiting Accounts Management Application... 
Nov 28, 2014 6:47:22 AM org.lown.consultancy.accounts.dialog.LoginDialog createAndShowGUI
INFO: Loading The Log on Page
