Nov 27, 2014 12:00:25 AM org.lown.consultancy.accounts.AccountsManagement main
INFO: LOWN Accounting Application logs...
Nov 27, 2014 12:00:25 AM org.lown.consultancy.accounts.AccountsManagement main
INFO: Application Starting...
Nov 27, 2014 12:00:25 AM org.lown.consultancy.accounts.dialog.LoginDialog <init>
INFO: Application User Log on UI...
Nov 27, 2014 12:00:30 AM org.lown.consultancy.accounts.api.UserService getUser
INFO: Getting user Details given username and pass... 
Nov 27, 2014 12:00:30 AM org.lown.consultancy.accounts.Sql createStatement
INFO: Creating Statement...
Nov 27, 2014 12:00:30 AM org.lown.consultancy.accounts.Sql getConnection
INFO: Opening Connection to the Database
Nov 27, 2014 12:00:30 AM org.lown.consultancy.accounts.dialog.LoginDialog actionPerformed
INFO: Sucessfull Log on... Loading Main Menu
Nov 27, 2014 12:00:30 AM org.lown.consultancy.accounts.dialog.LoginDialog actionPerformed
INFO: User: super Login  Sucessfull
Nov 27, 2014 12:00:30 AM org.lown.consultancy.accounts.api.CompanyService getCompanyDetails
INFO: Getting Customer Details given the internal DB id... 
Nov 27, 2014 12:00:30 AM org.lown.consultancy.accounts.Sql createStatement
INFO: Creating Statement...
Nov 27, 2014 12:00:39 AM org.lown.consultancy.accounts.dialog.MainMenu actionPerformed
INFO: Loading Product Dashboard Dialog form... 
Nov 27, 2014 12:00:39 AM org.lown.consultancy.accounts.dialog.ProductDashboard createAndShowGUI
INFO: Loading CustomerDashboard Dialog
Nov 27, 2014 12:00:39 AM org.lown.consultancy.accounts.tables.CategoryListTable <init>
INFO: Creating Product Category List Table UI...
Nov 27, 2014 12:00:39 AM org.lown.consultancy.accounts.api.CategoryService getAllCategories
INFO: Get List of Customers given the search criteria... 
Nov 27, 2014 12:00:39 AM org.lown.consultancy.accounts.api.CategoryService getAllCategories
INFO: Executing Query: Select category_id,categoryname,categorycode from productcategory WHERE voided=0 
Nov 27, 2014 12:00:39 AM org.lown.consultancy.accounts.Sql createStatement
INFO: Creating Statement...
Nov 27, 2014 12:00:39 AM org.lown.consultancy.accounts.tables.ProductListTable <init>
INFO: Creating Product List Table UI...
Nov 27, 2014 12:00:39 AM org.lown.consultancy.accounts.api.ProductService getProductCategoryMap
INFO: Get List of all Product Category and put them in a hash map... 
Nov 27, 2014 12:00:39 AM org.lown.consultancy.accounts.api.ProductService getProductCategoryMap
INFO: Executing Query: Select category_id,categoryname,categorycode from productcategory WHERE voided=0 
Nov 27, 2014 12:00:39 AM org.lown.consultancy.accounts.Sql createStatement
INFO: Creating Statement...
Nov 27, 2014 12:00:39 AM org.lown.consultancy.accounts.api.ProductService getAllProducts
INFO: Get List of All products... 
Nov 27, 2014 12:00:39 AM org.lown.consultancy.accounts.api.ProductService getAllProducts
INFO: Executing Query: Select product_id,productname,productcode, measureunit, category_id from product WHERE voided=0 
Nov 27, 2014 12:00:39 AM org.lown.consultancy.accounts.Sql createStatement
INFO: Creating Statement...
Nov 27, 2014 12:00:40 AM org.lown.consultancy.accounts.api.ProductService getProductCategoryMap
INFO: Get List of all Product Category and put them in a hash map... 
Nov 27, 2014 12:00:40 AM org.lown.consultancy.accounts.api.ProductService getProductCategoryMap
INFO: Executing Query: Select category_id,categoryname,categorycode from productcategory WHERE voided=0 
Nov 27, 2014 12:00:40 AM org.lown.consultancy.accounts.Sql createStatement
INFO: Creating Statement...
Nov 27, 2014 12:00:40 AM org.lown.consultancy.accounts.api.ProductService getProductByCode
INFO: Getting Product Details given the  category code... 
Nov 27, 2014 12:00:40 AM org.lown.consultancy.accounts.Sql createStatement
INFO: Creating Statement...
Nov 27, 2014 12:00:40 AM org.lown.consultancy.accounts.api.ProductService getProductCategoryMap
INFO: Get List of all Product Category and put them in a hash map... 
Nov 27, 2014 12:00:40 AM org.lown.consultancy.accounts.api.ProductService getProductCategoryMap
INFO: Executing Query: Select category_id,categoryname,categorycode from productcategory WHERE voided=0 
Nov 27, 2014 12:00:40 AM org.lown.consultancy.accounts.Sql createStatement
INFO: Creating Statement...
Nov 27, 2014 12:00:40 AM org.lown.consultancy.accounts.api.ProductService getProductByCode
INFO: Getting Product Details given the  category code... 
Nov 27, 2014 12:00:40 AM org.lown.consultancy.accounts.Sql createStatement
INFO: Creating Statement...
Nov 27, 2014 12:00:42 AM org.lown.consultancy.accounts.dialog.ProductDialog createAndShowGUI
INFO: Loading Category Dialog
Nov 27, 2014 12:00:42 AM org.lown.consultancy.accounts.dialog.ProductDialog <init>
INFO: Creating Product Category UI...
Nov 27, 2014 12:00:42 AM org.lown.consultancy.accounts.api.ProductService getProductCategoryMap
INFO: Get List of all Product Category and put them in a hash map... 
Nov 27, 2014 12:00:42 AM org.lown.consultancy.accounts.api.ProductService getProductCategoryMap
INFO: Executing Query: Select category_id,categoryname,categorycode from productcategory WHERE voided=0 
Nov 27, 2014 12:00:42 AM org.lown.consultancy.accounts.Sql createStatement
INFO: Creating Statement...
Nov 27, 2014 12:00:42 AM org.lown.consultancy.accounts.api.ProductService getCategoryMap
INFO: Get List of all Product Category and put them in a hash map... 
Nov 27, 2014 12:00:42 AM org.lown.consultancy.accounts.api.ProductService getCategoryMap
INFO: Executing Query: Select category_id,categoryname,categorycode from productcategory WHERE voided=0 
Nov 27, 2014 12:00:42 AM org.lown.consultancy.accounts.Sql createStatement
INFO: Creating Statement...
Nov 27, 2014 12:00:42 AM org.lown.consultancy.accounts.api.ProductService getProductSellingPrice
INFO: Getting Category Details given the internal DB id... 
Nov 27, 2014 12:00:42 AM org.lown.consultancy.accounts.Sql createStatement
INFO: Creating Statement...
Nov 27, 2014 12:00:49 AM org.lown.consultancy.accounts.api.ProductService getProductCategoryMap
INFO: Get List of all Product Category and put them in a hash map... 
Nov 27, 2014 12:00:49 AM org.lown.consultancy.accounts.api.ProductService getProductCategoryMap
INFO: Executing Query: Select category_id,categoryname,categorycode from productcategory WHERE voided=0 
Nov 27, 2014 12:00:49 AM org.lown.consultancy.accounts.Sql createStatement
INFO: Creating Statement...
Nov 27, 2014 12:00:49 AM org.lown.consultancy.accounts.api.ProductService getProductByCode
INFO: Getting Product Details given the  category code... 
Nov 27, 2014 12:00:49 AM org.lown.consultancy.accounts.Sql createStatement
INFO: Creating Statement...
Nov 27, 2014 12:00:49 AM org.lown.consultancy.accounts.api.ProductService getProductCategoryMap
INFO: Get List of all Product Category and put them in a hash map... 
Nov 27, 2014 12:00:49 AM org.lown.consultancy.accounts.api.ProductService getProductCategoryMap
INFO: Executing Query: Select category_id,categoryname,categorycode from productcategory WHERE voided=0 
Nov 27, 2014 12:00:49 AM org.lown.consultancy.accounts.Sql createStatement
INFO: Creating Statement...
Nov 27, 2014 12:00:49 AM org.lown.consultancy.accounts.api.ProductService getProductByCode
INFO: Getting Product Details given the  category code... 
Nov 27, 2014 12:00:49 AM org.lown.consultancy.accounts.Sql createStatement
INFO: Creating Statement...
Nov 27, 2014 12:00:50 AM org.lown.consultancy.accounts.dialog.ProductDialog createAndShowGUI
INFO: Loading Category Dialog
Nov 27, 2014 12:00:50 AM org.lown.consultancy.accounts.dialog.ProductDialog <init>
INFO: Creating Product Category UI...
Nov 27, 2014 12:00:50 AM org.lown.consultancy.accounts.api.ProductService getProductCategoryMap
INFO: Get List of all Product Category and put them in a hash map... 
Nov 27, 2014 12:00:50 AM org.lown.consultancy.accounts.api.ProductService getProductCategoryMap
INFO: Executing Query: Select category_id,categoryname,categorycode from productcategory WHERE voided=0 
Nov 27, 2014 12:00:50 AM org.lown.consultancy.accounts.Sql createStatement
INFO: Creating Statement...
Nov 27, 2014 12:00:50 AM org.lown.consultancy.accounts.api.ProductService getCategoryMap
INFO: Get List of all Product Category and put them in a hash map... 
Nov 27, 2014 12:00:50 AM org.lown.consultancy.accounts.api.ProductService getCategoryMap
INFO: Executing Query: Select category_id,categoryname,categorycode from productcategory WHERE voided=0 
Nov 27, 2014 12:00:50 AM org.lown.consultancy.accounts.Sql createStatement
INFO: Creating Statement...
Nov 27, 2014 12:00:50 AM org.lown.consultancy.accounts.api.ProductService getProductSellingPrice
INFO: Getting Category Details given the internal DB id... 
Nov 27, 2014 12:00:50 AM org.lown.consultancy.accounts.Sql createStatement
INFO: Creating Statement...
Nov 27, 2014 12:03:30 AM org.lown.consultancy.accounts.dialog.MainMenu actionPerformed
INFO: Exiting Accounts Management Application... 
Nov 27, 2014 12:03:30 AM org.lown.consultancy.accounts.dialog.LoginDialog createAndShowGUI
INFO: Loading The Log on Page
Nov 27, 2014 12:03:32 AM org.lown.consultancy.accounts.AccountsManagement main
INFO: LOWN Accounting Application logs...
Nov 27, 2014 12:03:32 AM org.lown.consultancy.accounts.AccountsManagement main
INFO: Application Starting...
Nov 27, 2014 12:03:32 AM org.lown.consultancy.accounts.dialog.LoginDialog <init>
INFO: Application User Log on UI...
Nov 27, 2014 12:03:36 AM org.lown.consultancy.accounts.api.UserService getUser
INFO: Getting user Details given username and pass... 
Nov 27, 2014 12:03:36 AM org.lown.consultancy.accounts.Sql createStatement
INFO: Creating Statement...
Nov 27, 2014 12:03:36 AM org.lown.consultancy.accounts.Sql getConnection
INFO: Opening Connection to the Database
Nov 27, 2014 12:03:36 AM org.lown.consultancy.accounts.dialog.LoginDialog actionPerformed
INFO: Sucessfull Log on... Loading Main Menu
Nov 27, 2014 12:03:36 AM org.lown.consultancy.accounts.dialog.LoginDialog actionPerformed
INFO: User: super Login  Sucessfull
Nov 27, 2014 12:03:36 AM org.lown.consultancy.accounts.api.CompanyService getCompanyDetails
INFO: Getting Customer Details given the internal DB id... 
Nov 27, 2014 12:03:36 AM org.lown.consultancy.accounts.Sql createStatement
INFO: Creating Statement...
Nov 27, 2014 12:03:38 AM org.lown.consultancy.accounts.dialog.MainMenu actionPerformed
INFO: Loading Product Dashboard Dialog form... 
Nov 27, 2014 12:03:38 AM org.lown.consultancy.accounts.dialog.ProductDashboard createAndShowGUI
INFO: Loading CustomerDashboard Dialog
Nov 27, 2014 12:03:38 AM org.lown.consultancy.accounts.tables.CategoryListTable <init>
INFO: Creating Product Category List Table UI...
Nov 27, 2014 12:03:38 AM org.lown.consultancy.accounts.api.CategoryService getAllCategories
INFO: Get List of Customers given the search criteria... 
Nov 27, 2014 12:03:38 AM org.lown.consultancy.accounts.api.CategoryService getAllCategories
INFO: Executing Query: Select category_id,categoryname,categorycode from productcategory WHERE voided=0 
Nov 27, 2014 12:03:38 AM org.lown.consultancy.accounts.Sql createStatement
INFO: Creating Statement...
Nov 27, 2014 12:03:38 AM org.lown.consultancy.accounts.tables.ProductListTable <init>
INFO: Creating Product List Table UI...
Nov 27, 2014 12:03:38 AM org.lown.consultancy.accounts.api.ProductService getProductCategoryMap
INFO: Get List of all Product Category and put them in a hash map... 
Nov 27, 2014 12:03:38 AM org.lown.consultancy.accounts.api.ProductService getProductCategoryMap
INFO: Executing Query: Select category_id,categoryname,categorycode from productcategory WHERE voided=0 
Nov 27, 2014 12:03:38 AM org.lown.consultancy.accounts.Sql createStatement
INFO: Creating Statement...
Nov 27, 2014 12:03:38 AM org.lown.consultancy.accounts.api.ProductService getAllProducts
INFO: Get List of All products... 
Nov 27, 2014 12:03:38 AM org.lown.consultancy.accounts.api.ProductService getAllProducts
INFO: Executing Query: Select product_id,productname,productcode, measureunit, category_id from product WHERE voided=0 
Nov 27, 2014 12:03:38 AM org.lown.consultancy.accounts.Sql createStatement
INFO: Creating Statement...
Nov 27, 2014 12:03:42 AM org.lown.consultancy.accounts.api.ProductService getProductCategoryMap
INFO: Get List of all Product Category and put them in a hash map... 
Nov 27, 2014 12:03:42 AM org.lown.consultancy.accounts.api.ProductService getProductCategoryMap
INFO: Executing Query: Select category_id,categoryname,categorycode from productcategory WHERE voided=0 
Nov 27, 2014 12:03:42 AM org.lown.consultancy.accounts.Sql createStatement
INFO: Creating Statement...
Nov 27, 2014 12:03:42 AM org.lown.consultancy.accounts.api.ProductService getProductByCode
INFO: Getting Product Details given the  category code... 
Nov 27, 2014 12:03:42 AM org.lown.consultancy.accounts.Sql createStatement
INFO: Creating Statement...
Nov 27, 2014 12:03:43 AM org.lown.consultancy.accounts.api.ProductService getProductCategoryMap
INFO: Get List of all Product Category and put them in a hash map... 
Nov 27, 2014 12:03:43 AM org.lown.consultancy.accounts.api.ProductService getProductCategoryMap
INFO: Executing Query: Select category_id,categoryname,categorycode from productcategory WHERE voided=0 
Nov 27, 2014 12:03:43 AM org.lown.consultancy.accounts.Sql createStatement
INFO: Creating Statement...
Nov 27, 2014 12:03:43 AM org.lown.consultancy.accounts.api.ProductService getProductByCode
INFO: Getting Product Details given the  category code... 
Nov 27, 2014 12:03:43 AM org.lown.consultancy.accounts.Sql createStatement
INFO: Creating Statement...
Nov 27, 2014 12:03:43 AM org.lown.consultancy.accounts.api.ProductService getProductCategoryMap
INFO: Get List of all Product Category and put them in a hash map... 
Nov 27, 2014 12:03:43 AM org.lown.consultancy.accounts.api.ProductService getProductCategoryMap
INFO: Executing Query: Select category_id,categoryname,categorycode from productcategory WHERE voided=0 
Nov 27, 2014 12:03:43 AM org.lown.consultancy.accounts.Sql createStatement
INFO: Creating Statement...
Nov 27, 2014 12:03:43 AM org.lown.consultancy.accounts.api.ProductService getProductByCode
INFO: Getting Product Details given the  category code... 
Nov 27, 2014 12:03:43 AM org.lown.consultancy.accounts.Sql createStatement
INFO: Creating Statement...
Nov 27, 2014 12:03:43 AM org.lown.consultancy.accounts.api.ProductService getProductCategoryMap
INFO: Get List of all Product Category and put them in a hash map... 
Nov 27, 2014 12:03:43 AM org.lown.consultancy.accounts.api.ProductService getProductCategoryMap
INFO: Executing Query: Select category_id,categoryname,categorycode from productcategory WHERE voided=0 
Nov 27, 2014 12:03:43 AM org.lown.consultancy.accounts.Sql createStatement
INFO: Creating Statement...
Nov 27, 2014 12:03:43 AM org.lown.consultancy.accounts.api.ProductService getProductByCode
INFO: Getting Product Details given the  category code... 
Nov 27, 2014 12:03:43 AM org.lown.consultancy.accounts.Sql createStatement
INFO: Creating Statement...
Nov 27, 2014 12:03:44 AM org.lown.consultancy.accounts.dialog.ProductDialog createAndShowGUI
INFO: Loading Category Dialog
Nov 27, 2014 12:03:44 AM org.lown.consultancy.accounts.dialog.ProductDialog <init>
INFO: Creating Product Category UI...
Nov 27, 2014 12:03:44 AM org.lown.consultancy.accounts.api.ProductService getProductCategoryMap
INFO: Get List of all Product Category and put them in a hash map... 
Nov 27, 2014 12:03:44 AM org.lown.consultancy.accounts.api.ProductService getProductCategoryMap
INFO: Executing Query: Select category_id,categoryname,categorycode from productcategory WHERE voided=0 
Nov 27, 2014 12:03:44 AM org.lown.consultancy.accounts.Sql createStatement
INFO: Creating Statement...
Nov 27, 2014 12:03:44 AM org.lown.consultancy.accounts.api.ProductService getCategoryMap
INFO: Get List of all Product Category and put them in a hash map... 
Nov 27, 2014 12:03:44 AM org.lown.consultancy.accounts.api.ProductService getCategoryMap
INFO: Executing Query: Select category_id,categoryname,categorycode from productcategory WHERE voided=0 
Nov 27, 2014 12:03:44 AM org.lown.consultancy.accounts.Sql createStatement
INFO: Creating Statement...
Nov 27, 2014 12:03:44 AM org.lown.consultancy.accounts.api.ProductService getProductSellingPrice
INFO: Getting Category Details given the internal DB id... 
Nov 27, 2014 12:03:44 AM org.lown.consultancy.accounts.Sql createStatement
INFO: Creating Statement...
Nov 27, 2014 12:03:45 AM org.lown.consultancy.accounts.api.ProductService getProductBuyingPrice
INFO: Getting Category Details given the internal DB id... 
Nov 27, 2014 12:03:45 AM org.lown.consultancy.accounts.Sql createStatement
INFO: Creating Statement...
Nov 27, 2014 12:03:51 AM org.lown.consultancy.accounts.api.ProductService getProductCategoryMap
INFO: Get List of all Product Category and put them in a hash map... 
Nov 27, 2014 12:03:51 AM org.lown.consultancy.accounts.api.ProductService getProductCategoryMap
INFO: Executing Query: Select category_id,categoryname,categorycode from productcategory WHERE voided=0 
Nov 27, 2014 12:03:51 AM org.lown.consultancy.accounts.Sql createStatement
INFO: Creating Statement...
Nov 27, 2014 12:03:51 AM org.lown.consultancy.accounts.api.ProductService getProductByCode
INFO: Getting Product Details given the  category code... 
Nov 27, 2014 12:03:51 AM org.lown.consultancy.accounts.Sql createStatement
INFO: Creating Statement...
Nov 27, 2014 12:03:51 AM org.lown.consultancy.accounts.api.ProductService getProductCategoryMap
INFO: Get List of all Product Category and put them in a hash map... 
Nov 27, 2014 12:03:51 AM org.lown.consultancy.accounts.api.ProductService getProductCategoryMap
INFO: Executing Query: Select category_id,categoryname,categorycode from productcategory WHERE voided=0 
Nov 27, 2014 12:03:51 AM org.lown.consultancy.accounts.Sql createStatement
INFO: Creating Statement...
Nov 27, 2014 12:03:51 AM org.lown.consultancy.accounts.api.ProductService getProductByCode
INFO: Getting Product Details given the  category code... 
Nov 27, 2014 12:03:51 AM org.lown.consultancy.accounts.Sql createStatement
INFO: Creating Statement...
Nov 27, 2014 12:03:52 AM org.lown.consultancy.accounts.dialog.ProductDialog createAndShowGUI
INFO: Loading Category Dialog
Nov 27, 2014 12:03:52 AM org.lown.consultancy.accounts.dialog.ProductDialog <init>
INFO: Creating Product Category UI...
Nov 27, 2014 12:03:52 AM org.lown.consultancy.accounts.api.ProductService getProductCategoryMap
INFO: Get List of all Product Category and put them in a hash map... 
Nov 27, 2014 12:03:52 AM org.lown.consultancy.accounts.api.ProductService getProductCategoryMap
INFO: Executing Query: Select category_id,categoryname,categorycode from productcategory WHERE voided=0 
Nov 27, 2014 12:03:52 AM org.lown.consultancy.accounts.Sql createStatement
INFO: Creating Statement...
Nov 27, 2014 12:03:52 AM org.lown.consultancy.accounts.api.ProductService getCategoryMap
INFO: Get List of all Product Category and put them in a hash map... 
Nov 27, 2014 12:03:52 AM org.lown.consultancy.accounts.api.ProductService getCategoryMap
INFO: Executing Query: Select category_id,categoryname,categorycode from productcategory WHERE voided=0 
Nov 27, 2014 12:03:52 AM org.lown.consultancy.accounts.Sql createStatement
INFO: Creating Statement...
Nov 27, 2014 12:03:52 AM org.lown.consultancy.accounts.api.ProductService getProductSellingPrice
INFO: Getting Category Details given the internal DB id... 
Nov 27, 2014 12:03:52 AM org.lown.consultancy.accounts.Sql createStatement
INFO: Creating Statement...
Nov 27, 2014 12:03:52 AM org.lown.consultancy.accounts.api.ProductService getProductBuyingPrice
INFO: Getting Category Details given the internal DB id... 
Nov 27, 2014 12:03:52 AM org.lown.consultancy.accounts.Sql createStatement
INFO: Creating Statement...
Nov 27, 2014 12:04:08 AM org.lown.consultancy.accounts.api.ProductService updateProduct
INFO: Updating Product Details... 
Nov 27, 2014 12:04:23 AM org.lown.consultancy.accounts.api.ProductService getProductCategoryMap
INFO: Get List of all Product Category and put them in a hash map... 
Nov 27, 2014 12:04:23 AM org.lown.consultancy.accounts.api.ProductService getProductCategoryMap
INFO: Executing Query: Select category_id,categoryname,categorycode from productcategory WHERE voided=0 
Nov 27, 2014 12:04:23 AM org.lown.consultancy.accounts.Sql createStatement
INFO: Creating Statement...
Nov 27, 2014 12:04:23 AM org.lown.consultancy.accounts.api.ProductService getProductByCode
INFO: Getting Product Details given the  category code... 
Nov 27, 2014 12:04:23 AM org.lown.consultancy.accounts.Sql createStatement
INFO: Creating Statement...
Nov 27, 2014 12:04:23 AM org.lown.consultancy.accounts.api.ProductService getProductCategoryMap
INFO: Get List of all Product Category and put them in a hash map... 
Nov 27, 2014 12:04:23 AM org.lown.consultancy.accounts.api.ProductService getProductCategoryMap
INFO: Executing Query: Select category_id,categoryname,categorycode from productcategory WHERE voided=0 
Nov 27, 2014 12:04:23 AM org.lown.consultancy.accounts.Sql createStatement
INFO: Creating Statement...
Nov 27, 2014 12:04:23 AM org.lown.consultancy.accounts.api.ProductService getProductByCode
INFO: Getting Product Details given the  category code... 
Nov 27, 2014 12:04:23 AM org.lown.consultancy.accounts.Sql createStatement
INFO: Creating Statement...
Nov 27, 2014 12:04:37 AM org.lown.consultancy.accounts.api.ProductService getProductCategoryMap
INFO: Get List of all Product Category and put them in a hash map... 
Nov 27, 2014 12:04:37 AM org.lown.consultancy.accounts.api.ProductService getProductCategoryMap
INFO: Executing Query: Select category_id,categoryname,categorycode from productcategory WHERE voided=0 
Nov 27, 2014 12:04:37 AM org.lown.consultancy.accounts.Sql createStatement
INFO: Creating Statement...
Nov 27, 2014 12:04:37 AM org.lown.consultancy.accounts.api.ProductService getProductByCode
INFO: Getting Product Details given the  category code... 
Nov 27, 2014 12:04:37 AM org.lown.consultancy.accounts.Sql createStatement
INFO: Creating Statement...
Nov 27, 2014 12:04:37 AM org.lown.consultancy.accounts.api.ProductService getProductCategoryMap
INFO: Get List of all Product Category and put them in a hash map... 
Nov 27, 2014 12:04:37 AM org.lown.consultancy.accounts.api.ProductService getProductCategoryMap
INFO: Executing Query: Select category_id,categoryname,categorycode from productcategory WHERE voided=0 
Nov 27, 2014 12:04:37 AM org.lown.consultancy.accounts.Sql createStatement
INFO: Creating Statement...
Nov 27, 2014 12:04:37 AM org.lown.consultancy.accounts.api.ProductService getProductByCode
INFO: Getting Product Details given the  category code... 
Nov 27, 2014 12:04:37 AM org.lown.consultancy.accounts.Sql createStatement
INFO: Creating Statement...
Nov 27, 2014 12:04:39 AM org.lown.consultancy.accounts.dialog.ProductDialog createAndShowGUI
INFO: Loading Category Dialog
Nov 27, 2014 12:04:39 AM org.lown.consultancy.accounts.dialog.ProductDialog <init>
INFO: Creating Product Category UI...
Nov 27, 2014 12:04:39 AM org.lown.consultancy.accounts.api.ProductService getProductCategoryMap
INFO: Get List of all Product Category and put them in a hash map... 
Nov 27, 2014 12:04:39 AM org.lown.consultancy.accounts.api.ProductService getProductCategoryMap
INFO: Executing Query: Select category_id,categoryname,categorycode from productcategory WHERE voided=0 
Nov 27, 2014 12:04:39 AM org.lown.consultancy.accounts.Sql createStatement
INFO: Creating Statement...
Nov 27, 2014 12:04:39 AM org.lown.consultancy.accounts.api.ProductService getCategoryMap
INFO: Get List of all Product Category and put them in a hash map... 
Nov 27, 2014 12:04:39 AM org.lown.consultancy.accounts.api.ProductService getCategoryMap
INFO: Executing Query: Select category_id,categoryname,categorycode from productcategory WHERE voided=0 
Nov 27, 2014 12:04:39 AM org.lown.consultancy.accounts.Sql createStatement
INFO: Creating Statement...
Nov 27, 2014 12:04:39 AM org.lown.consultancy.accounts.api.ProductService getProductSellingPrice
INFO: Getting Category Details given the internal DB id... 
Nov 27, 2014 12:04:39 AM org.lown.consultancy.accounts.Sql createStatement
INFO: Creating Statement...
Nov 27, 2014 12:04:39 AM org.lown.consultancy.accounts.api.ProductService getProductBuyingPrice
INFO: Getting Category Details given the internal DB id... 
Nov 27, 2014 12:04:39 AM org.lown.consultancy.accounts.Sql createStatement
INFO: Creating Statement...
Nov 27, 2014 12:04:44 AM org.lown.consultancy.accounts.api.ProductService getProductCategoryMap
INFO: Get List of all Product Category and put them in a hash map... 
Nov 27, 2014 12:04:44 AM org.lown.consultancy.accounts.api.ProductService getProductCategoryMap
INFO: Executing Query: Select category_id,categoryname,categorycode from productcategory WHERE voided=0 
Nov 27, 2014 12:04:44 AM org.lown.consultancy.accounts.Sql createStatement
INFO: Creating Statement...
Nov 27, 2014 12:04:44 AM org.lown.consultancy.accounts.api.ProductService getProductByCode
INFO: Getting Product Details given the  category code... 
Nov 27, 2014 12:04:44 AM org.lown.consultancy.accounts.Sql createStatement
INFO: Creating Statement...
Nov 27, 2014 12:04:44 AM org.lown.consultancy.accounts.api.ProductService getProductCategoryMap
INFO: Get List of all Product Category and put them in a hash map... 
Nov 27, 2014 12:04:44 AM org.lown.consultancy.accounts.api.ProductService getProductCategoryMap
INFO: Executing Query: Select category_id,categoryname,categorycode from productcategory WHERE voided=0 
Nov 27, 2014 12:04:44 AM org.lown.consultancy.accounts.Sql createStatement
INFO: Creating Statement...
Nov 27, 2014 12:04:44 AM org.lown.consultancy.accounts.api.ProductService getProductByCode
INFO: Getting Product Details given the  category code... 
Nov 27, 2014 12:04:44 AM org.lown.consultancy.accounts.Sql createStatement
INFO: Creating Statement...
Nov 27, 2014 12:04:45 AM org.lown.consultancy.accounts.dialog.ProductDialog createAndShowGUI
INFO: Loading Category Dialog
Nov 27, 2014 12:04:45 AM org.lown.consultancy.accounts.dialog.ProductDialog <init>
INFO: Creating Product Category UI...
Nov 27, 2014 12:04:45 AM org.lown.consultancy.accounts.api.ProductService getProductCategoryMap
INFO: Get List of all Product Category and put them in a hash map... 
Nov 27, 2014 12:04:45 AM org.lown.consultancy.accounts.api.ProductService getProductCategoryMap
INFO: Executing Query: Select category_id,categoryname,categorycode from productcategory WHERE voided=0 
Nov 27, 2014 12:04:45 AM org.lown.consultancy.accounts.Sql createStatement
INFO: Creating Statement...
Nov 27, 2014 12:04:45 AM org.lown.consultancy.accounts.api.ProductService getCategoryMap
INFO: Get List of all Product Category and put them in a hash map... 
Nov 27, 2014 12:04:45 AM org.lown.consultancy.accounts.api.ProductService getCategoryMap
INFO: Executing Query: Select category_id,categoryname,categorycode from productcategory WHERE voided=0 
Nov 27, 2014 12:04:45 AM org.lown.consultancy.accounts.Sql createStatement
INFO: Creating Statement...
Nov 27, 2014 12:04:45 AM org.lown.consultancy.accounts.api.ProductService getProductSellingPrice
INFO: Getting Category Details given the internal DB id... 
Nov 27, 2014 12:04:45 AM org.lown.consultancy.accounts.Sql createStatement
INFO: Creating Statement...
Nov 27, 2014 12:04:45 AM org.lown.consultancy.accounts.api.ProductService getProductBuyingPrice
INFO: Getting Category Details given the internal DB id... 
Nov 27, 2014 12:04:45 AM org.lown.consultancy.accounts.Sql createStatement
INFO: Creating Statement...
Nov 27, 2014 12:05:11 AM org.lown.consultancy.accounts.dialog.MainMenu actionPerformed
INFO: Loading Customer Dashboard Dialog form... 
Nov 27, 2014 12:05:11 AM org.lown.consultancy.accounts.dialog.CustomerDashboard createAndShowGUI
INFO: Loading CustomerDashboard Dialog
Nov 27, 2014 12:05:11 AM org.lown.consultancy.accounts.tables.TransactionsTable <init>
INFO: Creating Transactions Table UI...
Nov 27, 2014 12:05:11 AM org.lown.consultancy.accounts.tables.CustomerListTable <init>
INFO: Creating Find Table UI...
Nov 27, 2014 12:05:37 AM org.lown.consultancy.accounts.dialog.MainMenu actionPerformed
INFO: Loading Product Dashboard Dialog form... 
Nov 27, 2014 12:05:37 AM org.lown.consultancy.accounts.dialog.ProductDashboard createAndShowGUI
INFO: Loading CustomerDashboard Dialog
Nov 27, 2014 12:05:37 AM org.lown.consultancy.accounts.tables.CategoryListTable <init>
INFO: Creating Product Category List Table UI...
Nov 27, 2014 12:05:37 AM org.lown.consultancy.accounts.api.CategoryService getAllCategories
INFO: Get List of Customers given the search criteria... 
Nov 27, 2014 12:05:37 AM org.lown.consultancy.accounts.api.CategoryService getAllCategories
INFO: Executing Query: Select category_id,categoryname,categorycode from productcategory WHERE voided=0 
Nov 27, 2014 12:05:37 AM org.lown.consultancy.accounts.Sql createStatement
INFO: Creating Statement...
Nov 27, 2014 12:05:37 AM org.lown.consultancy.accounts.tables.ProductListTable <init>
INFO: Creating Product List Table UI...
Nov 27, 2014 12:05:37 AM org.lown.consultancy.accounts.api.ProductService getProductCategoryMap
INFO: Get List of all Product Category and put them in a hash map... 
Nov 27, 2014 12:05:37 AM org.lown.consultancy.accounts.api.ProductService getProductCategoryMap
INFO: Executing Query: Select category_id,categoryname,categorycode from productcategory WHERE voided=0 
Nov 27, 2014 12:05:37 AM org.lown.consultancy.accounts.Sql createStatement
INFO: Creating Statement...
Nov 27, 2014 12:05:37 AM org.lown.consultancy.accounts.api.ProductService getAllProducts
INFO: Get List of All products... 
Nov 27, 2014 12:05:37 AM org.lown.consultancy.accounts.api.ProductService getAllProducts
INFO: Executing Query: Select product_id,productname,productcode, measureunit, category_id from product WHERE voided=0 
Nov 27, 2014 12:05:37 AM org.lown.consultancy.accounts.Sql createStatement
INFO: Creating Statement...
Nov 27, 2014 12:05:39 AM org.lown.consultancy.accounts.api.ProductService getProductCategoryMap
INFO: Get List of all Product Category and put them in a hash map... 
Nov 27, 2014 12:05:39 AM org.lown.consultancy.accounts.api.ProductService getProductCategoryMap
INFO: Executing Query: Select category_id,categoryname,categorycode from productcategory WHERE voided=0 
Nov 27, 2014 12:05:39 AM org.lown.consultancy.accounts.Sql createStatement
INFO: Creating Statement...
Nov 27, 2014 12:05:39 AM org.lown.consultancy.accounts.api.ProductService getProductByCode
INFO: Getting Product Details given the  category code... 
Nov 27, 2014 12:05:39 AM org.lown.consultancy.accounts.Sql createStatement
INFO: Creating Statement...
Nov 27, 2014 12:05:39 AM org.lown.consultancy.accounts.api.ProductService getProductCategoryMap
INFO: Get List of all Product Category and put them in a hash map... 
Nov 27, 2014 12:05:39 AM org.lown.consultancy.accounts.api.ProductService getProductCategoryMap
INFO: Executing Query: Select category_id,categoryname,categorycode from productcategory WHERE voided=0 
Nov 27, 2014 12:05:39 AM org.lown.consultancy.accounts.Sql createStatement
INFO: Creating Statement...
Nov 27, 2014 12:05:39 AM org.lown.consultancy.accounts.api.ProductService getProductByCode
INFO: Getting Product Details given the  category code... 
Nov 27, 2014 12:05:39 AM org.lown.consultancy.accounts.Sql createStatement
INFO: Creating Statement...
Nov 27, 2014 12:05:40 AM org.lown.consultancy.accounts.dialog.ProductDialog createAndShowGUI
INFO: Loading Category Dialog
Nov 27, 2014 12:05:40 AM org.lown.consultancy.accounts.dialog.ProductDialog <init>
INFO: Creating Product Category UI...
Nov 27, 2014 12:05:40 AM org.lown.consultancy.accounts.api.ProductService getProductCategoryMap
INFO: Get List of all Product Category and put them in a hash map... 
Nov 27, 2014 12:05:40 AM org.lown.consultancy.accounts.api.ProductService getProductCategoryMap
INFO: Executing Query: Select category_id,categoryname,categorycode from productcategory WHERE voided=0 
Nov 27, 2014 12:05:40 AM org.lown.consultancy.accounts.Sql createStatement
INFO: Creating Statement...
Nov 27, 2014 12:05:40 AM org.lown.consultancy.accounts.api.ProductService getCategoryMap
INFO: Get List of all Product Category and put them in a hash map... 
Nov 27, 2014 12:05:40 AM org.lown.consultancy.accounts.api.ProductService getCategoryMap
INFO: Executing Query: Select category_id,categoryname,categorycode from productcategory WHERE voided=0 
Nov 27, 2014 12:05:40 AM org.lown.consultancy.accounts.Sql createStatement
INFO: Creating Statement...
Nov 27, 2014 12:05:40 AM org.lown.consultancy.accounts.api.ProductService getProductSellingPrice
INFO: Getting Category Details given the internal DB id... 
Nov 27, 2014 12:05:40 AM org.lown.consultancy.accounts.Sql createStatement
INFO: Creating Statement...
Nov 27, 2014 12:05:40 AM org.lown.consultancy.accounts.api.ProductService getProductBuyingPrice
INFO: Getting Category Details given the internal DB id... 
Nov 27, 2014 12:05:40 AM org.lown.consultancy.accounts.Sql createStatement
INFO: Creating Statement...
Nov 27, 2014 12:05:57 AM org.lown.consultancy.accounts.api.ProductService updateProduct
INFO: Updating Product Details... 
Nov 27, 2014 12:06:03 AM org.lown.consultancy.accounts.api.ProductService getProductCategoryMap
INFO: Get List of all Product Category and put them in a hash map... 
Nov 27, 2014 12:06:03 AM org.lown.consultancy.accounts.api.ProductService getProductCategoryMap
INFO: Executing Query: Select category_id,categoryname,categorycode from productcategory WHERE voided=0 
Nov 27, 2014 12:06:03 AM org.lown.consultancy.accounts.Sql createStatement
INFO: Creating Statement...
Nov 27, 2014 12:06:03 AM org.lown.consultancy.accounts.api.ProductService getProductByCode
INFO: Getting Product Details given the  category code... 
Nov 27, 2014 12:06:03 AM org.lown.consultancy.accounts.Sql createStatement
INFO: Creating Statement...
Nov 27, 2014 12:06:03 AM org.lown.consultancy.accounts.api.ProductService getProductCategoryMap
INFO: Get List of all Product Category and put them in a hash map... 
Nov 27, 2014 12:06:03 AM org.lown.consultancy.accounts.api.ProductService getProductCategoryMap
INFO: Executing Query: Select category_id,categoryname,categorycode from productcategory WHERE voided=0 
Nov 27, 2014 12:06:03 AM org.lown.consultancy.accounts.Sql createStatement
INFO: Creating Statement...
Nov 27, 2014 12:06:03 AM org.lown.consultancy.accounts.api.ProductService getProductByCode
INFO: Getting Product Details given the  category code... 
Nov 27, 2014 12:06:03 AM org.lown.consultancy.accounts.Sql createStatement
INFO: Creating Statement...
Nov 27, 2014 12:06:04 AM org.lown.consultancy.accounts.api.ProductService getProductCategoryMap
INFO: Get List of all Product Category and put them in a hash map... 
Nov 27, 2014 12:06:04 AM org.lown.consultancy.accounts.api.ProductService getProductCategoryMap
INFO: Executing Query: Select category_id,categoryname,categorycode from productcategory WHERE voided=0 
Nov 27, 2014 12:06:04 AM org.lown.consultancy.accounts.Sql createStatement
INFO: Creating Statement...
Nov 27, 2014 12:06:04 AM org.lown.consultancy.accounts.api.ProductService getProductByCode
INFO: Getting Product Details given the  category code... 
Nov 27, 2014 12:06:04 AM org.lown.consultancy.accounts.Sql createStatement
INFO: Creating Statement...
Nov 27, 2014 12:06:04 AM org.lown.consultancy.accounts.api.ProductService getProductCategoryMap
INFO: Get List of all Product Category and put them in a hash map... 
Nov 27, 2014 12:06:04 AM org.lown.consultancy.accounts.api.ProductService getProductCategoryMap
INFO: Executing Query: Select category_id,categoryname,categorycode from productcategory WHERE voided=0 
Nov 27, 2014 12:06:04 AM org.lown.consultancy.accounts.Sql createStatement
INFO: Creating Statement...
Nov 27, 2014 12:06:04 AM org.lown.consultancy.accounts.api.ProductService getProductByCode
INFO: Getting Product Details given the  category code... 
Nov 27, 2014 12:06:04 AM org.lown.consultancy.accounts.Sql createStatement
INFO: Creating Statement...
Nov 27, 2014 12:06:06 AM org.lown.consultancy.accounts.dialog.ProductDialog createAndShowGUI
INFO: Loading Category Dialog
Nov 27, 2014 12:06:06 AM org.lown.consultancy.accounts.dialog.ProductDialog <init>
INFO: Creating Product Category UI...
Nov 27, 2014 12:06:06 AM org.lown.consultancy.accounts.api.ProductService getProductCategoryMap
INFO: Get List of all Product Category and put them in a hash map... 
Nov 27, 2014 12:06:06 AM org.lown.consultancy.accounts.api.ProductService getProductCategoryMap
INFO: Executing Query: Select category_id,categoryname,categorycode from productcategory WHERE voided=0 
Nov 27, 2014 12:06:06 AM org.lown.consultancy.accounts.Sql createStatement
INFO: Creating Statement...
Nov 27, 2014 12:06:06 AM org.lown.consultancy.accounts.api.ProductService getCategoryMap
INFO: Get List of all Product Category and put them in a hash map... 
Nov 27, 2014 12:06:06 AM org.lown.consultancy.accounts.api.ProductService getCategoryMap
INFO: Executing Query: Select category_id,categoryname,categorycode from productcategory WHERE voided=0 
Nov 27, 2014 12:06:06 AM org.lown.consultancy.accounts.Sql createStatement
INFO: Creating Statement...
Nov 27, 2014 12:06:06 AM org.lown.consultancy.accounts.api.ProductService getProductSellingPrice
INFO: Getting Category Details given the internal DB id... 
Nov 27, 2014 12:06:06 AM org.lown.consultancy.accounts.Sql createStatement
INFO: Creating Statement...
Nov 27, 2014 12:06:06 AM org.lown.consultancy.accounts.api.ProductService getProductBuyingPrice
INFO: Getting Category Details given the internal DB id... 
Nov 27, 2014 12:06:06 AM org.lown.consultancy.accounts.Sql createStatement
INFO: Creating Statement...
Nov 27, 2014 12:06:25 AM org.lown.consultancy.accounts.dialog.ProductDialog createAndShowGUI
INFO: Loading Category Dialog
Nov 27, 2014 12:06:25 AM org.lown.consultancy.accounts.dialog.ProductDialog <init>
INFO: Creating Product Category UI...
Nov 27, 2014 12:06:25 AM org.lown.consultancy.accounts.api.ProductService getProductCategoryMap
INFO: Get List of all Product Category and put them in a hash map... 
Nov 27, 2014 12:06:25 AM org.lown.consultancy.accounts.api.ProductService getProductCategoryMap
INFO: Executing Query: Select category_id,categoryname,categorycode from productcategory WHERE voided=0 
Nov 27, 2014 12:06:25 AM org.lown.consultancy.accounts.Sql createStatement
INFO: Creating Statement...
Nov 27, 2014 12:06:25 AM org.lown.consultancy.accounts.api.ProductService getCategoryMap
INFO: Get List of all Product Category and put them in a hash map... 
Nov 27, 2014 12:06:25 AM org.lown.consultancy.accounts.api.ProductService getCategoryMap
INFO: Executing Query: Select category_id,categoryname,categorycode from productcategory WHERE voided=0 
Nov 27, 2014 12:06:25 AM org.lown.consultancy.accounts.Sql createStatement
INFO: Creating Statement...
Nov 27, 2014 12:06:25 AM org.lown.consultancy.accounts.api.ProductService getProductSellingPrice
INFO: Getting Category Details given the internal DB id... 
Nov 27, 2014 12:06:25 AM org.lown.consultancy.accounts.Sql createStatement
INFO: Creating Statement...
Nov 27, 2014 12:06:25 AM org.lown.consultancy.accounts.api.ProductService getProductBuyingPrice
INFO: Getting Category Details given the internal DB id... 
Nov 27, 2014 12:06:25 AM org.lown.consultancy.accounts.Sql createStatement
INFO: Creating Statement...
Nov 27, 2014 12:06:49 AM org.lown.consultancy.accounts.dialog.MainMenu actionPerformed
INFO: Loading Supplier Dialog form... 
Nov 27, 2014 12:06:49 AM org.lown.consultancy.accounts.dialog.SupplierDashboard createAndShowGUI
INFO: Loading CustomerDashboard Dialog
Nov 27, 2014 12:06:49 AM org.lown.consultancy.accounts.tables.PurchasesTransactions <init>
INFO: Creating Purchases Transactions Table UI...
Nov 27, 2014 12:06:50 AM org.lown.consultancy.accounts.tables.SupplierList <init>
INFO: Creating Find Table UI...
Nov 27, 2014 12:06:52 AM org.lown.consultancy.accounts.dialog.SupplierDialog <init>
INFO: Creating Register Customer UI...
Nov 27, 2014 12:14:00 AM org.lown.consultancy.accounts.dialog.MainMenu actionPerformed
INFO: Loading Customer Dashboard Dialog form... 
Nov 27, 2014 12:14:00 AM org.lown.consultancy.accounts.dialog.CustomerDashboard createAndShowGUI
INFO: Loading CustomerDashboard Dialog
Nov 27, 2014 12:14:00 AM org.lown.consultancy.accounts.tables.TransactionsTable <init>
INFO: Creating Transactions Table UI...
Nov 27, 2014 12:14:00 AM org.lown.consultancy.accounts.tables.CustomerListTable <init>
INFO: Creating Find Table UI...
Nov 27, 2014 12:14:08 AM org.lown.consultancy.accounts.api.CustomerService getCustomerByName
INFO: Get List of Customers given the search criteria... 
Nov 27, 2014 12:14:08 AM org.lown.consultancy.accounts.api.CustomerService getCustomerByName
INFO: Executing Query: Select customer_id,customername,customernumber,phone,address, contactperson from customer WHERE voided=0 and (customernumber like '%abo%' or  customername like '%abo%' or phone like '%abo%' or address like '%abo%'  or contactperson like '%abo%') order by customernumber asc;
Nov 27, 2014 12:14:08 AM org.lown.consultancy.accounts.Sql createStatement
INFO: Creating Statement...
Nov 27, 2014 12:14:08 AM org.lown.consultancy.accounts.api.CustomerService getCustomerByName
INFO: Get List of Customers given the search criteria... 
Nov 27, 2014 12:14:08 AM org.lown.consultancy.accounts.api.CustomerService getCustomerByName
INFO: Executing Query: Select customer_id,customername,customernumber,phone,address, contactperson from customer WHERE voided=0 and (customernumber like '%abok%' or  customername like '%abok%' or phone like '%abok%' or address like '%abok%'  or contactperson like '%abok%') order by customernumber asc;
Nov 27, 2014 12:14:08 AM org.lown.consultancy.accounts.Sql createStatement
INFO: Creating Statement...
Nov 27, 2014 12:14:09 AM org.lown.consultancy.accounts.api.CustomerService getCustomerByNumber
INFO: Getting Customer Details given the internal DB id... 
Nov 27, 2014 12:14:09 AM org.lown.consultancy.accounts.Sql createStatement
INFO: Creating Statement...
Nov 27, 2014 12:14:10 AM org.lown.consultancy.accounts.api.CustomerService getCustomerByNumber
INFO: Getting Customer Details given the internal DB id... 
Nov 27, 2014 12:14:10 AM org.lown.consultancy.accounts.Sql createStatement
INFO: Creating Statement...
Nov 27, 2014 12:14:11 AM org.lown.consultancy.accounts.api.SalesService getTransactionsByCustomerId
INFO: Getting Category Details given the internal DB id... 
Nov 27, 2014 12:14:11 AM org.lown.consultancy.accounts.Sql createStatement
INFO: Creating Statement...
Nov 27, 2014 12:14:11 AM org.lown.consultancy.accounts.api.SalesService getTransactionsByCustomerId
INFO: Getting Category Details given the internal DB id... 
Nov 27, 2014 12:14:11 AM org.lown.consultancy.accounts.Sql createStatement
INFO: Creating Statement...
Nov 27, 2014 12:14:11 AM org.lown.consultancy.accounts.api.SalesService getTotalSalesByCustomerId
INFO: getTotalSalesByCustomerId given DB id... 
Nov 27, 2014 12:14:11 AM org.lown.consultancy.accounts.Sql createStatement
INFO: Creating Statement...
Nov 27, 2014 12:14:11 AM org.lown.consultancy.accounts.api.SalesService getTotalCashByCustomerId
INFO: getTotalSalesByCustomerId given DB id... 
Nov 27, 2014 12:14:11 AM org.lown.consultancy.accounts.Sql createStatement
INFO: Creating Statement...
Nov 27, 2014 12:14:12 AM org.lown.consultancy.accounts.dialog.ReceivePaymentDialog createAndShowGUI
INFO: Loading Receive Payment Dialog
Nov 27, 2014 12:14:13 AM org.lown.consultancy.accounts.tables.InvoiceList <init>
INFO: Creating Transactions Table UI...
Nov 27, 2014 12:14:13 AM org.lown.consultancy.accounts.api.SalesService getPendingInvoicesByCustomerId
INFO: Getting Category Details given the internal DB id... 
Nov 27, 2014 12:14:13 AM org.lown.consultancy.accounts.Sql createStatement
INFO: Creating Statement...
Nov 27, 2014 12:14:13 AM org.lown.consultancy.accounts.api.SalesService getTotalPrepaymentByCustomerId
INFO: getTotalSalesByCustomerId given DB id... 
Nov 27, 2014 12:14:13 AM org.lown.consultancy.accounts.Sql createStatement
INFO: Creating Statement...
Nov 27, 2014 12:14:13 AM org.lown.consultancy.accounts.Sql createStatement
INFO: Creating Statement...
Nov 27, 2014 12:16:46 AM org.lown.consultancy.accounts.dialog.MainMenu actionPerformed
INFO: Loading Supplier Dialog form... 
Nov 27, 2014 12:16:46 AM org.lown.consultancy.accounts.dialog.SupplierDashboard createAndShowGUI
INFO: Loading CustomerDashboard Dialog
Nov 27, 2014 12:16:46 AM org.lown.consultancy.accounts.tables.PurchasesTransactions <init>
INFO: Creating Purchases Transactions Table UI...
Nov 27, 2014 12:16:46 AM org.lown.consultancy.accounts.tables.SupplierList <init>
INFO: Creating Find Table UI...
Nov 27, 2014 12:16:52 AM org.lown.consultancy.accounts.api.SupplierService getSupplierByName
INFO: Get List of Customers given the search criteria... 
Nov 27, 2014 12:16:52 AM org.lown.consultancy.accounts.api.SupplierService getSupplierByName
INFO: Executing Query: Select supplier_id,sname,number,phone,address, contactperson, pin from supplier WHERE voided=0 and (number like '%msa%' or  sname like '%msa%' or phone like '%msa%' or address like '%msa%'  or contactperson like '%msa%') order by number asc;
Nov 27, 2014 12:16:52 AM org.lown.consultancy.accounts.Sql createStatement
INFO: Creating Statement...
Nov 27, 2014 12:16:54 AM org.lown.consultancy.accounts.api.SupplierService getSupplierByNumber
INFO: Getting Customer Details given the internal DB id... 
Nov 27, 2014 12:16:54 AM org.lown.consultancy.accounts.Sql createStatement
INFO: Creating Statement...
Nov 27, 2014 12:16:54 AM org.lown.consultancy.accounts.api.SupplierService getSupplierByNumber
INFO: Getting Customer Details given the internal DB id... 
Nov 27, 2014 12:16:54 AM org.lown.consultancy.accounts.Sql createStatement
INFO: Creating Statement...
Nov 27, 2014 12:16:56 AM org.lown.consultancy.accounts.api.PurchasesService getPurchasesBySupplierId
INFO: Getting Category Details given the internal DB id... 
Nov 27, 2014 12:16:56 AM org.lown.consultancy.accounts.Sql createStatement
INFO: Creating Statement...
Nov 27, 2014 12:16:56 AM org.lown.consultancy.accounts.api.PurchasesService getPurchasesBySupplierId
INFO: Getting Category Details given the internal DB id... 
Nov 27, 2014 12:16:56 AM org.lown.consultancy.accounts.Sql createStatement
INFO: Creating Statement...
Nov 27, 2014 12:16:56 AM org.lown.consultancy.accounts.api.PurchasesService getTotalPurchasesBySupplierId
INFO: getTotalPurchasesBySupplierId given DB id... 
Nov 27, 2014 12:16:56 AM org.lown.consultancy.accounts.Sql createStatement
INFO: Creating Statement...
Nov 27, 2014 12:16:56 AM org.lown.consultancy.accounts.api.PurchasesService getTotalPaymentsBySupplierId
INFO: getTotalPaymentsBySupplierId given DB id... 
Nov 27, 2014 12:16:56 AM org.lown.consultancy.accounts.Sql createStatement
INFO: Creating Statement...
Nov 27, 2014 12:16:59 AM org.lown.consultancy.accounts.api.SupplierService getSupplierByNumber
INFO: Getting Customer Details given the internal DB id... 
Nov 27, 2014 12:16:59 AM org.lown.consultancy.accounts.Sql createStatement
INFO: Creating Statement...
Nov 27, 2014 12:16:59 AM org.lown.consultancy.accounts.api.SupplierService getSupplierByNumber
INFO: Getting Customer Details given the internal DB id... 
Nov 27, 2014 12:16:59 AM org.lown.consultancy.accounts.Sql createStatement
INFO: Creating Statement...
Nov 27, 2014 12:17:01 AM org.lown.consultancy.accounts.api.PurchasesService getPurchasesBySupplierId
INFO: Getting Category Details given the internal DB id... 
Nov 27, 2014 12:17:01 AM org.lown.consultancy.accounts.Sql createStatement
INFO: Creating Statement...
Nov 27, 2014 12:17:01 AM org.lown.consultancy.accounts.api.PurchasesService getPurchasesBySupplierId
INFO: Getting Category Details given the internal DB id... 
Nov 27, 2014 12:17:01 AM org.lown.consultancy.accounts.Sql createStatement
INFO: Creating Statement...
Nov 27, 2014 12:17:01 AM org.lown.consultancy.accounts.api.PurchasesService getTotalPurchasesBySupplierId
INFO: getTotalPurchasesBySupplierId given DB id... 
Nov 27, 2014 12:17:01 AM org.lown.consultancy.accounts.Sql createStatement
INFO: Creating Statement...
Nov 27, 2014 12:17:01 AM org.lown.consultancy.accounts.api.PurchasesService getTotalPaymentsBySupplierId
INFO: getTotalPaymentsBySupplierId given DB id... 
Nov 27, 2014 12:17:01 AM org.lown.consultancy.accounts.Sql createStatement
INFO: Creating Statement...
Nov 27, 2014 12:17:17 AM org.lown.consultancy.accounts.dialog.MainMenu actionPerformed
INFO: Loading Customer Dashboard Dialog form... 
Nov 27, 2014 12:17:17 AM org.lown.consultancy.accounts.dialog.CustomerDashboard createAndShowGUI
INFO: Loading CustomerDashboard Dialog
Nov 27, 2014 12:17:17 AM org.lown.consultancy.accounts.tables.TransactionsTable <init>
INFO: Creating Transactions Table UI...
Nov 27, 2014 12:17:17 AM org.lown.consultancy.accounts.tables.CustomerListTable <init>
INFO: Creating Find Table UI...
Nov 27, 2014 12:17:20 AM org.lown.consultancy.accounts.api.CustomerService getCustomerByName
INFO: Get List of Customers given the search criteria... 
Nov 27, 2014 12:17:20 AM org.lown.consultancy.accounts.api.CustomerService getCustomerByName
INFO: Executing Query: Select customer_id,customername,customernumber,phone,address, contactperson from customer WHERE voided=0 and (customernumber like '%abo%' or  customername like '%abo%' or phone like '%abo%' or address like '%abo%'  or contactperson like '%abo%') order by customernumber asc;
Nov 27, 2014 12:17:20 AM org.lown.consultancy.accounts.Sql createStatement
INFO: Creating Statement...
Nov 27, 2014 12:17:22 AM org.lown.consultancy.accounts.api.CustomerService getCustomerByNumber
INFO: Getting Customer Details given the internal DB id... 
Nov 27, 2014 12:17:22 AM org.lown.consultancy.accounts.Sql createStatement
INFO: Creating Statement...
Nov 27, 2014 12:17:22 AM org.lown.consultancy.accounts.api.CustomerService getCustomerByNumber
INFO: Getting Customer Details given the internal DB id... 
Nov 27, 2014 12:17:22 AM org.lown.consultancy.accounts.Sql createStatement
INFO: Creating Statement...
Nov 27, 2014 12:17:23 AM org.lown.consultancy.accounts.api.SalesService getTransactionsByCustomerId
INFO: Getting Category Details given the internal DB id... 
Nov 27, 2014 12:17:23 AM org.lown.consultancy.accounts.Sql createStatement
INFO: Creating Statement...
Nov 27, 2014 12:17:23 AM org.lown.consultancy.accounts.api.SalesService getTransactionsByCustomerId
INFO: Getting Category Details given the internal DB id... 
Nov 27, 2014 12:17:23 AM org.lown.consultancy.accounts.Sql createStatement
INFO: Creating Statement...
Nov 27, 2014 12:17:23 AM org.lown.consultancy.accounts.api.SalesService getTotalSalesByCustomerId
INFO: getTotalSalesByCustomerId given DB id... 
Nov 27, 2014 12:17:23 AM org.lown.consultancy.accounts.Sql createStatement
INFO: Creating Statement...
Nov 27, 2014 12:17:23 AM org.lown.consultancy.accounts.api.SalesService getTotalCashByCustomerId
INFO: getTotalSalesByCustomerId given DB id... 
Nov 27, 2014 12:17:23 AM org.lown.consultancy.accounts.Sql createStatement
INFO: Creating Statement...
Nov 27, 2014 12:17:24 AM org.lown.consultancy.accounts.dialog.ReceivePaymentDialog createAndShowGUI
INFO: Loading Receive Payment Dialog
Nov 27, 2014 12:17:24 AM org.lown.consultancy.accounts.tables.InvoiceList <init>
INFO: Creating Transactions Table UI...
Nov 27, 2014 12:17:24 AM org.lown.consultancy.accounts.api.SalesService getPendingInvoicesByCustomerId
INFO: Getting Category Details given the internal DB id... 
Nov 27, 2014 12:17:24 AM org.lown.consultancy.accounts.Sql createStatement
INFO: Creating Statement...
Nov 27, 2014 12:17:24 AM org.lown.consultancy.accounts.api.SalesService getTotalPrepaymentByCustomerId
INFO: getTotalSalesByCustomerId given DB id... 
Nov 27, 2014 12:17:24 AM org.lown.consultancy.accounts.Sql createStatement
INFO: Creating Statement...
Nov 27, 2014 12:17:24 AM org.lown.consultancy.accounts.Sql createStatement
INFO: Creating Statement...
Nov 27, 2014 12:29:17 AM org.lown.consultancy.accounts.dialog.MainMenu actionPerformed
INFO: Exiting Accounts Management Application... 
Nov 27, 2014 12:29:17 AM org.lown.consultancy.accounts.dialog.LoginDialog createAndShowGUI
INFO: Loading The Log on Page
