Jan 4, 2015 7:13:26 AM org.lown.consultancy.accounts.AccountsManagement main
INFO: LOWN Accounting Application logs...
Jan 4, 2015 7:13:26 AM org.lown.consultancy.accounts.AccountsManagement main
INFO: Application Starting...
Jan 4, 2015 7:13:26 AM org.lown.consultancy.accounts.dialog.LoginDialog <init>
INFO: Application User Log on UI...
Jan 4, 2015 7:13:26 AM org.lown.consultancy.accounts.dao.UserDAO getUserRoleMap
INFO: Getting user roles.. 
Jan 4, 2015 7:13:26 AM org.lown.consultancy.accounts.Sql createStatement
INFO: Creating Statement...
Jan 4, 2015 7:13:26 AM org.lown.consultancy.accounts.Sql getConnection
INFO: Opening Connection to the Database
Jan 4, 2015 7:13:30 AM org.lown.consultancy.accounts.dao.UserDAO getUser
INFO: Getting user Details given username and pass... 
Jan 4, 2015 7:13:30 AM org.lown.consultancy.accounts.Sql createStatement
INFO: Creating Statement...
Jan 4, 2015 7:13:30 AM org.lown.consultancy.accounts.dialog.LoginDialog actionPerformed
INFO: Sucessfull Log on... Loading Main Menu
Jan 4, 2015 7:13:30 AM org.lown.consultancy.accounts.dialog.LoginDialog actionPerformed
INFO: User: super Login  Sucessfull
Jan 4, 2015 7:13:30 AM org.lown.consultancy.accounts.dao.UserDAO getUserRole
INFO: Getting user Details given username and pass... 
Jan 4, 2015 7:13:30 AM org.lown.consultancy.accounts.Sql createStatement
INFO: Creating Statement...
Jan 4, 2015 7:13:30 AM org.lown.consultancy.accounts.dao.CompanyDAO getCompanyDetails
INFO: Loading Global Properties... 
Jan 4, 2015 7:13:30 AM org.lown.consultancy.accounts.Sql createStatement
INFO: Creating Statement...
Jan 4, 2015 7:13:30 AM org.lown.consultancy.accounts.dao.PurchasesDAO getOverDueSupplierInvoices
INFO: Getting the Number of Ovedue Invoices (Unpaid Invoices and the due date less than the curren tdate)... 
Jan 4, 2015 7:13:30 AM org.lown.consultancy.accounts.Sql createStatement
INFO: Creating Statement...
Jan 4, 2015 7:13:30 AM org.lown.consultancy.accounts.dao.PurchasesDAO getPendingSupplierInvoices
INFO: Getting the Number of Pending Invoices (Unpaid Invoices)... 
Jan 4, 2015 7:13:30 AM org.lown.consultancy.accounts.Sql createStatement
INFO: Creating Statement...
Jan 4, 2015 7:13:30 AM org.lown.consultancy.accounts.dao.SalesDAO getOverDueInvoices
INFO: Getting the Number of Ovedue Invoices (Unpaid Invoices and the due date less than the curren tdate)... 
Jan 4, 2015 7:13:30 AM org.lown.consultancy.accounts.Sql createStatement
INFO: Creating Statement...
Jan 4, 2015 7:13:30 AM org.lown.consultancy.accounts.dao.SalesDAO getPendingInvoices
INFO: Getting the Number of Pending Invoices (Unpaid Invoices)... 
Jan 4, 2015 7:13:30 AM org.lown.consultancy.accounts.Sql createStatement
INFO: Creating Statement...
Jan 4, 2015 7:13:30 AM org.lown.consultancy.accounts.dao.StockDAO getPendingStockItems
INFO: Getting Category Details given the internal DB id... 
Jan 4, 2015 7:13:30 AM org.lown.consultancy.accounts.Sql createStatement
INFO: Creating Statement...
Jan 4, 2015 7:13:33 AM org.lown.consultancy.accounts.dialog.MainMenu actionPerformed
INFO: Loading global properties Dialog... 
Jan 4, 2015 7:13:33 AM org.lown.consultancy.accounts.dialog.GPDialog createAndShowGUI
INFO: Loading Global Properties Dialog
Jan 4, 2015 7:13:33 AM org.lown.consultancy.accounts.dao.CompanyDAO getGlobalPropertyList
INFO: Loading Global Properties... 
Jan 4, 2015 7:13:33 AM org.lown.consultancy.accounts.Sql createStatement
INFO: Creating Statement...
Jan 4, 2015 7:15:00 AM org.lown.consultancy.accounts.dialog.MainMenu actionPerformed
INFO: Exiting Accounts Management Application... 
Jan 4, 2015 7:15:00 AM org.lown.consultancy.accounts.dialog.LoginDialog createAndShowGUI
INFO: Loading The Log on Page
Jan 4, 2015 7:15:03 AM org.lown.consultancy.accounts.AccountsManagement main
INFO: LOWN Accounting Application logs...
Jan 4, 2015 7:15:03 AM org.lown.consultancy.accounts.AccountsManagement main
INFO: Application Starting...
Jan 4, 2015 7:15:03 AM org.lown.consultancy.accounts.dialog.LoginDialog <init>
INFO: Application User Log on UI...
Jan 4, 2015 7:15:03 AM org.lown.consultancy.accounts.dao.UserDAO getUserRoleMap
INFO: Getting user roles.. 
Jan 4, 2015 7:15:03 AM org.lown.consultancy.accounts.Sql createStatement
INFO: Creating Statement...
Jan 4, 2015 7:15:03 AM org.lown.consultancy.accounts.Sql getConnection
INFO: Opening Connection to the Database
Jan 4, 2015 7:15:08 AM org.lown.consultancy.accounts.dao.UserDAO getUser
INFO: Getting user Details given username and pass... 
Jan 4, 2015 7:15:08 AM org.lown.consultancy.accounts.Sql createStatement
INFO: Creating Statement...
Jan 4, 2015 7:15:08 AM org.lown.consultancy.accounts.dialog.LoginDialog actionPerformed
INFO: Sucessfull Log on... Loading Main Menu
Jan 4, 2015 7:15:08 AM org.lown.consultancy.accounts.dialog.LoginDialog actionPerformed
INFO: User: super Login  Sucessfull
Jan 4, 2015 7:15:08 AM org.lown.consultancy.accounts.dao.UserDAO getUserRole
INFO: Getting user Details given username and pass... 
Jan 4, 2015 7:15:08 AM org.lown.consultancy.accounts.Sql createStatement
INFO: Creating Statement...
Jan 4, 2015 7:15:08 AM org.lown.consultancy.accounts.dao.CompanyDAO getCompanyDetails
INFO: Loading Global Properties... 
Jan 4, 2015 7:15:08 AM org.lown.consultancy.accounts.Sql createStatement
INFO: Creating Statement...
Jan 4, 2015 7:15:08 AM org.lown.consultancy.accounts.dao.PurchasesDAO getOverDueSupplierInvoices
INFO: Getting the Number of Ovedue Invoices (Unpaid Invoices and the due date less than the curren tdate)... 
Jan 4, 2015 7:15:08 AM org.lown.consultancy.accounts.Sql createStatement
INFO: Creating Statement...
Jan 4, 2015 7:15:08 AM org.lown.consultancy.accounts.dao.PurchasesDAO getPendingSupplierInvoices
INFO: Getting the Number of Pending Invoices (Unpaid Invoices)... 
Jan 4, 2015 7:15:08 AM org.lown.consultancy.accounts.Sql createStatement
INFO: Creating Statement...
Jan 4, 2015 7:15:08 AM org.lown.consultancy.accounts.dao.SalesDAO getOverDueInvoices
INFO: Getting the Number of Ovedue Invoices (Unpaid Invoices and the due date less than the curren tdate)... 
Jan 4, 2015 7:15:08 AM org.lown.consultancy.accounts.Sql createStatement
INFO: Creating Statement...
Jan 4, 2015 7:15:08 AM org.lown.consultancy.accounts.dao.SalesDAO getPendingInvoices
INFO: Getting the Number of Pending Invoices (Unpaid Invoices)... 
Jan 4, 2015 7:15:08 AM org.lown.consultancy.accounts.Sql createStatement
INFO: Creating Statement...
Jan 4, 2015 7:15:08 AM org.lown.consultancy.accounts.dao.StockDAO getPendingStockItems
INFO: Getting Category Details given the internal DB id... 
Jan 4, 2015 7:15:08 AM org.lown.consultancy.accounts.Sql createStatement
INFO: Creating Statement...
Jan 4, 2015 7:15:09 AM org.lown.consultancy.accounts.dialog.MainMenu actionPerformed
INFO: Loading global properties Dialog... 
Jan 4, 2015 7:15:09 AM org.lown.consultancy.accounts.dialog.GPDialog createAndShowGUI
INFO: Loading Global Properties Dialog
Jan 4, 2015 7:15:09 AM org.lown.consultancy.accounts.dao.CompanyDAO getGlobalPropertyList
INFO: Loading Global Properties... 
Jan 4, 2015 7:15:09 AM org.lown.consultancy.accounts.Sql createStatement
INFO: Creating Statement...
Jan 4, 2015 7:17:57 AM org.lown.consultancy.accounts.dialog.MainMenu actionPerformed
INFO: Exiting Accounts Management Application... 
Jan 4, 2015 7:17:57 AM org.lown.consultancy.accounts.dialog.LoginDialog createAndShowGUI
INFO: Loading The Log on Page
Jan 4, 2015 7:17:59 AM org.lown.consultancy.accounts.AccountsManagement main
INFO: LOWN Accounting Application logs...
Jan 4, 2015 7:17:59 AM org.lown.consultancy.accounts.AccountsManagement main
INFO: Application Starting...
Jan 4, 2015 7:17:59 AM org.lown.consultancy.accounts.dialog.LoginDialog <init>
INFO: Application User Log on UI...
Jan 4, 2015 7:17:59 AM org.lown.consultancy.accounts.dao.UserDAO getUserRoleMap
INFO: Getting user roles.. 
Jan 4, 2015 7:17:59 AM org.lown.consultancy.accounts.Sql createStatement
INFO: Creating Statement...
Jan 4, 2015 7:18:00 AM org.lown.consultancy.accounts.Sql getConnection
INFO: Opening Connection to the Database
Jan 4, 2015 7:18:04 AM org.lown.consultancy.accounts.dao.UserDAO getUser
INFO: Getting user Details given username and pass... 
Jan 4, 2015 7:18:04 AM org.lown.consultancy.accounts.Sql createStatement
INFO: Creating Statement...
Jan 4, 2015 7:18:04 AM org.lown.consultancy.accounts.dialog.LoginDialog actionPerformed
INFO: Sucessfull Log on... Loading Main Menu
Jan 4, 2015 7:18:04 AM org.lown.consultancy.accounts.dialog.LoginDialog actionPerformed
INFO: User: super Login  Sucessfull
Jan 4, 2015 7:18:04 AM org.lown.consultancy.accounts.dao.UserDAO getUserRole
INFO: Getting user Details given username and pass... 
Jan 4, 2015 7:18:04 AM org.lown.consultancy.accounts.Sql createStatement
INFO: Creating Statement...
Jan 4, 2015 7:18:04 AM org.lown.consultancy.accounts.dao.CompanyDAO getCompanyDetails
INFO: Loading Global Properties... 
Jan 4, 2015 7:18:04 AM org.lown.consultancy.accounts.Sql createStatement
INFO: Creating Statement...
Jan 4, 2015 7:18:04 AM org.lown.consultancy.accounts.dao.PurchasesDAO getOverDueSupplierInvoices
INFO: Getting the Number of Ovedue Invoices (Unpaid Invoices and the due date less than the curren tdate)... 
Jan 4, 2015 7:18:04 AM org.lown.consultancy.accounts.Sql createStatement
INFO: Creating Statement...
Jan 4, 2015 7:18:04 AM org.lown.consultancy.accounts.dao.PurchasesDAO getPendingSupplierInvoices
INFO: Getting the Number of Pending Invoices (Unpaid Invoices)... 
Jan 4, 2015 7:18:04 AM org.lown.consultancy.accounts.Sql createStatement
INFO: Creating Statement...
Jan 4, 2015 7:18:04 AM org.lown.consultancy.accounts.dao.SalesDAO getOverDueInvoices
INFO: Getting the Number of Ovedue Invoices (Unpaid Invoices and the due date less than the curren tdate)... 
Jan 4, 2015 7:18:04 AM org.lown.consultancy.accounts.Sql createStatement
INFO: Creating Statement...
Jan 4, 2015 7:18:04 AM org.lown.consultancy.accounts.dao.SalesDAO getPendingInvoices
INFO: Getting the Number of Pending Invoices (Unpaid Invoices)... 
Jan 4, 2015 7:18:04 AM org.lown.consultancy.accounts.Sql createStatement
INFO: Creating Statement...
Jan 4, 2015 7:18:04 AM org.lown.consultancy.accounts.dao.StockDAO getPendingStockItems
INFO: Getting Category Details given the internal DB id... 
Jan 4, 2015 7:18:04 AM org.lown.consultancy.accounts.Sql createStatement
INFO: Creating Statement...
Jan 4, 2015 7:18:06 AM org.lown.consultancy.accounts.dialog.MainMenu actionPerformed
INFO: Loading global properties Dialog... 
Jan 4, 2015 7:18:06 AM org.lown.consultancy.accounts.dialog.GPDialog createAndShowGUI
INFO: Loading Global Properties Dialog
Jan 4, 2015 7:18:06 AM org.lown.consultancy.accounts.dao.CompanyDAO getGlobalPropertyList
INFO: Loading Global Properties... 
Jan 4, 2015 7:18:06 AM org.lown.consultancy.accounts.Sql createStatement
INFO: Creating Statement...
Jan 4, 2015 7:20:47 AM org.lown.consultancy.accounts.dialog.MainMenu actionPerformed
INFO: Exiting Accounts Management Application... 
Jan 4, 2015 7:20:47 AM org.lown.consultancy.accounts.dialog.LoginDialog createAndShowGUI
INFO: Loading The Log on Page
Jan 4, 2015 7:20:50 AM org.lown.consultancy.accounts.AccountsManagement main
INFO: LOWN Accounting Application logs...
Jan 4, 2015 7:20:50 AM org.lown.consultancy.accounts.AccountsManagement main
INFO: Application Starting...
Jan 4, 2015 7:20:50 AM org.lown.consultancy.accounts.dialog.LoginDialog <init>
INFO: Application User Log on UI...
Jan 4, 2015 7:20:50 AM org.lown.consultancy.accounts.dao.UserDAO getUserRoleMap
INFO: Getting user roles.. 
Jan 4, 2015 7:20:50 AM org.lown.consultancy.accounts.Sql createStatement
INFO: Creating Statement...
Jan 4, 2015 7:20:50 AM org.lown.consultancy.accounts.Sql getConnection
INFO: Opening Connection to the Database
Jan 4, 2015 7:20:54 AM org.lown.consultancy.accounts.dao.UserDAO getUser
INFO: Getting user Details given username and pass... 
Jan 4, 2015 7:20:54 AM org.lown.consultancy.accounts.Sql createStatement
INFO: Creating Statement...
Jan 4, 2015 7:20:54 AM org.lown.consultancy.accounts.dialog.LoginDialog actionPerformed
INFO: Sucessfull Log on... Loading Main Menu
Jan 4, 2015 7:20:54 AM org.lown.consultancy.accounts.dialog.LoginDialog actionPerformed
INFO: User: super Login  Sucessfull
Jan 4, 2015 7:20:54 AM org.lown.consultancy.accounts.dao.UserDAO getUserRole
INFO: Getting user Details given username and pass... 
Jan 4, 2015 7:20:54 AM org.lown.consultancy.accounts.Sql createStatement
INFO: Creating Statement...
Jan 4, 2015 7:20:54 AM org.lown.consultancy.accounts.dao.CompanyDAO getCompanyDetails
INFO: Loading Global Properties... 
Jan 4, 2015 7:20:54 AM org.lown.consultancy.accounts.Sql createStatement
INFO: Creating Statement...
Jan 4, 2015 7:20:54 AM org.lown.consultancy.accounts.dao.PurchasesDAO getOverDueSupplierInvoices
INFO: Getting the Number of Ovedue Invoices (Unpaid Invoices and the due date less than the curren tdate)... 
Jan 4, 2015 7:20:54 AM org.lown.consultancy.accounts.Sql createStatement
INFO: Creating Statement...
Jan 4, 2015 7:20:54 AM org.lown.consultancy.accounts.dao.PurchasesDAO getPendingSupplierInvoices
INFO: Getting the Number of Pending Invoices (Unpaid Invoices)... 
Jan 4, 2015 7:20:54 AM org.lown.consultancy.accounts.Sql createStatement
INFO: Creating Statement...
Jan 4, 2015 7:20:54 AM org.lown.consultancy.accounts.dao.SalesDAO getOverDueInvoices
INFO: Getting the Number of Ovedue Invoices (Unpaid Invoices and the due date less than the curren tdate)... 
Jan 4, 2015 7:20:54 AM org.lown.consultancy.accounts.Sql createStatement
INFO: Creating Statement...
Jan 4, 2015 7:20:54 AM org.lown.consultancy.accounts.dao.SalesDAO getPendingInvoices
INFO: Getting the Number of Pending Invoices (Unpaid Invoices)... 
Jan 4, 2015 7:20:54 AM org.lown.consultancy.accounts.Sql createStatement
INFO: Creating Statement...
Jan 4, 2015 7:20:54 AM org.lown.consultancy.accounts.dao.StockDAO getPendingStockItems
INFO: Getting Category Details given the internal DB id... 
Jan 4, 2015 7:20:54 AM org.lown.consultancy.accounts.Sql createStatement
INFO: Creating Statement...
Jan 4, 2015 7:20:56 AM org.lown.consultancy.accounts.dialog.MainMenu actionPerformed
INFO: Loading global properties Dialog... 
Jan 4, 2015 7:20:56 AM org.lown.consultancy.accounts.dialog.GPDialog createAndShowGUI
INFO: Loading Global Properties Dialog
Jan 4, 2015 7:20:56 AM org.lown.consultancy.accounts.dao.CompanyDAO getGlobalPropertyList
INFO: Loading Global Properties... 
Jan 4, 2015 7:20:56 AM org.lown.consultancy.accounts.Sql createStatement
INFO: Creating Statement...
Jan 4, 2015 7:22:52 AM org.lown.consultancy.accounts.dialog.MainMenu actionPerformed
INFO: Exiting Accounts Management Application... 
Jan 4, 2015 7:22:52 AM org.lown.consultancy.accounts.dialog.LoginDialog createAndShowGUI
INFO: Loading The Log on Page
Jan 4, 2015 7:22:54 AM org.lown.consultancy.accounts.AccountsManagement main
INFO: LOWN Accounting Application logs...
Jan 4, 2015 7:22:54 AM org.lown.consultancy.accounts.AccountsManagement main
INFO: Application Starting...
Jan 4, 2015 7:22:54 AM org.lown.consultancy.accounts.dialog.LoginDialog <init>
INFO: Application User Log on UI...
Jan 4, 2015 7:22:54 AM org.lown.consultancy.accounts.dao.UserDAO getUserRoleMap
INFO: Getting user roles.. 
Jan 4, 2015 7:22:54 AM org.lown.consultancy.accounts.Sql createStatement
INFO: Creating Statement...
Jan 4, 2015 7:22:55 AM org.lown.consultancy.accounts.Sql getConnection
INFO: Opening Connection to the Database
Jan 4, 2015 7:22:59 AM org.lown.consultancy.accounts.dao.UserDAO getUser
INFO: Getting user Details given username and pass... 
Jan 4, 2015 7:22:59 AM org.lown.consultancy.accounts.Sql createStatement
INFO: Creating Statement...
Jan 4, 2015 7:22:59 AM org.lown.consultancy.accounts.dialog.LoginDialog actionPerformed
INFO: Sucessfull Log on... Loading Main Menu
Jan 4, 2015 7:22:59 AM org.lown.consultancy.accounts.dialog.LoginDialog actionPerformed
INFO: User: super Login  Sucessfull
Jan 4, 2015 7:22:59 AM org.lown.consultancy.accounts.dao.UserDAO getUserRole
INFO: Getting user Details given username and pass... 
Jan 4, 2015 7:22:59 AM org.lown.consultancy.accounts.Sql createStatement
INFO: Creating Statement...
Jan 4, 2015 7:22:59 AM org.lown.consultancy.accounts.dao.CompanyDAO getCompanyDetails
INFO: Loading Global Properties... 
Jan 4, 2015 7:22:59 AM org.lown.consultancy.accounts.Sql createStatement
INFO: Creating Statement...
Jan 4, 2015 7:22:59 AM org.lown.consultancy.accounts.dao.PurchasesDAO getOverDueSupplierInvoices
INFO: Getting the Number of Ovedue Invoices (Unpaid Invoices and the due date less than the curren tdate)... 
Jan 4, 2015 7:22:59 AM org.lown.consultancy.accounts.Sql createStatement
INFO: Creating Statement...
Jan 4, 2015 7:22:59 AM org.lown.consultancy.accounts.dao.PurchasesDAO getPendingSupplierInvoices
INFO: Getting the Number of Pending Invoices (Unpaid Invoices)... 
Jan 4, 2015 7:22:59 AM org.lown.consultancy.accounts.Sql createStatement
INFO: Creating Statement...
Jan 4, 2015 7:22:59 AM org.lown.consultancy.accounts.dao.SalesDAO getOverDueInvoices
INFO: Getting the Number of Ovedue Invoices (Unpaid Invoices and the due date less than the curren tdate)... 
Jan 4, 2015 7:22:59 AM org.lown.consultancy.accounts.Sql createStatement
INFO: Creating Statement...
Jan 4, 2015 7:22:59 AM org.lown.consultancy.accounts.dao.SalesDAO getPendingInvoices
INFO: Getting the Number of Pending Invoices (Unpaid Invoices)... 
Jan 4, 2015 7:22:59 AM org.lown.consultancy.accounts.Sql createStatement
INFO: Creating Statement...
Jan 4, 2015 7:22:59 AM org.lown.consultancy.accounts.dao.StockDAO getPendingStockItems
INFO: Getting Category Details given the internal DB id... 
Jan 4, 2015 7:22:59 AM org.lown.consultancy.accounts.Sql createStatement
INFO: Creating Statement...
Jan 4, 2015 7:23:01 AM org.lown.consultancy.accounts.dialog.MainMenu actionPerformed
INFO: Loading global properties Dialog... 
Jan 4, 2015 7:23:01 AM org.lown.consultancy.accounts.dialog.GPDialog createAndShowGUI
INFO: Loading Global Properties Dialog
Jan 4, 2015 7:23:01 AM org.lown.consultancy.accounts.dao.CompanyDAO getGlobalPropertyList
INFO: Loading Global Properties... 
Jan 4, 2015 7:23:01 AM org.lown.consultancy.accounts.Sql createStatement
INFO: Creating Statement...
Jan 4, 2015 7:23:14 AM org.lown.consultancy.accounts.dialog.MainMenu actionPerformed
INFO: Exiting Accounts Management Application... 
Jan 4, 2015 7:23:14 AM org.lown.consultancy.accounts.dialog.LoginDialog createAndShowGUI
INFO: Loading The Log on Page
Jan 4, 2015 7:23:20 AM org.lown.consultancy.accounts.AccountsManagement main
INFO: LOWN Accounting Application logs...
Jan 4, 2015 7:23:20 AM org.lown.consultancy.accounts.AccountsManagement main
INFO: Application Starting...
Jan 4, 2015 7:23:20 AM org.lown.consultancy.accounts.dialog.LoginDialog <init>
INFO: Application User Log on UI...
Jan 4, 2015 7:23:20 AM org.lown.consultancy.accounts.dao.UserDAO getUserRoleMap
INFO: Getting user roles.. 
Jan 4, 2015 7:23:20 AM org.lown.consultancy.accounts.Sql createStatement
INFO: Creating Statement...
Jan 4, 2015 7:23:21 AM org.lown.consultancy.accounts.Sql getConnection
INFO: Opening Connection to the Database
Jan 4, 2015 7:23:25 AM org.lown.consultancy.accounts.dao.UserDAO getUser
INFO: Getting user Details given username and pass... 
Jan 4, 2015 7:23:25 AM org.lown.consultancy.accounts.Sql createStatement
INFO: Creating Statement...
Jan 4, 2015 7:23:25 AM org.lown.consultancy.accounts.dialog.LoginDialog actionPerformed
INFO: Sucessfull Log on... Loading Main Menu
Jan 4, 2015 7:23:25 AM org.lown.consultancy.accounts.dialog.LoginDialog actionPerformed
INFO: User: super Login  Sucessfull
Jan 4, 2015 7:23:25 AM org.lown.consultancy.accounts.dao.UserDAO getUserRole
INFO: Getting user Details given username and pass... 
Jan 4, 2015 7:23:25 AM org.lown.consultancy.accounts.Sql createStatement
INFO: Creating Statement...
Jan 4, 2015 7:23:25 AM org.lown.consultancy.accounts.dao.CompanyDAO getCompanyDetails
INFO: Loading Global Properties... 
Jan 4, 2015 7:23:25 AM org.lown.consultancy.accounts.Sql createStatement
INFO: Creating Statement...
Jan 4, 2015 7:23:25 AM org.lown.consultancy.accounts.dao.PurchasesDAO getOverDueSupplierInvoices
INFO: Getting the Number of Ovedue Invoices (Unpaid Invoices and the due date less than the curren tdate)... 
Jan 4, 2015 7:23:25 AM org.lown.consultancy.accounts.Sql createStatement
INFO: Creating Statement...
Jan 4, 2015 7:23:25 AM org.lown.consultancy.accounts.dao.PurchasesDAO getPendingSupplierInvoices
INFO: Getting the Number of Pending Invoices (Unpaid Invoices)... 
Jan 4, 2015 7:23:25 AM org.lown.consultancy.accounts.Sql createStatement
INFO: Creating Statement...
Jan 4, 2015 7:23:25 AM org.lown.consultancy.accounts.dao.SalesDAO getOverDueInvoices
INFO: Getting the Number of Ovedue Invoices (Unpaid Invoices and the due date less than the curren tdate)... 
Jan 4, 2015 7:23:25 AM org.lown.consultancy.accounts.Sql createStatement
INFO: Creating Statement...
Jan 4, 2015 7:23:25 AM org.lown.consultancy.accounts.dao.SalesDAO getPendingInvoices
INFO: Getting the Number of Pending Invoices (Unpaid Invoices)... 
Jan 4, 2015 7:23:25 AM org.lown.consultancy.accounts.Sql createStatement
INFO: Creating Statement...
Jan 4, 2015 7:23:25 AM org.lown.consultancy.accounts.dao.StockDAO getPendingStockItems
INFO: Getting Category Details given the internal DB id... 
Jan 4, 2015 7:23:25 AM org.lown.consultancy.accounts.Sql createStatement
INFO: Creating Statement...
Jan 4, 2015 7:23:26 AM org.lown.consultancy.accounts.dialog.MainMenu actionPerformed
INFO: Loading global properties Dialog... 
Jan 4, 2015 7:23:26 AM org.lown.consultancy.accounts.dialog.GPDialog createAndShowGUI
INFO: Loading Global Properties Dialog
Jan 4, 2015 7:23:26 AM org.lown.consultancy.accounts.dao.CompanyDAO getGlobalPropertyList
INFO: Loading Global Properties... 
Jan 4, 2015 7:23:26 AM org.lown.consultancy.accounts.Sql createStatement
INFO: Creating Statement...
Jan 4, 2015 7:23:35 AM org.lown.consultancy.accounts.dialog.MainMenu actionPerformed
INFO: Exiting Accounts Management Application... 
Jan 4, 2015 7:23:35 AM org.lown.consultancy.accounts.dialog.LoginDialog createAndShowGUI
INFO: Loading The Log on Page
Jan 4, 2015 7:23:41 AM org.lown.consultancy.accounts.AccountsManagement main
INFO: LOWN Accounting Application logs...
Jan 4, 2015 7:23:41 AM org.lown.consultancy.accounts.AccountsManagement main
INFO: Application Starting...
Jan 4, 2015 7:23:41 AM org.lown.consultancy.accounts.dialog.LoginDialog <init>
INFO: Application User Log on UI...
Jan 4, 2015 7:23:41 AM org.lown.consultancy.accounts.dao.UserDAO getUserRoleMap
INFO: Getting user roles.. 
Jan 4, 2015 7:23:41 AM org.lown.consultancy.accounts.Sql createStatement
INFO: Creating Statement...
Jan 4, 2015 7:23:41 AM org.lown.consultancy.accounts.Sql getConnection
INFO: Opening Connection to the Database
Jan 4, 2015 7:23:47 AM org.lown.consultancy.accounts.dao.UserDAO getUser
INFO: Getting user Details given username and pass... 
Jan 4, 2015 7:23:47 AM org.lown.consultancy.accounts.Sql createStatement
INFO: Creating Statement...
Jan 4, 2015 7:23:47 AM org.lown.consultancy.accounts.dialog.LoginDialog actionPerformed
INFO: Sucessfull Log on... Loading Main Menu
Jan 4, 2015 7:23:47 AM org.lown.consultancy.accounts.dialog.LoginDialog actionPerformed
INFO: User: super Login  Sucessfull
Jan 4, 2015 7:23:47 AM org.lown.consultancy.accounts.dao.UserDAO getUserRole
INFO: Getting user Details given username and pass... 
Jan 4, 2015 7:23:47 AM org.lown.consultancy.accounts.Sql createStatement
INFO: Creating Statement...
Jan 4, 2015 7:23:47 AM org.lown.consultancy.accounts.dao.CompanyDAO getCompanyDetails
INFO: Loading Global Properties... 
Jan 4, 2015 7:23:47 AM org.lown.consultancy.accounts.Sql createStatement
INFO: Creating Statement...
Jan 4, 2015 7:23:47 AM org.lown.consultancy.accounts.dao.PurchasesDAO getOverDueSupplierInvoices
INFO: Getting the Number of Ovedue Invoices (Unpaid Invoices and the due date less than the curren tdate)... 
Jan 4, 2015 7:23:47 AM org.lown.consultancy.accounts.Sql createStatement
INFO: Creating Statement...
Jan 4, 2015 7:23:47 AM org.lown.consultancy.accounts.dao.PurchasesDAO getPendingSupplierInvoices
INFO: Getting the Number of Pending Invoices (Unpaid Invoices)... 
Jan 4, 2015 7:23:47 AM org.lown.consultancy.accounts.Sql createStatement
INFO: Creating Statement...
Jan 4, 2015 7:23:47 AM org.lown.consultancy.accounts.dao.SalesDAO getOverDueInvoices
INFO: Getting the Number of Ovedue Invoices (Unpaid Invoices and the due date less than the curren tdate)... 
Jan 4, 2015 7:23:47 AM org.lown.consultancy.accounts.Sql createStatement
INFO: Creating Statement...
Jan 4, 2015 7:23:47 AM org.lown.consultancy.accounts.dao.SalesDAO getPendingInvoices
INFO: Getting the Number of Pending Invoices (Unpaid Invoices)... 
Jan 4, 2015 7:23:47 AM org.lown.consultancy.accounts.Sql createStatement
INFO: Creating Statement...
Jan 4, 2015 7:23:47 AM org.lown.consultancy.accounts.dao.StockDAO getPendingStockItems
INFO: Getting Category Details given the internal DB id... 
Jan 4, 2015 7:23:47 AM org.lown.consultancy.accounts.Sql createStatement
INFO: Creating Statement...
Jan 4, 2015 7:23:48 AM org.lown.consultancy.accounts.dialog.MainMenu actionPerformed
INFO: Loading global properties Dialog... 
Jan 4, 2015 7:23:48 AM org.lown.consultancy.accounts.dialog.GPDialog createAndShowGUI
INFO: Loading Global Properties Dialog
Jan 4, 2015 7:23:48 AM org.lown.consultancy.accounts.dao.CompanyDAO getGlobalPropertyList
INFO: Loading Global Properties... 
Jan 4, 2015 7:23:48 AM org.lown.consultancy.accounts.Sql createStatement
INFO: Creating Statement...
Jan 4, 2015 7:24:10 AM org.lown.consultancy.accounts.dao.CompanyDAO getGlobalProperty
INFO: Loading Global Properties... 
Jan 4, 2015 7:24:10 AM org.lown.consultancy.accounts.Sql createStatement
INFO: Creating Statement...
Jan 4, 2015 7:24:10 AM org.lown.consultancy.accounts.dao.CompanyDAO getGlobalProperty
INFO: Loading Global Properties... 
Jan 4, 2015 7:24:10 AM org.lown.consultancy.accounts.Sql createStatement
INFO: Creating Statement...
Jan 4, 2015 7:24:13 AM org.lown.consultancy.accounts.dao.CompanyDAO getGlobalProperty
INFO: Loading Global Properties... 
Jan 4, 2015 7:24:13 AM org.lown.consultancy.accounts.Sql createStatement
INFO: Creating Statement...
Jan 4, 2015 7:24:13 AM org.lown.consultancy.accounts.dao.CompanyDAO getGlobalProperty
INFO: Loading Global Properties... 
Jan 4, 2015 7:24:13 AM org.lown.consultancy.accounts.Sql createStatement
INFO: Creating Statement...
Jan 4, 2015 7:24:34 AM org.lown.consultancy.accounts.dialog.MainMenu actionPerformed
INFO: Exiting Accounts Management Application... 
Jan 4, 2015 7:24:34 AM org.lown.consultancy.accounts.dialog.LoginDialog createAndShowGUI
INFO: Loading The Log on Page
Jan 4, 2015 7:24:41 AM org.lown.consultancy.accounts.AccountsManagement main
INFO: LOWN Accounting Application logs...
Jan 4, 2015 7:24:41 AM org.lown.consultancy.accounts.AccountsManagement main
INFO: Application Starting...
Jan 4, 2015 7:24:41 AM org.lown.consultancy.accounts.dialog.LoginDialog <init>
INFO: Application User Log on UI...
Jan 4, 2015 7:24:41 AM org.lown.consultancy.accounts.dao.UserDAO getUserRoleMap
INFO: Getting user roles.. 
Jan 4, 2015 7:24:41 AM org.lown.consultancy.accounts.Sql createStatement
INFO: Creating Statement...
Jan 4, 2015 7:24:41 AM org.lown.consultancy.accounts.Sql getConnection
INFO: Opening Connection to the Database
Jan 4, 2015 7:24:45 AM org.lown.consultancy.accounts.dao.UserDAO getUser
INFO: Getting user Details given username and pass... 
Jan 4, 2015 7:24:45 AM org.lown.consultancy.accounts.Sql createStatement
INFO: Creating Statement...
Jan 4, 2015 7:24:45 AM org.lown.consultancy.accounts.dialog.LoginDialog actionPerformed
INFO: Sucessfull Log on... Loading Main Menu
Jan 4, 2015 7:24:45 AM org.lown.consultancy.accounts.dialog.LoginDialog actionPerformed
INFO: User: super Login  Sucessfull
Jan 4, 2015 7:24:45 AM org.lown.consultancy.accounts.dao.UserDAO getUserRole
INFO: Getting user Details given username and pass... 
Jan 4, 2015 7:24:45 AM org.lown.consultancy.accounts.Sql createStatement
INFO: Creating Statement...
Jan 4, 2015 7:24:45 AM org.lown.consultancy.accounts.dao.CompanyDAO getCompanyDetails
INFO: Loading Global Properties... 
Jan 4, 2015 7:24:45 AM org.lown.consultancy.accounts.Sql createStatement
INFO: Creating Statement...
Jan 4, 2015 7:24:45 AM org.lown.consultancy.accounts.dao.PurchasesDAO getOverDueSupplierInvoices
INFO: Getting the Number of Ovedue Invoices (Unpaid Invoices and the due date less than the curren tdate)... 
Jan 4, 2015 7:24:45 AM org.lown.consultancy.accounts.Sql createStatement
INFO: Creating Statement...
Jan 4, 2015 7:24:45 AM org.lown.consultancy.accounts.dao.PurchasesDAO getPendingSupplierInvoices
INFO: Getting the Number of Pending Invoices (Unpaid Invoices)... 
Jan 4, 2015 7:24:45 AM org.lown.consultancy.accounts.Sql createStatement
INFO: Creating Statement...
Jan 4, 2015 7:24:45 AM org.lown.consultancy.accounts.dao.SalesDAO getOverDueInvoices
INFO: Getting the Number of Ovedue Invoices (Unpaid Invoices and the due date less than the curren tdate)... 
Jan 4, 2015 7:24:45 AM org.lown.consultancy.accounts.Sql createStatement
INFO: Creating Statement...
Jan 4, 2015 7:24:45 AM org.lown.consultancy.accounts.dao.SalesDAO getPendingInvoices
INFO: Getting the Number of Pending Invoices (Unpaid Invoices)... 
Jan 4, 2015 7:24:45 AM org.lown.consultancy.accounts.Sql createStatement
INFO: Creating Statement...
Jan 4, 2015 7:24:45 AM org.lown.consultancy.accounts.dao.StockDAO getPendingStockItems
INFO: Getting Category Details given the internal DB id... 
Jan 4, 2015 7:24:45 AM org.lown.consultancy.accounts.Sql createStatement
INFO: Creating Statement...
Jan 4, 2015 7:24:47 AM org.lown.consultancy.accounts.dialog.MainMenu actionPerformed
INFO: Loading global properties Dialog... 
Jan 4, 2015 7:24:47 AM org.lown.consultancy.accounts.dialog.GPDialog createAndShowGUI
INFO: Loading Global Properties Dialog
Jan 4, 2015 7:24:47 AM org.lown.consultancy.accounts.dao.CompanyDAO getGlobalPropertyList
INFO: Loading Global Properties... 
Jan 4, 2015 7:24:47 AM org.lown.consultancy.accounts.Sql createStatement
INFO: Creating Statement...
Jan 4, 2015 7:53:46 AM org.lown.consultancy.accounts.dialog.MainMenu actionPerformed
INFO: Exiting Accounts Management Application... 
Jan 4, 2015 7:53:46 AM org.lown.consultancy.accounts.dialog.LoginDialog createAndShowGUI
INFO: Loading The Log on Page
Jan 4, 2015 7:53:49 AM org.lown.consultancy.accounts.AccountsManagement main
INFO: LOWN Accounting Application logs...
Jan 4, 2015 7:53:49 AM org.lown.consultancy.accounts.AccountsManagement main
INFO: Application Starting...
Jan 4, 2015 7:53:49 AM org.lown.consultancy.accounts.dialog.LoginDialog <init>
INFO: Application User Log on UI...
Jan 4, 2015 7:53:49 AM org.lown.consultancy.accounts.dao.UserDAO getUserRoleMap
INFO: Getting user roles.. 
Jan 4, 2015 7:53:49 AM org.lown.consultancy.accounts.Sql createStatement
INFO: Creating Statement...
Jan 4, 2015 7:53:49 AM org.lown.consultancy.accounts.Sql getConnection
INFO: Opening Connection to the Database
Jan 4, 2015 7:53:53 AM org.lown.consultancy.accounts.dao.UserDAO getUser
INFO: Getting user Details given username and pass... 
Jan 4, 2015 7:53:53 AM org.lown.consultancy.accounts.Sql createStatement
INFO: Creating Statement...
Jan 4, 2015 7:53:53 AM org.lown.consultancy.accounts.dialog.LoginDialog actionPerformed
INFO: Sucessfull Log on... Loading Main Menu
Jan 4, 2015 7:53:53 AM org.lown.consultancy.accounts.dialog.LoginDialog actionPerformed
INFO: User: super Login  Sucessfull
Jan 4, 2015 7:53:53 AM org.lown.consultancy.accounts.dao.UserDAO getUserRole
INFO: Getting user Details given username and pass... 
Jan 4, 2015 7:53:53 AM org.lown.consultancy.accounts.Sql createStatement
INFO: Creating Statement...
Jan 4, 2015 7:53:53 AM org.lown.consultancy.accounts.dao.CompanyDAO getCompanyDetails
INFO: Loading Global Properties... 
Jan 4, 2015 7:53:53 AM org.lown.consultancy.accounts.Sql createStatement
INFO: Creating Statement...
Jan 4, 2015 7:53:53 AM org.lown.consultancy.accounts.dao.PurchasesDAO getOverDueSupplierInvoices
INFO: Getting the Number of Ovedue Invoices (Unpaid Invoices and the due date less than the curren tdate)... 
Jan 4, 2015 7:53:53 AM org.lown.consultancy.accounts.Sql createStatement
INFO: Creating Statement...
Jan 4, 2015 7:53:53 AM org.lown.consultancy.accounts.dao.PurchasesDAO getPendingSupplierInvoices
INFO: Getting the Number of Pending Invoices (Unpaid Invoices)... 
Jan 4, 2015 7:53:53 AM org.lown.consultancy.accounts.Sql createStatement
INFO: Creating Statement...
Jan 4, 2015 7:53:53 AM org.lown.consultancy.accounts.dao.SalesDAO getOverDueInvoices
INFO: Getting the Number of Ovedue Invoices (Unpaid Invoices and the due date less than the curren tdate)... 
Jan 4, 2015 7:53:53 AM org.lown.consultancy.accounts.Sql createStatement
INFO: Creating Statement...
Jan 4, 2015 7:53:53 AM org.lown.consultancy.accounts.dao.SalesDAO getPendingInvoices
INFO: Getting the Number of Pending Invoices (Unpaid Invoices)... 
Jan 4, 2015 7:53:53 AM org.lown.consultancy.accounts.Sql createStatement
INFO: Creating Statement...
Jan 4, 2015 7:53:53 AM org.lown.consultancy.accounts.dao.StockDAO getPendingStockItems
INFO: Getting Category Details given the internal DB id... 
Jan 4, 2015 7:53:53 AM org.lown.consultancy.accounts.Sql createStatement
INFO: Creating Statement...
Jan 4, 2015 7:53:56 AM org.lown.consultancy.accounts.dialog.MainMenu actionPerformed
INFO: Loading global properties Dialog... 
Jan 4, 2015 7:53:56 AM org.lown.consultancy.accounts.dialog.GPDialog createAndShowGUI
INFO: Loading Global Properties Dialog
Jan 4, 2015 7:53:56 AM org.lown.consultancy.accounts.dao.CompanyDAO getGlobalPropertyList
INFO: Loading Global Properties... 
Jan 4, 2015 7:53:56 AM org.lown.consultancy.accounts.Sql createStatement
INFO: Creating Statement...
Jan 4, 2015 7:54:02 AM org.lown.consultancy.accounts.dao.CompanyDAO getGlobalProperty
INFO: Loading Global Properties... 
Jan 4, 2015 7:54:02 AM org.lown.consultancy.accounts.Sql createStatement
INFO: Creating Statement...
Jan 4, 2015 7:54:02 AM org.lown.consultancy.accounts.dao.CompanyDAO getGlobalProperty
INFO: Loading Global Properties... 
Jan 4, 2015 7:54:02 AM org.lown.consultancy.accounts.Sql createStatement
INFO: Creating Statement...
Jan 4, 2015 7:54:22 AM org.lown.consultancy.accounts.dao.CompanyDAO getGlobalProperty
INFO: Loading Global Properties... 
Jan 4, 2015 7:54:22 AM org.lown.consultancy.accounts.Sql createStatement
INFO: Creating Statement...
Jan 4, 2015 7:54:22 AM org.lown.consultancy.accounts.dao.CompanyDAO getGlobalProperty
INFO: Loading Global Properties... 
Jan 4, 2015 7:54:22 AM org.lown.consultancy.accounts.Sql createStatement
INFO: Creating Statement...
Jan 4, 2015 7:54:33 AM org.lown.consultancy.accounts.dao.CompanyDAO getGlobalProperty
INFO: Loading Global Properties... 
Jan 4, 2015 7:54:33 AM org.lown.consultancy.accounts.Sql createStatement
INFO: Creating Statement...
Jan 4, 2015 7:54:33 AM org.lown.consultancy.accounts.dao.CompanyDAO getGlobalProperty
INFO: Loading Global Properties... 
Jan 4, 2015 7:54:33 AM org.lown.consultancy.accounts.Sql createStatement
INFO: Creating Statement...
Jan 4, 2015 7:54:48 AM org.lown.consultancy.accounts.dao.CompanyDAO getGlobalProperty
INFO: Loading Global Properties... 
Jan 4, 2015 7:54:48 AM org.lown.consultancy.accounts.Sql createStatement
INFO: Creating Statement...
Jan 4, 2015 7:54:48 AM org.lown.consultancy.accounts.dao.CompanyDAO getGlobalProperty
INFO: Loading Global Properties... 
Jan 4, 2015 7:54:48 AM org.lown.consultancy.accounts.Sql createStatement
INFO: Creating Statement...
Jan 4, 2015 7:55:04 AM org.lown.consultancy.accounts.dao.CompanyDAO getGlobalProperty
INFO: Loading Global Properties... 
Jan 4, 2015 7:55:04 AM org.lown.consultancy.accounts.Sql createStatement
INFO: Creating Statement...
Jan 4, 2015 7:55:04 AM org.lown.consultancy.accounts.dao.CompanyDAO getGlobalProperty
INFO: Loading Global Properties... 
Jan 4, 2015 7:55:04 AM org.lown.consultancy.accounts.Sql createStatement
INFO: Creating Statement...
Jan 4, 2015 7:55:14 AM org.lown.consultancy.accounts.dao.CompanyDAO getGlobalProperty
INFO: Loading Global Properties... 
Jan 4, 2015 7:55:14 AM org.lown.consultancy.accounts.Sql createStatement
INFO: Creating Statement...
Jan 4, 2015 7:55:14 AM org.lown.consultancy.accounts.dao.CompanyDAO getGlobalProperty
INFO: Loading Global Properties... 
Jan 4, 2015 7:55:14 AM org.lown.consultancy.accounts.Sql createStatement
INFO: Creating Statement...
Jan 4, 2015 7:55:33 AM org.lown.consultancy.accounts.dao.CompanyDAO getGlobalProperty
INFO: Loading Global Properties... 
Jan 4, 2015 7:55:33 AM org.lown.consultancy.accounts.Sql createStatement
INFO: Creating Statement...
Jan 4, 2015 7:55:33 AM org.lown.consultancy.accounts.dao.CompanyDAO getGlobalProperty
INFO: Loading Global Properties... 
Jan 4, 2015 7:55:33 AM org.lown.consultancy.accounts.Sql createStatement
INFO: Creating Statement...
Jan 4, 2015 7:55:52 AM org.lown.consultancy.accounts.dao.CompanyDAO getGlobalProperty
INFO: Loading Global Properties... 
Jan 4, 2015 7:55:52 AM org.lown.consultancy.accounts.Sql createStatement
INFO: Creating Statement...
Jan 4, 2015 7:55:52 AM org.lown.consultancy.accounts.dao.CompanyDAO getGlobalProperty
INFO: Loading Global Properties... 
Jan 4, 2015 7:55:52 AM org.lown.consultancy.accounts.Sql createStatement
INFO: Creating Statement...
Jan 4, 2015 7:55:53 AM org.lown.consultancy.accounts.dao.CompanyDAO updateGlobalProperty
INFO: Updating Global Property Details... 
Jan 4, 2015 7:58:11 AM org.lown.consultancy.accounts.dialog.MainMenu actionPerformed
INFO: Loading Users Dialog form... 
Jan 4, 2015 7:58:11 AM org.lown.consultancy.accounts.dialog.UserDialog createAndShowGUI
INFO: Loading Contra Expenses Dialog
Jan 4, 2015 7:58:11 AM org.lown.consultancy.accounts.dao.UserDAO getAllUsers
INFO: Getting user Details given username and pass... 
Jan 4, 2015 7:58:11 AM org.lown.consultancy.accounts.Sql createStatement
INFO: Creating Statement...
Jan 4, 2015 7:58:46 AM org.lown.consultancy.accounts.dialog.MainMenu actionPerformed
INFO: Loading global properties Dialog... 
Jan 4, 2015 7:58:47 AM org.lown.consultancy.accounts.dialog.GPDialog createAndShowGUI
INFO: Loading Global Properties Dialog
Jan 4, 2015 7:58:47 AM org.lown.consultancy.accounts.dao.CompanyDAO getGlobalPropertyList
INFO: Loading Global Properties... 
Jan 4, 2015 7:58:47 AM org.lown.consultancy.accounts.Sql createStatement
INFO: Creating Statement...
Jan 4, 2015 8:04:25 AM org.lown.consultancy.accounts.dialog.MainMenu actionPerformed
INFO: Exiting Accounts Management Application... 
Jan 4, 2015 8:04:25 AM org.lown.consultancy.accounts.dialog.LoginDialog createAndShowGUI
INFO: Loading The Log on Page
Jan 4, 2015 8:04:27 AM org.lown.consultancy.accounts.AccountsManagement main
INFO: LOWN Accounting Application logs...
Jan 4, 2015 8:04:27 AM org.lown.consultancy.accounts.AccountsManagement main
INFO: Application Starting...
Jan 4, 2015 8:04:28 AM org.lown.consultancy.accounts.dialog.LoginDialog <init>
INFO: Application User Log on UI...
Jan 4, 2015 8:04:28 AM org.lown.consultancy.accounts.dao.UserDAO getUserRoleMap
INFO: Getting user roles.. 
Jan 4, 2015 8:04:28 AM org.lown.consultancy.accounts.Sql createStatement
INFO: Creating Statement...
Jan 4, 2015 8:04:28 AM org.lown.consultancy.accounts.Sql getConnection
INFO: Opening Connection to the Database
Jan 4, 2015 8:04:32 AM org.lown.consultancy.accounts.dao.UserDAO getUser
INFO: Getting user Details given username and pass... 
Jan 4, 2015 8:04:32 AM org.lown.consultancy.accounts.Sql createStatement
INFO: Creating Statement...
Jan 4, 2015 8:04:32 AM org.lown.consultancy.accounts.dialog.LoginDialog actionPerformed
INFO: Sucessfull Log on... Loading Main Menu
Jan 4, 2015 8:04:32 AM org.lown.consultancy.accounts.dialog.LoginDialog actionPerformed
INFO: User: super Login  Sucessfull
Jan 4, 2015 8:04:32 AM org.lown.consultancy.accounts.dao.UserDAO getUserRole
INFO: Getting user Details given username and pass... 
Jan 4, 2015 8:04:32 AM org.lown.consultancy.accounts.Sql createStatement
INFO: Creating Statement...
Jan 4, 2015 8:04:32 AM org.lown.consultancy.accounts.dao.CompanyDAO getCompanyDetails
INFO: Loading Global Properties... 
Jan 4, 2015 8:04:32 AM org.lown.consultancy.accounts.Sql createStatement
INFO: Creating Statement...
Jan 4, 2015 8:04:32 AM org.lown.consultancy.accounts.dao.PurchasesDAO getOverDueSupplierInvoices
INFO: Getting the Number of Ovedue Invoices (Unpaid Invoices and the due date less than the curren tdate)... 
Jan 4, 2015 8:04:32 AM org.lown.consultancy.accounts.Sql createStatement
INFO: Creating Statement...
Jan 4, 2015 8:04:32 AM org.lown.consultancy.accounts.dao.PurchasesDAO getPendingSupplierInvoices
INFO: Getting the Number of Pending Invoices (Unpaid Invoices)... 
Jan 4, 2015 8:04:32 AM org.lown.consultancy.accounts.Sql createStatement
INFO: Creating Statement...
Jan 4, 2015 8:04:32 AM org.lown.consultancy.accounts.dao.SalesDAO getOverDueInvoices
INFO: Getting the Number of Ovedue Invoices (Unpaid Invoices and the due date less than the curren tdate)... 
Jan 4, 2015 8:04:32 AM org.lown.consultancy.accounts.Sql createStatement
INFO: Creating Statement...
Jan 4, 2015 8:04:32 AM org.lown.consultancy.accounts.dao.SalesDAO getPendingInvoices
INFO: Getting the Number of Pending Invoices (Unpaid Invoices)... 
Jan 4, 2015 8:04:32 AM org.lown.consultancy.accounts.Sql createStatement
INFO: Creating Statement...
Jan 4, 2015 8:04:32 AM org.lown.consultancy.accounts.dao.StockDAO getPendingStockItems
INFO: Getting Category Details given the internal DB id... 
Jan 4, 2015 8:04:32 AM org.lown.consultancy.accounts.Sql createStatement
INFO: Creating Statement...
Jan 4, 2015 8:04:41 AM org.lown.consultancy.accounts.dialog.LoginDialog createAndShowGUI
INFO: Loading The Log on Page
Jan 4, 2015 8:06:12 AM org.lown.consultancy.accounts.AccountsManagement main
INFO: LOWN Accounting Application logs...
Jan 4, 2015 8:06:12 AM org.lown.consultancy.accounts.AccountsManagement main
INFO: Application Starting...
Jan 4, 2015 8:06:12 AM org.lown.consultancy.accounts.dialog.LoginDialog <init>
INFO: Application User Log on UI...
Jan 4, 2015 8:06:12 AM org.lown.consultancy.accounts.dao.UserDAO getUserRoleMap
INFO: Getting user roles.. 
Jan 4, 2015 8:06:12 AM org.lown.consultancy.accounts.Sql createStatement
INFO: Creating Statement...
Jan 4, 2015 8:06:12 AM org.lown.consultancy.accounts.Sql getConnection
INFO: Opening Connection to the Database
Jan 4, 2015 8:06:17 AM org.lown.consultancy.accounts.dao.UserDAO getUser
INFO: Getting user Details given username and pass... 
Jan 4, 2015 8:06:17 AM org.lown.consultancy.accounts.Sql createStatement
INFO: Creating Statement...
Jan 4, 2015 8:06:17 AM org.lown.consultancy.accounts.dialog.LoginDialog actionPerformed
INFO: Sucessfull Log on... Loading Main Menu
Jan 4, 2015 8:06:17 AM org.lown.consultancy.accounts.dialog.LoginDialog actionPerformed
INFO: User: super Login  Sucessfull
Jan 4, 2015 8:06:17 AM org.lown.consultancy.accounts.dao.UserDAO getUserRole
INFO: Getting user Details given username and pass... 
Jan 4, 2015 8:06:17 AM org.lown.consultancy.accounts.Sql createStatement
INFO: Creating Statement...
Jan 4, 2015 8:06:18 AM org.lown.consultancy.accounts.dao.CompanyDAO getCompanyDetails
INFO: Loading Global Properties... 
Jan 4, 2015 8:06:18 AM org.lown.consultancy.accounts.Sql createStatement
INFO: Creating Statement...
Jan 4, 2015 8:06:18 AM org.lown.consultancy.accounts.dao.PurchasesDAO getOverDueSupplierInvoices
INFO: Getting the Number of Ovedue Invoices (Unpaid Invoices and the due date less than the curren tdate)... 
Jan 4, 2015 8:06:18 AM org.lown.consultancy.accounts.Sql createStatement
INFO: Creating Statement...
Jan 4, 2015 8:06:18 AM org.lown.consultancy.accounts.dao.PurchasesDAO getPendingSupplierInvoices
INFO: Getting the Number of Pending Invoices (Unpaid Invoices)... 
Jan 4, 2015 8:06:18 AM org.lown.consultancy.accounts.Sql createStatement
INFO: Creating Statement...
Jan 4, 2015 8:06:18 AM org.lown.consultancy.accounts.dao.SalesDAO getOverDueInvoices
INFO: Getting the Number of Ovedue Invoices (Unpaid Invoices and the due date less than the curren tdate)... 
Jan 4, 2015 8:06:18 AM org.lown.consultancy.accounts.Sql createStatement
INFO: Creating Statement...
Jan 4, 2015 8:06:18 AM org.lown.consultancy.accounts.dao.SalesDAO getPendingInvoices
INFO: Getting the Number of Pending Invoices (Unpaid Invoices)... 
Jan 4, 2015 8:06:18 AM org.lown.consultancy.accounts.Sql createStatement
INFO: Creating Statement...
Jan 4, 2015 8:06:18 AM org.lown.consultancy.accounts.dao.StockDAO getPendingStockItems
INFO: Getting Category Details given the internal DB id... 
Jan 4, 2015 8:06:18 AM org.lown.consultancy.accounts.Sql createStatement
INFO: Creating Statement...
Jan 4, 2015 8:06:33 AM org.lown.consultancy.accounts.dialog.MainMenu actionPerformed
INFO: Exiting Accounts Management Application... 
Jan 4, 2015 8:06:33 AM org.lown.consultancy.accounts.dialog.LoginDialog createAndShowGUI
INFO: Loading The Log on Page
Jan 4, 2015 8:10:01 AM org.lown.consultancy.accounts.AccountsManagement main
INFO: LOWN Accounting Application logs...
Jan 4, 2015 8:10:01 AM org.lown.consultancy.accounts.AccountsManagement main
INFO: Application Starting...
Jan 4, 2015 8:10:01 AM org.lown.consultancy.accounts.dialog.LoginDialog <init>
INFO: Application User Log on UI...
Jan 4, 2015 8:10:01 AM org.lown.consultancy.accounts.dao.UserDAO getUserRoleMap
INFO: Getting user roles.. 
Jan 4, 2015 8:10:01 AM org.lown.consultancy.accounts.Sql createStatement
INFO: Creating Statement...
Jan 4, 2015 8:10:02 AM org.lown.consultancy.accounts.Sql getConnection
INFO: Opening Connection to the Database
Jan 4, 2015 8:10:08 AM org.lown.consultancy.accounts.dao.UserDAO getUser
INFO: Getting user Details given username and pass... 
Jan 4, 2015 8:10:08 AM org.lown.consultancy.accounts.Sql createStatement
INFO: Creating Statement...
Jan 4, 2015 8:10:08 AM org.lown.consultancy.accounts.dialog.LoginDialog actionPerformed
INFO: Sucessfull Log on... Loading Main Menu
Jan 4, 2015 8:10:08 AM org.lown.consultancy.accounts.dialog.LoginDialog actionPerformed
INFO: User: super Login  Sucessfull
Jan 4, 2015 8:10:08 AM org.lown.consultancy.accounts.dao.UserDAO getUserRole
INFO: Getting user Details given username and pass... 
Jan 4, 2015 8:10:08 AM org.lown.consultancy.accounts.Sql createStatement
INFO: Creating Statement...
Jan 4, 2015 8:10:08 AM org.lown.consultancy.accounts.dao.CompanyDAO getCompanyDetails
INFO: Loading Global Properties... 
Jan 4, 2015 8:10:08 AM org.lown.consultancy.accounts.Sql createStatement
INFO: Creating Statement...
Jan 4, 2015 8:10:08 AM org.lown.consultancy.accounts.dao.PurchasesDAO getOverDueSupplierInvoices
INFO: Getting the Number of Ovedue Invoices (Unpaid Invoices and the due date less than the curren tdate)... 
Jan 4, 2015 8:10:08 AM org.lown.consultancy.accounts.Sql createStatement
INFO: Creating Statement...
Jan 4, 2015 8:10:08 AM org.lown.consultancy.accounts.dao.PurchasesDAO getPendingSupplierInvoices
INFO: Getting the Number of Pending Invoices (Unpaid Invoices)... 
Jan 4, 2015 8:10:08 AM org.lown.consultancy.accounts.Sql createStatement
INFO: Creating Statement...
Jan 4, 2015 8:10:08 AM org.lown.consultancy.accounts.dao.SalesDAO getOverDueInvoices
INFO: Getting the Number of Ovedue Invoices (Unpaid Invoices and the due date less than the curren tdate)... 
Jan 4, 2015 8:10:08 AM org.lown.consultancy.accounts.Sql createStatement
INFO: Creating Statement...
Jan 4, 2015 8:10:08 AM org.lown.consultancy.accounts.dao.SalesDAO getPendingInvoices
INFO: Getting the Number of Pending Invoices (Unpaid Invoices)... 
Jan 4, 2015 8:10:08 AM org.lown.consultancy.accounts.Sql createStatement
INFO: Creating Statement...
Jan 4, 2015 8:10:08 AM org.lown.consultancy.accounts.dao.StockDAO getPendingStockItems
INFO: Getting Category Details given the internal DB id... 
Jan 4, 2015 8:10:08 AM org.lown.consultancy.accounts.Sql createStatement
INFO: Creating Statement...
Jan 4, 2015 8:10:27 AM org.lown.consultancy.accounts.dialog.MainMenu actionPerformed
INFO: Loading Customer Dashboard Dialog form... 
Jan 4, 2015 8:10:27 AM org.lown.consultancy.accounts.dialog.CustomerDashboard createAndShowGUI
INFO: Loading CustomerDashboard Dialog
Jan 4, 2015 8:10:27 AM org.lown.consultancy.accounts.tables.TransactionsTable <init>
INFO: Creating Transactions Table UI...
Jan 4, 2015 8:10:27 AM org.lown.consultancy.accounts.tables.CustomerListTable <init>
INFO: Creating Find Table UI...
Jan 4, 2015 8:11:21 AM org.lown.consultancy.accounts.dialog.MainMenu actionPerformed
INFO: Exiting Accounts Management Application... 
Jan 4, 2015 8:11:21 AM org.lown.consultancy.accounts.dialog.LoginDialog createAndShowGUI
INFO: Loading The Log on Page
Jan 4, 2015 8:24:19 AM org.lown.consultancy.accounts.AccountsManagement main
INFO: LOWN Accounting Application logs...
Jan 4, 2015 8:24:19 AM org.lown.consultancy.accounts.AccountsManagement main
INFO: Application Starting...
Jan 4, 2015 8:24:19 AM org.lown.consultancy.accounts.dialog.LoginDialog <init>
INFO: Application User Log on UI...
Jan 4, 2015 8:24:19 AM org.lown.consultancy.accounts.dao.UserDAO getUserRoleMap
INFO: Getting user roles.. 
Jan 4, 2015 8:24:19 AM org.lown.consultancy.accounts.Sql createStatement
INFO: Creating Statement...
Jan 4, 2015 8:24:19 AM org.lown.consultancy.accounts.Sql getConnection
INFO: Opening Connection to the Database
Jan 4, 2015 8:24:23 AM org.lown.consultancy.accounts.dao.UserDAO getUser
INFO: Getting user Details given username and pass... 
Jan 4, 2015 8:24:23 AM org.lown.consultancy.accounts.Sql createStatement
INFO: Creating Statement...
Jan 4, 2015 8:24:23 AM org.lown.consultancy.accounts.dialog.LoginDialog actionPerformed
INFO: Sucessfull Log on... Loading Main Menu
Jan 4, 2015 8:24:23 AM org.lown.consultancy.accounts.dialog.LoginDialog actionPerformed
INFO: User: super Login  Sucessfull
Jan 4, 2015 8:24:23 AM org.lown.consultancy.accounts.dao.UserDAO getUserRole
INFO: Getting user Details given username and pass... 
Jan 4, 2015 8:24:23 AM org.lown.consultancy.accounts.Sql createStatement
INFO: Creating Statement...
Jan 4, 2015 8:24:23 AM org.lown.consultancy.accounts.dao.CompanyDAO getCompanyDetails
INFO: Loading Global Properties... 
Jan 4, 2015 8:24:23 AM org.lown.consultancy.accounts.Sql createStatement
INFO: Creating Statement...
Jan 4, 2015 8:24:23 AM org.lown.consultancy.accounts.dao.PurchasesDAO getOverDueSupplierInvoices
INFO: Getting the Number of Ovedue Invoices (Unpaid Invoices and the due date less than the curren tdate)... 
Jan 4, 2015 8:24:23 AM org.lown.consultancy.accounts.Sql createStatement
INFO: Creating Statement...
Jan 4, 2015 8:24:23 AM org.lown.consultancy.accounts.dao.PurchasesDAO getPendingSupplierInvoices
INFO: Getting the Number of Pending Invoices (Unpaid Invoices)... 
Jan 4, 2015 8:24:23 AM org.lown.consultancy.accounts.Sql createStatement
INFO: Creating Statement...
Jan 4, 2015 8:24:23 AM org.lown.consultancy.accounts.dao.SalesDAO getOverDueInvoices
INFO: Getting the Number of Ovedue Invoices (Unpaid Invoices and the due date less than the curren tdate)... 
Jan 4, 2015 8:24:23 AM org.lown.consultancy.accounts.Sql createStatement
INFO: Creating Statement...
Jan 4, 2015 8:24:23 AM org.lown.consultancy.accounts.dao.SalesDAO getPendingInvoices
INFO: Getting the Number of Pending Invoices (Unpaid Invoices)... 
Jan 4, 2015 8:24:23 AM org.lown.consultancy.accounts.Sql createStatement
INFO: Creating Statement...
Jan 4, 2015 8:24:23 AM org.lown.consultancy.accounts.dao.StockDAO getPendingStockItems
INFO: Getting Category Details given the internal DB id... 
Jan 4, 2015 8:24:23 AM org.lown.consultancy.accounts.Sql createStatement
INFO: Creating Statement...
Jan 4, 2015 8:24:26 AM org.lown.consultancy.accounts.dialog.MainMenu actionPerformed
INFO: Loading Customer Dashboard Dialog form... 
Jan 4, 2015 8:24:26 AM org.lown.consultancy.accounts.dialog.CustomerDashboard createAndShowGUI
INFO: Loading CustomerDashboard Dialog
Jan 4, 2015 8:24:26 AM org.lown.consultancy.accounts.tables.TransactionsTable <init>
INFO: Creating Transactions Table UI...
Jan 4, 2015 8:24:26 AM org.lown.consultancy.accounts.tables.CustomerListTable <init>
INFO: Creating Find Table UI...
Jan 4, 2015 8:24:53 AM org.lown.consultancy.accounts.dialog.MainMenu actionPerformed
INFO: Loading Supplier Dialog form... 
Jan 4, 2015 8:24:53 AM org.lown.consultancy.accounts.dialog.SupplierDashboard createAndShowGUI
INFO: Loading CustomerDashboard Dialog
Jan 4, 2015 8:24:53 AM org.lown.consultancy.accounts.tables.PurchasesTransactions <init>
INFO: Creating Purchases Transactions Table UI...
Jan 4, 2015 8:24:53 AM org.lown.consultancy.accounts.tables.SupplierList <init>
INFO: Creating Supplier Table UI...
Jan 4, 2015 8:25:11 AM org.lown.consultancy.accounts.dialog.SupplierDashboard actionPerformed
INFO: Closing Supplier Dashboard Dialog
Jan 4, 2015 8:25:14 AM org.lown.consultancy.accounts.dialog.MainMenu actionPerformed
INFO: Loading Stock Dialog form... 
Jan 4, 2015 8:25:14 AM org.lown.consultancy.accounts.dialog.StockItemDialog createAndShowGUI
INFO: Loading Stock Item Dialog
Jan 4, 2015 8:25:14 AM org.lown.consultancy.accounts.dialog.StockItemDialog <init>
INFO: Creating Manage Stock UI...
Jan 4, 2015 8:25:14 AM org.lown.consultancy.accounts.dao.ProductDAO getCategoryMap
INFO: Get List of all Product Category and put them in a hash map... 
Jan 4, 2015 8:25:14 AM org.lown.consultancy.accounts.dao.ProductDAO getCategoryMap
INFO: Executing Query: Select category_id,categoryname,categorycode from productcategory WHERE voided=0 
Jan 4, 2015 8:25:14 AM org.lown.consultancy.accounts.Sql createStatement
INFO: Creating Statement...
Jan 4, 2015 8:25:14 AM org.lown.consultancy.accounts.tables.StockItemTable <init>
INFO: Creating Stock Item List Table UI...
Jan 4, 2015 8:25:14 AM org.lown.consultancy.accounts.dao.StockDAO getAllStockItems
INFO: Getting Category Details given the internal DB id... 
Jan 4, 2015 8:25:14 AM org.lown.consultancy.accounts.Sql createStatement
INFO: Creating Statement...
Jan 4, 2015 8:25:14 AM org.lown.consultancy.accounts.dao.StockDAO getProductByStockId
INFO: Getting Category Details given the internal DB id... 
Jan 4, 2015 8:25:14 AM org.lown.consultancy.accounts.Sql createStatement
INFO: Creating Statement...
Jan 4, 2015 8:25:14 AM org.lown.consultancy.accounts.dao.ProductDAO getProductCategoryMap
INFO: Get List of all Product Category and put them in a hash map... 
Jan 4, 2015 8:25:14 AM org.lown.consultancy.accounts.dao.ProductDAO getProductCategoryMap
INFO: Executing Query: Select category_id,categoryname,categorycode from productcategory WHERE voided=0 
Jan 4, 2015 8:25:14 AM org.lown.consultancy.accounts.Sql createStatement
INFO: Creating Statement...
Jan 4, 2015 8:25:14 AM org.lown.consultancy.accounts.dao.ProductDAO getProductById
INFO: Getting Category Details given the internal DB id... 
Jan 4, 2015 8:25:14 AM org.lown.consultancy.accounts.Sql createStatement
INFO: Creating Statement...
Jan 4, 2015 8:25:14 AM org.lown.consultancy.accounts.dao.StockDAO getProductByStockId
INFO: Getting Category Details given the internal DB id... 
Jan 4, 2015 8:25:14 AM org.lown.consultancy.accounts.Sql createStatement
INFO: Creating Statement...
Jan 4, 2015 8:25:14 AM org.lown.consultancy.accounts.dao.ProductDAO getProductCategoryMap
INFO: Get List of all Product Category and put them in a hash map... 
Jan 4, 2015 8:25:14 AM org.lown.consultancy.accounts.dao.ProductDAO getProductCategoryMap
INFO: Executing Query: Select category_id,categoryname,categorycode from productcategory WHERE voided=0 
Jan 4, 2015 8:25:14 AM org.lown.consultancy.accounts.Sql createStatement
INFO: Creating Statement...
Jan 4, 2015 8:25:14 AM org.lown.consultancy.accounts.dao.ProductDAO getProductById
INFO: Getting Category Details given the internal DB id... 
Jan 4, 2015 8:25:14 AM org.lown.consultancy.accounts.Sql createStatement
INFO: Creating Statement...
Jan 4, 2015 8:25:14 AM org.lown.consultancy.accounts.dao.StockDAO getProductByStockId
INFO: Getting Category Details given the internal DB id... 
Jan 4, 2015 8:25:14 AM org.lown.consultancy.accounts.Sql createStatement
INFO: Creating Statement...
Jan 4, 2015 8:25:14 AM org.lown.consultancy.accounts.dao.ProductDAO getProductCategoryMap
INFO: Get List of all Product Category and put them in a hash map... 
Jan 4, 2015 8:25:14 AM org.lown.consultancy.accounts.dao.ProductDAO getProductCategoryMap
INFO: Executing Query: Select category_id,categoryname,categorycode from productcategory WHERE voided=0 
Jan 4, 2015 8:25:14 AM org.lown.consultancy.accounts.Sql createStatement
INFO: Creating Statement...
Jan 4, 2015 8:25:14 AM org.lown.consultancy.accounts.dao.ProductDAO getProductById
INFO: Getting Category Details given the internal DB id... 
Jan 4, 2015 8:25:14 AM org.lown.consultancy.accounts.Sql createStatement
INFO: Creating Statement...
Jan 4, 2015 8:25:14 AM org.lown.consultancy.accounts.dao.StockDAO getProductByStockId
INFO: Getting Category Details given the internal DB id... 
Jan 4, 2015 8:25:14 AM org.lown.consultancy.accounts.Sql createStatement
INFO: Creating Statement...
Jan 4, 2015 8:25:14 AM org.lown.consultancy.accounts.dao.ProductDAO getProductCategoryMap
INFO: Get List of all Product Category and put them in a hash map... 
Jan 4, 2015 8:25:14 AM org.lown.consultancy.accounts.dao.ProductDAO getProductCategoryMap
INFO: Executing Query: Select category_id,categoryname,categorycode from productcategory WHERE voided=0 
Jan 4, 2015 8:25:14 AM org.lown.consultancy.accounts.Sql createStatement
INFO: Creating Statement...
Jan 4, 2015 8:25:14 AM org.lown.consultancy.accounts.dao.ProductDAO getProductById
INFO: Getting Category Details given the internal DB id... 
Jan 4, 2015 8:25:14 AM org.lown.consultancy.accounts.Sql createStatement
INFO: Creating Statement...
Jan 4, 2015 8:25:14 AM org.lown.consultancy.accounts.dao.StockDAO getProductByStockId
INFO: Getting Category Details given the internal DB id... 
Jan 4, 2015 8:25:14 AM org.lown.consultancy.accounts.Sql createStatement
INFO: Creating Statement...
Jan 4, 2015 8:25:14 AM org.lown.consultancy.accounts.dao.ProductDAO getProductCategoryMap
INFO: Get List of all Product Category and put them in a hash map... 
Jan 4, 2015 8:25:14 AM org.lown.consultancy.accounts.dao.ProductDAO getProductCategoryMap
INFO: Executing Query: Select category_id,categoryname,categorycode from productcategory WHERE voided=0 
Jan 4, 2015 8:25:14 AM org.lown.consultancy.accounts.Sql createStatement
INFO: Creating Statement...
Jan 4, 2015 8:25:14 AM org.lown.consultancy.accounts.dao.ProductDAO getProductById
INFO: Getting Category Details given the internal DB id... 
Jan 4, 2015 8:25:14 AM org.lown.consultancy.accounts.Sql createStatement
INFO: Creating Statement...
Jan 4, 2015 8:25:14 AM org.lown.consultancy.accounts.dao.StockDAO getProductByStockId
INFO: Getting Category Details given the internal DB id... 
Jan 4, 2015 8:25:14 AM org.lown.consultancy.accounts.Sql createStatement
INFO: Creating Statement...
Jan 4, 2015 8:25:14 AM org.lown.consultancy.accounts.dao.ProductDAO getProductCategoryMap
INFO: Get List of all Product Category and put them in a hash map... 
Jan 4, 2015 8:25:14 AM org.lown.consultancy.accounts.dao.ProductDAO getProductCategoryMap
INFO: Executing Query: Select category_id,categoryname,categorycode from productcategory WHERE voided=0 
Jan 4, 2015 8:25:14 AM org.lown.consultancy.accounts.Sql createStatement
INFO: Creating Statement...
Jan 4, 2015 8:25:14 AM org.lown.consultancy.accounts.dao.ProductDAO getProductById
INFO: Getting Category Details given the internal DB id... 
Jan 4, 2015 8:25:14 AM org.lown.consultancy.accounts.Sql createStatement
INFO: Creating Statement...
Jan 4, 2015 8:25:14 AM org.lown.consultancy.accounts.dao.StockDAO getProductByStockId
INFO: Getting Category Details given the internal DB id... 
Jan 4, 2015 8:25:14 AM org.lown.consultancy.accounts.Sql createStatement
INFO: Creating Statement...
Jan 4, 2015 8:25:14 AM org.lown.consultancy.accounts.dao.ProductDAO getProductCategoryMap
INFO: Get List of all Product Category and put them in a hash map... 
Jan 4, 2015 8:25:14 AM org.lown.consultancy.accounts.dao.ProductDAO getProductCategoryMap
INFO: Executing Query: Select category_id,categoryname,categorycode from productcategory WHERE voided=0 
Jan 4, 2015 8:25:14 AM org.lown.consultancy.accounts.Sql createStatement
INFO: Creating Statement...
Jan 4, 2015 8:25:14 AM org.lown.consultancy.accounts.dao.ProductDAO getProductById
INFO: Getting Category Details given the internal DB id... 
Jan 4, 2015 8:25:14 AM org.lown.consultancy.accounts.Sql createStatement
INFO: Creating Statement...
Jan 4, 2015 8:25:14 AM org.lown.consultancy.accounts.dao.StockDAO getProductByStockId
INFO: Getting Category Details given the internal DB id... 
Jan 4, 2015 8:25:14 AM org.lown.consultancy.accounts.Sql createStatement
INFO: Creating Statement...
Jan 4, 2015 8:25:14 AM org.lown.consultancy.accounts.dao.ProductDAO getProductCategoryMap
INFO: Get List of all Product Category and put them in a hash map... 
Jan 4, 2015 8:25:14 AM org.lown.consultancy.accounts.dao.ProductDAO getProductCategoryMap
INFO: Executing Query: Select category_id,categoryname,categorycode from productcategory WHERE voided=0 
Jan 4, 2015 8:25:14 AM org.lown.consultancy.accounts.Sql createStatement
INFO: Creating Statement...
Jan 4, 2015 8:25:14 AM org.lown.consultancy.accounts.dao.ProductDAO getProductById
INFO: Getting Category Details given the internal DB id... 
Jan 4, 2015 8:25:14 AM org.lown.consultancy.accounts.Sql createStatement
INFO: Creating Statement...
Jan 4, 2015 8:25:14 AM org.lown.consultancy.accounts.dao.StockDAO getProductByStockId
INFO: Getting Category Details given the internal DB id... 
Jan 4, 2015 8:25:14 AM org.lown.consultancy.accounts.Sql createStatement
INFO: Creating Statement...
Jan 4, 2015 8:25:14 AM org.lown.consultancy.accounts.dao.ProductDAO getProductCategoryMap
INFO: Get List of all Product Category and put them in a hash map... 
Jan 4, 2015 8:25:14 AM org.lown.consultancy.accounts.dao.ProductDAO getProductCategoryMap
INFO: Executing Query: Select category_id,categoryname,categorycode from productcategory WHERE voided=0 
Jan 4, 2015 8:25:14 AM org.lown.consultancy.accounts.Sql createStatement
INFO: Creating Statement...
Jan 4, 2015 8:25:14 AM org.lown.consultancy.accounts.dao.ProductDAO getProductById
INFO: Getting Category Details given the internal DB id... 
Jan 4, 2015 8:25:14 AM org.lown.consultancy.accounts.Sql createStatement
INFO: Creating Statement...
Jan 4, 2015 8:25:14 AM org.lown.consultancy.accounts.dao.StockDAO getProductByStockId
INFO: Getting Category Details given the internal DB id... 
Jan 4, 2015 8:25:14 AM org.lown.consultancy.accounts.Sql createStatement
INFO: Creating Statement...
Jan 4, 2015 8:25:14 AM org.lown.consultancy.accounts.dao.ProductDAO getProductCategoryMap
INFO: Get List of all Product Category and put them in a hash map... 
Jan 4, 2015 8:25:14 AM org.lown.consultancy.accounts.dao.ProductDAO getProductCategoryMap
INFO: Executing Query: Select category_id,categoryname,categorycode from productcategory WHERE voided=0 
Jan 4, 2015 8:25:14 AM org.lown.consultancy.accounts.Sql createStatement
INFO: Creating Statement...
Jan 4, 2015 8:25:14 AM org.lown.consultancy.accounts.dao.ProductDAO getProductById
INFO: Getting Category Details given the internal DB id... 
Jan 4, 2015 8:25:14 AM org.lown.consultancy.accounts.Sql createStatement
INFO: Creating Statement...
Jan 4, 2015 8:25:14 AM org.lown.consultancy.accounts.dao.StockDAO getProductByStockId
INFO: Getting Category Details given the internal DB id... 
Jan 4, 2015 8:25:14 AM org.lown.consultancy.accounts.Sql createStatement
INFO: Creating Statement...
Jan 4, 2015 8:25:14 AM org.lown.consultancy.accounts.dao.ProductDAO getProductCategoryMap
INFO: Get List of all Product Category and put them in a hash map... 
Jan 4, 2015 8:25:14 AM org.lown.consultancy.accounts.dao.ProductDAO getProductCategoryMap
INFO: Executing Query: Select category_id,categoryname,categorycode from productcategory WHERE voided=0 
Jan 4, 2015 8:25:14 AM org.lown.consultancy.accounts.Sql createStatement
INFO: Creating Statement...
Jan 4, 2015 8:25:14 AM org.lown.consultancy.accounts.dao.ProductDAO getProductById
INFO: Getting Category Details given the internal DB id... 
Jan 4, 2015 8:25:14 AM org.lown.consultancy.accounts.Sql createStatement
INFO: Creating Statement...
Jan 4, 2015 8:25:14 AM org.lown.consultancy.accounts.dao.StockDAO getProductByStockId
INFO: Getting Category Details given the internal DB id... 
Jan 4, 2015 8:25:14 AM org.lown.consultancy.accounts.Sql createStatement
INFO: Creating Statement...
Jan 4, 2015 8:25:14 AM org.lown.consultancy.accounts.dao.ProductDAO getProductCategoryMap
INFO: Get List of all Product Category and put them in a hash map... 
Jan 4, 2015 8:25:14 AM org.lown.consultancy.accounts.dao.ProductDAO getProductCategoryMap
INFO: Executing Query: Select category_id,categoryname,categorycode from productcategory WHERE voided=0 
Jan 4, 2015 8:25:14 AM org.lown.consultancy.accounts.Sql createStatement
INFO: Creating Statement...
Jan 4, 2015 8:25:14 AM org.lown.consultancy.accounts.dao.ProductDAO getProductById
INFO: Getting Category Details given the internal DB id... 
Jan 4, 2015 8:25:14 AM org.lown.consultancy.accounts.Sql createStatement
INFO: Creating Statement...
Jan 4, 2015 8:25:14 AM org.lown.consultancy.accounts.dao.StockDAO getProductByStockId
INFO: Getting Category Details given the internal DB id... 
Jan 4, 2015 8:25:14 AM org.lown.consultancy.accounts.Sql createStatement
INFO: Creating Statement...
Jan 4, 2015 8:25:14 AM org.lown.consultancy.accounts.dao.ProductDAO getProductCategoryMap
INFO: Get List of all Product Category and put them in a hash map... 
Jan 4, 2015 8:25:14 AM org.lown.consultancy.accounts.dao.ProductDAO getProductCategoryMap
INFO: Executing Query: Select category_id,categoryname,categorycode from productcategory WHERE voided=0 
Jan 4, 2015 8:25:14 AM org.lown.consultancy.accounts.Sql createStatement
INFO: Creating Statement...
Jan 4, 2015 8:25:14 AM org.lown.consultancy.accounts.dao.ProductDAO getProductById
INFO: Getting Category Details given the internal DB id... 
Jan 4, 2015 8:25:14 AM org.lown.consultancy.accounts.Sql createStatement
INFO: Creating Statement...
Jan 4, 2015 8:25:14 AM org.lown.consultancy.accounts.dao.StockDAO getProductByStockId
INFO: Getting Category Details given the internal DB id... 
Jan 4, 2015 8:25:14 AM org.lown.consultancy.accounts.Sql createStatement
INFO: Creating Statement...
Jan 4, 2015 8:25:14 AM org.lown.consultancy.accounts.dao.ProductDAO getProductCategoryMap
INFO: Get List of all Product Category and put them in a hash map... 
Jan 4, 2015 8:25:14 AM org.lown.consultancy.accounts.dao.ProductDAO getProductCategoryMap
INFO: Executing Query: Select category_id,categoryname,categorycode from productcategory WHERE voided=0 
Jan 4, 2015 8:25:14 AM org.lown.consultancy.accounts.Sql createStatement
INFO: Creating Statement...
Jan 4, 2015 8:25:14 AM org.lown.consultancy.accounts.dao.ProductDAO getProductById
INFO: Getting Category Details given the internal DB id... 
Jan 4, 2015 8:25:14 AM org.lown.consultancy.accounts.Sql createStatement
INFO: Creating Statement...
Jan 4, 2015 8:25:32 AM org.lown.consultancy.accounts.dao.StockDAO getStockItemsByName
INFO: Getting Category Details given the internal DB id... 
Jan 4, 2015 8:25:32 AM org.lown.consultancy.accounts.Sql createStatement
INFO: Creating Statement...
Jan 4, 2015 8:25:32 AM org.lown.consultancy.accounts.dao.StockDAO getProductByStockId
INFO: Getting Category Details given the internal DB id... 
Jan 4, 2015 8:25:32 AM org.lown.consultancy.accounts.Sql createStatement
INFO: Creating Statement...
Jan 4, 2015 8:25:32 AM org.lown.consultancy.accounts.dao.ProductDAO getProductCategoryMap
INFO: Get List of all Product Category and put them in a hash map... 
Jan 4, 2015 8:25:32 AM org.lown.consultancy.accounts.dao.ProductDAO getProductCategoryMap
INFO: Executing Query: Select category_id,categoryname,categorycode from productcategory WHERE voided=0 
Jan 4, 2015 8:25:32 AM org.lown.consultancy.accounts.Sql createStatement
INFO: Creating Statement...
Jan 4, 2015 8:25:32 AM org.lown.consultancy.accounts.dao.ProductDAO getProductById
INFO: Getting Category Details given the internal DB id... 
Jan 4, 2015 8:25:32 AM org.lown.consultancy.accounts.Sql createStatement
INFO: Creating Statement...
Jan 4, 2015 8:25:34 AM org.lown.consultancy.accounts.dao.StockDAO getAllStockItems
INFO: Getting Category Details given the internal DB id... 
Jan 4, 2015 8:25:34 AM org.lown.consultancy.accounts.Sql createStatement
INFO: Creating Statement...
Jan 4, 2015 8:25:34 AM org.lown.consultancy.accounts.dao.StockDAO getProductByStockId
INFO: Getting Category Details given the internal DB id... 
Jan 4, 2015 8:25:34 AM org.lown.consultancy.accounts.Sql createStatement
INFO: Creating Statement...
Jan 4, 2015 8:25:34 AM org.lown.consultancy.accounts.dao.ProductDAO getProductCategoryMap
INFO: Get List of all Product Category and put them in a hash map... 
Jan 4, 2015 8:25:34 AM org.lown.consultancy.accounts.dao.ProductDAO getProductCategoryMap
INFO: Executing Query: Select category_id,categoryname,categorycode from productcategory WHERE voided=0 
Jan 4, 2015 8:25:34 AM org.lown.consultancy.accounts.Sql createStatement
INFO: Creating Statement...
Jan 4, 2015 8:25:34 AM org.lown.consultancy.accounts.dao.ProductDAO getProductById
INFO: Getting Category Details given the internal DB id... 
Jan 4, 2015 8:25:34 AM org.lown.consultancy.accounts.Sql createStatement
INFO: Creating Statement...
Jan 4, 2015 8:25:34 AM org.lown.consultancy.accounts.dao.StockDAO getProductByStockId
INFO: Getting Category Details given the internal DB id... 
Jan 4, 2015 8:25:34 AM org.lown.consultancy.accounts.Sql createStatement
INFO: Creating Statement...
Jan 4, 2015 8:25:34 AM org.lown.consultancy.accounts.dao.ProductDAO getProductCategoryMap
INFO: Get List of all Product Category and put them in a hash map... 
Jan 4, 2015 8:25:34 AM org.lown.consultancy.accounts.dao.ProductDAO getProductCategoryMap
INFO: Executing Query: Select category_id,categoryname,categorycode from productcategory WHERE voided=0 
Jan 4, 2015 8:25:34 AM org.lown.consultancy.accounts.Sql createStatement
INFO: Creating Statement...
Jan 4, 2015 8:25:34 AM org.lown.consultancy.accounts.dao.ProductDAO getProductById
INFO: Getting Category Details given the internal DB id... 
Jan 4, 2015 8:25:34 AM org.lown.consultancy.accounts.Sql createStatement
INFO: Creating Statement...
Jan 4, 2015 8:25:34 AM org.lown.consultancy.accounts.dao.StockDAO getProductByStockId
INFO: Getting Category Details given the internal DB id... 
Jan 4, 2015 8:25:34 AM org.lown.consultancy.accounts.Sql createStatement
INFO: Creating Statement...
Jan 4, 2015 8:25:34 AM org.lown.consultancy.accounts.dao.ProductDAO getProductCategoryMap
INFO: Get List of all Product Category and put them in a hash map... 
Jan 4, 2015 8:25:34 AM org.lown.consultancy.accounts.dao.ProductDAO getProductCategoryMap
INFO: Executing Query: Select category_id,categoryname,categorycode from productcategory WHERE voided=0 
Jan 4, 2015 8:25:34 AM org.lown.consultancy.accounts.Sql createStatement
INFO: Creating Statement...
Jan 4, 2015 8:25:34 AM org.lown.consultancy.accounts.dao.ProductDAO getProductById
INFO: Getting Category Details given the internal DB id... 
Jan 4, 2015 8:25:34 AM org.lown.consultancy.accounts.Sql createStatement
INFO: Creating Statement...
Jan 4, 2015 8:25:34 AM org.lown.consultancy.accounts.dao.StockDAO getProductByStockId
INFO: Getting Category Details given the internal DB id... 
Jan 4, 2015 8:25:34 AM org.lown.consultancy.accounts.Sql createStatement
INFO: Creating Statement...
Jan 4, 2015 8:25:34 AM org.lown.consultancy.accounts.dao.ProductDAO getProductCategoryMap
INFO: Get List of all Product Category and put them in a hash map... 
Jan 4, 2015 8:25:34 AM org.lown.consultancy.accounts.dao.ProductDAO getProductCategoryMap
INFO: Executing Query: Select category_id,categoryname,categorycode from productcategory WHERE voided=0 
Jan 4, 2015 8:25:34 AM org.lown.consultancy.accounts.Sql createStatement
INFO: Creating Statement...
Jan 4, 2015 8:25:34 AM org.lown.consultancy.accounts.dao.ProductDAO getProductById
INFO: Getting Category Details given the internal DB id... 
Jan 4, 2015 8:25:34 AM org.lown.consultancy.accounts.Sql createStatement
INFO: Creating Statement...
Jan 4, 2015 8:25:34 AM org.lown.consultancy.accounts.dao.StockDAO getProductByStockId
INFO: Getting Category Details given the internal DB id... 
Jan 4, 2015 8:25:34 AM org.lown.consultancy.accounts.Sql createStatement
INFO: Creating Statement...
Jan 4, 2015 8:25:34 AM org.lown.consultancy.accounts.dao.ProductDAO getProductCategoryMap
INFO: Get List of all Product Category and put them in a hash map... 
Jan 4, 2015 8:25:34 AM org.lown.consultancy.accounts.dao.ProductDAO getProductCategoryMap
INFO: Executing Query: Select category_id,categoryname,categorycode from productcategory WHERE voided=0 
Jan 4, 2015 8:25:34 AM org.lown.consultancy.accounts.Sql createStatement
INFO: Creating Statement...
Jan 4, 2015 8:25:34 AM org.lown.consultancy.accounts.dao.ProductDAO getProductById
INFO: Getting Category Details given the internal DB id... 
Jan 4, 2015 8:25:34 AM org.lown.consultancy.accounts.Sql createStatement
INFO: Creating Statement...
Jan 4, 2015 8:25:34 AM org.lown.consultancy.accounts.dao.StockDAO getProductByStockId
INFO: Getting Category Details given the internal DB id... 
Jan 4, 2015 8:25:34 AM org.lown.consultancy.accounts.Sql createStatement
INFO: Creating Statement...
Jan 4, 2015 8:25:34 AM org.lown.consultancy.accounts.dao.ProductDAO getProductCategoryMap
INFO: Get List of all Product Category and put them in a hash map... 
Jan 4, 2015 8:25:34 AM org.lown.consultancy.accounts.dao.ProductDAO getProductCategoryMap
INFO: Executing Query: Select category_id,categoryname,categorycode from productcategory WHERE voided=0 
Jan 4, 2015 8:25:34 AM org.lown.consultancy.accounts.Sql createStatement
INFO: Creating Statement...
Jan 4, 2015 8:25:34 AM org.lown.consultancy.accounts.dao.ProductDAO getProductById
INFO: Getting Category Details given the internal DB id... 
Jan 4, 2015 8:25:34 AM org.lown.consultancy.accounts.Sql createStatement
INFO: Creating Statement...
Jan 4, 2015 8:25:34 AM org.lown.consultancy.accounts.dao.StockDAO getProductByStockId
INFO: Getting Category Details given the internal DB id... 
Jan 4, 2015 8:25:34 AM org.lown.consultancy.accounts.Sql createStatement
INFO: Creating Statement...
Jan 4, 2015 8:25:34 AM org.lown.consultancy.accounts.dao.ProductDAO getProductCategoryMap
INFO: Get List of all Product Category and put them in a hash map... 
Jan 4, 2015 8:25:34 AM org.lown.consultancy.accounts.dao.ProductDAO getProductCategoryMap
INFO: Executing Query: Select category_id,categoryname,categorycode from productcategory WHERE voided=0 
Jan 4, 2015 8:25:34 AM org.lown.consultancy.accounts.Sql createStatement
INFO: Creating Statement...
Jan 4, 2015 8:25:34 AM org.lown.consultancy.accounts.dao.ProductDAO getProductById
INFO: Getting Category Details given the internal DB id... 
Jan 4, 2015 8:25:34 AM org.lown.consultancy.accounts.Sql createStatement
INFO: Creating Statement...
Jan 4, 2015 8:25:34 AM org.lown.consultancy.accounts.dao.StockDAO getProductByStockId
INFO: Getting Category Details given the internal DB id... 
Jan 4, 2015 8:25:34 AM org.lown.consultancy.accounts.Sql createStatement
INFO: Creating Statement...
Jan 4, 2015 8:25:34 AM org.lown.consultancy.accounts.dao.ProductDAO getProductCategoryMap
INFO: Get List of all Product Category and put them in a hash map... 
Jan 4, 2015 8:25:34 AM org.lown.consultancy.accounts.dao.ProductDAO getProductCategoryMap
INFO: Executing Query: Select category_id,categoryname,categorycode from productcategory WHERE voided=0 
Jan 4, 2015 8:25:34 AM org.lown.consultancy.accounts.Sql createStatement
INFO: Creating Statement...
Jan 4, 2015 8:25:34 AM org.lown.consultancy.accounts.dao.ProductDAO getProductById
INFO: Getting Category Details given the internal DB id... 
Jan 4, 2015 8:25:34 AM org.lown.consultancy.accounts.Sql createStatement
INFO: Creating Statement...
Jan 4, 2015 8:25:34 AM org.lown.consultancy.accounts.dao.StockDAO getProductByStockId
INFO: Getting Category Details given the internal DB id... 
Jan 4, 2015 8:25:34 AM org.lown.consultancy.accounts.Sql createStatement
INFO: Creating Statement...
Jan 4, 2015 8:25:34 AM org.lown.consultancy.accounts.dao.ProductDAO getProductCategoryMap
INFO: Get List of all Product Category and put them in a hash map... 
Jan 4, 2015 8:25:34 AM org.lown.consultancy.accounts.dao.ProductDAO getProductCategoryMap
INFO: Executing Query: Select category_id,categoryname,categorycode from productcategory WHERE voided=0 
Jan 4, 2015 8:25:34 AM org.lown.consultancy.accounts.Sql createStatement
INFO: Creating Statement...
Jan 4, 2015 8:25:34 AM org.lown.consultancy.accounts.dao.ProductDAO getProductById
INFO: Getting Category Details given the internal DB id... 
Jan 4, 2015 8:25:34 AM org.lown.consultancy.accounts.Sql createStatement
INFO: Creating Statement...
Jan 4, 2015 8:25:34 AM org.lown.consultancy.accounts.dao.StockDAO getProductByStockId
INFO: Getting Category Details given the internal DB id... 
Jan 4, 2015 8:25:34 AM org.lown.consultancy.accounts.Sql createStatement
INFO: Creating Statement...
Jan 4, 2015 8:25:34 AM org.lown.consultancy.accounts.dao.ProductDAO getProductCategoryMap
INFO: Get List of all Product Category and put them in a hash map... 
Jan 4, 2015 8:25:34 AM org.lown.consultancy.accounts.dao.ProductDAO getProductCategoryMap
INFO: Executing Query: Select category_id,categoryname,categorycode from productcategory WHERE voided=0 
Jan 4, 2015 8:25:34 AM org.lown.consultancy.accounts.Sql createStatement
INFO: Creating Statement...
Jan 4, 2015 8:25:34 AM org.lown.consultancy.accounts.dao.ProductDAO getProductById
INFO: Getting Category Details given the internal DB id... 
Jan 4, 2015 8:25:34 AM org.lown.consultancy.accounts.Sql createStatement
INFO: Creating Statement...
Jan 4, 2015 8:25:34 AM org.lown.consultancy.accounts.dao.StockDAO getProductByStockId
INFO: Getting Category Details given the internal DB id... 
Jan 4, 2015 8:25:34 AM org.lown.consultancy.accounts.Sql createStatement
INFO: Creating Statement...
Jan 4, 2015 8:25:34 AM org.lown.consultancy.accounts.dao.ProductDAO getProductCategoryMap
INFO: Get List of all Product Category and put them in a hash map... 
Jan 4, 2015 8:25:34 AM org.lown.consultancy.accounts.dao.ProductDAO getProductCategoryMap
INFO: Executing Query: Select category_id,categoryname,categorycode from productcategory WHERE voided=0 
Jan 4, 2015 8:25:34 AM org.lown.consultancy.accounts.Sql createStatement
INFO: Creating Statement...
Jan 4, 2015 8:25:34 AM org.lown.consultancy.accounts.dao.ProductDAO getProductById
INFO: Getting Category Details given the internal DB id... 
Jan 4, 2015 8:25:34 AM org.lown.consultancy.accounts.Sql createStatement
INFO: Creating Statement...
Jan 4, 2015 8:25:34 AM org.lown.consultancy.accounts.dao.StockDAO getProductByStockId
INFO: Getting Category Details given the internal DB id... 
Jan 4, 2015 8:25:34 AM org.lown.consultancy.accounts.Sql createStatement
INFO: Creating Statement...
Jan 4, 2015 8:25:34 AM org.lown.consultancy.accounts.dao.ProductDAO getProductCategoryMap
INFO: Get List of all Product Category and put them in a hash map... 
Jan 4, 2015 8:25:34 AM org.lown.consultancy.accounts.dao.ProductDAO getProductCategoryMap
INFO: Executing Query: Select category_id,categoryname,categorycode from productcategory WHERE voided=0 
Jan 4, 2015 8:25:34 AM org.lown.consultancy.accounts.Sql createStatement
INFO: Creating Statement...
Jan 4, 2015 8:25:34 AM org.lown.consultancy.accounts.dao.ProductDAO getProductById
INFO: Getting Category Details given the internal DB id... 
Jan 4, 2015 8:25:34 AM org.lown.consultancy.accounts.Sql createStatement
INFO: Creating Statement...
Jan 4, 2015 8:25:34 AM org.lown.consultancy.accounts.dao.StockDAO getProductByStockId
INFO: Getting Category Details given the internal DB id... 
Jan 4, 2015 8:25:34 AM org.lown.consultancy.accounts.Sql createStatement
INFO: Creating Statement...
Jan 4, 2015 8:25:34 AM org.lown.consultancy.accounts.dao.ProductDAO getProductCategoryMap
INFO: Get List of all Product Category and put them in a hash map... 
Jan 4, 2015 8:25:34 AM org.lown.consultancy.accounts.dao.ProductDAO getProductCategoryMap
INFO: Executing Query: Select category_id,categoryname,categorycode from productcategory WHERE voided=0 
Jan 4, 2015 8:25:34 AM org.lown.consultancy.accounts.Sql createStatement
INFO: Creating Statement...
Jan 4, 2015 8:25:34 AM org.lown.consultancy.accounts.dao.ProductDAO getProductById
INFO: Getting Category Details given the internal DB id... 
Jan 4, 2015 8:25:34 AM org.lown.consultancy.accounts.Sql createStatement
INFO: Creating Statement...
Jan 4, 2015 8:25:34 AM org.lown.consultancy.accounts.dao.StockDAO getProductByStockId
INFO: Getting Category Details given the internal DB id... 
Jan 4, 2015 8:25:34 AM org.lown.consultancy.accounts.Sql createStatement
INFO: Creating Statement...
Jan 4, 2015 8:25:34 AM org.lown.consultancy.accounts.dao.ProductDAO getProductCategoryMap
INFO: Get List of all Product Category and put them in a hash map... 
Jan 4, 2015 8:25:34 AM org.lown.consultancy.accounts.dao.ProductDAO getProductCategoryMap
INFO: Executing Query: Select category_id,categoryname,categorycode from productcategory WHERE voided=0 
Jan 4, 2015 8:25:34 AM org.lown.consultancy.accounts.Sql createStatement
INFO: Creating Statement...
Jan 4, 2015 8:25:34 AM org.lown.consultancy.accounts.dao.ProductDAO getProductById
INFO: Getting Category Details given the internal DB id... 
Jan 4, 2015 8:25:34 AM org.lown.consultancy.accounts.Sql createStatement
INFO: Creating Statement...
Jan 4, 2015 8:25:37 AM org.lown.consultancy.accounts.dao.StockDAO getStockItemsByName
INFO: Getting Category Details given the internal DB id... 
Jan 4, 2015 8:25:37 AM org.lown.consultancy.accounts.Sql createStatement
INFO: Creating Statement...
Jan 4, 2015 8:25:37 AM org.lown.consultancy.accounts.dao.StockDAO getProductByStockId
INFO: Getting Category Details given the internal DB id... 
Jan 4, 2015 8:25:37 AM org.lown.consultancy.accounts.Sql createStatement
INFO: Creating Statement...
Jan 4, 2015 8:25:37 AM org.lown.consultancy.accounts.dao.ProductDAO getProductCategoryMap
INFO: Get List of all Product Category and put them in a hash map... 
Jan 4, 2015 8:25:37 AM org.lown.consultancy.accounts.dao.ProductDAO getProductCategoryMap
INFO: Executing Query: Select category_id,categoryname,categorycode from productcategory WHERE voided=0 
Jan 4, 2015 8:25:37 AM org.lown.consultancy.accounts.Sql createStatement
INFO: Creating Statement...
Jan 4, 2015 8:25:37 AM org.lown.consultancy.accounts.dao.ProductDAO getProductById
INFO: Getting Category Details given the internal DB id... 
Jan 4, 2015 8:25:37 AM org.lown.consultancy.accounts.Sql createStatement
INFO: Creating Statement...
Jan 4, 2015 8:25:39 AM org.lown.consultancy.accounts.dao.StockDAO getAllStockItems
INFO: Getting Category Details given the internal DB id... 
Jan 4, 2015 8:25:39 AM org.lown.consultancy.accounts.Sql createStatement
INFO: Creating Statement...
Jan 4, 2015 8:25:39 AM org.lown.consultancy.accounts.dao.StockDAO getProductByStockId
INFO: Getting Category Details given the internal DB id... 
Jan 4, 2015 8:25:39 AM org.lown.consultancy.accounts.Sql createStatement
INFO: Creating Statement...
Jan 4, 2015 8:25:39 AM org.lown.consultancy.accounts.dao.ProductDAO getProductCategoryMap
INFO: Get List of all Product Category and put them in a hash map... 
Jan 4, 2015 8:25:39 AM org.lown.consultancy.accounts.dao.ProductDAO getProductCategoryMap
INFO: Executing Query: Select category_id,categoryname,categorycode from productcategory WHERE voided=0 
Jan 4, 2015 8:25:39 AM org.lown.consultancy.accounts.Sql createStatement
INFO: Creating Statement...
Jan 4, 2015 8:25:39 AM org.lown.consultancy.accounts.dao.ProductDAO getProductById
INFO: Getting Category Details given the internal DB id... 
Jan 4, 2015 8:25:39 AM org.lown.consultancy.accounts.Sql createStatement
INFO: Creating Statement...
Jan 4, 2015 8:25:39 AM org.lown.consultancy.accounts.dao.StockDAO getProductByStockId
INFO: Getting Category Details given the internal DB id... 
Jan 4, 2015 8:25:39 AM org.lown.consultancy.accounts.Sql createStatement
INFO: Creating Statement...
Jan 4, 2015 8:25:39 AM org.lown.consultancy.accounts.dao.ProductDAO getProductCategoryMap
INFO: Get List of all Product Category and put them in a hash map... 
Jan 4, 2015 8:25:39 AM org.lown.consultancy.accounts.dao.ProductDAO getProductCategoryMap
INFO: Executing Query: Select category_id,categoryname,categorycode from productcategory WHERE voided=0 
Jan 4, 2015 8:25:39 AM org.lown.consultancy.accounts.Sql createStatement
INFO: Creating Statement...
Jan 4, 2015 8:25:39 AM org.lown.consultancy.accounts.dao.ProductDAO getProductById
INFO: Getting Category Details given the internal DB id... 
Jan 4, 2015 8:25:39 AM org.lown.consultancy.accounts.Sql createStatement
INFO: Creating Statement...
Jan 4, 2015 8:25:39 AM org.lown.consultancy.accounts.dao.StockDAO getProductByStockId
INFO: Getting Category Details given the internal DB id... 
Jan 4, 2015 8:25:39 AM org.lown.consultancy.accounts.Sql createStatement
INFO: Creating Statement...
Jan 4, 2015 8:25:39 AM org.lown.consultancy.accounts.dao.ProductDAO getProductCategoryMap
INFO: Get List of all Product Category and put them in a hash map... 
Jan 4, 2015 8:25:39 AM org.lown.consultancy.accounts.dao.ProductDAO getProductCategoryMap
INFO: Executing Query: Select category_id,categoryname,categorycode from productcategory WHERE voided=0 
Jan 4, 2015 8:25:39 AM org.lown.consultancy.accounts.Sql createStatement
INFO: Creating Statement...
Jan 4, 2015 8:25:39 AM org.lown.consultancy.accounts.dao.ProductDAO getProductById
INFO: Getting Category Details given the internal DB id... 
Jan 4, 2015 8:25:39 AM org.lown.consultancy.accounts.Sql createStatement
INFO: Creating Statement...
Jan 4, 2015 8:25:39 AM org.lown.consultancy.accounts.dao.StockDAO getProductByStockId
INFO: Getting Category Details given the internal DB id... 
Jan 4, 2015 8:25:39 AM org.lown.consultancy.accounts.Sql createStatement
INFO: Creating Statement...
Jan 4, 2015 8:25:39 AM org.lown.consultancy.accounts.dao.ProductDAO getProductCategoryMap
INFO: Get List of all Product Category and put them in a hash map... 
Jan 4, 2015 8:25:39 AM org.lown.consultancy.accounts.dao.ProductDAO getProductCategoryMap
INFO: Executing Query: Select category_id,categoryname,categorycode from productcategory WHERE voided=0 
Jan 4, 2015 8:25:39 AM org.lown.consultancy.accounts.Sql createStatement
INFO: Creating Statement...
Jan 4, 2015 8:25:39 AM org.lown.consultancy.accounts.dao.ProductDAO getProductById
INFO: Getting Category Details given the internal DB id... 
Jan 4, 2015 8:25:39 AM org.lown.consultancy.accounts.Sql createStatement
INFO: Creating Statement...
Jan 4, 2015 8:25:39 AM org.lown.consultancy.accounts.dao.StockDAO getProductByStockId
INFO: Getting Category Details given the internal DB id... 
Jan 4, 2015 8:25:39 AM org.lown.consultancy.accounts.Sql createStatement
INFO: Creating Statement...
Jan 4, 2015 8:25:39 AM org.lown.consultancy.accounts.dao.ProductDAO getProductCategoryMap
INFO: Get List of all Product Category and put them in a hash map... 
Jan 4, 2015 8:25:39 AM org.lown.consultancy.accounts.dao.ProductDAO getProductCategoryMap
INFO: Executing Query: Select category_id,categoryname,categorycode from productcategory WHERE voided=0 
Jan 4, 2015 8:25:39 AM org.lown.consultancy.accounts.Sql createStatement
INFO: Creating Statement...
Jan 4, 2015 8:25:39 AM org.lown.consultancy.accounts.dao.ProductDAO getProductById
INFO: Getting Category Details given the internal DB id... 
Jan 4, 2015 8:25:39 AM org.lown.consultancy.accounts.Sql createStatement
INFO: Creating Statement...
Jan 4, 2015 8:25:39 AM org.lown.consultancy.accounts.dao.StockDAO getProductByStockId
INFO: Getting Category Details given the internal DB id... 
Jan 4, 2015 8:25:39 AM org.lown.consultancy.accounts.Sql createStatement
INFO: Creating Statement...
Jan 4, 2015 8:25:39 AM org.lown.consultancy.accounts.dao.ProductDAO getProductCategoryMap
INFO: Get List of all Product Category and put them in a hash map... 
Jan 4, 2015 8:25:39 AM org.lown.consultancy.accounts.dao.ProductDAO getProductCategoryMap
INFO: Executing Query: Select category_id,categoryname,categorycode from productcategory WHERE voided=0 
Jan 4, 2015 8:25:39 AM org.lown.consultancy.accounts.Sql createStatement
INFO: Creating Statement...
Jan 4, 2015 8:25:39 AM org.lown.consultancy.accounts.dao.ProductDAO getProductById
INFO: Getting Category Details given the internal DB id... 
Jan 4, 2015 8:25:39 AM org.lown.consultancy.accounts.Sql createStatement
INFO: Creating Statement...
Jan 4, 2015 8:25:39 AM org.lown.consultancy.accounts.dao.StockDAO getProductByStockId
INFO: Getting Category Details given the internal DB id... 
Jan 4, 2015 8:25:39 AM org.lown.consultancy.accounts.Sql createStatement
INFO: Creating Statement...
Jan 4, 2015 8:25:39 AM org.lown.consultancy.accounts.dao.ProductDAO getProductCategoryMap
INFO: Get List of all Product Category and put them in a hash map... 
Jan 4, 2015 8:25:39 AM org.lown.consultancy.accounts.dao.ProductDAO getProductCategoryMap
INFO: Executing Query: Select category_id,categoryname,categorycode from productcategory WHERE voided=0 
Jan 4, 2015 8:25:39 AM org.lown.consultancy.accounts.Sql createStatement
INFO: Creating Statement...
Jan 4, 2015 8:25:39 AM org.lown.consultancy.accounts.dao.ProductDAO getProductById
INFO: Getting Category Details given the internal DB id... 
Jan 4, 2015 8:25:39 AM org.lown.consultancy.accounts.Sql createStatement
INFO: Creating Statement...
Jan 4, 2015 8:25:39 AM org.lown.consultancy.accounts.dao.StockDAO getProductByStockId
INFO: Getting Category Details given the internal DB id... 
Jan 4, 2015 8:25:39 AM org.lown.consultancy.accounts.Sql createStatement
INFO: Creating Statement...
Jan 4, 2015 8:25:39 AM org.lown.consultancy.accounts.dao.ProductDAO getProductCategoryMap
INFO: Get List of all Product Category and put them in a hash map... 
Jan 4, 2015 8:25:39 AM org.lown.consultancy.accounts.dao.ProductDAO getProductCategoryMap
INFO: Executing Query: Select category_id,categoryname,categorycode from productcategory WHERE voided=0 
Jan 4, 2015 8:25:39 AM org.lown.consultancy.accounts.Sql createStatement
INFO: Creating Statement...
Jan 4, 2015 8:25:39 AM org.lown.consultancy.accounts.dao.ProductDAO getProductById
INFO: Getting Category Details given the internal DB id... 
Jan 4, 2015 8:25:39 AM org.lown.consultancy.accounts.Sql createStatement
INFO: Creating Statement...
Jan 4, 2015 8:25:39 AM org.lown.consultancy.accounts.dao.StockDAO getProductByStockId
INFO: Getting Category Details given the internal DB id... 
Jan 4, 2015 8:25:39 AM org.lown.consultancy.accounts.Sql createStatement
INFO: Creating Statement...
Jan 4, 2015 8:25:39 AM org.lown.consultancy.accounts.dao.ProductDAO getProductCategoryMap
INFO: Get List of all Product Category and put them in a hash map... 
Jan 4, 2015 8:25:39 AM org.lown.consultancy.accounts.dao.ProductDAO getProductCategoryMap
INFO: Executing Query: Select category_id,categoryname,categorycode from productcategory WHERE voided=0 
Jan 4, 2015 8:25:39 AM org.lown.consultancy.accounts.Sql createStatement
INFO: Creating Statement...
Jan 4, 2015 8:25:39 AM org.lown.consultancy.accounts.dao.ProductDAO getProductById
INFO: Getting Category Details given the internal DB id... 
Jan 4, 2015 8:25:39 AM org.lown.consultancy.accounts.Sql createStatement
INFO: Creating Statement...
Jan 4, 2015 8:25:39 AM org.lown.consultancy.accounts.dao.StockDAO getProductByStockId
INFO: Getting Category Details given the internal DB id... 
Jan 4, 2015 8:25:39 AM org.lown.consultancy.accounts.Sql createStatement
INFO: Creating Statement...
Jan 4, 2015 8:25:39 AM org.lown.consultancy.accounts.dao.ProductDAO getProductCategoryMap
INFO: Get List of all Product Category and put them in a hash map... 
Jan 4, 2015 8:25:39 AM org.lown.consultancy.accounts.dao.ProductDAO getProductCategoryMap
INFO: Executing Query: Select category_id,categoryname,categorycode from productcategory WHERE voided=0 
Jan 4, 2015 8:25:39 AM org.lown.consultancy.accounts.Sql createStatement
INFO: Creating Statement...
Jan 4, 2015 8:25:39 AM org.lown.consultancy.accounts.dao.ProductDAO getProductById
INFO: Getting Category Details given the internal DB id... 
Jan 4, 2015 8:25:39 AM org.lown.consultancy.accounts.Sql createStatement
INFO: Creating Statement...
Jan 4, 2015 8:25:39 AM org.lown.consultancy.accounts.dao.StockDAO getProductByStockId
INFO: Getting Category Details given the internal DB id... 
Jan 4, 2015 8:25:39 AM org.lown.consultancy.accounts.Sql createStatement
INFO: Creating Statement...
Jan 4, 2015 8:25:39 AM org.lown.consultancy.accounts.dao.ProductDAO getProductCategoryMap
INFO: Get List of all Product Category and put them in a hash map... 
Jan 4, 2015 8:25:39 AM org.lown.consultancy.accounts.dao.ProductDAO getProductCategoryMap
INFO: Executing Query: Select category_id,categoryname,categorycode from productcategory WHERE voided=0 
Jan 4, 2015 8:25:39 AM org.lown.consultancy.accounts.Sql createStatement
INFO: Creating Statement...
Jan 4, 2015 8:25:39 AM org.lown.consultancy.accounts.dao.ProductDAO getProductById
INFO: Getting Category Details given the internal DB id... 
Jan 4, 2015 8:25:39 AM org.lown.consultancy.accounts.Sql createStatement
INFO: Creating Statement...
Jan 4, 2015 8:25:39 AM org.lown.consultancy.accounts.dao.StockDAO getProductByStockId
INFO: Getting Category Details given the internal DB id... 
Jan 4, 2015 8:25:39 AM org.lown.consultancy.accounts.Sql createStatement
INFO: Creating Statement...
Jan 4, 2015 8:25:39 AM org.lown.consultancy.accounts.dao.ProductDAO getProductCategoryMap
INFO: Get List of all Product Category and put them in a hash map... 
Jan 4, 2015 8:25:39 AM org.lown.consultancy.accounts.dao.ProductDAO getProductCategoryMap
INFO: Executing Query: Select category_id,categoryname,categorycode from productcategory WHERE voided=0 
Jan 4, 2015 8:25:39 AM org.lown.consultancy.accounts.Sql createStatement
INFO: Creating Statement...
Jan 4, 2015 8:25:39 AM org.lown.consultancy.accounts.dao.ProductDAO getProductById
INFO: Getting Category Details given the internal DB id... 
Jan 4, 2015 8:25:39 AM org.lown.consultancy.accounts.Sql createStatement
INFO: Creating Statement...
Jan 4, 2015 8:25:39 AM org.lown.consultancy.accounts.dao.StockDAO getProductByStockId
INFO: Getting Category Details given the internal DB id... 
Jan 4, 2015 8:25:39 AM org.lown.consultancy.accounts.Sql createStatement
INFO: Creating Statement...
Jan 4, 2015 8:25:39 AM org.lown.consultancy.accounts.dao.ProductDAO getProductCategoryMap
INFO: Get List of all Product Category and put them in a hash map... 
Jan 4, 2015 8:25:39 AM org.lown.consultancy.accounts.dao.ProductDAO getProductCategoryMap
INFO: Executing Query: Select category_id,categoryname,categorycode from productcategory WHERE voided=0 
Jan 4, 2015 8:25:39 AM org.lown.consultancy.accounts.Sql createStatement
INFO: Creating Statement...
Jan 4, 2015 8:25:39 AM org.lown.consultancy.accounts.dao.ProductDAO getProductById
INFO: Getting Category Details given the internal DB id... 
Jan 4, 2015 8:25:39 AM org.lown.consultancy.accounts.Sql createStatement
INFO: Creating Statement...
Jan 4, 2015 8:25:39 AM org.lown.consultancy.accounts.dao.StockDAO getProductByStockId
INFO: Getting Category Details given the internal DB id... 
Jan 4, 2015 8:25:39 AM org.lown.consultancy.accounts.Sql createStatement
INFO: Creating Statement...
Jan 4, 2015 8:25:39 AM org.lown.consultancy.accounts.dao.ProductDAO getProductCategoryMap
INFO: Get List of all Product Category and put them in a hash map... 
Jan 4, 2015 8:25:39 AM org.lown.consultancy.accounts.dao.ProductDAO getProductCategoryMap
INFO: Executing Query: Select category_id,categoryname,categorycode from productcategory WHERE voided=0 
Jan 4, 2015 8:25:39 AM org.lown.consultancy.accounts.Sql createStatement
INFO: Creating Statement...
Jan 4, 2015 8:25:39 AM org.lown.consultancy.accounts.dao.ProductDAO getProductById
INFO: Getting Category Details given the internal DB id... 
Jan 4, 2015 8:25:39 AM org.lown.consultancy.accounts.Sql createStatement
INFO: Creating Statement...
Jan 4, 2015 8:42:48 AM org.lown.consultancy.accounts.dialog.MainMenu actionPerformed
INFO: Exiting Accounts Management Application... 
Jan 4, 2015 8:42:48 AM org.lown.consultancy.accounts.dialog.LoginDialog createAndShowGUI
INFO: Loading The Log on Page
