Nov 24, 2014 5:23:49 AM org.lown.consultancy.accounts.AccountsManagement main
INFO: LOWN Accounting Application logs...
Nov 24, 2014 5:23:49 AM org.lown.consultancy.accounts.AccountsManagement main
INFO: Application Starting...
Nov 24, 2014 5:23:49 AM org.lown.consultancy.accounts.dialog.LoginDialog <init>
INFO: Application User Log on UI...
Nov 24, 2014 5:23:56 AM org.lown.consultancy.accounts.api.UserService getUser
INFO: Getting user Details given username and pass... 
Nov 24, 2014 5:23:56 AM org.lown.consultancy.accounts.Sql createStatement
INFO: Creating Statement...
Nov 24, 2014 5:23:57 AM org.lown.consultancy.accounts.Sql getConnection
INFO: Opening Connection to the Database
Nov 24, 2014 5:23:57 AM org.lown.consultancy.accounts.dialog.LoginDialog actionPerformed
INFO: Sucessfull Log on... Loading Main Menu
Nov 24, 2014 5:23:57 AM org.lown.consultancy.accounts.dialog.LoginDialog actionPerformed
INFO: User: super Login  Sucessfull
Nov 24, 2014 5:23:57 AM org.lown.consultancy.accounts.api.CompanyService getCompanyDetails
INFO: Getting Customer Details given the internal DB id... 
Nov 24, 2014 5:23:57 AM org.lown.consultancy.accounts.Sql createStatement
INFO: Creating Statement...
Nov 24, 2014 5:24:13 AM org.lown.consultancy.accounts.dialog.MainMenu actionPerformed
INFO: Loading Supplier Dialog form... 
Nov 24, 2014 5:24:13 AM org.lown.consultancy.accounts.dialog.PurchasesDialog createAndShowGUI
INFO: Loading Transactions
Nov 24, 2014 5:24:13 AM org.lown.consultancy.accounts.dialog.PurchasesDialog <init>
INFO: Creating Purchases UI...
Nov 24, 2014 5:24:13 AM org.lown.consultancy.accounts.api.ProductService getCategoryMap
INFO: Get List of all Product Category and put them in a hash map... 
Nov 24, 2014 5:24:13 AM org.lown.consultancy.accounts.api.ProductService getCategoryMap
INFO: Executing Query: Select category_id,categoryname,categorycode from productcategory WHERE voided=0 
Nov 24, 2014 5:24:13 AM org.lown.consultancy.accounts.Sql createStatement
INFO: Creating Statement...
Nov 24, 2014 5:24:13 AM org.lown.consultancy.accounts.tables.PurchasesList <init>
INFO: Creating Items List Table UI...
Nov 24, 2014 5:24:13 AM org.lown.consultancy.accounts.api.ProductService getCategoryMap
INFO: Get List of all Product Category and put them in a hash map... 
Nov 24, 2014 5:24:13 AM org.lown.consultancy.accounts.api.ProductService getCategoryMap
INFO: Executing Query: Select category_id,categoryname,categorycode from productcategory WHERE voided=0 
Nov 24, 2014 5:24:13 AM org.lown.consultancy.accounts.Sql createStatement
INFO: Creating Statement...
Nov 24, 2014 5:42:28 AM org.lown.consultancy.accounts.dialog.MainMenu actionPerformed
INFO: Exiting Accounts Management Application... 
Nov 24, 2014 5:42:28 AM org.lown.consultancy.accounts.dialog.LoginDialog createAndShowGUI
INFO: Loading The Log on Page
Nov 24, 2014 5:44:49 AM org.lown.consultancy.accounts.AccountsManagement main
INFO: LOWN Accounting Application logs...
Nov 24, 2014 5:44:49 AM org.lown.consultancy.accounts.AccountsManagement main
INFO: Application Starting...
Nov 24, 2014 5:44:49 AM org.lown.consultancy.accounts.dialog.LoginDialog <init>
INFO: Application User Log on UI...
Nov 24, 2014 5:44:54 AM org.lown.consultancy.accounts.api.UserService getUser
INFO: Getting user Details given username and pass... 
Nov 24, 2014 5:44:54 AM org.lown.consultancy.accounts.Sql createStatement
INFO: Creating Statement...
Nov 24, 2014 5:44:54 AM org.lown.consultancy.accounts.Sql getConnection
INFO: Opening Connection to the Database
Nov 24, 2014 5:44:54 AM org.lown.consultancy.accounts.dialog.LoginDialog actionPerformed
INFO: Sucessfull Log on... Loading Main Menu
Nov 24, 2014 5:44:54 AM org.lown.consultancy.accounts.dialog.LoginDialog actionPerformed
INFO: User: super Login  Sucessfull
Nov 24, 2014 5:44:54 AM org.lown.consultancy.accounts.api.CompanyService getCompanyDetails
INFO: Getting Customer Details given the internal DB id... 
Nov 24, 2014 5:44:54 AM org.lown.consultancy.accounts.Sql createStatement
INFO: Creating Statement...
Nov 24, 2014 5:44:56 AM org.lown.consultancy.accounts.dialog.MainMenu actionPerformed
INFO: Loading Supplier Dialog form... 
Nov 24, 2014 5:44:56 AM org.lown.consultancy.accounts.dialog.PurchasesDialog createAndShowGUI
INFO: Loading Transactions
Nov 24, 2014 5:44:56 AM org.lown.consultancy.accounts.dialog.PurchasesDialog <init>
INFO: Creating Purchases UI...
Nov 24, 2014 5:44:56 AM org.lown.consultancy.accounts.api.ProductService getCategoryMap
INFO: Get List of all Product Category and put them in a hash map... 
Nov 24, 2014 5:44:56 AM org.lown.consultancy.accounts.api.ProductService getCategoryMap
INFO: Executing Query: Select category_id,categoryname,categorycode from productcategory WHERE voided=0 
Nov 24, 2014 5:44:56 AM org.lown.consultancy.accounts.Sql createStatement
INFO: Creating Statement...
Nov 24, 2014 5:44:57 AM org.lown.consultancy.accounts.tables.PurchasesList <init>
INFO: Creating Items List Table UI...
Nov 24, 2014 5:44:57 AM org.lown.consultancy.accounts.api.ProductService getCategoryMap
INFO: Get List of all Product Category and put them in a hash map... 
Nov 24, 2014 5:44:57 AM org.lown.consultancy.accounts.api.ProductService getCategoryMap
INFO: Executing Query: Select category_id,categoryname,categorycode from productcategory WHERE voided=0 
Nov 24, 2014 5:44:57 AM org.lown.consultancy.accounts.Sql createStatement
INFO: Creating Statement...
Nov 24, 2014 5:45:01 AM org.lown.consultancy.accounts.api.ProductService getProductMap
INFO: Get List of all Product given the category and put them in a hash map... 
Nov 24, 2014 5:45:01 AM org.lown.consultancy.accounts.api.ProductService getProductMap
INFO: Executing Query: Select productname,productcode,product_id from product WHERE voided=0  and category_id=1
Nov 24, 2014 5:45:01 AM org.lown.consultancy.accounts.Sql createStatement
INFO: Creating Statement...
Nov 24, 2014 5:45:13 AM org.lown.consultancy.accounts.api.ProductService getProductBuyingPrice
INFO: Getting Category Details given the internal DB id... 
Nov 24, 2014 5:45:13 AM org.lown.consultancy.accounts.Sql createStatement
INFO: Creating Statement...
Nov 24, 2014 5:45:19 AM org.lown.consultancy.accounts.api.ProductService getProductBuyingPrice
INFO: Getting Category Details given the internal DB id... 
Nov 24, 2014 5:45:19 AM org.lown.consultancy.accounts.Sql createStatement
INFO: Creating Statement...
Nov 24, 2014 5:46:59 AM org.lown.consultancy.accounts.api.ProductService getProductCategoryMap
INFO: Get List of all Product Category and put them in a hash map... 
Nov 24, 2014 5:46:59 AM org.lown.consultancy.accounts.api.ProductService getProductCategoryMap
INFO: Executing Query: Select category_id,categoryname,categorycode from productcategory WHERE voided=0 
Nov 24, 2014 5:46:59 AM org.lown.consultancy.accounts.Sql createStatement
INFO: Creating Statement...
Nov 24, 2014 5:46:59 AM org.lown.consultancy.accounts.api.ProductService getProductById
INFO: Getting Category Details given the internal DB id... 
Nov 24, 2014 5:46:59 AM org.lown.consultancy.accounts.Sql createStatement
INFO: Creating Statement...
Nov 24, 2014 5:50:14 AM org.lown.consultancy.accounts.api.ProductService getProductMap
INFO: Get List of all Product given the category and put them in a hash map... 
Nov 24, 2014 5:50:14 AM org.lown.consultancy.accounts.api.ProductService getProductMap
INFO: Executing Query: Select productname,productcode,product_id from product WHERE voided=0  and category_id=2
Nov 24, 2014 5:50:14 AM org.lown.consultancy.accounts.Sql createStatement
INFO: Creating Statement...
Nov 24, 2014 5:50:22 AM org.lown.consultancy.accounts.api.ProductService getProductBuyingPrice
INFO: Getting Category Details given the internal DB id... 
Nov 24, 2014 5:50:22 AM org.lown.consultancy.accounts.Sql createStatement
INFO: Creating Statement...
Nov 24, 2014 5:50:24 AM org.lown.consultancy.accounts.api.ProductService getProductBuyingPrice
INFO: Getting Category Details given the internal DB id... 
Nov 24, 2014 5:50:24 AM org.lown.consultancy.accounts.Sql createStatement
INFO: Creating Statement...
Nov 24, 2014 5:50:46 AM org.lown.consultancy.accounts.api.ProductService getProductBuyingPrice
INFO: Getting Category Details given the internal DB id... 
Nov 24, 2014 5:50:46 AM org.lown.consultancy.accounts.Sql createStatement
INFO: Creating Statement...
Nov 24, 2014 5:50:49 AM org.lown.consultancy.accounts.api.ProductService getProductBuyingPrice
INFO: Getting Category Details given the internal DB id... 
Nov 24, 2014 5:50:49 AM org.lown.consultancy.accounts.Sql createStatement
INFO: Creating Statement...
Nov 24, 2014 5:52:50 AM org.lown.consultancy.accounts.dialog.MainMenu actionPerformed
INFO: Exiting Accounts Management Application... 
Nov 24, 2014 5:52:50 AM org.lown.consultancy.accounts.dialog.LoginDialog createAndShowGUI
INFO: Loading The Log on Page
Nov 24, 2014 5:52:54 AM org.lown.consultancy.accounts.AccountsManagement main
INFO: LOWN Accounting Application logs...
Nov 24, 2014 5:52:54 AM org.lown.consultancy.accounts.AccountsManagement main
INFO: Application Starting...
Nov 24, 2014 5:52:54 AM org.lown.consultancy.accounts.dialog.LoginDialog <init>
INFO: Application User Log on UI...
Nov 24, 2014 5:52:59 AM org.lown.consultancy.accounts.api.UserService getUser
INFO: Getting user Details given username and pass... 
Nov 24, 2014 5:52:59 AM org.lown.consultancy.accounts.Sql createStatement
INFO: Creating Statement...
Nov 24, 2014 5:53:00 AM org.lown.consultancy.accounts.Sql getConnection
INFO: Opening Connection to the Database
Nov 24, 2014 5:53:00 AM org.lown.consultancy.accounts.dialog.LoginDialog actionPerformed
INFO: Sucessfull Log on... Loading Main Menu
Nov 24, 2014 5:53:00 AM org.lown.consultancy.accounts.dialog.LoginDialog actionPerformed
INFO: User: super Login  Sucessfull
Nov 24, 2014 5:53:00 AM org.lown.consultancy.accounts.api.CompanyService getCompanyDetails
INFO: Getting Customer Details given the internal DB id... 
Nov 24, 2014 5:53:00 AM org.lown.consultancy.accounts.Sql createStatement
INFO: Creating Statement...
Nov 24, 2014 5:53:48 AM org.lown.consultancy.accounts.dialog.MainMenu actionPerformed
INFO: Loading Supplier Dialog form... 
Nov 24, 2014 5:53:48 AM org.lown.consultancy.accounts.dialog.PurchasesDialog createAndShowGUI
INFO: Loading Transactions
Nov 24, 2014 5:53:48 AM org.lown.consultancy.accounts.dialog.PurchasesDialog <init>
INFO: Creating Purchases UI...
Nov 24, 2014 5:53:48 AM org.lown.consultancy.accounts.api.ProductService getCategoryMap
INFO: Get List of all Product Category and put them in a hash map... 
Nov 24, 2014 5:53:48 AM org.lown.consultancy.accounts.api.ProductService getCategoryMap
INFO: Executing Query: Select category_id,categoryname,categorycode from productcategory WHERE voided=0 
Nov 24, 2014 5:53:48 AM org.lown.consultancy.accounts.Sql createStatement
INFO: Creating Statement...
Nov 24, 2014 5:53:48 AM org.lown.consultancy.accounts.tables.PurchasesList <init>
INFO: Creating Items List Table UI...
Nov 24, 2014 5:53:48 AM org.lown.consultancy.accounts.api.ProductService getCategoryMap
INFO: Get List of all Product Category and put them in a hash map... 
Nov 24, 2014 5:53:48 AM org.lown.consultancy.accounts.api.ProductService getCategoryMap
INFO: Executing Query: Select category_id,categoryname,categorycode from productcategory WHERE voided=0 
Nov 24, 2014 5:53:48 AM org.lown.consultancy.accounts.Sql createStatement
INFO: Creating Statement...
Nov 24, 2014 5:53:52 AM org.lown.consultancy.accounts.api.ProductService getProductMap
INFO: Get List of all Product given the category and put them in a hash map... 
Nov 24, 2014 5:53:52 AM org.lown.consultancy.accounts.api.ProductService getProductMap
INFO: Executing Query: Select productname,productcode,product_id from product WHERE voided=0  and category_id=2
Nov 24, 2014 5:53:52 AM org.lown.consultancy.accounts.Sql createStatement
INFO: Creating Statement...
Nov 24, 2014 5:54:00 AM org.lown.consultancy.accounts.api.ProductService getProductBuyingPrice
INFO: Getting Category Details given the internal DB id... 
Nov 24, 2014 5:54:00 AM org.lown.consultancy.accounts.Sql createStatement
INFO: Creating Statement...
Nov 24, 2014 5:54:01 AM org.lown.consultancy.accounts.api.ProductService getProductBuyingPrice
INFO: Getting Category Details given the internal DB id... 
Nov 24, 2014 5:54:01 AM org.lown.consultancy.accounts.Sql createStatement
INFO: Creating Statement...
Nov 24, 2014 5:54:04 AM org.lown.consultancy.accounts.api.ProductService getProductCategoryMap
INFO: Get List of all Product Category and put them in a hash map... 
Nov 24, 2014 5:54:04 AM org.lown.consultancy.accounts.api.ProductService getProductCategoryMap
INFO: Executing Query: Select category_id,categoryname,categorycode from productcategory WHERE voided=0 
Nov 24, 2014 5:54:04 AM org.lown.consultancy.accounts.Sql createStatement
INFO: Creating Statement...
Nov 24, 2014 5:54:04 AM org.lown.consultancy.accounts.api.ProductService getProductById
INFO: Getting Category Details given the internal DB id... 
Nov 24, 2014 5:54:04 AM org.lown.consultancy.accounts.Sql createStatement
INFO: Creating Statement...
Nov 24, 2014 6:11:28 AM org.lown.consultancy.accounts.dialog.MainMenu actionPerformed
INFO: Exiting Accounts Management Application... 
Nov 24, 2014 6:11:28 AM org.lown.consultancy.accounts.dialog.LoginDialog createAndShowGUI
INFO: Loading The Log on Page
Nov 24, 2014 6:11:37 AM org.lown.consultancy.accounts.AccountsManagement main
INFO: LOWN Accounting Application logs...
Nov 24, 2014 6:11:37 AM org.lown.consultancy.accounts.AccountsManagement main
INFO: Application Starting...
Nov 24, 2014 6:11:37 AM org.lown.consultancy.accounts.dialog.LoginDialog <init>
INFO: Application User Log on UI...
Nov 24, 2014 6:11:43 AM org.lown.consultancy.accounts.api.UserService getUser
INFO: Getting user Details given username and pass... 
Nov 24, 2014 6:11:43 AM org.lown.consultancy.accounts.Sql createStatement
INFO: Creating Statement...
Nov 24, 2014 6:11:43 AM org.lown.consultancy.accounts.Sql getConnection
INFO: Opening Connection to the Database
Nov 24, 2014 6:11:43 AM org.lown.consultancy.accounts.dialog.LoginDialog actionPerformed
INFO: Sucessfull Log on... Loading Main Menu
Nov 24, 2014 6:11:43 AM org.lown.consultancy.accounts.dialog.LoginDialog actionPerformed
INFO: User: super Login  Sucessfull
Nov 24, 2014 6:11:43 AM org.lown.consultancy.accounts.api.CompanyService getCompanyDetails
INFO: Getting Customer Details given the internal DB id... 
Nov 24, 2014 6:11:43 AM org.lown.consultancy.accounts.Sql createStatement
INFO: Creating Statement...
Nov 24, 2014 6:11:45 AM org.lown.consultancy.accounts.dialog.MainMenu actionPerformed
INFO: Loading Supplier Dialog form... 
Nov 24, 2014 6:11:45 AM org.lown.consultancy.accounts.dialog.PurchasesDialog createAndShowGUI
INFO: Loading Transactions
Nov 24, 2014 6:11:45 AM org.lown.consultancy.accounts.dialog.PurchasesDialog <init>
INFO: Creating Purchases UI...
Nov 24, 2014 6:11:45 AM org.lown.consultancy.accounts.api.ProductService getCategoryMap
INFO: Get List of all Product Category and put them in a hash map... 
Nov 24, 2014 6:11:45 AM org.lown.consultancy.accounts.api.ProductService getCategoryMap
INFO: Executing Query: Select category_id,categoryname,categorycode from productcategory WHERE voided=0 
Nov 24, 2014 6:11:45 AM org.lown.consultancy.accounts.Sql createStatement
INFO: Creating Statement...
Nov 24, 2014 6:11:45 AM org.lown.consultancy.accounts.tables.PurchasesList <init>
INFO: Creating Items List Table UI...
Nov 24, 2014 6:11:45 AM org.lown.consultancy.accounts.api.ProductService getCategoryMap
INFO: Get List of all Product Category and put them in a hash map... 
Nov 24, 2014 6:11:45 AM org.lown.consultancy.accounts.api.ProductService getCategoryMap
INFO: Executing Query: Select category_id,categoryname,categorycode from productcategory WHERE voided=0 
Nov 24, 2014 6:11:45 AM org.lown.consultancy.accounts.Sql createStatement
INFO: Creating Statement...
Nov 24, 2014 6:11:47 AM org.lown.consultancy.accounts.api.ProductService getProductMap
INFO: Get List of all Product given the category and put them in a hash map... 
Nov 24, 2014 6:11:47 AM org.lown.consultancy.accounts.api.ProductService getProductMap
INFO: Executing Query: Select productname,productcode,product_id from product WHERE voided=0  and category_id=2
Nov 24, 2014 6:11:47 AM org.lown.consultancy.accounts.Sql createStatement
INFO: Creating Statement...
Nov 24, 2014 6:11:54 AM org.lown.consultancy.accounts.api.ProductService getProductBuyingPrice
INFO: Getting Category Details given the internal DB id... 
Nov 24, 2014 6:11:54 AM org.lown.consultancy.accounts.Sql createStatement
INFO: Creating Statement...
Nov 24, 2014 6:11:55 AM org.lown.consultancy.accounts.api.ProductService getProductBuyingPrice
INFO: Getting Category Details given the internal DB id... 
Nov 24, 2014 6:11:55 AM org.lown.consultancy.accounts.Sql createStatement
INFO: Creating Statement...
Nov 24, 2014 6:11:58 AM org.lown.consultancy.accounts.api.ProductService getProductCategoryMap
INFO: Get List of all Product Category and put them in a hash map... 
Nov 24, 2014 6:11:58 AM org.lown.consultancy.accounts.api.ProductService getProductCategoryMap
INFO: Executing Query: Select category_id,categoryname,categorycode from productcategory WHERE voided=0 
Nov 24, 2014 6:11:58 AM org.lown.consultancy.accounts.Sql createStatement
INFO: Creating Statement...
Nov 24, 2014 6:11:58 AM org.lown.consultancy.accounts.api.ProductService getProductById
INFO: Getting Category Details given the internal DB id... 
Nov 24, 2014 6:11:58 AM org.lown.consultancy.accounts.Sql createStatement
INFO: Creating Statement...
Nov 24, 2014 6:12:10 AM org.lown.consultancy.accounts.api.ProductService getProductMap
INFO: Get List of all Product given the category and put them in a hash map... 
Nov 24, 2014 6:12:10 AM org.lown.consultancy.accounts.api.ProductService getProductMap
INFO: Executing Query: Select productname,productcode,product_id from product WHERE voided=0  and category_id=2
Nov 24, 2014 6:12:10 AM org.lown.consultancy.accounts.Sql createStatement
INFO: Creating Statement...
Nov 24, 2014 6:12:17 AM org.lown.consultancy.accounts.api.ProductService getProductBuyingPrice
INFO: Getting Category Details given the internal DB id... 
Nov 24, 2014 6:12:17 AM org.lown.consultancy.accounts.Sql createStatement
INFO: Creating Statement...
Nov 24, 2014 6:12:17 AM org.lown.consultancy.accounts.api.ProductService getProductBuyingPrice
INFO: Getting Category Details given the internal DB id... 
Nov 24, 2014 6:12:17 AM org.lown.consultancy.accounts.Sql createStatement
INFO: Creating Statement...
Nov 24, 2014 6:12:20 AM org.lown.consultancy.accounts.api.ProductService getProductCategoryMap
INFO: Get List of all Product Category and put them in a hash map... 
Nov 24, 2014 6:12:20 AM org.lown.consultancy.accounts.api.ProductService getProductCategoryMap
INFO: Executing Query: Select category_id,categoryname,categorycode from productcategory WHERE voided=0 
Nov 24, 2014 6:12:20 AM org.lown.consultancy.accounts.Sql createStatement
INFO: Creating Statement...
Nov 24, 2014 6:12:20 AM org.lown.consultancy.accounts.api.ProductService getProductById
INFO: Getting Category Details given the internal DB id... 
Nov 24, 2014 6:12:20 AM org.lown.consultancy.accounts.Sql createStatement
INFO: Creating Statement...
Nov 24, 2014 6:12:28 AM org.lown.consultancy.accounts.api.ProductService getProductMap
INFO: Get List of all Product given the category and put them in a hash map... 
Nov 24, 2014 6:12:28 AM org.lown.consultancy.accounts.api.ProductService getProductMap
INFO: Executing Query: Select productname,productcode,product_id from product WHERE voided=0  and category_id=2
Nov 24, 2014 6:12:28 AM org.lown.consultancy.accounts.Sql createStatement
INFO: Creating Statement...
Nov 24, 2014 6:12:37 AM org.lown.consultancy.accounts.api.ProductService getProductBuyingPrice
INFO: Getting Category Details given the internal DB id... 
Nov 24, 2014 6:12:37 AM org.lown.consultancy.accounts.Sql createStatement
INFO: Creating Statement...
Nov 24, 2014 6:12:37 AM org.lown.consultancy.accounts.api.ProductService getProductBuyingPrice
INFO: Getting Category Details given the internal DB id... 
Nov 24, 2014 6:12:37 AM org.lown.consultancy.accounts.Sql createStatement
INFO: Creating Statement...
Nov 24, 2014 6:12:41 AM org.lown.consultancy.accounts.api.ProductService getProductCategoryMap
INFO: Get List of all Product Category and put them in a hash map... 
Nov 24, 2014 6:12:41 AM org.lown.consultancy.accounts.api.ProductService getProductCategoryMap
INFO: Executing Query: Select category_id,categoryname,categorycode from productcategory WHERE voided=0 
Nov 24, 2014 6:12:41 AM org.lown.consultancy.accounts.Sql createStatement
INFO: Creating Statement...
Nov 24, 2014 6:12:41 AM org.lown.consultancy.accounts.api.ProductService getProductById
INFO: Getting Category Details given the internal DB id... 
Nov 24, 2014 6:12:41 AM org.lown.consultancy.accounts.Sql createStatement
INFO: Creating Statement...
Nov 24, 2014 6:32:20 AM org.lown.consultancy.accounts.dialog.MainMenu actionPerformed
INFO: Exiting Accounts Management Application... 
Nov 24, 2014 6:32:20 AM org.lown.consultancy.accounts.dialog.LoginDialog createAndShowGUI
INFO: Loading The Log on Page
Nov 24, 2014 6:32:23 AM org.lown.consultancy.accounts.AccountsManagement main
INFO: LOWN Accounting Application logs...
Nov 24, 2014 6:32:23 AM org.lown.consultancy.accounts.AccountsManagement main
INFO: Application Starting...
Nov 24, 2014 6:32:23 AM org.lown.consultancy.accounts.dialog.LoginDialog <init>
INFO: Application User Log on UI...
Nov 24, 2014 6:32:29 AM org.lown.consultancy.accounts.api.UserService getUser
INFO: Getting user Details given username and pass... 
Nov 24, 2014 6:32:29 AM org.lown.consultancy.accounts.Sql createStatement
INFO: Creating Statement...
Nov 24, 2014 6:32:30 AM org.lown.consultancy.accounts.Sql getConnection
INFO: Opening Connection to the Database
Nov 24, 2014 6:32:30 AM org.lown.consultancy.accounts.dialog.LoginDialog actionPerformed
INFO: Sucessfull Log on... Loading Main Menu
Nov 24, 2014 6:32:30 AM org.lown.consultancy.accounts.dialog.LoginDialog actionPerformed
INFO: User: super Login  Sucessfull
Nov 24, 2014 6:32:30 AM org.lown.consultancy.accounts.api.CompanyService getCompanyDetails
INFO: Getting Customer Details given the internal DB id... 
Nov 24, 2014 6:32:30 AM org.lown.consultancy.accounts.Sql createStatement
INFO: Creating Statement...
Nov 24, 2014 6:32:31 AM org.lown.consultancy.accounts.dialog.MainMenu actionPerformed
INFO: Loading Supplier Dialog form... 
Nov 24, 2014 6:32:31 AM org.lown.consultancy.accounts.dialog.PurchasesDialog createAndShowGUI
INFO: Loading Transactions
Nov 24, 2014 6:32:31 AM org.lown.consultancy.accounts.dialog.PurchasesDialog <init>
INFO: Creating Purchases UI...
Nov 24, 2014 6:32:31 AM org.lown.consultancy.accounts.api.ProductService getCategoryMap
INFO: Get List of all Product Category and put them in a hash map... 
Nov 24, 2014 6:32:31 AM org.lown.consultancy.accounts.api.ProductService getCategoryMap
INFO: Executing Query: Select category_id,categoryname,categorycode from productcategory WHERE voided=0 
Nov 24, 2014 6:32:31 AM org.lown.consultancy.accounts.Sql createStatement
INFO: Creating Statement...
Nov 24, 2014 6:32:32 AM org.lown.consultancy.accounts.tables.PurchasesList <init>
INFO: Creating Items List Table UI...
Nov 24, 2014 6:32:32 AM org.lown.consultancy.accounts.api.ProductService getCategoryMap
INFO: Get List of all Product Category and put them in a hash map... 
Nov 24, 2014 6:32:32 AM org.lown.consultancy.accounts.api.ProductService getCategoryMap
INFO: Executing Query: Select category_id,categoryname,categorycode from productcategory WHERE voided=0 
Nov 24, 2014 6:32:32 AM org.lown.consultancy.accounts.Sql createStatement
INFO: Creating Statement...
Nov 24, 2014 6:32:34 AM org.lown.consultancy.accounts.api.ProductService getProductMap
INFO: Get List of all Product given the category and put them in a hash map... 
Nov 24, 2014 6:32:34 AM org.lown.consultancy.accounts.api.ProductService getProductMap
INFO: Executing Query: Select productname,productcode,product_id from product WHERE voided=0  and category_id=1
Nov 24, 2014 6:32:34 AM org.lown.consultancy.accounts.Sql createStatement
INFO: Creating Statement...
Nov 24, 2014 6:32:38 AM org.lown.consultancy.accounts.api.ProductService getProductBuyingPrice
INFO: Getting Category Details given the internal DB id... 
Nov 24, 2014 6:32:38 AM org.lown.consultancy.accounts.Sql createStatement
INFO: Creating Statement...
Nov 24, 2014 6:32:41 AM org.lown.consultancy.accounts.api.ProductService getProductCategoryMap
INFO: Get List of all Product Category and put them in a hash map... 
Nov 24, 2014 6:32:41 AM org.lown.consultancy.accounts.api.ProductService getProductCategoryMap
INFO: Executing Query: Select category_id,categoryname,categorycode from productcategory WHERE voided=0 
Nov 24, 2014 6:32:41 AM org.lown.consultancy.accounts.Sql createStatement
INFO: Creating Statement...
Nov 24, 2014 6:32:41 AM org.lown.consultancy.accounts.api.ProductService getProductById
INFO: Getting Category Details given the internal DB id... 
Nov 24, 2014 6:32:41 AM org.lown.consultancy.accounts.Sql createStatement
INFO: Creating Statement...
Nov 24, 2014 6:33:45 AM org.lown.consultancy.accounts.dialog.MainMenu actionPerformed
INFO: Exiting Accounts Management Application... 
Nov 24, 2014 6:33:45 AM org.lown.consultancy.accounts.dialog.LoginDialog createAndShowGUI
INFO: Loading The Log on Page
Nov 24, 2014 6:33:48 AM org.lown.consultancy.accounts.AccountsManagement main
INFO: LOWN Accounting Application logs...
Nov 24, 2014 6:33:48 AM org.lown.consultancy.accounts.AccountsManagement main
INFO: Application Starting...
Nov 24, 2014 6:33:48 AM org.lown.consultancy.accounts.dialog.LoginDialog <init>
INFO: Application User Log on UI...
Nov 24, 2014 6:33:52 AM org.lown.consultancy.accounts.api.UserService getUser
INFO: Getting user Details given username and pass... 
Nov 24, 2014 6:33:52 AM org.lown.consultancy.accounts.Sql createStatement
INFO: Creating Statement...
Nov 24, 2014 6:33:52 AM org.lown.consultancy.accounts.Sql getConnection
INFO: Opening Connection to the Database
Nov 24, 2014 6:33:52 AM org.lown.consultancy.accounts.dialog.LoginDialog actionPerformed
INFO: Sucessfull Log on... Loading Main Menu
Nov 24, 2014 6:33:52 AM org.lown.consultancy.accounts.dialog.LoginDialog actionPerformed
INFO: User: super Login  Sucessfull
Nov 24, 2014 6:33:52 AM org.lown.consultancy.accounts.api.CompanyService getCompanyDetails
INFO: Getting Customer Details given the internal DB id... 
Nov 24, 2014 6:33:52 AM org.lown.consultancy.accounts.Sql createStatement
INFO: Creating Statement...
Nov 24, 2014 6:33:54 AM org.lown.consultancy.accounts.dialog.MainMenu actionPerformed
INFO: Loading Supplier Dialog form... 
Nov 24, 2014 6:33:54 AM org.lown.consultancy.accounts.dialog.PurchasesDialog createAndShowGUI
INFO: Loading Transactions
Nov 24, 2014 6:33:54 AM org.lown.consultancy.accounts.dialog.PurchasesDialog <init>
INFO: Creating Purchases UI...
Nov 24, 2014 6:33:54 AM org.lown.consultancy.accounts.api.ProductService getCategoryMap
INFO: Get List of all Product Category and put them in a hash map... 
Nov 24, 2014 6:33:54 AM org.lown.consultancy.accounts.api.ProductService getCategoryMap
INFO: Executing Query: Select category_id,categoryname,categorycode from productcategory WHERE voided=0 
Nov 24, 2014 6:33:54 AM org.lown.consultancy.accounts.Sql createStatement
INFO: Creating Statement...
Nov 24, 2014 6:33:54 AM org.lown.consultancy.accounts.tables.PurchasesList <init>
INFO: Creating Items List Table UI...
Nov 24, 2014 6:33:54 AM org.lown.consultancy.accounts.api.ProductService getCategoryMap
INFO: Get List of all Product Category and put them in a hash map... 
Nov 24, 2014 6:33:54 AM org.lown.consultancy.accounts.api.ProductService getCategoryMap
INFO: Executing Query: Select category_id,categoryname,categorycode from productcategory WHERE voided=0 
Nov 24, 2014 6:33:54 AM org.lown.consultancy.accounts.Sql createStatement
INFO: Creating Statement...
Nov 24, 2014 6:33:56 AM org.lown.consultancy.accounts.api.ProductService getProductMap
INFO: Get List of all Product given the category and put them in a hash map... 
Nov 24, 2014 6:33:56 AM org.lown.consultancy.accounts.api.ProductService getProductMap
INFO: Executing Query: Select productname,productcode,product_id from product WHERE voided=0  and category_id=2
Nov 24, 2014 6:33:56 AM org.lown.consultancy.accounts.Sql createStatement
INFO: Creating Statement...
Nov 24, 2014 6:34:01 AM org.lown.consultancy.accounts.api.ProductService getProductBuyingPrice
INFO: Getting Category Details given the internal DB id... 
Nov 24, 2014 6:34:01 AM org.lown.consultancy.accounts.Sql createStatement
INFO: Creating Statement...
Nov 24, 2014 6:34:04 AM org.lown.consultancy.accounts.api.ProductService getProductCategoryMap
INFO: Get List of all Product Category and put them in a hash map... 
Nov 24, 2014 6:34:04 AM org.lown.consultancy.accounts.api.ProductService getProductCategoryMap
INFO: Executing Query: Select category_id,categoryname,categorycode from productcategory WHERE voided=0 
Nov 24, 2014 6:34:04 AM org.lown.consultancy.accounts.Sql createStatement
INFO: Creating Statement...
Nov 24, 2014 6:34:04 AM org.lown.consultancy.accounts.api.ProductService getProductById
INFO: Getting Category Details given the internal DB id... 
Nov 24, 2014 6:34:04 AM org.lown.consultancy.accounts.Sql createStatement
INFO: Creating Statement...
Nov 24, 2014 6:34:11 AM org.lown.consultancy.accounts.dialog.LoginDialog createAndShowGUI
INFO: Loading The Log on Page
Nov 24, 2014 6:25:25 PM org.lown.consultancy.accounts.AccountsManagement main
INFO: LOWN Accounting Application logs...
Nov 24, 2014 6:25:25 PM org.lown.consultancy.accounts.AccountsManagement main
INFO: Application Starting...
Nov 24, 2014 6:25:26 PM org.lown.consultancy.accounts.dialog.LoginDialog <init>
INFO: Application User Log on UI...
Nov 24, 2014 6:25:30 PM org.lown.consultancy.accounts.api.UserService getUser
INFO: Getting user Details given username and pass... 
Nov 24, 2014 6:25:30 PM org.lown.consultancy.accounts.Sql createStatement
INFO: Creating Statement...
Nov 24, 2014 6:25:31 PM org.lown.consultancy.accounts.Sql getConnection
INFO: Opening Connection to the Database
Nov 24, 2014 6:26:54 PM org.lown.consultancy.accounts.dialog.LoginDialog createAndShowGUI
INFO: Loading The Log on Page
Nov 24, 2014 6:26:59 PM org.lown.consultancy.accounts.AccountsManagement main
INFO: LOWN Accounting Application logs...
Nov 24, 2014 6:26:59 PM org.lown.consultancy.accounts.AccountsManagement main
INFO: Application Starting...
Nov 24, 2014 6:26:59 PM org.lown.consultancy.accounts.dialog.LoginDialog <init>
INFO: Application User Log on UI...
Nov 24, 2014 6:27:03 PM org.lown.consultancy.accounts.api.UserService getUser
INFO: Getting user Details given username and pass... 
Nov 24, 2014 6:27:03 PM org.lown.consultancy.accounts.Sql createStatement
INFO: Creating Statement...
Nov 24, 2014 6:27:03 PM org.lown.consultancy.accounts.Sql getConnection
INFO: Opening Connection to the Database
Nov 24, 2014 6:27:03 PM org.lown.consultancy.accounts.dialog.LoginDialog actionPerformed
INFO: Sucessfull Log on... Loading Main Menu
Nov 24, 2014 6:27:03 PM org.lown.consultancy.accounts.dialog.LoginDialog actionPerformed
INFO: User: super Login  Sucessfull
Nov 24, 2014 6:27:03 PM org.lown.consultancy.accounts.api.CompanyService getCompanyDetails
INFO: Getting Customer Details given the internal DB id... 
Nov 24, 2014 6:27:03 PM org.lown.consultancy.accounts.Sql createStatement
INFO: Creating Statement...
Nov 24, 2014 6:27:13 PM org.lown.consultancy.accounts.dialog.MainMenu actionPerformed
INFO: Loading Product Dialog form... 
Nov 24, 2014 6:27:13 PM org.lown.consultancy.accounts.dialog.ProductDialog createAndShowGUI
INFO: Loading Category Dialog
Nov 24, 2014 6:27:13 PM org.lown.consultancy.accounts.dialog.ProductDialog <init>
INFO: Creating Product Category UI...
Nov 24, 2014 6:27:13 PM org.lown.consultancy.accounts.api.ProductService getProductCategoryMap
INFO: Get List of all Product Category and put them in a hash map... 
Nov 24, 2014 6:27:13 PM org.lown.consultancy.accounts.api.ProductService getProductCategoryMap
INFO: Executing Query: Select category_id,categoryname,categorycode from productcategory WHERE voided=0 
Nov 24, 2014 6:27:13 PM org.lown.consultancy.accounts.Sql createStatement
INFO: Creating Statement...
Nov 24, 2014 6:27:13 PM org.lown.consultancy.accounts.api.ProductService getCategoryMap
INFO: Get List of all Product Category and put them in a hash map... 
Nov 24, 2014 6:27:13 PM org.lown.consultancy.accounts.api.ProductService getCategoryMap
INFO: Executing Query: Select category_id,categoryname,categorycode from productcategory WHERE voided=0 
Nov 24, 2014 6:27:13 PM org.lown.consultancy.accounts.Sql createStatement
INFO: Creating Statement...
Nov 24, 2014 6:27:13 PM org.lown.consultancy.accounts.tables.ProductListTable <init>
INFO: Creating Product List Table UI...
Nov 24, 2014 6:27:13 PM org.lown.consultancy.accounts.api.ProductService getProductCategoryMap
INFO: Get List of all Product Category and put them in a hash map... 
Nov 24, 2014 6:27:13 PM org.lown.consultancy.accounts.api.ProductService getProductCategoryMap
INFO: Executing Query: Select category_id,categoryname,categorycode from productcategory WHERE voided=0 
Nov 24, 2014 6:27:13 PM org.lown.consultancy.accounts.Sql createStatement
INFO: Creating Statement...
Nov 24, 2014 6:27:13 PM org.lown.consultancy.accounts.api.ProductService getAllProducts
INFO: Get List of All products... 
Nov 24, 2014 6:27:13 PM org.lown.consultancy.accounts.api.ProductService getAllProducts
INFO: Executing Query: Select product_id,productname,productcode, measureunit, category_id from product WHERE voided=0 
Nov 24, 2014 6:27:13 PM org.lown.consultancy.accounts.Sql createStatement
INFO: Creating Statement...
Nov 24, 2014 6:28:51 PM org.lown.consultancy.accounts.Sql createStatement
INFO: Creating Statement...
Nov 24, 2014 6:28:51 PM org.lown.consultancy.accounts.api.ProductService getLastProductId
INFO: Validating Product Code... 
Nov 24, 2014 6:28:51 PM org.lown.consultancy.accounts.Sql createStatement
INFO: Creating Statement...
