Nov 29, 2014 6:59:12 AM org.lown.consultancy.accounts.AccountsManagement main
INFO: LOWN Accounting Application logs...
Nov 29, 2014 6:59:12 AM org.lown.consultancy.accounts.AccountsManagement main
INFO: Application Starting...
Nov 29, 2014 6:59:12 AM org.lown.consultancy.accounts.dialog.LoginDialog <init>
INFO: Application User Log on UI...
Nov 29, 2014 6:59:20 AM org.lown.consultancy.accounts.api.UserService getUser
INFO: Getting user Details given username and pass... 
Nov 29, 2014 6:59:20 AM org.lown.consultancy.accounts.Sql createStatement
INFO: Creating Statement...
Nov 29, 2014 6:59:21 AM org.lown.consultancy.accounts.Sql getConnection
INFO: Opening Connection to the Database
Nov 29, 2014 6:59:21 AM org.lown.consultancy.accounts.dialog.LoginDialog actionPerformed
INFO: Failled Loging on User: admin
Nov 29, 2014 6:59:28 AM org.lown.consultancy.accounts.api.UserService getUser
INFO: Getting user Details given username and pass... 
Nov 29, 2014 6:59:28 AM org.lown.consultancy.accounts.Sql createStatement
INFO: Creating Statement...
Nov 29, 2014 6:59:28 AM org.lown.consultancy.accounts.dialog.LoginDialog actionPerformed
INFO: Sucessfull Log on... Loading Main Menu
Nov 29, 2014 6:59:28 AM org.lown.consultancy.accounts.dialog.LoginDialog actionPerformed
INFO: User: super Login  Sucessfull
Nov 29, 2014 6:59:28 AM org.lown.consultancy.accounts.api.CompanyService getCompanyDetails
INFO: Getting Customer Details given the internal DB id... 
Nov 29, 2014 6:59:28 AM org.lown.consultancy.accounts.Sql createStatement
INFO: Creating Statement...
Nov 29, 2014 6:59:31 AM org.lown.consultancy.accounts.dialog.MainMenu actionPerformed
INFO: Loading Treasury Dashboard Dialog form... 
Nov 29, 2014 6:59:31 AM org.lown.consultancy.accounts.dialog.AccountDialog createAndShowGUI
INFO: Loading Company Accounts Dialog
Nov 29, 2014 6:59:31 AM org.lown.consultancy.accounts.dialog.AccountDialog <init>
INFO: Creating Company Accounts UI...
Nov 29, 2014 7:04:33 AM org.lown.consultancy.accounts.dialog.MainMenu actionPerformed
INFO: Exiting Accounts Management Application... 
Nov 29, 2014 7:04:33 AM org.lown.consultancy.accounts.dialog.LoginDialog createAndShowGUI
INFO: Loading The Log on Page
Nov 29, 2014 7:04:35 AM org.lown.consultancy.accounts.AccountsManagement main
INFO: LOWN Accounting Application logs...
Nov 29, 2014 7:04:35 AM org.lown.consultancy.accounts.AccountsManagement main
INFO: Application Starting...
Nov 29, 2014 7:04:35 AM org.lown.consultancy.accounts.dialog.LoginDialog <init>
INFO: Application User Log on UI...
Nov 29, 2014 7:04:40 AM org.lown.consultancy.accounts.api.UserService getUser
INFO: Getting user Details given username and pass... 
Nov 29, 2014 7:04:40 AM org.lown.consultancy.accounts.Sql createStatement
INFO: Creating Statement...
Nov 29, 2014 7:04:40 AM org.lown.consultancy.accounts.Sql getConnection
INFO: Opening Connection to the Database
Nov 29, 2014 7:04:40 AM org.lown.consultancy.accounts.dialog.LoginDialog actionPerformed
INFO: Sucessfull Log on... Loading Main Menu
Nov 29, 2014 7:04:40 AM org.lown.consultancy.accounts.dialog.LoginDialog actionPerformed
INFO: User: super Login  Sucessfull
Nov 29, 2014 7:04:40 AM org.lown.consultancy.accounts.api.CompanyService getCompanyDetails
INFO: Getting Customer Details given the internal DB id... 
Nov 29, 2014 7:04:40 AM org.lown.consultancy.accounts.Sql createStatement
INFO: Creating Statement...
Nov 29, 2014 7:08:35 AM org.lown.consultancy.accounts.dialog.MainMenu actionPerformed
INFO: Exiting Accounts Management Application... 
Nov 29, 2014 7:08:35 AM org.lown.consultancy.accounts.dialog.LoginDialog createAndShowGUI
INFO: Loading The Log on Page
Nov 29, 2014 7:08:38 AM org.lown.consultancy.accounts.AccountsManagement main
INFO: LOWN Accounting Application logs...
Nov 29, 2014 7:08:38 AM org.lown.consultancy.accounts.AccountsManagement main
INFO: Application Starting...
Nov 29, 2014 7:08:38 AM org.lown.consultancy.accounts.dialog.LoginDialog <init>
INFO: Application User Log on UI...
Nov 29, 2014 7:08:43 AM org.lown.consultancy.accounts.api.UserService getUser
INFO: Getting user Details given username and pass... 
Nov 29, 2014 7:08:43 AM org.lown.consultancy.accounts.Sql createStatement
INFO: Creating Statement...
Nov 29, 2014 7:08:43 AM org.lown.consultancy.accounts.Sql getConnection
INFO: Opening Connection to the Database
Nov 29, 2014 7:08:43 AM org.lown.consultancy.accounts.dialog.LoginDialog actionPerformed
INFO: Sucessfull Log on... Loading Main Menu
Nov 29, 2014 7:08:43 AM org.lown.consultancy.accounts.dialog.LoginDialog actionPerformed
INFO: User: super Login  Sucessfull
Nov 29, 2014 7:08:43 AM org.lown.consultancy.accounts.api.CompanyService getCompanyDetails
INFO: Getting Customer Details given the internal DB id... 
Nov 29, 2014 7:08:43 AM org.lown.consultancy.accounts.Sql createStatement
INFO: Creating Statement...
Nov 29, 2014 7:08:45 AM org.lown.consultancy.accounts.dialog.MainMenu actionPerformed
INFO: Loading Treasury Dashboard Dialog form... 
Nov 29, 2014 7:08:45 AM org.lown.consultancy.accounts.dialog.AccountDialog createAndShowGUI
INFO: Loading Company Accounts Dialog
Nov 29, 2014 7:08:45 AM org.lown.consultancy.accounts.dialog.AccountDialog <init>
INFO: Creating Company Accounts UI...
Nov 29, 2014 7:09:05 AM org.lown.consultancy.accounts.dialog.MainMenu actionPerformed
INFO: Exiting Accounts Management Application... 
Nov 29, 2014 7:09:05 AM org.lown.consultancy.accounts.dialog.LoginDialog createAndShowGUI
INFO: Loading The Log on Page
Nov 29, 2014 7:09:10 AM org.lown.consultancy.accounts.AccountsManagement main
INFO: LOWN Accounting Application logs...
Nov 29, 2014 7:09:10 AM org.lown.consultancy.accounts.AccountsManagement main
INFO: Application Starting...
Nov 29, 2014 7:09:10 AM org.lown.consultancy.accounts.dialog.LoginDialog <init>
INFO: Application User Log on UI...
Nov 29, 2014 7:09:14 AM org.lown.consultancy.accounts.api.UserService getUser
INFO: Getting user Details given username and pass... 
Nov 29, 2014 7:09:14 AM org.lown.consultancy.accounts.Sql createStatement
INFO: Creating Statement...
Nov 29, 2014 7:09:15 AM org.lown.consultancy.accounts.Sql getConnection
INFO: Opening Connection to the Database
Nov 29, 2014 7:09:15 AM org.lown.consultancy.accounts.dialog.LoginDialog actionPerformed
INFO: Sucessfull Log on... Loading Main Menu
Nov 29, 2014 7:09:15 AM org.lown.consultancy.accounts.dialog.LoginDialog actionPerformed
INFO: User: super Login  Sucessfull
Nov 29, 2014 7:09:15 AM org.lown.consultancy.accounts.api.CompanyService getCompanyDetails
INFO: Getting Customer Details given the internal DB id... 
Nov 29, 2014 7:09:15 AM org.lown.consultancy.accounts.Sql createStatement
INFO: Creating Statement...
Nov 29, 2014 7:09:16 AM org.lown.consultancy.accounts.dialog.MainMenu actionPerformed
INFO: Loading Treasury Dashboard Dialog form... 
Nov 29, 2014 7:09:16 AM org.lown.consultancy.accounts.dialog.AccountDialog createAndShowGUI
INFO: Loading Company Accounts Dialog
Nov 29, 2014 7:09:16 AM org.lown.consultancy.accounts.dialog.AccountDialog <init>
INFO: Creating Company Accounts UI...
Nov 29, 2014 8:01:35 AM org.lown.consultancy.accounts.dialog.MainMenu actionPerformed
INFO: Loading Product Dashboard Dialog form... 
Nov 29, 2014 8:01:35 AM org.lown.consultancy.accounts.dialog.ProductDashboard createAndShowGUI
INFO: Loading CustomerDashboard Dialog
Nov 29, 2014 8:01:35 AM org.lown.consultancy.accounts.tables.CategoryListTable <init>
INFO: Creating Product Category List Table UI...
Nov 29, 2014 8:01:35 AM org.lown.consultancy.accounts.api.CategoryService getAllCategories
INFO: Get List of Customers given the search criteria... 
Nov 29, 2014 8:01:35 AM org.lown.consultancy.accounts.api.CategoryService getAllCategories
INFO: Executing Query: Select category_id,categoryname,categorycode from productcategory WHERE voided=0 
Nov 29, 2014 8:01:35 AM org.lown.consultancy.accounts.Sql createStatement
INFO: Creating Statement...
Nov 29, 2014 8:01:35 AM org.lown.consultancy.accounts.tables.ProductListTable <init>
INFO: Creating Product List Table UI...
Nov 29, 2014 8:01:35 AM org.lown.consultancy.accounts.api.ProductService getProductCategoryMap
INFO: Get List of all Product Category and put them in a hash map... 
Nov 29, 2014 8:01:35 AM org.lown.consultancy.accounts.api.ProductService getProductCategoryMap
INFO: Executing Query: Select category_id,categoryname,categorycode from productcategory WHERE voided=0 
Nov 29, 2014 8:01:35 AM org.lown.consultancy.accounts.Sql createStatement
INFO: Creating Statement...
Nov 29, 2014 8:01:35 AM org.lown.consultancy.accounts.api.ProductService getAllProducts
INFO: Get List of All products... 
Nov 29, 2014 8:01:35 AM org.lown.consultancy.accounts.api.ProductService getAllProducts
INFO: Executing Query: Select product_id,productname,productcode, measureunit, category_id from product WHERE voided=0 
Nov 29, 2014 8:01:35 AM org.lown.consultancy.accounts.Sql createStatement
INFO: Creating Statement...
Nov 29, 2014 8:01:38 AM org.lown.consultancy.accounts.dialog.ProductDialog createAndShowGUI
INFO: Loading Category Dialog
Nov 29, 2014 8:01:38 AM org.lown.consultancy.accounts.dialog.ProductDialog <init>
INFO: Creating Products UI...
Nov 29, 2014 8:01:38 AM org.lown.consultancy.accounts.api.ProductService getProductCategoryMap
INFO: Get List of all Product Category and put them in a hash map... 
Nov 29, 2014 8:01:38 AM org.lown.consultancy.accounts.api.ProductService getProductCategoryMap
INFO: Executing Query: Select category_id,categoryname,categorycode from productcategory WHERE voided=0 
Nov 29, 2014 8:01:38 AM org.lown.consultancy.accounts.Sql createStatement
INFO: Creating Statement...
Nov 29, 2014 8:01:38 AM org.lown.consultancy.accounts.api.ProductService getCategoryMap
INFO: Get List of all Product Category and put them in a hash map... 
Nov 29, 2014 8:01:38 AM org.lown.consultancy.accounts.api.ProductService getCategoryMap
INFO: Executing Query: Select category_id,categoryname,categorycode from productcategory WHERE voided=0 
Nov 29, 2014 8:01:38 AM org.lown.consultancy.accounts.Sql createStatement
INFO: Creating Statement...
Nov 29, 2014 8:18:27 AM org.lown.consultancy.accounts.dialog.MainMenu actionPerformed
INFO: Exiting Accounts Management Application... 
Nov 29, 2014 8:18:27 AM org.lown.consultancy.accounts.dialog.LoginDialog createAndShowGUI
INFO: Loading The Log on Page
Nov 29, 2014 8:18:29 AM org.lown.consultancy.accounts.AccountsManagement main
INFO: LOWN Accounting Application logs...
Nov 29, 2014 8:18:29 AM org.lown.consultancy.accounts.AccountsManagement main
INFO: Application Starting...
Nov 29, 2014 8:18:29 AM org.lown.consultancy.accounts.dialog.LoginDialog <init>
INFO: Application User Log on UI...
Nov 29, 2014 8:18:33 AM org.lown.consultancy.accounts.api.UserService getUser
INFO: Getting user Details given username and pass... 
Nov 29, 2014 8:18:33 AM org.lown.consultancy.accounts.Sql createStatement
INFO: Creating Statement...
Nov 29, 2014 8:18:33 AM org.lown.consultancy.accounts.Sql getConnection
INFO: Opening Connection to the Database
Nov 29, 2014 8:18:33 AM org.lown.consultancy.accounts.dialog.LoginDialog actionPerformed
INFO: Sucessfull Log on... Loading Main Menu
Nov 29, 2014 8:18:33 AM org.lown.consultancy.accounts.dialog.LoginDialog actionPerformed
INFO: User: super Login  Sucessfull
Nov 29, 2014 8:18:33 AM org.lown.consultancy.accounts.api.CompanyService getCompanyDetails
INFO: Getting Customer Details given the internal DB id... 
Nov 29, 2014 8:18:33 AM org.lown.consultancy.accounts.Sql createStatement
INFO: Creating Statement...
Nov 29, 2014 8:18:35 AM org.lown.consultancy.accounts.dialog.MainMenu actionPerformed
INFO: Loading Treasury Dashboard Dialog form... 
Nov 29, 2014 8:18:35 AM org.lown.consultancy.accounts.dialog.AccountDialog createAndShowGUI
INFO: Loading Company Accounts Dialog
Nov 29, 2014 8:18:35 AM org.lown.consultancy.accounts.dialog.AccountDialog <init>
INFO: Creating Company Accounts UI...
Nov 29, 2014 8:41:52 AM org.lown.consultancy.accounts.dialog.MainMenu actionPerformed
INFO: Exiting Accounts Management Application... 
Nov 29, 2014 8:41:52 AM org.lown.consultancy.accounts.dialog.LoginDialog createAndShowGUI
INFO: Loading The Log on Page
Nov 29, 2014 8:41:54 AM org.lown.consultancy.accounts.AccountsManagement main
INFO: LOWN Accounting Application logs...
Nov 29, 2014 8:41:54 AM org.lown.consultancy.accounts.AccountsManagement main
INFO: Application Starting...
Nov 29, 2014 8:41:54 AM org.lown.consultancy.accounts.dialog.LoginDialog <init>
INFO: Application User Log on UI...
Nov 29, 2014 8:41:58 AM org.lown.consultancy.accounts.api.UserService getUser
INFO: Getting user Details given username and pass... 
Nov 29, 2014 8:41:58 AM org.lown.consultancy.accounts.Sql createStatement
INFO: Creating Statement...
Nov 29, 2014 8:41:58 AM org.lown.consultancy.accounts.Sql getConnection
INFO: Opening Connection to the Database
Nov 29, 2014 8:41:58 AM org.lown.consultancy.accounts.dialog.LoginDialog actionPerformed
INFO: Sucessfull Log on... Loading Main Menu
Nov 29, 2014 8:41:58 AM org.lown.consultancy.accounts.dialog.LoginDialog actionPerformed
INFO: User: super Login  Sucessfull
Nov 29, 2014 8:41:58 AM org.lown.consultancy.accounts.api.CompanyService getCompanyDetails
INFO: Getting Customer Details given the internal DB id... 
Nov 29, 2014 8:41:58 AM org.lown.consultancy.accounts.Sql createStatement
INFO: Creating Statement...
Nov 29, 2014 8:42:01 AM org.lown.consultancy.accounts.dialog.MainMenu actionPerformed
INFO: Loading Treasury Dashboard Dialog form... 
Nov 29, 2014 8:42:01 AM org.lown.consultancy.accounts.dialog.AccountDialog createAndShowGUI
INFO: Loading Company Accounts Dialog
Nov 29, 2014 8:42:01 AM org.lown.consultancy.accounts.dialog.AccountDialog <init>
INFO: Creating Company Accounts UI...
Nov 29, 2014 8:42:48 AM org.lown.consultancy.accounts.Sql createStatement
INFO: Creating Statement...
Nov 29, 2014 8:52:23 AM org.lown.consultancy.accounts.dialog.MainMenu actionPerformed
INFO: Exiting Accounts Management Application... 
Nov 29, 2014 8:52:23 AM org.lown.consultancy.accounts.dialog.LoginDialog createAndShowGUI
INFO: Loading The Log on Page
