Dec 14, 2014 6:44:46 AM org.lown.consultancy.accounts.AccountsManagement main
INFO: LOWN Accounting Application logs...
Dec 14, 2014 6:44:46 AM org.lown.consultancy.accounts.AccountsManagement main
INFO: Application Starting...
Dec 14, 2014 6:44:46 AM org.lown.consultancy.accounts.dialog.LoginDialog <init>
INFO: Application User Log on UI...
Dec 14, 2014 6:44:51 AM org.lown.consultancy.accounts.dao.UserService getUser
INFO: Getting user Details given username and pass... 
Dec 14, 2014 6:44:51 AM org.lown.consultancy.accounts.Sql createStatement
INFO: Creating Statement...
Dec 14, 2014 6:44:52 AM org.lown.consultancy.accounts.Sql getConnection
INFO: Opening Connection to the Database
Dec 14, 2014 6:44:52 AM org.lown.consultancy.accounts.dialog.LoginDialog actionPerformed
INFO: Sucessfull Log on... Loading Main Menu
Dec 14, 2014 6:44:52 AM org.lown.consultancy.accounts.dialog.LoginDialog actionPerformed
INFO: User: super Login  Sucessfull
Dec 14, 2014 6:44:52 AM org.lown.consultancy.accounts.dao.UserService getUserRole
INFO: Getting user Details given username and pass... 
Dec 14, 2014 6:44:52 AM org.lown.consultancy.accounts.Sql createStatement
INFO: Creating Statement...
Dec 14, 2014 6:44:53 AM org.lown.consultancy.accounts.dao.CompanyService getCompanyDetails
INFO: Getting Customer Details given the internal DB id... 
Dec 14, 2014 6:44:53 AM org.lown.consultancy.accounts.Sql createStatement
INFO: Creating Statement...
Dec 14, 2014 6:44:53 AM org.lown.consultancy.accounts.dao.StockService getPendingStockItems
INFO: Getting Category Details given the internal DB id... 
Dec 14, 2014 6:44:53 AM org.lown.consultancy.accounts.Sql createStatement
INFO: Creating Statement...
Dec 14, 2014 6:44:55 AM org.lown.consultancy.accounts.dialog.MainMenu actionPerformed
INFO: Loading Treasury Dashboard Dialog form... 
Dec 14, 2014 6:44:55 AM org.lown.consultancy.accounts.dialog.TreasuryDialog createAndShowGUI
INFO: Loading Treasury Dialog
Dec 14, 2014 6:44:56 AM org.lown.consultancy.accounts.dao.CompanyService getAllAccounts
INFO: Get List of All products... 
Dec 14, 2014 6:44:56 AM org.lown.consultancy.accounts.dao.CompanyService getAllAccounts
INFO: Executing Query: Select account_id,account_name,account_number, bank, branch,open_balance, account_balance  from account WHERE voided=0;
Dec 14, 2014 6:44:56 AM org.lown.consultancy.accounts.Sql createStatement
INFO: Creating Statement...
Dec 14, 2014 6:45:06 AM org.lown.consultancy.accounts.dao.CashService getTotalBank
INFO: get available cash... 
Dec 14, 2014 6:45:06 AM org.lown.consultancy.accounts.Sql createStatement
INFO: Creating Statement...
Dec 14, 2014 6:45:06 AM org.lown.consultancy.accounts.dao.CashService getTotalBankPayments
INFO: get available cheque collection transfers... 
Dec 14, 2014 6:45:06 AM org.lown.consultancy.accounts.Sql createStatement
INFO: Creating Statement...
Dec 14, 2014 6:45:12 AM org.lown.consultancy.accounts.dao.CashService getTotalCashByAccountId
INFO: get available cash by account id... 
Dec 14, 2014 6:45:12 AM org.lown.consultancy.accounts.Sql createStatement
INFO: Creating Statement...
Dec 14, 2014 6:45:12 AM org.lown.consultancy.accounts.dao.CashService getTotalPaymentsByAccountId
INFO: get available cash... 
Dec 14, 2014 6:45:12 AM org.lown.consultancy.accounts.Sql createStatement
INFO: Creating Statement...
Dec 14, 2014 6:46:16 AM org.lown.consultancy.accounts.dao.CashService getTotalCashByAccountId
INFO: get available cash by account id... 
Dec 14, 2014 6:46:16 AM org.lown.consultancy.accounts.Sql createStatement
INFO: Creating Statement...
Dec 14, 2014 6:46:16 AM org.lown.consultancy.accounts.dao.CashService getTotalPaymentsByAccountId
INFO: get available cash... 
Dec 14, 2014 6:46:16 AM org.lown.consultancy.accounts.Sql createStatement
INFO: Creating Statement...
Dec 14, 2014 6:46:32 AM org.lown.consultancy.accounts.dao.CompanyService getAccountById
INFO: Getting Account Details given the  account number... 
Dec 14, 2014 6:46:32 AM org.lown.consultancy.accounts.Sql createStatement
INFO: Creating Statement...
Dec 14, 2014 6:46:32 AM org.lown.consultancy.accounts.dao.CompanyService getAccountById
INFO: Getting Account Details given the  account number... 
Dec 14, 2014 6:46:32 AM org.lown.consultancy.accounts.Sql createStatement
INFO: Creating Statement...
Dec 14, 2014 6:46:46 AM org.lown.consultancy.accounts.dao.CashService getTotalCashByAccountId
INFO: get available cash by account id... 
Dec 14, 2014 6:46:46 AM org.lown.consultancy.accounts.Sql createStatement
INFO: Creating Statement...
Dec 14, 2014 6:46:46 AM org.lown.consultancy.accounts.dao.CashService getTotalPaymentsByAccountId
INFO: get available cash... 
Dec 14, 2014 6:46:46 AM org.lown.consultancy.accounts.Sql createStatement
INFO: Creating Statement...
Dec 14, 2014 6:46:51 AM org.lown.consultancy.accounts.dao.CashService getTotalCashByAccountId
INFO: get available cash by account id... 
Dec 14, 2014 6:46:51 AM org.lown.consultancy.accounts.Sql createStatement
INFO: Creating Statement...
Dec 14, 2014 6:46:51 AM org.lown.consultancy.accounts.dao.CashService getTotalPaymentsByAccountId
INFO: get available cash... 
Dec 14, 2014 6:46:51 AM org.lown.consultancy.accounts.Sql createStatement
INFO: Creating Statement...
Dec 14, 2014 6:54:42 AM org.lown.consultancy.accounts.dialog.ContraExpensesDialog createAndShowGUI
INFO: Loading Contra Expenses Dialog
Dec 14, 2014 6:54:42 AM org.lown.consultancy.accounts.dao.CompanyService getAllContraAccounts
INFO: Get List of All products... 
Dec 14, 2014 6:54:42 AM org.lown.consultancy.accounts.dao.CompanyService getAllContraAccounts
INFO: Executing Query: Select contra_id,contra_name,contra_descr  from contra WHERE voided=0;
Dec 14, 2014 6:54:42 AM org.lown.consultancy.accounts.Sql createStatement
INFO: Creating Statement...
Dec 14, 2014 6:56:42 AM org.lown.consultancy.accounts.dialog.MainMenu actionPerformed
INFO: Exiting Accounts Management Application... 
Dec 14, 2014 6:56:42 AM org.lown.consultancy.accounts.dialog.LoginDialog createAndShowGUI
INFO: Loading The Log on Page
Dec 14, 2014 6:56:46 AM org.lown.consultancy.accounts.AccountsManagement main
INFO: LOWN Accounting Application logs...
Dec 14, 2014 6:56:46 AM org.lown.consultancy.accounts.AccountsManagement main
INFO: Application Starting...
Dec 14, 2014 6:56:46 AM org.lown.consultancy.accounts.dialog.LoginDialog <init>
INFO: Application User Log on UI...
Dec 14, 2014 6:56:52 AM org.lown.consultancy.accounts.dao.UserService getUser
INFO: Getting user Details given username and pass... 
Dec 14, 2014 6:56:52 AM org.lown.consultancy.accounts.Sql createStatement
INFO: Creating Statement...
Dec 14, 2014 6:56:52 AM org.lown.consultancy.accounts.Sql getConnection
INFO: Opening Connection to the Database
Dec 14, 2014 6:56:52 AM org.lown.consultancy.accounts.dialog.LoginDialog actionPerformed
INFO: Sucessfull Log on... Loading Main Menu
Dec 14, 2014 6:56:52 AM org.lown.consultancy.accounts.dialog.LoginDialog actionPerformed
INFO: User: super Login  Sucessfull
Dec 14, 2014 6:56:52 AM org.lown.consultancy.accounts.dao.UserService getUserRole
INFO: Getting user Details given username and pass... 
Dec 14, 2014 6:56:52 AM org.lown.consultancy.accounts.Sql createStatement
INFO: Creating Statement...
Dec 14, 2014 6:56:52 AM org.lown.consultancy.accounts.dao.CompanyService getCompanyDetails
INFO: Getting Customer Details given the internal DB id... 
Dec 14, 2014 6:56:52 AM org.lown.consultancy.accounts.Sql createStatement
INFO: Creating Statement...
Dec 14, 2014 6:56:52 AM org.lown.consultancy.accounts.dao.StockService getPendingStockItems
INFO: Getting Category Details given the internal DB id... 
Dec 14, 2014 6:56:52 AM org.lown.consultancy.accounts.Sql createStatement
INFO: Creating Statement...
Dec 14, 2014 6:56:54 AM org.lown.consultancy.accounts.dialog.MainMenu actionPerformed
INFO: Loading Treasury Dashboard Dialog form... 
Dec 14, 2014 6:56:54 AM org.lown.consultancy.accounts.dialog.TreasuryDialog createAndShowGUI
INFO: Loading Treasury Dialog
Dec 14, 2014 6:56:54 AM org.lown.consultancy.accounts.dao.CompanyService getAllAccounts
INFO: Get List of All products... 
Dec 14, 2014 6:56:54 AM org.lown.consultancy.accounts.dao.CompanyService getAllAccounts
INFO: Executing Query: Select account_id,account_name,account_number, bank, branch,open_balance, account_balance  from account WHERE voided=0;
Dec 14, 2014 6:56:54 AM org.lown.consultancy.accounts.Sql createStatement
INFO: Creating Statement...
Dec 14, 2014 6:56:56 AM org.lown.consultancy.accounts.dialog.ContraExpensesDialog createAndShowGUI
INFO: Loading Contra Expenses Dialog
Dec 14, 2014 6:56:56 AM org.lown.consultancy.accounts.dao.CompanyService getAllContraAccounts
INFO: Get List of All products... 
Dec 14, 2014 6:56:56 AM org.lown.consultancy.accounts.dao.CompanyService getAllContraAccounts
INFO: Executing Query: Select contra_id,contra_name,contra_descr  from contra WHERE voided=0;
Dec 14, 2014 6:56:56 AM org.lown.consultancy.accounts.Sql createStatement
INFO: Creating Statement...
Dec 14, 2014 7:02:57 AM org.lown.consultancy.accounts.dialog.MainMenu actionPerformed
INFO: Exiting Accounts Management Application... 
Dec 14, 2014 7:02:57 AM org.lown.consultancy.accounts.dialog.LoginDialog createAndShowGUI
INFO: Loading The Log on Page
Dec 14, 2014 7:03:01 AM org.lown.consultancy.accounts.AccountsManagement main
INFO: LOWN Accounting Application logs...
Dec 14, 2014 7:03:01 AM org.lown.consultancy.accounts.AccountsManagement main
INFO: Application Starting...
Dec 14, 2014 7:03:01 AM org.lown.consultancy.accounts.dialog.LoginDialog <init>
INFO: Application User Log on UI...
Dec 14, 2014 7:03:07 AM org.lown.consultancy.accounts.dao.UserService getUser
INFO: Getting user Details given username and pass... 
Dec 14, 2014 7:03:07 AM org.lown.consultancy.accounts.Sql createStatement
INFO: Creating Statement...
Dec 14, 2014 7:03:07 AM org.lown.consultancy.accounts.Sql getConnection
INFO: Opening Connection to the Database
Dec 14, 2014 7:03:07 AM org.lown.consultancy.accounts.dialog.LoginDialog actionPerformed
INFO: Sucessfull Log on... Loading Main Menu
Dec 14, 2014 7:03:07 AM org.lown.consultancy.accounts.dialog.LoginDialog actionPerformed
INFO: User: super Login  Sucessfull
Dec 14, 2014 7:03:07 AM org.lown.consultancy.accounts.dao.UserService getUserRole
INFO: Getting user Details given username and pass... 
Dec 14, 2014 7:03:07 AM org.lown.consultancy.accounts.Sql createStatement
INFO: Creating Statement...
Dec 14, 2014 7:03:07 AM org.lown.consultancy.accounts.dao.CompanyService getCompanyDetails
INFO: Getting Customer Details given the internal DB id... 
Dec 14, 2014 7:03:07 AM org.lown.consultancy.accounts.Sql createStatement
INFO: Creating Statement...
Dec 14, 2014 7:03:07 AM org.lown.consultancy.accounts.dao.StockService getPendingStockItems
INFO: Getting Category Details given the internal DB id... 
Dec 14, 2014 7:03:07 AM org.lown.consultancy.accounts.Sql createStatement
INFO: Creating Statement...
Dec 14, 2014 7:03:09 AM org.lown.consultancy.accounts.dialog.MainMenu actionPerformed
INFO: Loading Treasury Dashboard Dialog form... 
Dec 14, 2014 7:03:09 AM org.lown.consultancy.accounts.dialog.TreasuryDialog createAndShowGUI
INFO: Loading Treasury Dialog
Dec 14, 2014 7:03:09 AM org.lown.consultancy.accounts.dao.CompanyService getAllAccounts
INFO: Get List of All products... 
Dec 14, 2014 7:03:09 AM org.lown.consultancy.accounts.dao.CompanyService getAllAccounts
INFO: Executing Query: Select account_id,account_name,account_number, bank, branch,open_balance, account_balance  from account WHERE voided=0;
Dec 14, 2014 7:03:09 AM org.lown.consultancy.accounts.Sql createStatement
INFO: Creating Statement...
Dec 14, 2014 7:03:11 AM org.lown.consultancy.accounts.dialog.ContraExpensesDialog createAndShowGUI
INFO: Loading Contra Expenses Dialog
Dec 14, 2014 7:03:11 AM org.lown.consultancy.accounts.dao.CompanyService getAllContraAccounts
INFO: Get List of All products... 
Dec 14, 2014 7:03:11 AM org.lown.consultancy.accounts.dao.CompanyService getAllContraAccounts
INFO: Executing Query: Select contra_id,contra_name,contra_descr  from contra WHERE voided=0;
Dec 14, 2014 7:03:11 AM org.lown.consultancy.accounts.Sql createStatement
INFO: Creating Statement...
Dec 14, 2014 7:03:37 AM org.lown.consultancy.accounts.dialog.MainMenu actionPerformed
INFO: Exiting Accounts Management Application... 
Dec 14, 2014 7:03:37 AM org.lown.consultancy.accounts.dialog.LoginDialog createAndShowGUI
INFO: Loading The Log on Page
Dec 14, 2014 7:05:53 AM org.lown.consultancy.accounts.AccountsManagement main
INFO: LOWN Accounting Application logs...
Dec 14, 2014 7:05:53 AM org.lown.consultancy.accounts.AccountsManagement main
INFO: Application Starting...
Dec 14, 2014 7:05:53 AM org.lown.consultancy.accounts.dialog.LoginDialog <init>
INFO: Application User Log on UI...
Dec 14, 2014 7:05:58 AM org.lown.consultancy.accounts.dao.UserService getUser
INFO: Getting user Details given username and pass... 
Dec 14, 2014 7:05:58 AM org.lown.consultancy.accounts.Sql createStatement
INFO: Creating Statement...
Dec 14, 2014 7:05:58 AM org.lown.consultancy.accounts.Sql getConnection
INFO: Opening Connection to the Database
Dec 14, 2014 7:05:58 AM org.lown.consultancy.accounts.dialog.LoginDialog actionPerformed
INFO: Sucessfull Log on... Loading Main Menu
Dec 14, 2014 7:05:58 AM org.lown.consultancy.accounts.dialog.LoginDialog actionPerformed
INFO: User: super Login  Sucessfull
Dec 14, 2014 7:05:58 AM org.lown.consultancy.accounts.dao.UserService getUserRole
INFO: Getting user Details given username and pass... 
Dec 14, 2014 7:05:58 AM org.lown.consultancy.accounts.Sql createStatement
INFO: Creating Statement...
Dec 14, 2014 7:05:58 AM org.lown.consultancy.accounts.dao.CompanyService getCompanyDetails
INFO: Getting Customer Details given the internal DB id... 
Dec 14, 2014 7:05:58 AM org.lown.consultancy.accounts.Sql createStatement
INFO: Creating Statement...
Dec 14, 2014 7:05:58 AM org.lown.consultancy.accounts.dao.StockService getPendingStockItems
INFO: Getting Category Details given the internal DB id... 
Dec 14, 2014 7:05:58 AM org.lown.consultancy.accounts.Sql createStatement
INFO: Creating Statement...
Dec 14, 2014 7:05:59 AM org.lown.consultancy.accounts.dialog.MainMenu actionPerformed
INFO: Loading Treasury Dashboard Dialog form... 
Dec 14, 2014 7:05:59 AM org.lown.consultancy.accounts.dialog.TreasuryDialog createAndShowGUI
INFO: Loading Treasury Dialog
Dec 14, 2014 7:05:59 AM org.lown.consultancy.accounts.dao.CompanyService getAllAccounts
INFO: Get List of All products... 
Dec 14, 2014 7:05:59 AM org.lown.consultancy.accounts.dao.CompanyService getAllAccounts
INFO: Executing Query: Select account_id,account_name,account_number, bank, branch,open_balance, account_balance  from account WHERE voided=0;
Dec 14, 2014 7:05:59 AM org.lown.consultancy.accounts.Sql createStatement
INFO: Creating Statement...
Dec 14, 2014 7:06:01 AM org.lown.consultancy.accounts.dialog.ContraExpensesDialog createAndShowGUI
INFO: Loading Contra Expenses Dialog
Dec 14, 2014 7:06:01 AM org.lown.consultancy.accounts.dao.CompanyService getAllContraAccounts
INFO: Get List of All products... 
Dec 14, 2014 7:06:01 AM org.lown.consultancy.accounts.dao.CompanyService getAllContraAccounts
INFO: Executing Query: Select contra_id,contra_name,contra_descr  from contra WHERE voided=0;
Dec 14, 2014 7:06:01 AM org.lown.consultancy.accounts.Sql createStatement
INFO: Creating Statement...
Dec 14, 2014 7:07:04 AM org.lown.consultancy.accounts.dialog.MainMenu actionPerformed
INFO: Exiting Accounts Management Application... 
Dec 14, 2014 7:07:04 AM org.lown.consultancy.accounts.dialog.LoginDialog createAndShowGUI
INFO: Loading The Log on Page
Dec 14, 2014 7:07:06 AM org.lown.consultancy.accounts.AccountsManagement main
INFO: LOWN Accounting Application logs...
Dec 14, 2014 7:07:06 AM org.lown.consultancy.accounts.AccountsManagement main
INFO: Application Starting...
Dec 14, 2014 7:07:06 AM org.lown.consultancy.accounts.dialog.LoginDialog <init>
INFO: Application User Log on UI...
Dec 14, 2014 7:07:12 AM org.lown.consultancy.accounts.dialog.LoginDialog createAndShowGUI
INFO: Loading The Log on Page
Dec 14, 2014 7:07:17 AM org.lown.consultancy.accounts.AccountsManagement main
INFO: LOWN Accounting Application logs...
Dec 14, 2014 7:07:17 AM org.lown.consultancy.accounts.AccountsManagement main
INFO: Application Starting...
Dec 14, 2014 7:07:17 AM org.lown.consultancy.accounts.dialog.LoginDialog <init>
INFO: Application User Log on UI...
Dec 14, 2014 7:07:22 AM org.lown.consultancy.accounts.dao.UserService getUser
INFO: Getting user Details given username and pass... 
Dec 14, 2014 7:07:22 AM org.lown.consultancy.accounts.Sql createStatement
INFO: Creating Statement...
Dec 14, 2014 7:07:22 AM org.lown.consultancy.accounts.Sql getConnection
INFO: Opening Connection to the Database
Dec 14, 2014 7:07:22 AM org.lown.consultancy.accounts.dialog.LoginDialog actionPerformed
INFO: Sucessfull Log on... Loading Main Menu
Dec 14, 2014 7:07:22 AM org.lown.consultancy.accounts.dialog.LoginDialog actionPerformed
INFO: User: super Login  Sucessfull
Dec 14, 2014 7:07:22 AM org.lown.consultancy.accounts.dao.UserService getUserRole
INFO: Getting user Details given username and pass... 
Dec 14, 2014 7:07:22 AM org.lown.consultancy.accounts.Sql createStatement
INFO: Creating Statement...
Dec 14, 2014 7:07:22 AM org.lown.consultancy.accounts.dao.CompanyService getCompanyDetails
INFO: Getting Customer Details given the internal DB id... 
Dec 14, 2014 7:07:22 AM org.lown.consultancy.accounts.Sql createStatement
INFO: Creating Statement...
Dec 14, 2014 7:07:22 AM org.lown.consultancy.accounts.dao.StockService getPendingStockItems
INFO: Getting Category Details given the internal DB id... 
Dec 14, 2014 7:07:22 AM org.lown.consultancy.accounts.Sql createStatement
INFO: Creating Statement...
Dec 14, 2014 7:07:24 AM org.lown.consultancy.accounts.dialog.MainMenu actionPerformed
INFO: Loading Treasury Dashboard Dialog form... 
Dec 14, 2014 7:07:24 AM org.lown.consultancy.accounts.dialog.TreasuryDialog createAndShowGUI
INFO: Loading Treasury Dialog
Dec 14, 2014 7:07:24 AM org.lown.consultancy.accounts.dao.CompanyService getAllAccounts
INFO: Get List of All products... 
Dec 14, 2014 7:07:24 AM org.lown.consultancy.accounts.dao.CompanyService getAllAccounts
INFO: Executing Query: Select account_id,account_name,account_number, bank, branch,open_balance, account_balance  from account WHERE voided=0;
Dec 14, 2014 7:07:24 AM org.lown.consultancy.accounts.Sql createStatement
INFO: Creating Statement...
Dec 14, 2014 7:07:25 AM org.lown.consultancy.accounts.dialog.ContraExpensesDialog createAndShowGUI
INFO: Loading Contra Expenses Dialog
Dec 14, 2014 7:07:25 AM org.lown.consultancy.accounts.dao.CompanyService getAllContraAccounts
INFO: Get List of All products... 
Dec 14, 2014 7:07:25 AM org.lown.consultancy.accounts.dao.CompanyService getAllContraAccounts
INFO: Executing Query: Select contra_id,contra_name,contra_descr  from contra WHERE voided=0;
Dec 14, 2014 7:07:25 AM org.lown.consultancy.accounts.Sql createStatement
INFO: Creating Statement...
Dec 14, 2014 7:07:42 AM org.lown.consultancy.accounts.dialog.MainMenu actionPerformed
INFO: Exiting Accounts Management Application... 
Dec 14, 2014 7:07:42 AM org.lown.consultancy.accounts.dialog.LoginDialog createAndShowGUI
INFO: Loading The Log on Page
Dec 14, 2014 7:07:55 AM org.lown.consultancy.accounts.AccountsManagement main
INFO: LOWN Accounting Application logs...
Dec 14, 2014 7:07:55 AM org.lown.consultancy.accounts.AccountsManagement main
INFO: Application Starting...
Dec 14, 2014 7:07:55 AM org.lown.consultancy.accounts.dialog.LoginDialog <init>
INFO: Application User Log on UI...
Dec 14, 2014 7:08:00 AM org.lown.consultancy.accounts.dao.UserService getUser
INFO: Getting user Details given username and pass... 
Dec 14, 2014 7:08:00 AM org.lown.consultancy.accounts.Sql createStatement
INFO: Creating Statement...
Dec 14, 2014 7:08:00 AM org.lown.consultancy.accounts.Sql getConnection
INFO: Opening Connection to the Database
Dec 14, 2014 7:08:00 AM org.lown.consultancy.accounts.dialog.LoginDialog actionPerformed
INFO: Sucessfull Log on... Loading Main Menu
Dec 14, 2014 7:08:00 AM org.lown.consultancy.accounts.dialog.LoginDialog actionPerformed
INFO: User: super Login  Sucessfull
Dec 14, 2014 7:08:00 AM org.lown.consultancy.accounts.dao.UserService getUserRole
INFO: Getting user Details given username and pass... 
Dec 14, 2014 7:08:00 AM org.lown.consultancy.accounts.Sql createStatement
INFO: Creating Statement...
Dec 14, 2014 7:08:00 AM org.lown.consultancy.accounts.dao.CompanyService getCompanyDetails
INFO: Getting Customer Details given the internal DB id... 
Dec 14, 2014 7:08:00 AM org.lown.consultancy.accounts.Sql createStatement
INFO: Creating Statement...
Dec 14, 2014 7:08:00 AM org.lown.consultancy.accounts.dao.StockService getPendingStockItems
INFO: Getting Category Details given the internal DB id... 
Dec 14, 2014 7:08:00 AM org.lown.consultancy.accounts.Sql createStatement
INFO: Creating Statement...
Dec 14, 2014 7:08:02 AM org.lown.consultancy.accounts.dialog.MainMenu actionPerformed
INFO: Loading Treasury Dashboard Dialog form... 
Dec 14, 2014 7:08:02 AM org.lown.consultancy.accounts.dialog.TreasuryDialog createAndShowGUI
INFO: Loading Treasury Dialog
Dec 14, 2014 7:08:02 AM org.lown.consultancy.accounts.dao.CompanyService getAllAccounts
INFO: Get List of All products... 
Dec 14, 2014 7:08:02 AM org.lown.consultancy.accounts.dao.CompanyService getAllAccounts
INFO: Executing Query: Select account_id,account_name,account_number, bank, branch,open_balance, account_balance  from account WHERE voided=0;
Dec 14, 2014 7:08:02 AM org.lown.consultancy.accounts.Sql createStatement
INFO: Creating Statement...
Dec 14, 2014 7:08:05 AM org.lown.consultancy.accounts.dialog.ContraExpensesDialog createAndShowGUI
INFO: Loading Contra Expenses Dialog
Dec 14, 2014 7:08:05 AM org.lown.consultancy.accounts.dao.CompanyService getAllContraAccounts
INFO: Get List of All products... 
Dec 14, 2014 7:08:05 AM org.lown.consultancy.accounts.dao.CompanyService getAllContraAccounts
INFO: Executing Query: Select contra_id,contra_name,contra_descr  from contra WHERE voided=0;
Dec 14, 2014 7:08:05 AM org.lown.consultancy.accounts.Sql createStatement
INFO: Creating Statement...
Dec 14, 2014 7:08:16 AM org.lown.consultancy.accounts.dao.CompanyService getContraAccountByName
INFO: Executing Query: Select contra_id,contra_name,contra_descr  from contra WHERE voided=0 and contra_name='Office Expenses'
Dec 14, 2014 7:08:16 AM org.lown.consultancy.accounts.Sql createStatement
INFO: Creating Statement...
Dec 14, 2014 7:08:45 AM org.lown.consultancy.accounts.dialog.MainMenu actionPerformed
INFO: Exiting Accounts Management Application... 
Dec 14, 2014 7:08:45 AM org.lown.consultancy.accounts.dialog.LoginDialog createAndShowGUI
INFO: Loading The Log on Page
Dec 14, 2014 7:09:44 AM org.lown.consultancy.accounts.AccountsManagement main
INFO: LOWN Accounting Application logs...
Dec 14, 2014 7:09:44 AM org.lown.consultancy.accounts.AccountsManagement main
INFO: Application Starting...
Dec 14, 2014 7:09:44 AM org.lown.consultancy.accounts.dialog.LoginDialog <init>
INFO: Application User Log on UI...
Dec 14, 2014 7:09:49 AM org.lown.consultancy.accounts.dao.UserService getUser
INFO: Getting user Details given username and pass... 
Dec 14, 2014 7:09:49 AM org.lown.consultancy.accounts.Sql createStatement
INFO: Creating Statement...
Dec 14, 2014 7:09:49 AM org.lown.consultancy.accounts.Sql getConnection
INFO: Opening Connection to the Database
Dec 14, 2014 7:09:49 AM org.lown.consultancy.accounts.dialog.LoginDialog actionPerformed
INFO: Sucessfull Log on... Loading Main Menu
Dec 14, 2014 7:09:49 AM org.lown.consultancy.accounts.dialog.LoginDialog actionPerformed
INFO: User: super Login  Sucessfull
Dec 14, 2014 7:09:49 AM org.lown.consultancy.accounts.dao.UserService getUserRole
INFO: Getting user Details given username and pass... 
Dec 14, 2014 7:09:50 AM org.lown.consultancy.accounts.Sql createStatement
INFO: Creating Statement...
Dec 14, 2014 7:09:50 AM org.lown.consultancy.accounts.dao.CompanyService getCompanyDetails
INFO: Getting Customer Details given the internal DB id... 
Dec 14, 2014 7:09:50 AM org.lown.consultancy.accounts.Sql createStatement
INFO: Creating Statement...
Dec 14, 2014 7:09:50 AM org.lown.consultancy.accounts.dao.StockService getPendingStockItems
INFO: Getting Category Details given the internal DB id... 
Dec 14, 2014 7:09:50 AM org.lown.consultancy.accounts.Sql createStatement
INFO: Creating Statement...
Dec 14, 2014 7:09:51 AM org.lown.consultancy.accounts.dialog.MainMenu actionPerformed
INFO: Loading Treasury Dashboard Dialog form... 
Dec 14, 2014 7:09:51 AM org.lown.consultancy.accounts.dialog.TreasuryDialog createAndShowGUI
INFO: Loading Treasury Dialog
Dec 14, 2014 7:09:51 AM org.lown.consultancy.accounts.dao.CompanyService getAllAccounts
INFO: Get List of All products... 
Dec 14, 2014 7:09:51 AM org.lown.consultancy.accounts.dao.CompanyService getAllAccounts
INFO: Executing Query: Select account_id,account_name,account_number, bank, branch,open_balance, account_balance  from account WHERE voided=0;
Dec 14, 2014 7:09:51 AM org.lown.consultancy.accounts.Sql createStatement
INFO: Creating Statement...
Dec 14, 2014 7:09:53 AM org.lown.consultancy.accounts.dialog.ContraExpensesDialog createAndShowGUI
INFO: Loading Contra Expenses Dialog
Dec 14, 2014 7:09:53 AM org.lown.consultancy.accounts.dao.CompanyService getAllContraAccounts
INFO: Get List of All products... 
Dec 14, 2014 7:09:53 AM org.lown.consultancy.accounts.dao.CompanyService getAllContraAccounts
INFO: Executing Query: Select contra_id,contra_name,contra_descr  from contra WHERE voided=0;
Dec 14, 2014 7:09:53 AM org.lown.consultancy.accounts.Sql createStatement
INFO: Creating Statement...
Dec 14, 2014 7:10:12 AM org.lown.consultancy.accounts.dao.CompanyService getContraAccountByName
INFO: Executing Query: Select contra_id,contra_name,contra_descr  from contra WHERE voided=0 and contra_name='Meals and Entertainment'
Dec 14, 2014 7:10:12 AM org.lown.consultancy.accounts.Sql createStatement
INFO: Creating Statement...
Dec 14, 2014 7:10:47 AM org.lown.consultancy.accounts.dao.CompanyService getContraAccountByName
INFO: Executing Query: Select contra_id,contra_name,contra_descr  from contra WHERE voided=0 and contra_name='Transport'
Dec 14, 2014 7:10:47 AM org.lown.consultancy.accounts.Sql createStatement
INFO: Creating Statement...
Dec 14, 2014 7:11:43 AM org.lown.consultancy.accounts.dialog.MainMenu actionPerformed
INFO: Exiting Accounts Management Application... 
Dec 14, 2014 7:11:43 AM org.lown.consultancy.accounts.dialog.LoginDialog createAndShowGUI
INFO: Loading The Log on Page
Dec 14, 2014 7:11:45 AM org.lown.consultancy.accounts.AccountsManagement main
INFO: LOWN Accounting Application logs...
Dec 14, 2014 7:11:45 AM org.lown.consultancy.accounts.AccountsManagement main
INFO: Application Starting...
Dec 14, 2014 7:11:45 AM org.lown.consultancy.accounts.dialog.LoginDialog <init>
INFO: Application User Log on UI...
Dec 14, 2014 7:11:49 AM org.lown.consultancy.accounts.dao.UserService getUser
INFO: Getting user Details given username and pass... 
Dec 14, 2014 7:11:49 AM org.lown.consultancy.accounts.Sql createStatement
INFO: Creating Statement...
Dec 14, 2014 7:11:50 AM org.lown.consultancy.accounts.Sql getConnection
INFO: Opening Connection to the Database
Dec 14, 2014 7:11:50 AM org.lown.consultancy.accounts.dialog.LoginDialog actionPerformed
INFO: Sucessfull Log on... Loading Main Menu
Dec 14, 2014 7:11:50 AM org.lown.consultancy.accounts.dialog.LoginDialog actionPerformed
INFO: User: super Login  Sucessfull
Dec 14, 2014 7:11:50 AM org.lown.consultancy.accounts.dao.UserService getUserRole
INFO: Getting user Details given username and pass... 
Dec 14, 2014 7:11:50 AM org.lown.consultancy.accounts.Sql createStatement
INFO: Creating Statement...
Dec 14, 2014 7:11:50 AM org.lown.consultancy.accounts.dao.CompanyService getCompanyDetails
INFO: Getting Customer Details given the internal DB id... 
Dec 14, 2014 7:11:50 AM org.lown.consultancy.accounts.Sql createStatement
INFO: Creating Statement...
Dec 14, 2014 7:11:50 AM org.lown.consultancy.accounts.dao.StockService getPendingStockItems
INFO: Getting Category Details given the internal DB id... 
Dec 14, 2014 7:11:50 AM org.lown.consultancy.accounts.Sql createStatement
INFO: Creating Statement...
Dec 14, 2014 7:11:51 AM org.lown.consultancy.accounts.dialog.MainMenu actionPerformed
INFO: Loading Treasury Dashboard Dialog form... 
Dec 14, 2014 7:11:51 AM org.lown.consultancy.accounts.dialog.TreasuryDialog createAndShowGUI
INFO: Loading Treasury Dialog
Dec 14, 2014 7:11:51 AM org.lown.consultancy.accounts.dao.CompanyService getAllAccounts
INFO: Get List of All products... 
Dec 14, 2014 7:11:51 AM org.lown.consultancy.accounts.dao.CompanyService getAllAccounts
INFO: Executing Query: Select account_id,account_name,account_number, bank, branch,open_balance, account_balance  from account WHERE voided=0;
Dec 14, 2014 7:11:51 AM org.lown.consultancy.accounts.Sql createStatement
INFO: Creating Statement...
Dec 14, 2014 7:11:53 AM org.lown.consultancy.accounts.dialog.ContraExpensesDialog createAndShowGUI
INFO: Loading Contra Expenses Dialog
Dec 14, 2014 7:11:53 AM org.lown.consultancy.accounts.dao.CompanyService getAllContraAccounts
INFO: Get List of All products... 
Dec 14, 2014 7:11:53 AM org.lown.consultancy.accounts.dao.CompanyService getAllContraAccounts
INFO: Executing Query: Select contra_id,contra_name,contra_descr  from contra WHERE voided=0;
Dec 14, 2014 7:11:53 AM org.lown.consultancy.accounts.Sql createStatement
INFO: Creating Statement...
Dec 14, 2014 7:12:26 AM org.lown.consultancy.accounts.dao.CompanyService getContraAccountByName
INFO: Executing Query: Select contra_id,contra_name,contra_descr  from contra WHERE voided=0 and contra_name='Transport'
Dec 14, 2014 7:12:26 AM org.lown.consultancy.accounts.Sql createStatement
INFO: Creating Statement...
Dec 14, 2014 7:12:43 AM org.lown.consultancy.accounts.dao.CompanyService getContraAccountByName
INFO: Executing Query: Select contra_id,contra_name,contra_descr  from contra WHERE voided=0 and contra_name='Meals and Entertainment'
Dec 14, 2014 7:12:43 AM org.lown.consultancy.accounts.Sql createStatement
INFO: Creating Statement...
Dec 14, 2014 7:13:03 AM org.lown.consultancy.accounts.dialog.MainMenu actionPerformed
INFO: Exiting Accounts Management Application... 
Dec 14, 2014 7:13:03 AM org.lown.consultancy.accounts.dialog.LoginDialog createAndShowGUI
INFO: Loading The Log on Page
Dec 14, 2014 7:13:10 AM org.lown.consultancy.accounts.AccountsManagement main
INFO: LOWN Accounting Application logs...
Dec 14, 2014 7:13:10 AM org.lown.consultancy.accounts.AccountsManagement main
INFO: Application Starting...
Dec 14, 2014 7:13:10 AM org.lown.consultancy.accounts.dialog.LoginDialog <init>
INFO: Application User Log on UI...
Dec 14, 2014 7:13:14 AM org.lown.consultancy.accounts.dao.UserService getUser
INFO: Getting user Details given username and pass... 
Dec 14, 2014 7:13:14 AM org.lown.consultancy.accounts.Sql createStatement
INFO: Creating Statement...
Dec 14, 2014 7:13:14 AM org.lown.consultancy.accounts.Sql getConnection
INFO: Opening Connection to the Database
Dec 14, 2014 7:13:14 AM org.lown.consultancy.accounts.dialog.LoginDialog actionPerformed
INFO: Sucessfull Log on... Loading Main Menu
Dec 14, 2014 7:13:14 AM org.lown.consultancy.accounts.dialog.LoginDialog actionPerformed
INFO: User: super Login  Sucessfull
Dec 14, 2014 7:13:14 AM org.lown.consultancy.accounts.dao.UserService getUserRole
INFO: Getting user Details given username and pass... 
Dec 14, 2014 7:13:14 AM org.lown.consultancy.accounts.Sql createStatement
INFO: Creating Statement...
Dec 14, 2014 7:13:14 AM org.lown.consultancy.accounts.dao.CompanyService getCompanyDetails
INFO: Getting Customer Details given the internal DB id... 
Dec 14, 2014 7:13:14 AM org.lown.consultancy.accounts.Sql createStatement
INFO: Creating Statement...
Dec 14, 2014 7:13:14 AM org.lown.consultancy.accounts.dao.StockService getPendingStockItems
INFO: Getting Category Details given the internal DB id... 
Dec 14, 2014 7:13:14 AM org.lown.consultancy.accounts.Sql createStatement
INFO: Creating Statement...
Dec 14, 2014 7:13:15 AM org.lown.consultancy.accounts.dialog.MainMenu actionPerformed
INFO: Loading Treasury Dashboard Dialog form... 
Dec 14, 2014 7:13:15 AM org.lown.consultancy.accounts.dialog.TreasuryDialog createAndShowGUI
INFO: Loading Treasury Dialog
Dec 14, 2014 7:13:15 AM org.lown.consultancy.accounts.dao.CompanyService getAllAccounts
INFO: Get List of All products... 
Dec 14, 2014 7:13:15 AM org.lown.consultancy.accounts.dao.CompanyService getAllAccounts
INFO: Executing Query: Select account_id,account_name,account_number, bank, branch,open_balance, account_balance  from account WHERE voided=0;
Dec 14, 2014 7:13:15 AM org.lown.consultancy.accounts.Sql createStatement
INFO: Creating Statement...
Dec 14, 2014 7:13:17 AM org.lown.consultancy.accounts.dialog.ContraExpensesDialog createAndShowGUI
INFO: Loading Contra Expenses Dialog
Dec 14, 2014 7:13:17 AM org.lown.consultancy.accounts.dao.CompanyService getAllContraAccounts
INFO: Get List of All products... 
Dec 14, 2014 7:13:17 AM org.lown.consultancy.accounts.dao.CompanyService getAllContraAccounts
INFO: Executing Query: Select contra_id,contra_name,contra_descr  from contra WHERE voided=0;
Dec 14, 2014 7:13:17 AM org.lown.consultancy.accounts.Sql createStatement
INFO: Creating Statement...
Dec 14, 2014 7:13:41 AM org.lown.consultancy.accounts.dao.CompanyService getContraAccountByName
INFO: Executing Query: Select contra_id,contra_name,contra_descr  from contra WHERE voided=0 and contra_name='Meals and Entertainment'
Dec 14, 2014 7:13:41 AM org.lown.consultancy.accounts.Sql createStatement
INFO: Creating Statement...
Dec 14, 2014 7:21:39 AM org.lown.consultancy.accounts.dialog.MainMenu actionPerformed
INFO: Exiting Accounts Management Application... 
Dec 14, 2014 7:21:39 AM org.lown.consultancy.accounts.dialog.LoginDialog createAndShowGUI
INFO: Loading The Log on Page
Dec 14, 2014 7:21:41 AM org.lown.consultancy.accounts.AccountsManagement main
INFO: LOWN Accounting Application logs...
Dec 14, 2014 7:21:41 AM org.lown.consultancy.accounts.AccountsManagement main
INFO: Application Starting...
Dec 14, 2014 7:21:41 AM org.lown.consultancy.accounts.dialog.LoginDialog <init>
INFO: Application User Log on UI...
Dec 14, 2014 7:21:47 AM org.lown.consultancy.accounts.dao.UserService getUser
INFO: Getting user Details given username and pass... 
Dec 14, 2014 7:21:47 AM org.lown.consultancy.accounts.Sql createStatement
INFO: Creating Statement...
Dec 14, 2014 7:21:47 AM org.lown.consultancy.accounts.Sql getConnection
INFO: Opening Connection to the Database
Dec 14, 2014 7:21:47 AM org.lown.consultancy.accounts.dialog.LoginDialog actionPerformed
INFO: Sucessfull Log on... Loading Main Menu
Dec 14, 2014 7:21:47 AM org.lown.consultancy.accounts.dialog.LoginDialog actionPerformed
INFO: User: super Login  Sucessfull
Dec 14, 2014 7:21:47 AM org.lown.consultancy.accounts.dao.UserService getUserRole
INFO: Getting user Details given username and pass... 
Dec 14, 2014 7:21:47 AM org.lown.consultancy.accounts.Sql createStatement
INFO: Creating Statement...
Dec 14, 2014 7:21:47 AM org.lown.consultancy.accounts.dao.CompanyService getCompanyDetails
INFO: Getting Customer Details given the internal DB id... 
Dec 14, 2014 7:21:47 AM org.lown.consultancy.accounts.Sql createStatement
INFO: Creating Statement...
Dec 14, 2014 7:21:47 AM org.lown.consultancy.accounts.dao.StockService getPendingStockItems
INFO: Getting Category Details given the internal DB id... 
Dec 14, 2014 7:21:47 AM org.lown.consultancy.accounts.Sql createStatement
INFO: Creating Statement...
Dec 14, 2014 7:21:49 AM org.lown.consultancy.accounts.dialog.MainMenu actionPerformed
INFO: Loading Treasury Dashboard Dialog form... 
Dec 14, 2014 7:21:49 AM org.lown.consultancy.accounts.dialog.TreasuryDialog createAndShowGUI
INFO: Loading Treasury Dialog
Dec 14, 2014 7:21:49 AM org.lown.consultancy.accounts.dao.CompanyService getAllAccounts
INFO: Get List of All products... 
Dec 14, 2014 7:21:49 AM org.lown.consultancy.accounts.dao.CompanyService getAllAccounts
INFO: Executing Query: Select account_id,account_name,account_number, bank, branch,open_balance, account_balance  from account WHERE voided=0;
Dec 14, 2014 7:21:49 AM org.lown.consultancy.accounts.Sql createStatement
INFO: Creating Statement...
Dec 14, 2014 7:21:51 AM org.lown.consultancy.accounts.dialog.ContraExpensesDialog createAndShowGUI
INFO: Loading Contra Expenses Dialog
Dec 14, 2014 7:21:51 AM org.lown.consultancy.accounts.dao.CompanyService getAllContraAccounts
INFO: Get List of All products... 
Dec 14, 2014 7:21:51 AM org.lown.consultancy.accounts.dao.CompanyService getAllContraAccounts
INFO: Executing Query: Select contra_id,contra_name,contra_descr  from contra WHERE voided=0;
Dec 14, 2014 7:21:51 AM org.lown.consultancy.accounts.Sql createStatement
INFO: Creating Statement...
Dec 14, 2014 7:22:22 AM org.lown.consultancy.accounts.dao.CompanyService getContraAccountByName
INFO: Executing Query: Select contra_id,contra_name,contra_descr  from contra WHERE voided=0 and contra_name='Meals and Entertainment'
Dec 14, 2014 7:22:22 AM org.lown.consultancy.accounts.Sql createStatement
INFO: Creating Statement...
Dec 14, 2014 7:23:59 AM org.lown.consultancy.accounts.dialog.MainMenu actionPerformed
INFO: Exiting Accounts Management Application... 
Dec 14, 2014 7:23:59 AM org.lown.consultancy.accounts.dialog.LoginDialog createAndShowGUI
INFO: Loading The Log on Page
Dec 14, 2014 7:24:02 AM org.lown.consultancy.accounts.AccountsManagement main
INFO: LOWN Accounting Application logs...
Dec 14, 2014 7:24:02 AM org.lown.consultancy.accounts.AccountsManagement main
INFO: Application Starting...
Dec 14, 2014 7:24:02 AM org.lown.consultancy.accounts.dialog.LoginDialog <init>
INFO: Application User Log on UI...
Dec 14, 2014 7:24:07 AM org.lown.consultancy.accounts.dao.UserService getUser
INFO: Getting user Details given username and pass... 
Dec 14, 2014 7:24:07 AM org.lown.consultancy.accounts.Sql createStatement
INFO: Creating Statement...
Dec 14, 2014 7:24:07 AM org.lown.consultancy.accounts.Sql getConnection
INFO: Opening Connection to the Database
Dec 14, 2014 7:24:07 AM org.lown.consultancy.accounts.dialog.LoginDialog actionPerformed
INFO: Sucessfull Log on... Loading Main Menu
Dec 14, 2014 7:24:07 AM org.lown.consultancy.accounts.dialog.LoginDialog actionPerformed
INFO: User: super Login  Sucessfull
Dec 14, 2014 7:24:07 AM org.lown.consultancy.accounts.dao.UserService getUserRole
INFO: Getting user Details given username and pass... 
Dec 14, 2014 7:24:07 AM org.lown.consultancy.accounts.Sql createStatement
INFO: Creating Statement...
Dec 14, 2014 7:24:07 AM org.lown.consultancy.accounts.dao.CompanyService getCompanyDetails
INFO: Getting Customer Details given the internal DB id... 
Dec 14, 2014 7:24:07 AM org.lown.consultancy.accounts.Sql createStatement
INFO: Creating Statement...
Dec 14, 2014 7:24:07 AM org.lown.consultancy.accounts.dao.StockService getPendingStockItems
INFO: Getting Category Details given the internal DB id... 
Dec 14, 2014 7:24:07 AM org.lown.consultancy.accounts.Sql createStatement
INFO: Creating Statement...
Dec 14, 2014 7:24:10 AM org.lown.consultancy.accounts.dialog.MainMenu actionPerformed
INFO: Loading Treasury Dashboard Dialog form... 
Dec 14, 2014 7:24:10 AM org.lown.consultancy.accounts.dialog.TreasuryDialog createAndShowGUI
INFO: Loading Treasury Dialog
Dec 14, 2014 7:24:10 AM org.lown.consultancy.accounts.dao.CompanyService getAllAccounts
INFO: Get List of All products... 
Dec 14, 2014 7:24:10 AM org.lown.consultancy.accounts.dao.CompanyService getAllAccounts
INFO: Executing Query: Select account_id,account_name,account_number, bank, branch,open_balance, account_balance  from account WHERE voided=0;
Dec 14, 2014 7:24:10 AM org.lown.consultancy.accounts.Sql createStatement
INFO: Creating Statement...
Dec 14, 2014 7:24:11 AM org.lown.consultancy.accounts.dialog.ContraExpensesDialog createAndShowGUI
INFO: Loading Contra Expenses Dialog
Dec 14, 2014 7:24:11 AM org.lown.consultancy.accounts.dao.CompanyService getAllContraAccounts
INFO: Get List of All products... 
Dec 14, 2014 7:24:11 AM org.lown.consultancy.accounts.dao.CompanyService getAllContraAccounts
INFO: Executing Query: Select contra_id,contra_name,contra_descr  from contra WHERE voided=0;
Dec 14, 2014 7:24:11 AM org.lown.consultancy.accounts.Sql createStatement
INFO: Creating Statement...
Dec 14, 2014 7:24:22 AM org.lown.consultancy.accounts.dao.CompanyService getContraAccountByName
INFO: Executing Query: Select contra_id,contra_name,contra_descr  from contra WHERE voided=0 and contra_name='Meals and Entertainment'
Dec 14, 2014 7:24:22 AM org.lown.consultancy.accounts.Sql createStatement
INFO: Creating Statement...
Dec 14, 2014 7:24:48 AM org.lown.consultancy.accounts.dialog.MainMenu actionPerformed
INFO: Exiting Accounts Management Application... 
Dec 14, 2014 7:24:48 AM org.lown.consultancy.accounts.dialog.LoginDialog createAndShowGUI
INFO: Loading The Log on Page
Dec 14, 2014 7:36:28 AM org.lown.consultancy.accounts.AccountsManagement main
INFO: LOWN Accounting Application logs...
Dec 14, 2014 7:36:28 AM org.lown.consultancy.accounts.AccountsManagement main
INFO: Application Starting...
Dec 14, 2014 7:36:29 AM org.lown.consultancy.accounts.dialog.LoginDialog <init>
INFO: Application User Log on UI...
Dec 14, 2014 7:36:36 AM org.lown.consultancy.accounts.dao.UserDAO getUser
INFO: Getting user Details given username and pass... 
Dec 14, 2014 7:36:36 AM org.lown.consultancy.accounts.Sql createStatement
INFO: Creating Statement...
Dec 14, 2014 7:36:36 AM org.lown.consultancy.accounts.Sql getConnection
INFO: Opening Connection to the Database
Dec 14, 2014 7:36:36 AM org.lown.consultancy.accounts.dialog.LoginDialog actionPerformed
INFO: Sucessfull Log on... Loading Main Menu
Dec 14, 2014 7:36:36 AM org.lown.consultancy.accounts.dialog.LoginDialog actionPerformed
INFO: User: super Login  Sucessfull
Dec 14, 2014 7:36:36 AM org.lown.consultancy.accounts.dao.UserDAO getUserRole
INFO: Getting user Details given username and pass... 
Dec 14, 2014 7:36:36 AM org.lown.consultancy.accounts.Sql createStatement
INFO: Creating Statement...
Dec 14, 2014 7:36:36 AM org.lown.consultancy.accounts.dao.CompanyDAO getCompanyDetails
INFO: Getting Customer Details given the internal DB id... 
Dec 14, 2014 7:36:36 AM org.lown.consultancy.accounts.Sql createStatement
INFO: Creating Statement...
Dec 14, 2014 7:36:36 AM org.lown.consultancy.accounts.dao.StockDAO getPendingStockItems
INFO: Getting Category Details given the internal DB id... 
Dec 14, 2014 7:36:36 AM org.lown.consultancy.accounts.Sql createStatement
INFO: Creating Statement...
Dec 14, 2014 7:36:40 AM org.lown.consultancy.accounts.dialog.MainMenu actionPerformed
INFO: Loading Treasury Dashboard Dialog form... 
Dec 14, 2014 7:36:40 AM org.lown.consultancy.accounts.dialog.TreasuryDialog createAndShowGUI
INFO: Loading Treasury Dialog
Dec 14, 2014 7:36:40 AM org.lown.consultancy.accounts.dao.CompanyDAO getAllAccounts
INFO: Get List of All products... 
Dec 14, 2014 7:36:40 AM org.lown.consultancy.accounts.dao.CompanyDAO getAllAccounts
INFO: Executing Query: Select account_id,account_name,account_number, bank, branch,open_balance, account_balance  from account WHERE voided=0;
Dec 14, 2014 7:36:40 AM org.lown.consultancy.accounts.Sql createStatement
INFO: Creating Statement...
Dec 14, 2014 7:36:43 AM org.lown.consultancy.accounts.dialog.ContraExpensesDialog createAndShowGUI
INFO: Loading Contra Expenses Dialog
Dec 14, 2014 7:36:43 AM org.lown.consultancy.accounts.dao.CompanyDAO getAllContraAccounts
INFO: Get List of All products... 
Dec 14, 2014 7:36:43 AM org.lown.consultancy.accounts.dao.CompanyDAO getAllContraAccounts
INFO: Executing Query: Select contra_id,contra_name,contra_descr  from contra WHERE voided=0;
Dec 14, 2014 7:36:43 AM org.lown.consultancy.accounts.Sql createStatement
INFO: Creating Statement...
Dec 14, 2014 7:46:33 AM org.lown.consultancy.accounts.dialog.MainMenu actionPerformed
INFO: Exiting Accounts Management Application... 
Dec 14, 2014 7:46:33 AM org.lown.consultancy.accounts.dialog.LoginDialog createAndShowGUI
INFO: Loading The Log on Page
Dec 14, 2014 7:46:36 AM org.lown.consultancy.accounts.AccountsManagement main
INFO: LOWN Accounting Application logs...
Dec 14, 2014 7:46:36 AM org.lown.consultancy.accounts.AccountsManagement main
INFO: Application Starting...
Dec 14, 2014 7:46:37 AM org.lown.consultancy.accounts.dialog.LoginDialog <init>
INFO: Application User Log on UI...
Dec 14, 2014 7:46:41 AM org.lown.consultancy.accounts.dao.UserDAO getUser
INFO: Getting user Details given username and pass... 
Dec 14, 2014 7:46:41 AM org.lown.consultancy.accounts.Sql createStatement
INFO: Creating Statement...
Dec 14, 2014 7:46:41 AM org.lown.consultancy.accounts.Sql getConnection
INFO: Opening Connection to the Database
Dec 14, 2014 7:46:41 AM org.lown.consultancy.accounts.dialog.LoginDialog actionPerformed
INFO: Sucessfull Log on... Loading Main Menu
Dec 14, 2014 7:46:41 AM org.lown.consultancy.accounts.dialog.LoginDialog actionPerformed
INFO: User: super Login  Sucessfull
Dec 14, 2014 7:46:41 AM org.lown.consultancy.accounts.dao.UserDAO getUserRole
INFO: Getting user Details given username and pass... 
Dec 14, 2014 7:46:41 AM org.lown.consultancy.accounts.Sql createStatement
INFO: Creating Statement...
Dec 14, 2014 7:46:41 AM org.lown.consultancy.accounts.dao.CompanyDAO getCompanyDetails
INFO: Getting Customer Details given the internal DB id... 
Dec 14, 2014 7:46:41 AM org.lown.consultancy.accounts.Sql createStatement
INFO: Creating Statement...
Dec 14, 2014 7:46:41 AM org.lown.consultancy.accounts.dao.StockDAO getPendingStockItems
INFO: Getting Category Details given the internal DB id... 
Dec 14, 2014 7:46:41 AM org.lown.consultancy.accounts.Sql createStatement
INFO: Creating Statement...
Dec 14, 2014 7:46:43 AM org.lown.consultancy.accounts.dialog.MainMenu actionPerformed
INFO: Loading Treasury Dashboard Dialog form... 
Dec 14, 2014 7:46:43 AM org.lown.consultancy.accounts.dialog.TreasuryDialog createAndShowGUI
INFO: Loading Treasury Dialog
Dec 14, 2014 7:46:43 AM org.lown.consultancy.accounts.dao.CompanyDAO getAllAccounts
INFO: Get List of All products... 
Dec 14, 2014 7:46:43 AM org.lown.consultancy.accounts.dao.CompanyDAO getAllAccounts
INFO: Executing Query: Select account_id,account_name,account_number, bank, branch,open_balance, account_balance  from account WHERE voided=0;
Dec 14, 2014 7:46:43 AM org.lown.consultancy.accounts.Sql createStatement
INFO: Creating Statement...
Dec 14, 2014 7:46:44 AM org.lown.consultancy.accounts.dialog.ContraExpensesDialog createAndShowGUI
INFO: Loading Contra Expenses Dialog
Dec 14, 2014 7:46:44 AM org.lown.consultancy.accounts.dao.CashDAO getTotalCashByAccountId
INFO: get available cash by account id... 
Dec 14, 2014 7:46:44 AM org.lown.consultancy.accounts.Sql createStatement
INFO: Creating Statement...
Dec 14, 2014 7:46:44 AM org.lown.consultancy.accounts.dao.CashDAO getTotalPaymentsByAccountId
INFO: get available cash... 
Dec 14, 2014 7:46:44 AM org.lown.consultancy.accounts.Sql createStatement
INFO: Creating Statement...
Dec 14, 2014 7:46:44 AM org.lown.consultancy.accounts.dao.CompanyDAO getAllContraAccounts
INFO: Get List of All products... 
Dec 14, 2014 7:46:44 AM org.lown.consultancy.accounts.dao.CompanyDAO getAllContraAccounts
INFO: Executing Query: Select contra_id,contra_name,contra_descr  from contra WHERE voided=0;
Dec 14, 2014 7:46:44 AM org.lown.consultancy.accounts.Sql createStatement
INFO: Creating Statement...
Dec 14, 2014 7:56:09 AM org.lown.consultancy.accounts.dialog.MainMenu actionPerformed
INFO: Exiting Accounts Management Application... 
Dec 14, 2014 7:56:09 AM org.lown.consultancy.accounts.dialog.LoginDialog createAndShowGUI
INFO: Loading The Log on Page
Dec 14, 2014 7:56:12 AM org.lown.consultancy.accounts.AccountsManagement main
INFO: LOWN Accounting Application logs...
Dec 14, 2014 7:56:12 AM org.lown.consultancy.accounts.AccountsManagement main
INFO: Application Starting...
Dec 14, 2014 7:56:12 AM org.lown.consultancy.accounts.dialog.LoginDialog <init>
INFO: Application User Log on UI...
Dec 14, 2014 7:56:20 AM org.lown.consultancy.accounts.dialog.LoginDialog createAndShowGUI
INFO: Loading The Log on Page
Dec 14, 2014 7:57:13 AM org.lown.consultancy.accounts.AccountsManagement main
INFO: LOWN Accounting Application logs...
Dec 14, 2014 7:57:13 AM org.lown.consultancy.accounts.AccountsManagement main
INFO: Application Starting...
Dec 14, 2014 7:57:13 AM org.lown.consultancy.accounts.dialog.LoginDialog <init>
INFO: Application User Log on UI...
Dec 14, 2014 7:57:17 AM org.lown.consultancy.accounts.dao.UserDAO getUser
INFO: Getting user Details given username and pass... 
Dec 14, 2014 7:57:17 AM org.lown.consultancy.accounts.Sql createStatement
INFO: Creating Statement...
Dec 14, 2014 7:57:18 AM org.lown.consultancy.accounts.Sql getConnection
INFO: Opening Connection to the Database
Dec 14, 2014 7:57:18 AM org.lown.consultancy.accounts.dialog.LoginDialog actionPerformed
INFO: Sucessfull Log on... Loading Main Menu
Dec 14, 2014 7:57:18 AM org.lown.consultancy.accounts.dialog.LoginDialog actionPerformed
INFO: User: super Login  Sucessfull
Dec 14, 2014 7:57:18 AM org.lown.consultancy.accounts.dao.UserDAO getUserRole
INFO: Getting user Details given username and pass... 
Dec 14, 2014 7:57:18 AM org.lown.consultancy.accounts.Sql createStatement
INFO: Creating Statement...
Dec 14, 2014 7:57:18 AM org.lown.consultancy.accounts.dao.CompanyDAO getCompanyDetails
INFO: Getting Customer Details given the internal DB id... 
Dec 14, 2014 7:57:18 AM org.lown.consultancy.accounts.Sql createStatement
INFO: Creating Statement...
Dec 14, 2014 7:57:18 AM org.lown.consultancy.accounts.dao.StockDAO getPendingStockItems
INFO: Getting Category Details given the internal DB id... 
Dec 14, 2014 7:57:18 AM org.lown.consultancy.accounts.Sql createStatement
INFO: Creating Statement...
Dec 14, 2014 7:57:19 AM org.lown.consultancy.accounts.dialog.MainMenu actionPerformed
INFO: Loading Treasury Dashboard Dialog form... 
Dec 14, 2014 7:57:20 AM org.lown.consultancy.accounts.dialog.TreasuryDialog createAndShowGUI
INFO: Loading Treasury Dialog
Dec 14, 2014 7:57:20 AM org.lown.consultancy.accounts.dao.CompanyDAO getAllAccounts
INFO: Get List of All products... 
Dec 14, 2014 7:57:20 AM org.lown.consultancy.accounts.dao.CompanyDAO getAllAccounts
INFO: Executing Query: Select account_id,account_name,account_number, bank, branch,open_balance, account_balance  from account WHERE voided=0;
Dec 14, 2014 7:57:20 AM org.lown.consultancy.accounts.Sql createStatement
INFO: Creating Statement...
Dec 14, 2014 7:57:22 AM org.lown.consultancy.accounts.dialog.ContraExpensesDialog createAndShowGUI
INFO: Loading Contra Expenses Dialog
Dec 14, 2014 7:57:22 AM org.lown.consultancy.accounts.dao.CashDAO getTotalCashByAccountId
INFO: get available cash by account id... 
Dec 14, 2014 7:57:22 AM org.lown.consultancy.accounts.Sql createStatement
INFO: Creating Statement...
Dec 14, 2014 7:57:22 AM org.lown.consultancy.accounts.dao.CashDAO getTotalPaymentsByAccountId
INFO: get available cash... 
Dec 14, 2014 7:57:22 AM org.lown.consultancy.accounts.Sql createStatement
INFO: Creating Statement...
Dec 14, 2014 7:57:22 AM org.lown.consultancy.accounts.dao.CompanyDAO getAllContraAccounts
INFO: Get List of All products... 
Dec 14, 2014 7:57:22 AM org.lown.consultancy.accounts.dao.CompanyDAO getAllContraAccounts
INFO: Executing Query: Select contra_id,contra_name,contra_descr  from contra WHERE voided=0;
Dec 14, 2014 7:57:22 AM org.lown.consultancy.accounts.Sql createStatement
INFO: Creating Statement...
Dec 14, 2014 7:58:04 AM org.lown.consultancy.accounts.dao.CompanyDAO getContraAccountByName
INFO: Executing Query: Select contra_id,contra_name,contra_descr  from contra WHERE voided=0 and contra_name='Meals and Entertainment'
Dec 14, 2014 7:58:04 AM org.lown.consultancy.accounts.Sql createStatement
INFO: Creating Statement...
Dec 14, 2014 7:58:20 AM org.lown.consultancy.accounts.dao.CompanyDAO getContraAccountByName
INFO: Executing Query: Select contra_id,contra_name,contra_descr  from contra WHERE voided=0 and contra_name='Transport'
Dec 14, 2014 7:58:20 AM org.lown.consultancy.accounts.Sql createStatement
INFO: Creating Statement...
Dec 14, 2014 7:58:22 AM org.lown.consultancy.accounts.dao.CompanyDAO getContraAccountByName
INFO: Executing Query: Select contra_id,contra_name,contra_descr  from contra WHERE voided=0 and contra_name='Meals and Entertainment'
Dec 14, 2014 7:58:22 AM org.lown.consultancy.accounts.Sql createStatement
INFO: Creating Statement...
Dec 14, 2014 7:58:22 AM org.lown.consultancy.accounts.dao.CompanyDAO getContraAccountByName
INFO: Executing Query: Select contra_id,contra_name,contra_descr  from contra WHERE voided=0 and contra_name='Transport'
Dec 14, 2014 7:58:22 AM org.lown.consultancy.accounts.Sql createStatement
INFO: Creating Statement...
Dec 14, 2014 8:49:32 AM org.lown.consultancy.accounts.dialog.MainMenu actionPerformed
INFO: Exiting Accounts Management Application... 
Dec 14, 2014 8:49:32 AM org.lown.consultancy.accounts.dialog.LoginDialog createAndShowGUI
INFO: Loading The Log on Page
Dec 14, 2014 8:50:47 AM org.lown.consultancy.accounts.AccountsManagement main
INFO: LOWN Accounting Application logs...
Dec 14, 2014 8:50:47 AM org.lown.consultancy.accounts.AccountsManagement main
INFO: Application Starting...
Dec 14, 2014 8:50:47 AM org.lown.consultancy.accounts.dialog.LoginDialog <init>
INFO: Application User Log on UI...
Dec 14, 2014 8:50:53 AM org.lown.consultancy.accounts.dao.UserDAO getUser
INFO: Getting user Details given username and pass... 
Dec 14, 2014 8:50:53 AM org.lown.consultancy.accounts.Sql createStatement
INFO: Creating Statement...
Dec 14, 2014 8:50:53 AM org.lown.consultancy.accounts.Sql getConnection
INFO: Opening Connection to the Database
Dec 14, 2014 8:50:53 AM org.lown.consultancy.accounts.dialog.LoginDialog actionPerformed
INFO: Sucessfull Log on... Loading Main Menu
Dec 14, 2014 8:50:53 AM org.lown.consultancy.accounts.dialog.LoginDialog actionPerformed
INFO: User: super Login  Sucessfull
Dec 14, 2014 8:50:53 AM org.lown.consultancy.accounts.dao.UserDAO getUserRole
INFO: Getting user Details given username and pass... 
Dec 14, 2014 8:50:53 AM org.lown.consultancy.accounts.Sql createStatement
INFO: Creating Statement...
Dec 14, 2014 8:50:53 AM org.lown.consultancy.accounts.dao.CompanyDAO getCompanyDetails
INFO: Getting Customer Details given the internal DB id... 
Dec 14, 2014 8:50:53 AM org.lown.consultancy.accounts.Sql createStatement
INFO: Creating Statement...
Dec 14, 2014 8:50:53 AM org.lown.consultancy.accounts.dao.StockDAO getPendingStockItems
INFO: Getting Category Details given the internal DB id... 
Dec 14, 2014 8:50:53 AM org.lown.consultancy.accounts.Sql createStatement
INFO: Creating Statement...
Dec 14, 2014 8:50:55 AM org.lown.consultancy.accounts.dialog.MainMenu actionPerformed
INFO: Loading Treasury Dashboard Dialog form... 
Dec 14, 2014 8:50:55 AM org.lown.consultancy.accounts.dialog.TreasuryDialog createAndShowGUI
INFO: Loading Treasury Dialog
Dec 14, 2014 8:50:55 AM org.lown.consultancy.accounts.dao.CompanyDAO getAllAccounts
INFO: Get List of All products... 
Dec 14, 2014 8:50:55 AM org.lown.consultancy.accounts.dao.CompanyDAO getAllAccounts
INFO: Executing Query: Select account_id,account_name,account_number, bank, branch,open_balance, account_balance  from account WHERE voided=0;
Dec 14, 2014 8:50:55 AM org.lown.consultancy.accounts.Sql createStatement
INFO: Creating Statement...
Dec 14, 2014 8:50:56 AM org.lown.consultancy.accounts.dialog.ContraExpensesDialog createAndShowGUI
INFO: Loading Contra Expenses Dialog
Dec 14, 2014 8:50:56 AM org.lown.consultancy.accounts.dao.CashDAO getTotalCashByAccountId
INFO: get available cash by account id... 
Dec 14, 2014 8:50:56 AM org.lown.consultancy.accounts.Sql createStatement
INFO: Creating Statement...
Dec 14, 2014 8:50:56 AM org.lown.consultancy.accounts.dao.CashDAO getTotalPaymentsByAccountId
INFO: get available cash... 
Dec 14, 2014 8:50:56 AM org.lown.consultancy.accounts.Sql createStatement
INFO: Creating Statement...
Dec 14, 2014 8:50:56 AM org.lown.consultancy.accounts.dao.CompanyDAO getAllContraAccounts
INFO: Get List of All products... 
Dec 14, 2014 8:50:56 AM org.lown.consultancy.accounts.dao.CompanyDAO getAllContraAccounts
INFO: Executing Query: Select contra_id,contra_name,contra_descr  from contra WHERE voided=0;
Dec 14, 2014 8:50:56 AM org.lown.consultancy.accounts.Sql createStatement
INFO: Creating Statement...
Dec 14, 2014 8:53:42 AM org.lown.consultancy.accounts.dao.CompanyDAO getContraAccountByName
INFO: Executing Query: Select contra_id,contra_name,contra_descr  from contra WHERE voided=0 and contra_name='Transport'
Dec 14, 2014 8:53:42 AM org.lown.consultancy.accounts.Sql createStatement
INFO: Creating Statement...
Dec 14, 2014 8:53:56 AM org.lown.consultancy.accounts.dao.CompanyDAO getContraAccountByName
INFO: Executing Query: Select contra_id,contra_name,contra_descr  from contra WHERE voided=0 and contra_name='Transport'
Dec 14, 2014 8:53:56 AM org.lown.consultancy.accounts.Sql createStatement
INFO: Creating Statement...
Dec 14, 2014 8:54:53 AM org.lown.consultancy.accounts.dao.CompanyDAO getContraAccountByName
INFO: Executing Query: Select contra_id,contra_name,contra_descr  from contra WHERE voided=0 and contra_name='Transport'
Dec 14, 2014 8:54:53 AM org.lown.consultancy.accounts.Sql createStatement
INFO: Creating Statement...
Dec 14, 2014 8:55:13 AM org.lown.consultancy.accounts.dao.CompanyDAO getContraAccountByName
INFO: Executing Query: Select contra_id,contra_name,contra_descr  from contra WHERE voided=0 and contra_name='Transport'
Dec 14, 2014 8:55:13 AM org.lown.consultancy.accounts.Sql createStatement
INFO: Creating Statement...
Dec 14, 2014 8:55:13 AM org.lown.consultancy.accounts.dao.CompanyDAO getContraAccountByName
INFO: Executing Query: Select contra_id,contra_name,contra_descr  from contra WHERE voided=0 and contra_name='Transport'
Dec 14, 2014 8:55:13 AM org.lown.consultancy.accounts.Sql createStatement
INFO: Creating Statement...
Dec 14, 2014 8:55:13 AM org.lown.consultancy.accounts.dao.CompanyDAO getContraAccountByName
INFO: Executing Query: Select contra_id,contra_name,contra_descr  from contra WHERE voided=0 and contra_name='Transport'
Dec 14, 2014 8:55:13 AM org.lown.consultancy.accounts.Sql createStatement
INFO: Creating Statement...
Dec 14, 2014 8:55:13 AM org.lown.consultancy.accounts.Sql createStatement
INFO: Creating Statement...
Dec 14, 2014 8:55:27 AM org.lown.consultancy.accounts.dialog.ContraExpensesDialog createAndShowGUI
INFO: Loading Contra Expenses Dialog
Dec 14, 2014 8:55:27 AM org.lown.consultancy.accounts.dao.CashDAO getTotalCashByAccountId
INFO: get available cash by account id... 
Dec 14, 2014 8:55:27 AM org.lown.consultancy.accounts.Sql createStatement
INFO: Creating Statement...
Dec 14, 2014 8:55:27 AM org.lown.consultancy.accounts.dao.CashDAO getTotalPaymentsByAccountId
INFO: get available cash... 
Dec 14, 2014 8:55:27 AM org.lown.consultancy.accounts.Sql createStatement
INFO: Creating Statement...
Dec 14, 2014 8:55:27 AM org.lown.consultancy.accounts.dao.CompanyDAO getAllContraAccounts
INFO: Get List of All products... 
Dec 14, 2014 8:55:27 AM org.lown.consultancy.accounts.dao.CompanyDAO getAllContraAccounts
INFO: Executing Query: Select contra_id,contra_name,contra_descr  from contra WHERE voided=0;
Dec 14, 2014 8:55:27 AM org.lown.consultancy.accounts.Sql createStatement
INFO: Creating Statement...
Dec 14, 2014 9:00:57 AM org.lown.consultancy.accounts.dialog.MainMenu actionPerformed
INFO: Exiting Accounts Management Application... 
Dec 14, 2014 9:00:57 AM org.lown.consultancy.accounts.dialog.LoginDialog createAndShowGUI
INFO: Loading The Log on Page
Dec 14, 2014 9:01:00 AM org.lown.consultancy.accounts.AccountsManagement main
INFO: LOWN Accounting Application logs...
Dec 14, 2014 9:01:00 AM org.lown.consultancy.accounts.AccountsManagement main
INFO: Application Starting...
Dec 14, 2014 9:01:00 AM org.lown.consultancy.accounts.dialog.LoginDialog <init>
INFO: Application User Log on UI...
Dec 14, 2014 9:01:04 AM org.lown.consultancy.accounts.dao.UserDAO getUser
INFO: Getting user Details given username and pass... 
Dec 14, 2014 9:01:04 AM org.lown.consultancy.accounts.Sql createStatement
INFO: Creating Statement...
Dec 14, 2014 9:01:04 AM org.lown.consultancy.accounts.Sql getConnection
INFO: Opening Connection to the Database
Dec 14, 2014 9:01:04 AM org.lown.consultancy.accounts.dialog.LoginDialog actionPerformed
INFO: Sucessfull Log on... Loading Main Menu
Dec 14, 2014 9:01:04 AM org.lown.consultancy.accounts.dialog.LoginDialog actionPerformed
INFO: User: super Login  Sucessfull
Dec 14, 2014 9:01:04 AM org.lown.consultancy.accounts.dao.UserDAO getUserRole
INFO: Getting user Details given username and pass... 
Dec 14, 2014 9:01:04 AM org.lown.consultancy.accounts.Sql createStatement
INFO: Creating Statement...
Dec 14, 2014 9:01:04 AM org.lown.consultancy.accounts.dao.CompanyDAO getCompanyDetails
INFO: Getting Customer Details given the internal DB id... 
Dec 14, 2014 9:01:04 AM org.lown.consultancy.accounts.Sql createStatement
INFO: Creating Statement...
Dec 14, 2014 9:01:04 AM org.lown.consultancy.accounts.dao.StockDAO getPendingStockItems
INFO: Getting Category Details given the internal DB id... 
Dec 14, 2014 9:01:04 AM org.lown.consultancy.accounts.Sql createStatement
INFO: Creating Statement...
Dec 14, 2014 9:01:08 AM org.lown.consultancy.accounts.dialog.MainMenu actionPerformed
INFO: Loading Treasury Dashboard Dialog form... 
Dec 14, 2014 9:01:08 AM org.lown.consultancy.accounts.dialog.TreasuryDialog createAndShowGUI
INFO: Loading Treasury Dialog
Dec 14, 2014 9:01:08 AM org.lown.consultancy.accounts.dao.CompanyDAO getAllAccounts
INFO: Get List of All products... 
Dec 14, 2014 9:01:08 AM org.lown.consultancy.accounts.dao.CompanyDAO getAllAccounts
INFO: Executing Query: Select account_id,account_name,account_number, bank, branch,open_balance, account_balance  from account WHERE voided=0;
Dec 14, 2014 9:01:08 AM org.lown.consultancy.accounts.Sql createStatement
INFO: Creating Statement...
Dec 14, 2014 9:01:10 AM org.lown.consultancy.accounts.dialog.ContraExpensesDialog createAndShowGUI
INFO: Loading Contra Expenses Dialog
Dec 14, 2014 9:01:10 AM org.lown.consultancy.accounts.dao.CashDAO getTotalCashByAccountId
INFO: get available cash by account id... 
Dec 14, 2014 9:01:10 AM org.lown.consultancy.accounts.Sql createStatement
INFO: Creating Statement...
Dec 14, 2014 9:01:10 AM org.lown.consultancy.accounts.dao.CashDAO getTotalPaymentsByAccountId
INFO: get available cash... 
Dec 14, 2014 9:01:10 AM org.lown.consultancy.accounts.Sql createStatement
INFO: Creating Statement...
Dec 14, 2014 9:01:10 AM org.lown.consultancy.accounts.dao.CompanyDAO getAllContraAccounts
INFO: Get List of All products... 
Dec 14, 2014 9:01:10 AM org.lown.consultancy.accounts.dao.CompanyDAO getAllContraAccounts
INFO: Executing Query: Select contra_id,contra_name,contra_descr  from contra WHERE voided=0;
Dec 14, 2014 9:01:10 AM org.lown.consultancy.accounts.Sql createStatement
INFO: Creating Statement...
Dec 14, 2014 9:57:22 AM org.lown.consultancy.accounts.dialog.MainMenu actionPerformed
INFO: Exiting Accounts Management Application... 
Dec 14, 2014 9:57:22 AM org.lown.consultancy.accounts.dialog.LoginDialog createAndShowGUI
INFO: Loading The Log on Page
Dec 14, 2014 9:57:25 AM org.lown.consultancy.accounts.AccountsManagement main
INFO: LOWN Accounting Application logs...
Dec 14, 2014 9:57:25 AM org.lown.consultancy.accounts.AccountsManagement main
INFO: Application Starting...
Dec 14, 2014 9:57:25 AM org.lown.consultancy.accounts.dialog.LoginDialog <init>
INFO: Application User Log on UI...
Dec 14, 2014 9:57:28 AM org.lown.consultancy.accounts.dao.UserDAO getUser
INFO: Getting user Details given username and pass... 
Dec 14, 2014 9:57:28 AM org.lown.consultancy.accounts.Sql createStatement
INFO: Creating Statement...
Dec 14, 2014 9:57:29 AM org.lown.consultancy.accounts.Sql getConnection
INFO: Opening Connection to the Database
Dec 14, 2014 9:57:29 AM org.lown.consultancy.accounts.dialog.LoginDialog actionPerformed
INFO: Sucessfull Log on... Loading Main Menu
Dec 14, 2014 9:57:29 AM org.lown.consultancy.accounts.dialog.LoginDialog actionPerformed
INFO: User: super Login  Sucessfull
Dec 14, 2014 9:57:29 AM org.lown.consultancy.accounts.dao.UserDAO getUserRole
INFO: Getting user Details given username and pass... 
Dec 14, 2014 9:57:29 AM org.lown.consultancy.accounts.Sql createStatement
INFO: Creating Statement...
Dec 14, 2014 9:57:29 AM org.lown.consultancy.accounts.dao.CompanyDAO getCompanyDetails
INFO: Getting Customer Details given the internal DB id... 
Dec 14, 2014 9:57:29 AM org.lown.consultancy.accounts.Sql createStatement
INFO: Creating Statement...
Dec 14, 2014 9:57:29 AM org.lown.consultancy.accounts.dao.StockDAO getPendingStockItems
INFO: Getting Category Details given the internal DB id... 
Dec 14, 2014 9:57:29 AM org.lown.consultancy.accounts.Sql createStatement
INFO: Creating Statement...
Dec 14, 2014 9:57:30 AM org.lown.consultancy.accounts.dialog.MainMenu actionPerformed
INFO: Loading Treasury Dashboard Dialog form... 
Dec 14, 2014 9:57:30 AM org.lown.consultancy.accounts.dialog.TreasuryDialog createAndShowGUI
INFO: Loading Treasury Dialog
Dec 14, 2014 9:57:30 AM org.lown.consultancy.accounts.dao.CompanyDAO getAllAccounts
INFO: Get List of All products... 
Dec 14, 2014 9:57:30 AM org.lown.consultancy.accounts.dao.CompanyDAO getAllAccounts
INFO: Executing Query: Select account_id,account_name,account_number, bank, branch,open_balance, account_balance  from account WHERE voided=0;
Dec 14, 2014 9:57:30 AM org.lown.consultancy.accounts.Sql createStatement
INFO: Creating Statement...
Dec 14, 2014 9:57:32 AM org.lown.consultancy.accounts.dialog.ContraExpensesDialog createAndShowGUI
INFO: Loading Contra Expenses Dialog
Dec 14, 2014 9:57:32 AM org.lown.consultancy.accounts.dao.CashDAO getTotalCashByAccountId
INFO: get available cash by account id... 
Dec 14, 2014 9:57:32 AM org.lown.consultancy.accounts.Sql createStatement
INFO: Creating Statement...
Dec 14, 2014 9:57:32 AM org.lown.consultancy.accounts.dao.CashDAO getTotalPaymentsByAccountId
INFO: get available cash... 
Dec 14, 2014 9:57:32 AM org.lown.consultancy.accounts.Sql createStatement
INFO: Creating Statement...
Dec 14, 2014 9:57:32 AM org.lown.consultancy.accounts.dao.CompanyDAO getAllContraAccounts
INFO: Get List of All products... 
Dec 14, 2014 9:57:32 AM org.lown.consultancy.accounts.dao.CompanyDAO getAllContraAccounts
INFO: Executing Query: Select contra_id,contra_name,contra_descr  from contra WHERE voided=0;
Dec 14, 2014 9:57:32 AM org.lown.consultancy.accounts.Sql createStatement
INFO: Creating Statement...
Dec 14, 2014 9:57:32 AM org.lown.consultancy.accounts.dao.CashDAO getAllExpenses
INFO: get available cash... 
Dec 14, 2014 9:57:32 AM org.lown.consultancy.accounts.Sql createStatement
INFO: Creating Statement...
Dec 14, 2014 9:57:32 AM org.lown.consultancy.accounts.dao.CompanyDAO getContraAccountById
INFO: Executing Query: Select contra_id,contra_name,contra_descr  from contra WHERE voided=0 and contra_id=3
Dec 14, 2014 9:57:32 AM org.lown.consultancy.accounts.Sql createStatement
INFO: Creating Statement...
Dec 14, 2014 9:57:32 AM org.lown.consultancy.accounts.dao.CompanyDAO getContraAccountById
INFO: Executing Query: Select contra_id,contra_name,contra_descr  from contra WHERE voided=0 and contra_id=3
Dec 14, 2014 9:57:32 AM org.lown.consultancy.accounts.Sql createStatement
INFO: Creating Statement...
Dec 14, 2014 9:57:32 AM org.lown.consultancy.accounts.dao.CompanyDAO getContraAccountById
INFO: Executing Query: Select contra_id,contra_name,contra_descr  from contra WHERE voided=0 and contra_id=3
Dec 14, 2014 9:57:32 AM org.lown.consultancy.accounts.Sql createStatement
INFO: Creating Statement...
Dec 14, 2014 9:58:45 AM org.lown.consultancy.accounts.dialog.MainMenu actionPerformed
INFO: Exiting Accounts Management Application... 
Dec 14, 2014 9:58:45 AM org.lown.consultancy.accounts.dialog.LoginDialog createAndShowGUI
INFO: Loading The Log on Page
Dec 14, 2014 9:58:48 AM org.lown.consultancy.accounts.AccountsManagement main
INFO: LOWN Accounting Application logs...
Dec 14, 2014 9:58:48 AM org.lown.consultancy.accounts.AccountsManagement main
INFO: Application Starting...
Dec 14, 2014 9:58:48 AM org.lown.consultancy.accounts.dialog.LoginDialog <init>
INFO: Application User Log on UI...
Dec 14, 2014 9:58:52 AM org.lown.consultancy.accounts.dao.UserDAO getUser
INFO: Getting user Details given username and pass... 
Dec 14, 2014 9:58:52 AM org.lown.consultancy.accounts.Sql createStatement
INFO: Creating Statement...
Dec 14, 2014 9:58:52 AM org.lown.consultancy.accounts.Sql getConnection
INFO: Opening Connection to the Database
Dec 14, 2014 9:58:52 AM org.lown.consultancy.accounts.dialog.LoginDialog actionPerformed
INFO: Sucessfull Log on... Loading Main Menu
Dec 14, 2014 9:58:52 AM org.lown.consultancy.accounts.dialog.LoginDialog actionPerformed
INFO: User: super Login  Sucessfull
Dec 14, 2014 9:58:52 AM org.lown.consultancy.accounts.dao.UserDAO getUserRole
INFO: Getting user Details given username and pass... 
Dec 14, 2014 9:58:52 AM org.lown.consultancy.accounts.Sql createStatement
INFO: Creating Statement...
Dec 14, 2014 9:58:52 AM org.lown.consultancy.accounts.dao.CompanyDAO getCompanyDetails
INFO: Getting Customer Details given the internal DB id... 
Dec 14, 2014 9:58:52 AM org.lown.consultancy.accounts.Sql createStatement
INFO: Creating Statement...
Dec 14, 2014 9:58:52 AM org.lown.consultancy.accounts.dao.StockDAO getPendingStockItems
INFO: Getting Category Details given the internal DB id... 
Dec 14, 2014 9:58:52 AM org.lown.consultancy.accounts.Sql createStatement
INFO: Creating Statement...
Dec 14, 2014 9:58:54 AM org.lown.consultancy.accounts.dialog.MainMenu actionPerformed
INFO: Loading Treasury Dashboard Dialog form... 
Dec 14, 2014 9:58:54 AM org.lown.consultancy.accounts.dialog.TreasuryDialog createAndShowGUI
INFO: Loading Treasury Dialog
Dec 14, 2014 9:58:54 AM org.lown.consultancy.accounts.dao.CompanyDAO getAllAccounts
INFO: Get List of All products... 
Dec 14, 2014 9:58:54 AM org.lown.consultancy.accounts.dao.CompanyDAO getAllAccounts
INFO: Executing Query: Select account_id,account_name,account_number, bank, branch,open_balance, account_balance  from account WHERE voided=0;
Dec 14, 2014 9:58:54 AM org.lown.consultancy.accounts.Sql createStatement
INFO: Creating Statement...
Dec 14, 2014 9:58:56 AM org.lown.consultancy.accounts.dialog.ContraExpensesDialog createAndShowGUI
INFO: Loading Contra Expenses Dialog
Dec 14, 2014 9:58:56 AM org.lown.consultancy.accounts.dao.CashDAO getTotalCashByAccountId
INFO: get available cash by account id... 
Dec 14, 2014 9:58:56 AM org.lown.consultancy.accounts.Sql createStatement
INFO: Creating Statement...
Dec 14, 2014 9:58:56 AM org.lown.consultancy.accounts.dao.CashDAO getTotalPaymentsByAccountId
INFO: get available cash... 
Dec 14, 2014 9:58:56 AM org.lown.consultancy.accounts.Sql createStatement
INFO: Creating Statement...
Dec 14, 2014 9:58:56 AM org.lown.consultancy.accounts.dao.CompanyDAO getAllContraAccounts
INFO: Get List of All products... 
Dec 14, 2014 9:58:56 AM org.lown.consultancy.accounts.dao.CompanyDAO getAllContraAccounts
INFO: Executing Query: Select contra_id,contra_name,contra_descr  from contra WHERE voided=0;
Dec 14, 2014 9:58:56 AM org.lown.consultancy.accounts.Sql createStatement
INFO: Creating Statement...
Dec 14, 2014 9:58:56 AM org.lown.consultancy.accounts.dao.CashDAO getAllExpenses
INFO: get available cash... 
Dec 14, 2014 9:58:56 AM org.lown.consultancy.accounts.Sql createStatement
INFO: Creating Statement...
Dec 14, 2014 9:58:56 AM org.lown.consultancy.accounts.dao.CompanyDAO getContraAccountById
INFO: Executing Query: Select contra_id,contra_name,contra_descr  from contra WHERE voided=0 and contra_id=3
Dec 14, 2014 9:58:56 AM org.lown.consultancy.accounts.Sql createStatement
INFO: Creating Statement...
Dec 14, 2014 9:58:56 AM org.lown.consultancy.accounts.dao.CompanyDAO getContraAccountById
INFO: Executing Query: Select contra_id,contra_name,contra_descr  from contra WHERE voided=0 and contra_id=3
Dec 14, 2014 9:58:56 AM org.lown.consultancy.accounts.Sql createStatement
INFO: Creating Statement...
Dec 14, 2014 9:58:56 AM org.lown.consultancy.accounts.dao.CompanyDAO getContraAccountById
INFO: Executing Query: Select contra_id,contra_name,contra_descr  from contra WHERE voided=0 and contra_id=3
Dec 14, 2014 9:58:56 AM org.lown.consultancy.accounts.Sql createStatement
INFO: Creating Statement...
Dec 14, 2014 9:59:24 AM org.lown.consultancy.accounts.dialog.MainMenu actionPerformed
INFO: Exiting Accounts Management Application... 
Dec 14, 2014 9:59:24 AM org.lown.consultancy.accounts.dialog.LoginDialog createAndShowGUI
INFO: Loading The Log on Page
Dec 14, 2014 10:01:45 AM org.lown.consultancy.accounts.AccountsManagement main
INFO: LOWN Accounting Application logs...
Dec 14, 2014 10:01:45 AM org.lown.consultancy.accounts.AccountsManagement main
INFO: Application Starting...
Dec 14, 2014 10:01:45 AM org.lown.consultancy.accounts.dialog.LoginDialog <init>
INFO: Application User Log on UI...
Dec 14, 2014 10:01:49 AM org.lown.consultancy.accounts.dao.UserDAO getUser
INFO: Getting user Details given username and pass... 
Dec 14, 2014 10:01:49 AM org.lown.consultancy.accounts.Sql createStatement
INFO: Creating Statement...
Dec 14, 2014 10:01:49 AM org.lown.consultancy.accounts.Sql getConnection
INFO: Opening Connection to the Database
Dec 14, 2014 10:01:49 AM org.lown.consultancy.accounts.dialog.LoginDialog actionPerformed
INFO: Sucessfull Log on... Loading Main Menu
Dec 14, 2014 10:01:49 AM org.lown.consultancy.accounts.dialog.LoginDialog actionPerformed
INFO: User: super Login  Sucessfull
Dec 14, 2014 10:01:49 AM org.lown.consultancy.accounts.dao.UserDAO getUserRole
INFO: Getting user Details given username and pass... 
Dec 14, 2014 10:01:49 AM org.lown.consultancy.accounts.Sql createStatement
INFO: Creating Statement...
Dec 14, 2014 10:01:49 AM org.lown.consultancy.accounts.dao.CompanyDAO getCompanyDetails
INFO: Getting Customer Details given the internal DB id... 
Dec 14, 2014 10:01:49 AM org.lown.consultancy.accounts.Sql createStatement
INFO: Creating Statement...
Dec 14, 2014 10:01:49 AM org.lown.consultancy.accounts.dao.StockDAO getPendingStockItems
INFO: Getting Category Details given the internal DB id... 
Dec 14, 2014 10:01:49 AM org.lown.consultancy.accounts.Sql createStatement
INFO: Creating Statement...
Dec 14, 2014 10:01:50 AM org.lown.consultancy.accounts.dialog.MainMenu actionPerformed
INFO: Loading Treasury Dashboard Dialog form... 
Dec 14, 2014 10:01:50 AM org.lown.consultancy.accounts.dialog.TreasuryDialog createAndShowGUI
INFO: Loading Treasury Dialog
Dec 14, 2014 10:01:50 AM org.lown.consultancy.accounts.dao.CompanyDAO getAllAccounts
INFO: Get List of All products... 
Dec 14, 2014 10:01:50 AM org.lown.consultancy.accounts.dao.CompanyDAO getAllAccounts
INFO: Executing Query: Select account_id,account_name,account_number, bank, branch,open_balance, account_balance  from account WHERE voided=0;
Dec 14, 2014 10:01:50 AM org.lown.consultancy.accounts.Sql createStatement
INFO: Creating Statement...
Dec 14, 2014 10:01:52 AM org.lown.consultancy.accounts.dialog.ContraExpensesDialog createAndShowGUI
INFO: Loading Contra Expenses Dialog
Dec 14, 2014 10:01:52 AM org.lown.consultancy.accounts.dao.CashDAO getTotalCashByAccountId
INFO: get available cash by account id... 
Dec 14, 2014 10:01:52 AM org.lown.consultancy.accounts.Sql createStatement
INFO: Creating Statement...
Dec 14, 2014 10:01:52 AM org.lown.consultancy.accounts.dao.CashDAO getTotalPaymentsByAccountId
INFO: get available cash... 
Dec 14, 2014 10:01:52 AM org.lown.consultancy.accounts.Sql createStatement
INFO: Creating Statement...
Dec 14, 2014 10:01:52 AM org.lown.consultancy.accounts.dao.CompanyDAO getAllContraAccounts
INFO: Get List of All products... 
Dec 14, 2014 10:01:52 AM org.lown.consultancy.accounts.dao.CompanyDAO getAllContraAccounts
INFO: Executing Query: Select contra_id,contra_name,contra_descr  from contra WHERE voided=0;
Dec 14, 2014 10:01:52 AM org.lown.consultancy.accounts.Sql createStatement
INFO: Creating Statement...
Dec 14, 2014 10:01:52 AM org.lown.consultancy.accounts.dao.CashDAO getAllExpenses
INFO: get available cash... 
Dec 14, 2014 10:01:52 AM org.lown.consultancy.accounts.Sql createStatement
INFO: Creating Statement...
Dec 14, 2014 10:01:52 AM org.lown.consultancy.accounts.dao.CompanyDAO getContraAccountById
INFO: Executing Query: Select contra_id,contra_name,contra_descr  from contra WHERE voided=0 and contra_id=3
Dec 14, 2014 10:01:52 AM org.lown.consultancy.accounts.Sql createStatement
INFO: Creating Statement...
Dec 14, 2014 10:01:52 AM org.lown.consultancy.accounts.dao.CompanyDAO getContraAccountById
INFO: Executing Query: Select contra_id,contra_name,contra_descr  from contra WHERE voided=0 and contra_id=3
Dec 14, 2014 10:01:52 AM org.lown.consultancy.accounts.Sql createStatement
INFO: Creating Statement...
Dec 14, 2014 10:01:52 AM org.lown.consultancy.accounts.dao.CompanyDAO getContraAccountById
INFO: Executing Query: Select contra_id,contra_name,contra_descr  from contra WHERE voided=0 and contra_id=3
Dec 14, 2014 10:01:52 AM org.lown.consultancy.accounts.Sql createStatement
INFO: Creating Statement...
Dec 14, 2014 10:03:02 AM org.lown.consultancy.accounts.dialog.MainMenu actionPerformed
INFO: Exiting Accounts Management Application... 
Dec 14, 2014 10:03:02 AM org.lown.consultancy.accounts.dialog.LoginDialog createAndShowGUI
INFO: Loading The Log on Page
Dec 14, 2014 10:03:05 AM org.lown.consultancy.accounts.AccountsManagement main
INFO: LOWN Accounting Application logs...
Dec 14, 2014 10:03:05 AM org.lown.consultancy.accounts.AccountsManagement main
INFO: Application Starting...
Dec 14, 2014 10:03:05 AM org.lown.consultancy.accounts.dialog.LoginDialog <init>
INFO: Application User Log on UI...
Dec 14, 2014 10:03:09 AM org.lown.consultancy.accounts.dao.UserDAO getUser
INFO: Getting user Details given username and pass... 
Dec 14, 2014 10:03:09 AM org.lown.consultancy.accounts.Sql createStatement
INFO: Creating Statement...
Dec 14, 2014 10:03:09 AM org.lown.consultancy.accounts.Sql getConnection
INFO: Opening Connection to the Database
Dec 14, 2014 10:03:09 AM org.lown.consultancy.accounts.dialog.LoginDialog actionPerformed
INFO: Sucessfull Log on... Loading Main Menu
Dec 14, 2014 10:03:09 AM org.lown.consultancy.accounts.dialog.LoginDialog actionPerformed
INFO: User: super Login  Sucessfull
Dec 14, 2014 10:03:09 AM org.lown.consultancy.accounts.dao.UserDAO getUserRole
INFO: Getting user Details given username and pass... 
Dec 14, 2014 10:03:09 AM org.lown.consultancy.accounts.Sql createStatement
INFO: Creating Statement...
Dec 14, 2014 10:03:09 AM org.lown.consultancy.accounts.dao.CompanyDAO getCompanyDetails
INFO: Getting Customer Details given the internal DB id... 
Dec 14, 2014 10:03:09 AM org.lown.consultancy.accounts.Sql createStatement
INFO: Creating Statement...
Dec 14, 2014 10:03:09 AM org.lown.consultancy.accounts.dao.StockDAO getPendingStockItems
INFO: Getting Category Details given the internal DB id... 
Dec 14, 2014 10:03:09 AM org.lown.consultancy.accounts.Sql createStatement
INFO: Creating Statement...
Dec 14, 2014 10:03:10 AM org.lown.consultancy.accounts.dialog.MainMenu actionPerformed
INFO: Loading Treasury Dashboard Dialog form... 
Dec 14, 2014 10:03:10 AM org.lown.consultancy.accounts.dialog.TreasuryDialog createAndShowGUI
INFO: Loading Treasury Dialog
Dec 14, 2014 10:03:10 AM org.lown.consultancy.accounts.dao.CompanyDAO getAllAccounts
INFO: Get List of All products... 
Dec 14, 2014 10:03:10 AM org.lown.consultancy.accounts.dao.CompanyDAO getAllAccounts
INFO: Executing Query: Select account_id,account_name,account_number, bank, branch,open_balance, account_balance  from account WHERE voided=0;
Dec 14, 2014 10:03:10 AM org.lown.consultancy.accounts.Sql createStatement
INFO: Creating Statement...
Dec 14, 2014 10:03:11 AM org.lown.consultancy.accounts.dialog.ContraExpensesDialog createAndShowGUI
INFO: Loading Contra Expenses Dialog
Dec 14, 2014 10:03:11 AM org.lown.consultancy.accounts.dao.CashDAO getTotalCashByAccountId
INFO: get available cash by account id... 
Dec 14, 2014 10:03:11 AM org.lown.consultancy.accounts.Sql createStatement
INFO: Creating Statement...
Dec 14, 2014 10:03:11 AM org.lown.consultancy.accounts.dao.CashDAO getTotalPaymentsByAccountId
INFO: get available cash... 
Dec 14, 2014 10:03:11 AM org.lown.consultancy.accounts.Sql createStatement
INFO: Creating Statement...
Dec 14, 2014 10:03:11 AM org.lown.consultancy.accounts.dao.CompanyDAO getAllContraAccounts
INFO: Get List of All products... 
Dec 14, 2014 10:03:11 AM org.lown.consultancy.accounts.dao.CompanyDAO getAllContraAccounts
INFO: Executing Query: Select contra_id,contra_name,contra_descr  from contra WHERE voided=0;
Dec 14, 2014 10:03:11 AM org.lown.consultancy.accounts.Sql createStatement
INFO: Creating Statement...
Dec 14, 2014 10:03:11 AM org.lown.consultancy.accounts.dao.CashDAO getAllExpenses
INFO: get available cash... 
Dec 14, 2014 10:03:11 AM org.lown.consultancy.accounts.Sql createStatement
INFO: Creating Statement...
Dec 14, 2014 10:03:11 AM org.lown.consultancy.accounts.dao.CompanyDAO getContraAccountById
INFO: Executing Query: Select contra_id,contra_name,contra_descr  from contra WHERE voided=0 and contra_id=3
Dec 14, 2014 10:03:11 AM org.lown.consultancy.accounts.Sql createStatement
INFO: Creating Statement...
Dec 14, 2014 10:03:11 AM org.lown.consultancy.accounts.dao.CompanyDAO getContraAccountById
INFO: Executing Query: Select contra_id,contra_name,contra_descr  from contra WHERE voided=0 and contra_id=3
Dec 14, 2014 10:03:11 AM org.lown.consultancy.accounts.Sql createStatement
INFO: Creating Statement...
Dec 14, 2014 10:03:11 AM org.lown.consultancy.accounts.dao.CompanyDAO getContraAccountById
INFO: Executing Query: Select contra_id,contra_name,contra_descr  from contra WHERE voided=0 and contra_id=3
Dec 14, 2014 10:03:11 AM org.lown.consultancy.accounts.Sql createStatement
INFO: Creating Statement...
Dec 14, 2014 10:03:37 AM org.lown.consultancy.accounts.dialog.MainMenu actionPerformed
INFO: Exiting Accounts Management Application... 
Dec 14, 2014 10:03:37 AM org.lown.consultancy.accounts.dialog.LoginDialog createAndShowGUI
INFO: Loading The Log on Page
Dec 14, 2014 10:04:19 AM org.lown.consultancy.accounts.AccountsManagement main
INFO: LOWN Accounting Application logs...
Dec 14, 2014 10:04:19 AM org.lown.consultancy.accounts.AccountsManagement main
INFO: Application Starting...
Dec 14, 2014 10:04:19 AM org.lown.consultancy.accounts.dialog.LoginDialog <init>
INFO: Application User Log on UI...
Dec 14, 2014 10:04:23 AM org.lown.consultancy.accounts.dao.UserDAO getUser
INFO: Getting user Details given username and pass... 
Dec 14, 2014 10:04:23 AM org.lown.consultancy.accounts.Sql createStatement
INFO: Creating Statement...
Dec 14, 2014 10:04:23 AM org.lown.consultancy.accounts.Sql getConnection
INFO: Opening Connection to the Database
Dec 14, 2014 10:04:23 AM org.lown.consultancy.accounts.dialog.LoginDialog actionPerformed
INFO: Sucessfull Log on... Loading Main Menu
Dec 14, 2014 10:04:23 AM org.lown.consultancy.accounts.dialog.LoginDialog actionPerformed
INFO: User: super Login  Sucessfull
Dec 14, 2014 10:04:23 AM org.lown.consultancy.accounts.dao.UserDAO getUserRole
INFO: Getting user Details given username and pass... 
Dec 14, 2014 10:04:23 AM org.lown.consultancy.accounts.Sql createStatement
INFO: Creating Statement...
Dec 14, 2014 10:04:23 AM org.lown.consultancy.accounts.dao.CompanyDAO getCompanyDetails
INFO: Getting Customer Details given the internal DB id... 
Dec 14, 2014 10:04:23 AM org.lown.consultancy.accounts.Sql createStatement
INFO: Creating Statement...
Dec 14, 2014 10:04:23 AM org.lown.consultancy.accounts.dao.StockDAO getPendingStockItems
INFO: Getting Category Details given the internal DB id... 
Dec 14, 2014 10:04:23 AM org.lown.consultancy.accounts.Sql createStatement
INFO: Creating Statement...
Dec 14, 2014 10:04:25 AM org.lown.consultancy.accounts.dialog.MainMenu actionPerformed
INFO: Loading Treasury Dashboard Dialog form... 
Dec 14, 2014 10:04:25 AM org.lown.consultancy.accounts.dialog.TreasuryDialog createAndShowGUI
INFO: Loading Treasury Dialog
Dec 14, 2014 10:04:25 AM org.lown.consultancy.accounts.dao.CompanyDAO getAllAccounts
INFO: Get List of All products... 
Dec 14, 2014 10:04:25 AM org.lown.consultancy.accounts.dao.CompanyDAO getAllAccounts
INFO: Executing Query: Select account_id,account_name,account_number, bank, branch,open_balance, account_balance  from account WHERE voided=0;
Dec 14, 2014 10:04:25 AM org.lown.consultancy.accounts.Sql createStatement
INFO: Creating Statement...
Dec 14, 2014 10:04:26 AM org.lown.consultancy.accounts.dialog.ContraExpensesDialog createAndShowGUI
INFO: Loading Contra Expenses Dialog
Dec 14, 2014 10:04:26 AM org.lown.consultancy.accounts.dao.CashDAO getTotalCashByAccountId
INFO: get available cash by account id... 
Dec 14, 2014 10:04:26 AM org.lown.consultancy.accounts.Sql createStatement
INFO: Creating Statement...
Dec 14, 2014 10:04:26 AM org.lown.consultancy.accounts.dao.CashDAO getTotalPaymentsByAccountId
INFO: get available cash... 
Dec 14, 2014 10:04:26 AM org.lown.consultancy.accounts.Sql createStatement
INFO: Creating Statement...
Dec 14, 2014 10:04:26 AM org.lown.consultancy.accounts.dao.CompanyDAO getAllContraAccounts
INFO: Get List of All products... 
Dec 14, 2014 10:04:26 AM org.lown.consultancy.accounts.dao.CompanyDAO getAllContraAccounts
INFO: Executing Query: Select contra_id,contra_name,contra_descr  from contra WHERE voided=0;
Dec 14, 2014 10:04:26 AM org.lown.consultancy.accounts.Sql createStatement
INFO: Creating Statement...
Dec 14, 2014 10:04:26 AM org.lown.consultancy.accounts.dao.CashDAO getAllExpenses
INFO: get available cash... 
Dec 14, 2014 10:04:26 AM org.lown.consultancy.accounts.Sql createStatement
INFO: Creating Statement...
Dec 14, 2014 10:04:26 AM org.lown.consultancy.accounts.dao.CompanyDAO getContraAccountById
INFO: Executing Query: Select contra_id,contra_name,contra_descr  from contra WHERE voided=0 and contra_id=3
Dec 14, 2014 10:04:26 AM org.lown.consultancy.accounts.Sql createStatement
INFO: Creating Statement...
Dec 14, 2014 10:04:26 AM org.lown.consultancy.accounts.dao.CompanyDAO getContraAccountById
INFO: Executing Query: Select contra_id,contra_name,contra_descr  from contra WHERE voided=0 and contra_id=3
Dec 14, 2014 10:04:26 AM org.lown.consultancy.accounts.Sql createStatement
INFO: Creating Statement...
Dec 14, 2014 10:04:26 AM org.lown.consultancy.accounts.dao.CompanyDAO getContraAccountById
INFO: Executing Query: Select contra_id,contra_name,contra_descr  from contra WHERE voided=0 and contra_id=3
Dec 14, 2014 10:04:26 AM org.lown.consultancy.accounts.Sql createStatement
INFO: Creating Statement...
Dec 14, 2014 10:04:42 AM org.lown.consultancy.accounts.dialog.MainMenu actionPerformed
INFO: Exiting Accounts Management Application... 
Dec 14, 2014 10:04:42 AM org.lown.consultancy.accounts.dialog.LoginDialog createAndShowGUI
INFO: Loading The Log on Page
Dec 14, 2014 10:05:18 AM org.lown.consultancy.accounts.AccountsManagement main
INFO: LOWN Accounting Application logs...
Dec 14, 2014 10:05:18 AM org.lown.consultancy.accounts.AccountsManagement main
INFO: Application Starting...
Dec 14, 2014 10:05:18 AM org.lown.consultancy.accounts.dialog.LoginDialog <init>
INFO: Application User Log on UI...
Dec 14, 2014 10:05:22 AM org.lown.consultancy.accounts.dao.UserDAO getUser
INFO: Getting user Details given username and pass... 
Dec 14, 2014 10:05:22 AM org.lown.consultancy.accounts.Sql createStatement
INFO: Creating Statement...
Dec 14, 2014 10:05:22 AM org.lown.consultancy.accounts.Sql getConnection
INFO: Opening Connection to the Database
Dec 14, 2014 10:05:22 AM org.lown.consultancy.accounts.dialog.LoginDialog actionPerformed
INFO: Sucessfull Log on... Loading Main Menu
Dec 14, 2014 10:05:22 AM org.lown.consultancy.accounts.dialog.LoginDialog actionPerformed
INFO: User: super Login  Sucessfull
Dec 14, 2014 10:05:22 AM org.lown.consultancy.accounts.dao.UserDAO getUserRole
INFO: Getting user Details given username and pass... 
Dec 14, 2014 10:05:22 AM org.lown.consultancy.accounts.Sql createStatement
INFO: Creating Statement...
Dec 14, 2014 10:05:22 AM org.lown.consultancy.accounts.dao.CompanyDAO getCompanyDetails
INFO: Getting Customer Details given the internal DB id... 
Dec 14, 2014 10:05:22 AM org.lown.consultancy.accounts.Sql createStatement
INFO: Creating Statement...
Dec 14, 2014 10:05:22 AM org.lown.consultancy.accounts.dao.StockDAO getPendingStockItems
INFO: Getting Category Details given the internal DB id... 
Dec 14, 2014 10:05:22 AM org.lown.consultancy.accounts.Sql createStatement
INFO: Creating Statement...
Dec 14, 2014 10:05:24 AM org.lown.consultancy.accounts.dialog.MainMenu actionPerformed
INFO: Loading Treasury Dashboard Dialog form... 
Dec 14, 2014 10:05:24 AM org.lown.consultancy.accounts.dialog.TreasuryDialog createAndShowGUI
INFO: Loading Treasury Dialog
Dec 14, 2014 10:05:24 AM org.lown.consultancy.accounts.dao.CompanyDAO getAllAccounts
INFO: Get List of All products... 
Dec 14, 2014 10:05:24 AM org.lown.consultancy.accounts.dao.CompanyDAO getAllAccounts
INFO: Executing Query: Select account_id,account_name,account_number, bank, branch,open_balance, account_balance  from account WHERE voided=0;
Dec 14, 2014 10:05:24 AM org.lown.consultancy.accounts.Sql createStatement
INFO: Creating Statement...
Dec 14, 2014 10:05:25 AM org.lown.consultancy.accounts.dialog.ContraExpensesDialog createAndShowGUI
INFO: Loading Contra Expenses Dialog
Dec 14, 2014 10:05:25 AM org.lown.consultancy.accounts.dao.CashDAO getTotalCashByAccountId
INFO: get available cash by account id... 
Dec 14, 2014 10:05:25 AM org.lown.consultancy.accounts.Sql createStatement
INFO: Creating Statement...
Dec 14, 2014 10:05:25 AM org.lown.consultancy.accounts.dao.CashDAO getTotalPaymentsByAccountId
INFO: get available cash... 
Dec 14, 2014 10:05:25 AM org.lown.consultancy.accounts.Sql createStatement
INFO: Creating Statement...
Dec 14, 2014 10:05:25 AM org.lown.consultancy.accounts.dao.CompanyDAO getAllContraAccounts
INFO: Get List of All products... 
Dec 14, 2014 10:05:25 AM org.lown.consultancy.accounts.dao.CompanyDAO getAllContraAccounts
INFO: Executing Query: Select contra_id,contra_name,contra_descr  from contra WHERE voided=0;
Dec 14, 2014 10:05:25 AM org.lown.consultancy.accounts.Sql createStatement
INFO: Creating Statement...
Dec 14, 2014 10:05:25 AM org.lown.consultancy.accounts.dao.CashDAO getAllExpenses
INFO: get available cash... 
Dec 14, 2014 10:05:25 AM org.lown.consultancy.accounts.Sql createStatement
INFO: Creating Statement...
Dec 14, 2014 10:05:25 AM org.lown.consultancy.accounts.dao.CompanyDAO getContraAccountById
INFO: Executing Query: Select contra_id,contra_name,contra_descr  from contra WHERE voided=0 and contra_id=3
Dec 14, 2014 10:05:25 AM org.lown.consultancy.accounts.Sql createStatement
INFO: Creating Statement...
Dec 14, 2014 10:05:25 AM org.lown.consultancy.accounts.dao.CompanyDAO getContraAccountById
INFO: Executing Query: Select contra_id,contra_name,contra_descr  from contra WHERE voided=0 and contra_id=3
Dec 14, 2014 10:05:25 AM org.lown.consultancy.accounts.Sql createStatement
INFO: Creating Statement...
Dec 14, 2014 10:05:25 AM org.lown.consultancy.accounts.dao.CompanyDAO getContraAccountById
INFO: Executing Query: Select contra_id,contra_name,contra_descr  from contra WHERE voided=0 and contra_id=3
Dec 14, 2014 10:05:25 AM org.lown.consultancy.accounts.Sql createStatement
INFO: Creating Statement...
Dec 14, 2014 10:06:37 AM org.lown.consultancy.accounts.dialog.MainMenu actionPerformed
INFO: Exiting Accounts Management Application... 
Dec 14, 2014 10:06:37 AM org.lown.consultancy.accounts.dialog.LoginDialog createAndShowGUI
INFO: Loading The Log on Page
