Dec 15, 2014 9:11:54 PM org.lown.consultancy.accounts.AccountsManagement main
INFO: LOWN Accounting Application logs...
Dec 15, 2014 9:11:54 PM org.lown.consultancy.accounts.AccountsManagement main
INFO: Application Starting...
Dec 15, 2014 9:11:55 PM org.lown.consultancy.accounts.dialog.LoginDialog <init>
INFO: Application User Log on UI...
Dec 15, 2014 9:11:57 PM org.lown.consultancy.accounts.dialog.LoginDialog createAndShowGUI
INFO: Loading The Log on Page
Dec 15, 2014 9:13:00 PM org.lown.consultancy.accounts.AccountsManagement main
INFO: LOWN Accounting Application logs...
Dec 15, 2014 9:13:00 PM org.lown.consultancy.accounts.AccountsManagement main
INFO: Application Starting...
Dec 15, 2014 9:13:00 PM org.lown.consultancy.accounts.dialog.LoginDialog <init>
INFO: Application User Log on UI...
Dec 15, 2014 9:13:05 PM org.lown.consultancy.accounts.dao.UserDAO getUser
INFO: Getting user Details given username and pass... 
Dec 15, 2014 9:13:05 PM org.lown.consultancy.accounts.Sql createStatement
INFO: Creating Statement...
Dec 15, 2014 9:13:05 PM org.lown.consultancy.accounts.Sql getConnection
INFO: Opening Connection to the Database
Dec 15, 2014 9:13:05 PM org.lown.consultancy.accounts.dialog.LoginDialog actionPerformed
INFO: Sucessfull Log on... Loading Main Menu
Dec 15, 2014 9:13:05 PM org.lown.consultancy.accounts.dialog.LoginDialog actionPerformed
INFO: User: super Login  Sucessfull
Dec 15, 2014 9:13:05 PM org.lown.consultancy.accounts.dao.UserDAO getUserRole
INFO: Getting user Details given username and pass... 
Dec 15, 2014 9:13:05 PM org.lown.consultancy.accounts.Sql createStatement
INFO: Creating Statement...
Dec 15, 2014 9:13:05 PM org.lown.consultancy.accounts.dao.CompanyDAO getCompanyDetails
INFO: Getting Customer Details given the internal DB id... 
Dec 15, 2014 9:13:05 PM org.lown.consultancy.accounts.Sql createStatement
INFO: Creating Statement...
Dec 15, 2014 9:13:05 PM org.lown.consultancy.accounts.dao.StockDAO getPendingStockItems
INFO: Getting Category Details given the internal DB id... 
Dec 15, 2014 9:13:05 PM org.lown.consultancy.accounts.Sql createStatement
INFO: Creating Statement...
Dec 15, 2014 9:13:12 PM org.lown.consultancy.accounts.dialog.MainMenu actionPerformed
INFO: Loading Users Dialog form... 
Dec 15, 2014 9:13:12 PM org.lown.consultancy.accounts.dialog.UserDialog createAndShowGUI
INFO: Loading Contra Expenses Dialog
Dec 15, 2014 9:14:37 PM org.lown.consultancy.accounts.dialog.MainMenu actionPerformed
INFO: Exiting Accounts Management Application... 
Dec 15, 2014 9:14:37 PM org.lown.consultancy.accounts.dialog.LoginDialog createAndShowGUI
INFO: Loading The Log on Page
Dec 15, 2014 9:14:51 PM org.lown.consultancy.accounts.AccountsManagement main
INFO: LOWN Accounting Application logs...
Dec 15, 2014 9:14:51 PM org.lown.consultancy.accounts.AccountsManagement main
INFO: Application Starting...
Dec 15, 2014 9:14:51 PM org.lown.consultancy.accounts.dialog.LoginDialog <init>
INFO: Application User Log on UI...
Dec 15, 2014 9:14:56 PM org.lown.consultancy.accounts.dao.UserDAO getUser
INFO: Getting user Details given username and pass... 
Dec 15, 2014 9:14:56 PM org.lown.consultancy.accounts.Sql createStatement
INFO: Creating Statement...
Dec 15, 2014 9:14:56 PM org.lown.consultancy.accounts.Sql getConnection
INFO: Opening Connection to the Database
Dec 15, 2014 9:14:56 PM org.lown.consultancy.accounts.dialog.LoginDialog actionPerformed
INFO: Sucessfull Log on... Loading Main Menu
Dec 15, 2014 9:14:56 PM org.lown.consultancy.accounts.dialog.LoginDialog actionPerformed
INFO: User: super Login  Sucessfull
Dec 15, 2014 9:14:56 PM org.lown.consultancy.accounts.dao.UserDAO getUserRole
INFO: Getting user Details given username and pass... 
Dec 15, 2014 9:14:56 PM org.lown.consultancy.accounts.Sql createStatement
INFO: Creating Statement...
Dec 15, 2014 9:14:56 PM org.lown.consultancy.accounts.dao.CompanyDAO getCompanyDetails
INFO: Getting Customer Details given the internal DB id... 
Dec 15, 2014 9:14:56 PM org.lown.consultancy.accounts.Sql createStatement
INFO: Creating Statement...
Dec 15, 2014 9:14:56 PM org.lown.consultancy.accounts.dao.StockDAO getPendingStockItems
INFO: Getting Category Details given the internal DB id... 
Dec 15, 2014 9:14:56 PM org.lown.consultancy.accounts.Sql createStatement
INFO: Creating Statement...
Dec 15, 2014 9:14:58 PM org.lown.consultancy.accounts.dialog.MainMenu actionPerformed
INFO: Loading Users Dialog form... 
Dec 15, 2014 9:14:58 PM org.lown.consultancy.accounts.dialog.UserDialog createAndShowGUI
INFO: Loading Contra Expenses Dialog
Dec 15, 2014 9:18:53 PM org.lown.consultancy.accounts.dialog.MainMenu actionPerformed
INFO: Exiting Accounts Management Application... 
Dec 15, 2014 9:18:53 PM org.lown.consultancy.accounts.dialog.LoginDialog createAndShowGUI
INFO: Loading The Log on Page
Dec 15, 2014 9:18:56 PM org.lown.consultancy.accounts.AccountsManagement main
INFO: LOWN Accounting Application logs...
Dec 15, 2014 9:18:56 PM org.lown.consultancy.accounts.AccountsManagement main
INFO: Application Starting...
Dec 15, 2014 9:18:56 PM org.lown.consultancy.accounts.dialog.LoginDialog <init>
INFO: Application User Log on UI...
Dec 15, 2014 9:19:03 PM org.lown.consultancy.accounts.dao.UserDAO getUser
INFO: Getting user Details given username and pass... 
Dec 15, 2014 9:19:03 PM org.lown.consultancy.accounts.Sql createStatement
INFO: Creating Statement...
Dec 15, 2014 9:19:03 PM org.lown.consultancy.accounts.Sql getConnection
INFO: Opening Connection to the Database
Dec 15, 2014 9:19:03 PM org.lown.consultancy.accounts.dialog.LoginDialog actionPerformed
INFO: Sucessfull Log on... Loading Main Menu
Dec 15, 2014 9:19:03 PM org.lown.consultancy.accounts.dialog.LoginDialog actionPerformed
INFO: User: super Login  Sucessfull
Dec 15, 2014 9:19:03 PM org.lown.consultancy.accounts.dao.UserDAO getUserRole
INFO: Getting user Details given username and pass... 
Dec 15, 2014 9:19:03 PM org.lown.consultancy.accounts.Sql createStatement
INFO: Creating Statement...
Dec 15, 2014 9:19:03 PM org.lown.consultancy.accounts.dao.CompanyDAO getCompanyDetails
INFO: Getting Customer Details given the internal DB id... 
Dec 15, 2014 9:19:03 PM org.lown.consultancy.accounts.Sql createStatement
INFO: Creating Statement...
Dec 15, 2014 9:19:03 PM org.lown.consultancy.accounts.dao.StockDAO getPendingStockItems
INFO: Getting Category Details given the internal DB id... 
Dec 15, 2014 9:19:03 PM org.lown.consultancy.accounts.Sql createStatement
INFO: Creating Statement...
Dec 15, 2014 9:19:06 PM org.lown.consultancy.accounts.dialog.MainMenu actionPerformed
INFO: Loading Users Dialog form... 
Dec 15, 2014 9:19:06 PM org.lown.consultancy.accounts.dialog.UserDialog createAndShowGUI
INFO: Loading Contra Expenses Dialog
Dec 15, 2014 9:19:34 PM org.lown.consultancy.accounts.dialog.MainMenu actionPerformed
INFO: Exiting Accounts Management Application... 
Dec 15, 2014 9:19:34 PM org.lown.consultancy.accounts.dialog.LoginDialog createAndShowGUI
INFO: Loading The Log on Page
Dec 15, 2014 9:20:19 PM org.lown.consultancy.accounts.AccountsManagement main
INFO: LOWN Accounting Application logs...
Dec 15, 2014 9:20:19 PM org.lown.consultancy.accounts.AccountsManagement main
INFO: Application Starting...
Dec 15, 2014 9:20:19 PM org.lown.consultancy.accounts.dialog.LoginDialog <init>
INFO: Application User Log on UI...
Dec 15, 2014 9:20:35 PM org.lown.consultancy.accounts.dao.UserDAO getUser
INFO: Getting user Details given username and pass... 
Dec 15, 2014 9:20:35 PM org.lown.consultancy.accounts.Sql createStatement
INFO: Creating Statement...
Dec 15, 2014 9:20:36 PM org.lown.consultancy.accounts.Sql getConnection
INFO: Opening Connection to the Database
Dec 15, 2014 9:20:36 PM org.lown.consultancy.accounts.dialog.LoginDialog actionPerformed
INFO: Sucessfull Log on... Loading Main Menu
Dec 15, 2014 9:20:36 PM org.lown.consultancy.accounts.dialog.LoginDialog actionPerformed
INFO: User: super Login  Sucessfull
Dec 15, 2014 9:20:36 PM org.lown.consultancy.accounts.dao.UserDAO getUserRole
INFO: Getting user Details given username and pass... 
Dec 15, 2014 9:20:36 PM org.lown.consultancy.accounts.Sql createStatement
INFO: Creating Statement...
Dec 15, 2014 9:20:36 PM org.lown.consultancy.accounts.dao.CompanyDAO getCompanyDetails
INFO: Getting Customer Details given the internal DB id... 
Dec 15, 2014 9:20:36 PM org.lown.consultancy.accounts.Sql createStatement
INFO: Creating Statement...
Dec 15, 2014 9:20:36 PM org.lown.consultancy.accounts.dao.StockDAO getPendingStockItems
INFO: Getting Category Details given the internal DB id... 
Dec 15, 2014 9:20:36 PM org.lown.consultancy.accounts.Sql createStatement
INFO: Creating Statement...
Dec 15, 2014 9:20:38 PM org.lown.consultancy.accounts.dialog.MainMenu actionPerformed
INFO: Loading Users Dialog form... 
Dec 15, 2014 9:20:38 PM org.lown.consultancy.accounts.dialog.UserDialog createAndShowGUI
INFO: Loading Contra Expenses Dialog
Dec 15, 2014 9:21:24 PM org.lown.consultancy.accounts.dialog.MainMenu actionPerformed
INFO: Exiting Accounts Management Application... 
Dec 15, 2014 9:21:24 PM org.lown.consultancy.accounts.dialog.LoginDialog createAndShowGUI
INFO: Loading The Log on Page
Dec 15, 2014 9:23:17 PM org.lown.consultancy.accounts.AccountsManagement main
INFO: LOWN Accounting Application logs...
Dec 15, 2014 9:23:17 PM org.lown.consultancy.accounts.AccountsManagement main
INFO: Application Starting...
Dec 15, 2014 9:23:17 PM org.lown.consultancy.accounts.dialog.LoginDialog <init>
INFO: Application User Log on UI...
Dec 15, 2014 9:23:24 PM org.lown.consultancy.accounts.dao.UserDAO getUser
INFO: Getting user Details given username and pass... 
Dec 15, 2014 9:23:24 PM org.lown.consultancy.accounts.Sql createStatement
INFO: Creating Statement...
Dec 15, 2014 9:23:24 PM org.lown.consultancy.accounts.Sql getConnection
INFO: Opening Connection to the Database
Dec 15, 2014 9:23:24 PM org.lown.consultancy.accounts.dialog.LoginDialog actionPerformed
INFO: Sucessfull Log on... Loading Main Menu
Dec 15, 2014 9:23:24 PM org.lown.consultancy.accounts.dialog.LoginDialog actionPerformed
INFO: User: super Login  Sucessfull
Dec 15, 2014 9:23:24 PM org.lown.consultancy.accounts.dao.UserDAO getUserRole
INFO: Getting user Details given username and pass... 
Dec 15, 2014 9:23:24 PM org.lown.consultancy.accounts.Sql createStatement
INFO: Creating Statement...
Dec 15, 2014 9:23:24 PM org.lown.consultancy.accounts.dao.CompanyDAO getCompanyDetails
INFO: Getting Customer Details given the internal DB id... 
Dec 15, 2014 9:23:24 PM org.lown.consultancy.accounts.Sql createStatement
INFO: Creating Statement...
Dec 15, 2014 9:23:24 PM org.lown.consultancy.accounts.dao.StockDAO getPendingStockItems
INFO: Getting Category Details given the internal DB id... 
Dec 15, 2014 9:23:24 PM org.lown.consultancy.accounts.Sql createStatement
INFO: Creating Statement...
Dec 15, 2014 9:23:26 PM org.lown.consultancy.accounts.dialog.MainMenu actionPerformed
INFO: Loading Users Dialog form... 
Dec 15, 2014 9:23:26 PM org.lown.consultancy.accounts.dialog.UserDialog createAndShowGUI
INFO: Loading Contra Expenses Dialog
Dec 15, 2014 9:23:34 PM org.lown.consultancy.accounts.dialog.MainMenu actionPerformed
INFO: Exiting Accounts Management Application... 
Dec 15, 2014 9:23:34 PM org.lown.consultancy.accounts.dialog.LoginDialog createAndShowGUI
INFO: Loading The Log on Page
Dec 15, 2014 9:24:00 PM org.lown.consultancy.accounts.AccountsManagement main
INFO: LOWN Accounting Application logs...
Dec 15, 2014 9:24:00 PM org.lown.consultancy.accounts.AccountsManagement main
INFO: Application Starting...
Dec 15, 2014 9:24:00 PM org.lown.consultancy.accounts.dialog.LoginDialog <init>
INFO: Application User Log on UI...
Dec 15, 2014 9:24:04 PM org.lown.consultancy.accounts.dao.UserDAO getUser
INFO: Getting user Details given username and pass... 
Dec 15, 2014 9:24:04 PM org.lown.consultancy.accounts.Sql createStatement
INFO: Creating Statement...
Dec 15, 2014 9:24:04 PM org.lown.consultancy.accounts.Sql getConnection
INFO: Opening Connection to the Database
Dec 15, 2014 9:24:04 PM org.lown.consultancy.accounts.dialog.LoginDialog actionPerformed
INFO: Sucessfull Log on... Loading Main Menu
Dec 15, 2014 9:24:04 PM org.lown.consultancy.accounts.dialog.LoginDialog actionPerformed
INFO: User: super Login  Sucessfull
Dec 15, 2014 9:24:04 PM org.lown.consultancy.accounts.dao.UserDAO getUserRole
INFO: Getting user Details given username and pass... 
Dec 15, 2014 9:24:04 PM org.lown.consultancy.accounts.Sql createStatement
INFO: Creating Statement...
Dec 15, 2014 9:24:04 PM org.lown.consultancy.accounts.dao.CompanyDAO getCompanyDetails
INFO: Getting Customer Details given the internal DB id... 
Dec 15, 2014 9:24:04 PM org.lown.consultancy.accounts.Sql createStatement
INFO: Creating Statement...
Dec 15, 2014 9:24:04 PM org.lown.consultancy.accounts.dao.StockDAO getPendingStockItems
INFO: Getting Category Details given the internal DB id... 
Dec 15, 2014 9:24:04 PM org.lown.consultancy.accounts.Sql createStatement
INFO: Creating Statement...
Dec 15, 2014 9:24:07 PM org.lown.consultancy.accounts.dialog.MainMenu actionPerformed
INFO: Loading Users Dialog form... 
Dec 15, 2014 9:24:07 PM org.lown.consultancy.accounts.dialog.UserDialog createAndShowGUI
INFO: Loading Contra Expenses Dialog
Dec 15, 2014 9:24:54 PM org.lown.consultancy.accounts.dialog.LoginDialog createAndShowGUI
INFO: Loading The Log on Page
Dec 15, 2014 9:25:05 PM org.lown.consultancy.accounts.AccountsManagement main
INFO: LOWN Accounting Application logs...
Dec 15, 2014 9:25:05 PM org.lown.consultancy.accounts.AccountsManagement main
INFO: Application Starting...
Dec 15, 2014 9:25:05 PM org.lown.consultancy.accounts.dialog.LoginDialog <init>
INFO: Application User Log on UI...
Dec 15, 2014 9:25:09 PM org.lown.consultancy.accounts.dao.UserDAO getUser
INFO: Getting user Details given username and pass... 
Dec 15, 2014 9:25:09 PM org.lown.consultancy.accounts.Sql createStatement
INFO: Creating Statement...
Dec 15, 2014 9:25:09 PM org.lown.consultancy.accounts.Sql getConnection
INFO: Opening Connection to the Database
Dec 15, 2014 9:25:09 PM org.lown.consultancy.accounts.dialog.LoginDialog actionPerformed
INFO: Sucessfull Log on... Loading Main Menu
Dec 15, 2014 9:25:09 PM org.lown.consultancy.accounts.dialog.LoginDialog actionPerformed
INFO: User: super Login  Sucessfull
Dec 15, 2014 9:25:09 PM org.lown.consultancy.accounts.dao.UserDAO getUserRole
INFO: Getting user Details given username and pass... 
Dec 15, 2014 9:25:09 PM org.lown.consultancy.accounts.Sql createStatement
INFO: Creating Statement...
Dec 15, 2014 9:25:09 PM org.lown.consultancy.accounts.dao.CompanyDAO getCompanyDetails
INFO: Getting Customer Details given the internal DB id... 
Dec 15, 2014 9:25:09 PM org.lown.consultancy.accounts.Sql createStatement
INFO: Creating Statement...
Dec 15, 2014 9:25:09 PM org.lown.consultancy.accounts.dao.StockDAO getPendingStockItems
INFO: Getting Category Details given the internal DB id... 
Dec 15, 2014 9:25:09 PM org.lown.consultancy.accounts.Sql createStatement
INFO: Creating Statement...
Dec 15, 2014 9:25:11 PM org.lown.consultancy.accounts.dialog.MainMenu actionPerformed
INFO: Loading Users Dialog form... 
Dec 15, 2014 9:25:11 PM org.lown.consultancy.accounts.dialog.UserDialog createAndShowGUI
INFO: Loading Contra Expenses Dialog
Dec 15, 2014 9:25:20 PM org.lown.consultancy.accounts.dialog.LoginDialog createAndShowGUI
INFO: Loading The Log on Page
Dec 15, 2014 9:25:48 PM org.lown.consultancy.accounts.AccountsManagement main
INFO: LOWN Accounting Application logs...
Dec 15, 2014 9:25:48 PM org.lown.consultancy.accounts.AccountsManagement main
INFO: Application Starting...
Dec 15, 2014 9:25:48 PM org.lown.consultancy.accounts.dialog.LoginDialog <init>
INFO: Application User Log on UI...
Dec 15, 2014 9:25:52 PM org.lown.consultancy.accounts.dao.UserDAO getUser
INFO: Getting user Details given username and pass... 
Dec 15, 2014 9:25:52 PM org.lown.consultancy.accounts.Sql createStatement
INFO: Creating Statement...
Dec 15, 2014 9:25:52 PM org.lown.consultancy.accounts.Sql getConnection
INFO: Opening Connection to the Database
Dec 15, 2014 9:25:52 PM org.lown.consultancy.accounts.dialog.LoginDialog actionPerformed
INFO: Sucessfull Log on... Loading Main Menu
Dec 15, 2014 9:25:52 PM org.lown.consultancy.accounts.dialog.LoginDialog actionPerformed
INFO: User: super Login  Sucessfull
Dec 15, 2014 9:25:52 PM org.lown.consultancy.accounts.dao.UserDAO getUserRole
INFO: Getting user Details given username and pass... 
Dec 15, 2014 9:25:52 PM org.lown.consultancy.accounts.Sql createStatement
INFO: Creating Statement...
Dec 15, 2014 9:25:52 PM org.lown.consultancy.accounts.dao.CompanyDAO getCompanyDetails
INFO: Getting Customer Details given the internal DB id... 
Dec 15, 2014 9:25:52 PM org.lown.consultancy.accounts.Sql createStatement
INFO: Creating Statement...
Dec 15, 2014 9:25:52 PM org.lown.consultancy.accounts.dao.StockDAO getPendingStockItems
INFO: Getting Category Details given the internal DB id... 
Dec 15, 2014 9:25:52 PM org.lown.consultancy.accounts.Sql createStatement
INFO: Creating Statement...
Dec 15, 2014 9:25:54 PM org.lown.consultancy.accounts.dialog.MainMenu actionPerformed
INFO: Loading Users Dialog form... 
Dec 15, 2014 9:25:54 PM org.lown.consultancy.accounts.dialog.UserDialog createAndShowGUI
INFO: Loading Contra Expenses Dialog
Dec 15, 2014 9:26:04 PM org.lown.consultancy.accounts.dialog.MainMenu actionPerformed
INFO: Exiting Accounts Management Application... 
Dec 15, 2014 9:26:04 PM org.lown.consultancy.accounts.dialog.LoginDialog createAndShowGUI
INFO: Loading The Log on Page
Dec 15, 2014 9:33:08 PM org.lown.consultancy.accounts.AccountsManagement main
INFO: LOWN Accounting Application logs...
Dec 15, 2014 9:33:08 PM org.lown.consultancy.accounts.AccountsManagement main
INFO: Application Starting...
Dec 15, 2014 9:33:08 PM org.lown.consultancy.accounts.dialog.LoginDialog <init>
INFO: Application User Log on UI...
Dec 15, 2014 9:33:13 PM org.lown.consultancy.accounts.dao.UserDAO getUser
INFO: Getting user Details given username and pass... 
Dec 15, 2014 9:33:13 PM org.lown.consultancy.accounts.Sql createStatement
INFO: Creating Statement...
Dec 15, 2014 9:33:14 PM org.lown.consultancy.accounts.Sql getConnection
INFO: Opening Connection to the Database
Dec 15, 2014 9:33:14 PM org.lown.consultancy.accounts.dialog.LoginDialog actionPerformed
INFO: Sucessfull Log on... Loading Main Menu
Dec 15, 2014 9:33:14 PM org.lown.consultancy.accounts.dialog.LoginDialog actionPerformed
INFO: User: super Login  Sucessfull
Dec 15, 2014 9:33:14 PM org.lown.consultancy.accounts.dao.UserDAO getUserRole
INFO: Getting user Details given username and pass... 
Dec 15, 2014 9:33:14 PM org.lown.consultancy.accounts.Sql createStatement
INFO: Creating Statement...
Dec 15, 2014 9:33:14 PM org.lown.consultancy.accounts.dao.CompanyDAO getCompanyDetails
INFO: Getting Customer Details given the internal DB id... 
Dec 15, 2014 9:33:14 PM org.lown.consultancy.accounts.Sql createStatement
INFO: Creating Statement...
Dec 15, 2014 9:33:14 PM org.lown.consultancy.accounts.dao.StockDAO getPendingStockItems
INFO: Getting Category Details given the internal DB id... 
Dec 15, 2014 9:33:14 PM org.lown.consultancy.accounts.Sql createStatement
INFO: Creating Statement...
Dec 15, 2014 9:33:16 PM org.lown.consultancy.accounts.dialog.MainMenu actionPerformed
INFO: Loading Users Dialog form... 
Dec 15, 2014 9:33:16 PM org.lown.consultancy.accounts.dialog.UserDialog createAndShowGUI
INFO: Loading Contra Expenses Dialog
Dec 15, 2014 9:35:29 PM org.lown.consultancy.accounts.dialog.MainMenu actionPerformed
INFO: Exiting Accounts Management Application... 
Dec 15, 2014 9:35:29 PM org.lown.consultancy.accounts.dialog.LoginDialog createAndShowGUI
INFO: Loading The Log on Page
Dec 15, 2014 9:35:33 PM org.lown.consultancy.accounts.AccountsManagement main
INFO: LOWN Accounting Application logs...
Dec 15, 2014 9:35:33 PM org.lown.consultancy.accounts.AccountsManagement main
INFO: Application Starting...
Dec 15, 2014 9:35:33 PM org.lown.consultancy.accounts.dialog.LoginDialog <init>
INFO: Application User Log on UI...
Dec 15, 2014 9:35:37 PM org.lown.consultancy.accounts.dao.UserDAO getUser
INFO: Getting user Details given username and pass... 
Dec 15, 2014 9:35:37 PM org.lown.consultancy.accounts.Sql createStatement
INFO: Creating Statement...
Dec 15, 2014 9:35:37 PM org.lown.consultancy.accounts.Sql getConnection
INFO: Opening Connection to the Database
Dec 15, 2014 9:35:37 PM org.lown.consultancy.accounts.dialog.LoginDialog actionPerformed
INFO: Sucessfull Log on... Loading Main Menu
Dec 15, 2014 9:35:37 PM org.lown.consultancy.accounts.dialog.LoginDialog actionPerformed
INFO: User: super Login  Sucessfull
Dec 15, 2014 9:35:37 PM org.lown.consultancy.accounts.dao.UserDAO getUserRole
INFO: Getting user Details given username and pass... 
Dec 15, 2014 9:35:37 PM org.lown.consultancy.accounts.Sql createStatement
INFO: Creating Statement...
Dec 15, 2014 9:35:37 PM org.lown.consultancy.accounts.dao.CompanyDAO getCompanyDetails
INFO: Getting Customer Details given the internal DB id... 
Dec 15, 2014 9:35:37 PM org.lown.consultancy.accounts.Sql createStatement
INFO: Creating Statement...
Dec 15, 2014 9:35:37 PM org.lown.consultancy.accounts.dao.StockDAO getPendingStockItems
INFO: Getting Category Details given the internal DB id... 
Dec 15, 2014 9:35:37 PM org.lown.consultancy.accounts.Sql createStatement
INFO: Creating Statement...
Dec 15, 2014 9:35:39 PM org.lown.consultancy.accounts.dialog.MainMenu actionPerformed
INFO: Loading Users Dialog form... 
Dec 15, 2014 9:35:39 PM org.lown.consultancy.accounts.dialog.UserDialog createAndShowGUI
INFO: Loading Contra Expenses Dialog
Dec 15, 2014 9:36:14 PM org.lown.consultancy.accounts.dialog.MainMenu actionPerformed
INFO: Exiting Accounts Management Application... 
Dec 15, 2014 9:36:14 PM org.lown.consultancy.accounts.dialog.LoginDialog createAndShowGUI
INFO: Loading The Log on Page
Dec 15, 2014 9:36:17 PM org.lown.consultancy.accounts.AccountsManagement main
INFO: LOWN Accounting Application logs...
Dec 15, 2014 9:36:17 PM org.lown.consultancy.accounts.AccountsManagement main
INFO: Application Starting...
Dec 15, 2014 9:36:17 PM org.lown.consultancy.accounts.dialog.LoginDialog <init>
INFO: Application User Log on UI...
Dec 15, 2014 9:36:21 PM org.lown.consultancy.accounts.dao.UserDAO getUser
INFO: Getting user Details given username and pass... 
Dec 15, 2014 9:36:21 PM org.lown.consultancy.accounts.Sql createStatement
INFO: Creating Statement...
Dec 15, 2014 9:36:21 PM org.lown.consultancy.accounts.Sql getConnection
INFO: Opening Connection to the Database
Dec 15, 2014 9:36:21 PM org.lown.consultancy.accounts.dialog.LoginDialog actionPerformed
INFO: Sucessfull Log on... Loading Main Menu
Dec 15, 2014 9:36:21 PM org.lown.consultancy.accounts.dialog.LoginDialog actionPerformed
INFO: User: super Login  Sucessfull
Dec 15, 2014 9:36:21 PM org.lown.consultancy.accounts.dao.UserDAO getUserRole
INFO: Getting user Details given username and pass... 
Dec 15, 2014 9:36:21 PM org.lown.consultancy.accounts.Sql createStatement
INFO: Creating Statement...
Dec 15, 2014 9:36:21 PM org.lown.consultancy.accounts.dao.CompanyDAO getCompanyDetails
INFO: Getting Customer Details given the internal DB id... 
Dec 15, 2014 9:36:21 PM org.lown.consultancy.accounts.Sql createStatement
INFO: Creating Statement...
Dec 15, 2014 9:36:21 PM org.lown.consultancy.accounts.dao.StockDAO getPendingStockItems
INFO: Getting Category Details given the internal DB id... 
Dec 15, 2014 9:36:21 PM org.lown.consultancy.accounts.Sql createStatement
INFO: Creating Statement...
Dec 15, 2014 9:36:23 PM org.lown.consultancy.accounts.dialog.MainMenu actionPerformed
INFO: Loading Users Dialog form... 
Dec 15, 2014 9:36:23 PM org.lown.consultancy.accounts.dialog.UserDialog createAndShowGUI
INFO: Loading Contra Expenses Dialog
Dec 15, 2014 9:36:36 PM org.lown.consultancy.accounts.dialog.MainMenu actionPerformed
INFO: Exiting Accounts Management Application... 
Dec 15, 2014 9:36:36 PM org.lown.consultancy.accounts.dialog.LoginDialog createAndShowGUI
INFO: Loading The Log on Page
Dec 15, 2014 9:37:10 PM org.lown.consultancy.accounts.AccountsManagement main
INFO: LOWN Accounting Application logs...
Dec 15, 2014 9:37:10 PM org.lown.consultancy.accounts.AccountsManagement main
INFO: Application Starting...
Dec 15, 2014 9:37:10 PM org.lown.consultancy.accounts.dialog.LoginDialog <init>
INFO: Application User Log on UI...
Dec 15, 2014 9:37:15 PM org.lown.consultancy.accounts.dao.UserDAO getUser
INFO: Getting user Details given username and pass... 
Dec 15, 2014 9:37:15 PM org.lown.consultancy.accounts.Sql createStatement
INFO: Creating Statement...
Dec 15, 2014 9:37:15 PM org.lown.consultancy.accounts.Sql getConnection
INFO: Opening Connection to the Database
Dec 15, 2014 9:37:15 PM org.lown.consultancy.accounts.dialog.LoginDialog actionPerformed
INFO: Sucessfull Log on... Loading Main Menu
Dec 15, 2014 9:37:15 PM org.lown.consultancy.accounts.dialog.LoginDialog actionPerformed
INFO: User: super Login  Sucessfull
Dec 15, 2014 9:37:15 PM org.lown.consultancy.accounts.dao.UserDAO getUserRole
INFO: Getting user Details given username and pass... 
Dec 15, 2014 9:37:15 PM org.lown.consultancy.accounts.Sql createStatement
INFO: Creating Statement...
Dec 15, 2014 9:37:15 PM org.lown.consultancy.accounts.dao.CompanyDAO getCompanyDetails
INFO: Getting Customer Details given the internal DB id... 
Dec 15, 2014 9:37:15 PM org.lown.consultancy.accounts.Sql createStatement
INFO: Creating Statement...
Dec 15, 2014 9:37:15 PM org.lown.consultancy.accounts.dao.StockDAO getPendingStockItems
INFO: Getting Category Details given the internal DB id... 
Dec 15, 2014 9:37:15 PM org.lown.consultancy.accounts.Sql createStatement
INFO: Creating Statement...
Dec 15, 2014 9:37:17 PM org.lown.consultancy.accounts.dialog.MainMenu actionPerformed
INFO: Loading Users Dialog form... 
Dec 15, 2014 9:37:17 PM org.lown.consultancy.accounts.dialog.UserDialog createAndShowGUI
INFO: Loading Contra Expenses Dialog
Dec 15, 2014 9:37:34 PM org.lown.consultancy.accounts.dialog.LoginDialog createAndShowGUI
INFO: Loading The Log on Page
Dec 15, 2014 9:37:52 PM org.lown.consultancy.accounts.AccountsManagement main
INFO: LOWN Accounting Application logs...
Dec 15, 2014 9:37:52 PM org.lown.consultancy.accounts.AccountsManagement main
INFO: Application Starting...
Dec 15, 2014 9:37:52 PM org.lown.consultancy.accounts.dialog.LoginDialog <init>
INFO: Application User Log on UI...
Dec 15, 2014 9:37:59 PM org.lown.consultancy.accounts.dao.UserDAO getUser
INFO: Getting user Details given username and pass... 
Dec 15, 2014 9:37:59 PM org.lown.consultancy.accounts.Sql createStatement
INFO: Creating Statement...
Dec 15, 2014 9:37:59 PM org.lown.consultancy.accounts.Sql getConnection
INFO: Opening Connection to the Database
Dec 15, 2014 9:37:59 PM org.lown.consultancy.accounts.dialog.LoginDialog actionPerformed
INFO: Sucessfull Log on... Loading Main Menu
Dec 15, 2014 9:37:59 PM org.lown.consultancy.accounts.dialog.LoginDialog actionPerformed
INFO: User: super Login  Sucessfull
Dec 15, 2014 9:37:59 PM org.lown.consultancy.accounts.dao.UserDAO getUserRole
INFO: Getting user Details given username and pass... 
Dec 15, 2014 9:37:59 PM org.lown.consultancy.accounts.Sql createStatement
INFO: Creating Statement...
Dec 15, 2014 9:37:59 PM org.lown.consultancy.accounts.dao.CompanyDAO getCompanyDetails
INFO: Getting Customer Details given the internal DB id... 
Dec 15, 2014 9:37:59 PM org.lown.consultancy.accounts.Sql createStatement
INFO: Creating Statement...
Dec 15, 2014 9:37:59 PM org.lown.consultancy.accounts.dao.StockDAO getPendingStockItems
INFO: Getting Category Details given the internal DB id... 
Dec 15, 2014 9:37:59 PM org.lown.consultancy.accounts.Sql createStatement
INFO: Creating Statement...
Dec 15, 2014 9:38:04 PM org.lown.consultancy.accounts.dialog.MainMenu actionPerformed
INFO: Loading Users Dialog form... 
Dec 15, 2014 9:38:04 PM org.lown.consultancy.accounts.dialog.UserDialog createAndShowGUI
INFO: Loading Contra Expenses Dialog
Dec 15, 2014 9:38:19 PM org.lown.consultancy.accounts.dialog.MainMenu actionPerformed
INFO: Exiting Accounts Management Application... 
Dec 15, 2014 9:38:19 PM org.lown.consultancy.accounts.dialog.LoginDialog createAndShowGUI
INFO: Loading The Log on Page
Dec 15, 2014 9:40:45 PM org.lown.consultancy.accounts.AccountsManagement main
INFO: LOWN Accounting Application logs...
Dec 15, 2014 9:40:45 PM org.lown.consultancy.accounts.AccountsManagement main
INFO: Application Starting...
Dec 15, 2014 9:40:45 PM org.lown.consultancy.accounts.dialog.LoginDialog <init>
INFO: Application User Log on UI...
Dec 15, 2014 9:40:49 PM org.lown.consultancy.accounts.dao.UserDAO getUser
INFO: Getting user Details given username and pass... 
Dec 15, 2014 9:40:49 PM org.lown.consultancy.accounts.Sql createStatement
INFO: Creating Statement...
Dec 15, 2014 9:40:49 PM org.lown.consultancy.accounts.Sql getConnection
INFO: Opening Connection to the Database
Dec 15, 2014 9:40:49 PM org.lown.consultancy.accounts.dialog.LoginDialog actionPerformed
INFO: Sucessfull Log on... Loading Main Menu
Dec 15, 2014 9:40:49 PM org.lown.consultancy.accounts.dialog.LoginDialog actionPerformed
INFO: User: super Login  Sucessfull
Dec 15, 2014 9:40:49 PM org.lown.consultancy.accounts.dao.UserDAO getUserRole
INFO: Getting user Details given username and pass... 
Dec 15, 2014 9:40:49 PM org.lown.consultancy.accounts.Sql createStatement
INFO: Creating Statement...
Dec 15, 2014 9:40:49 PM org.lown.consultancy.accounts.dao.CompanyDAO getCompanyDetails
INFO: Getting Customer Details given the internal DB id... 
Dec 15, 2014 9:40:49 PM org.lown.consultancy.accounts.Sql createStatement
INFO: Creating Statement...
Dec 15, 2014 9:40:49 PM org.lown.consultancy.accounts.dao.StockDAO getPendingStockItems
INFO: Getting Category Details given the internal DB id... 
Dec 15, 2014 9:40:49 PM org.lown.consultancy.accounts.Sql createStatement
INFO: Creating Statement...
Dec 15, 2014 9:40:51 PM org.lown.consultancy.accounts.dialog.MainMenu actionPerformed
INFO: Loading Users Dialog form... 
Dec 15, 2014 9:40:51 PM org.lown.consultancy.accounts.dialog.UserDialog createAndShowGUI
INFO: Loading Contra Expenses Dialog
Dec 15, 2014 9:40:56 PM org.lown.consultancy.accounts.dialog.MainMenu actionPerformed
INFO: Exiting Accounts Management Application... 
Dec 15, 2014 9:40:56 PM org.lown.consultancy.accounts.dialog.LoginDialog createAndShowGUI
INFO: Loading The Log on Page
Dec 15, 2014 9:41:16 PM org.lown.consultancy.accounts.AccountsManagement main
INFO: LOWN Accounting Application logs...
Dec 15, 2014 9:41:16 PM org.lown.consultancy.accounts.AccountsManagement main
INFO: Application Starting...
Dec 15, 2014 9:41:16 PM org.lown.consultancy.accounts.dialog.LoginDialog <init>
INFO: Application User Log on UI...
Dec 15, 2014 9:41:21 PM org.lown.consultancy.accounts.dao.UserDAO getUser
INFO: Getting user Details given username and pass... 
Dec 15, 2014 9:41:21 PM org.lown.consultancy.accounts.Sql createStatement
INFO: Creating Statement...
Dec 15, 2014 9:41:21 PM org.lown.consultancy.accounts.Sql getConnection
INFO: Opening Connection to the Database
Dec 15, 2014 9:41:21 PM org.lown.consultancy.accounts.dialog.LoginDialog actionPerformed
INFO: Sucessfull Log on... Loading Main Menu
Dec 15, 2014 9:41:21 PM org.lown.consultancy.accounts.dialog.LoginDialog actionPerformed
INFO: User: super Login  Sucessfull
Dec 15, 2014 9:41:21 PM org.lown.consultancy.accounts.dao.UserDAO getUserRole
INFO: Getting user Details given username and pass... 
Dec 15, 2014 9:41:21 PM org.lown.consultancy.accounts.Sql createStatement
INFO: Creating Statement...
Dec 15, 2014 9:41:21 PM org.lown.consultancy.accounts.dao.CompanyDAO getCompanyDetails
INFO: Getting Customer Details given the internal DB id... 
Dec 15, 2014 9:41:21 PM org.lown.consultancy.accounts.Sql createStatement
INFO: Creating Statement...
Dec 15, 2014 9:41:21 PM org.lown.consultancy.accounts.dao.StockDAO getPendingStockItems
INFO: Getting Category Details given the internal DB id... 
Dec 15, 2014 9:41:21 PM org.lown.consultancy.accounts.Sql createStatement
INFO: Creating Statement...
Dec 15, 2014 9:41:23 PM org.lown.consultancy.accounts.dialog.MainMenu actionPerformed
INFO: Loading Users Dialog form... 
Dec 15, 2014 9:41:23 PM org.lown.consultancy.accounts.dialog.UserDialog createAndShowGUI
INFO: Loading Contra Expenses Dialog
Dec 15, 2014 10:01:26 PM org.lown.consultancy.accounts.dialog.MainMenu actionPerformed
INFO: Exiting Accounts Management Application... 
Dec 15, 2014 10:01:26 PM org.lown.consultancy.accounts.dialog.LoginDialog createAndShowGUI
INFO: Loading The Log on Page
Dec 15, 2014 10:01:29 PM org.lown.consultancy.accounts.AccountsManagement main
INFO: LOWN Accounting Application logs...
Dec 15, 2014 10:01:29 PM org.lown.consultancy.accounts.AccountsManagement main
INFO: Application Starting...
Dec 15, 2014 10:01:29 PM org.lown.consultancy.accounts.dialog.LoginDialog <init>
INFO: Application User Log on UI...
Dec 15, 2014 10:01:34 PM org.lown.consultancy.accounts.dao.UserDAO getUser
INFO: Getting user Details given username and pass... 
Dec 15, 2014 10:01:34 PM org.lown.consultancy.accounts.Sql createStatement
INFO: Creating Statement...
Dec 15, 2014 10:01:34 PM org.lown.consultancy.accounts.Sql getConnection
INFO: Opening Connection to the Database
Dec 15, 2014 10:01:34 PM org.lown.consultancy.accounts.dialog.LoginDialog actionPerformed
INFO: Sucessfull Log on... Loading Main Menu
Dec 15, 2014 10:01:34 PM org.lown.consultancy.accounts.dialog.LoginDialog actionPerformed
INFO: User: super Login  Sucessfull
Dec 15, 2014 10:01:34 PM org.lown.consultancy.accounts.dao.UserDAO getUserRole
INFO: Getting user Details given username and pass... 
Dec 15, 2014 10:01:34 PM org.lown.consultancy.accounts.Sql createStatement
INFO: Creating Statement...
Dec 15, 2014 10:01:34 PM org.lown.consultancy.accounts.dao.CompanyDAO getCompanyDetails
INFO: Getting Customer Details given the internal DB id... 
Dec 15, 2014 10:01:34 PM org.lown.consultancy.accounts.Sql createStatement
INFO: Creating Statement...
Dec 15, 2014 10:01:34 PM org.lown.consultancy.accounts.dao.StockDAO getPendingStockItems
INFO: Getting Category Details given the internal DB id... 
Dec 15, 2014 10:01:34 PM org.lown.consultancy.accounts.Sql createStatement
INFO: Creating Statement...
Dec 15, 2014 10:01:36 PM org.lown.consultancy.accounts.dialog.MainMenu actionPerformed
INFO: Loading Users Dialog form... 
Dec 15, 2014 10:01:36 PM org.lown.consultancy.accounts.dialog.UserDialog createAndShowGUI
INFO: Loading Contra Expenses Dialog
Dec 15, 2014 10:01:51 PM org.lown.consultancy.accounts.dialog.MainMenu actionPerformed
INFO: Exiting Accounts Management Application... 
Dec 15, 2014 10:01:51 PM org.lown.consultancy.accounts.dialog.LoginDialog createAndShowGUI
INFO: Loading The Log on Page
Dec 15, 2014 10:01:59 PM org.lown.consultancy.accounts.AccountsManagement main
INFO: LOWN Accounting Application logs...
Dec 15, 2014 10:01:59 PM org.lown.consultancy.accounts.AccountsManagement main
INFO: Application Starting...
Dec 15, 2014 10:01:59 PM org.lown.consultancy.accounts.dialog.LoginDialog <init>
INFO: Application User Log on UI...
Dec 15, 2014 10:02:03 PM org.lown.consultancy.accounts.dao.UserDAO getUser
INFO: Getting user Details given username and pass... 
Dec 15, 2014 10:02:03 PM org.lown.consultancy.accounts.Sql createStatement
INFO: Creating Statement...
Dec 15, 2014 10:02:03 PM org.lown.consultancy.accounts.Sql getConnection
INFO: Opening Connection to the Database
Dec 15, 2014 10:02:03 PM org.lown.consultancy.accounts.dialog.LoginDialog actionPerformed
INFO: Sucessfull Log on... Loading Main Menu
Dec 15, 2014 10:02:03 PM org.lown.consultancy.accounts.dialog.LoginDialog actionPerformed
INFO: User: super Login  Sucessfull
Dec 15, 2014 10:02:03 PM org.lown.consultancy.accounts.dao.UserDAO getUserRole
INFO: Getting user Details given username and pass... 
Dec 15, 2014 10:02:03 PM org.lown.consultancy.accounts.Sql createStatement
INFO: Creating Statement...
Dec 15, 2014 10:02:03 PM org.lown.consultancy.accounts.dao.CompanyDAO getCompanyDetails
INFO: Getting Customer Details given the internal DB id... 
Dec 15, 2014 10:02:03 PM org.lown.consultancy.accounts.Sql createStatement
INFO: Creating Statement...
Dec 15, 2014 10:02:03 PM org.lown.consultancy.accounts.dao.StockDAO getPendingStockItems
INFO: Getting Category Details given the internal DB id... 
Dec 15, 2014 10:02:03 PM org.lown.consultancy.accounts.Sql createStatement
INFO: Creating Statement...
Dec 15, 2014 10:02:05 PM org.lown.consultancy.accounts.dialog.MainMenu actionPerformed
INFO: Loading Users Dialog form... 
Dec 15, 2014 10:02:05 PM org.lown.consultancy.accounts.dialog.UserDialog createAndShowGUI
INFO: Loading Contra Expenses Dialog
Dec 15, 2014 10:02:13 PM org.lown.consultancy.accounts.dialog.MainMenu actionPerformed
INFO: Exiting Accounts Management Application... 
Dec 15, 2014 10:02:13 PM org.lown.consultancy.accounts.dialog.LoginDialog createAndShowGUI
INFO: Loading The Log on Page
Dec 15, 2014 10:02:35 PM org.lown.consultancy.accounts.AccountsManagement main
INFO: LOWN Accounting Application logs...
Dec 15, 2014 10:02:35 PM org.lown.consultancy.accounts.AccountsManagement main
INFO: Application Starting...
Dec 15, 2014 10:02:35 PM org.lown.consultancy.accounts.dialog.LoginDialog <init>
INFO: Application User Log on UI...
Dec 15, 2014 10:02:40 PM org.lown.consultancy.accounts.dao.UserDAO getUser
INFO: Getting user Details given username and pass... 
Dec 15, 2014 10:02:40 PM org.lown.consultancy.accounts.Sql createStatement
INFO: Creating Statement...
Dec 15, 2014 10:02:40 PM org.lown.consultancy.accounts.Sql getConnection
INFO: Opening Connection to the Database
Dec 15, 2014 10:02:40 PM org.lown.consultancy.accounts.dialog.LoginDialog actionPerformed
INFO: Sucessfull Log on... Loading Main Menu
Dec 15, 2014 10:02:40 PM org.lown.consultancy.accounts.dialog.LoginDialog actionPerformed
INFO: User: super Login  Sucessfull
Dec 15, 2014 10:02:40 PM org.lown.consultancy.accounts.dao.UserDAO getUserRole
INFO: Getting user Details given username and pass... 
Dec 15, 2014 10:02:40 PM org.lown.consultancy.accounts.Sql createStatement
INFO: Creating Statement...
Dec 15, 2014 10:02:40 PM org.lown.consultancy.accounts.dao.CompanyDAO getCompanyDetails
INFO: Getting Customer Details given the internal DB id... 
Dec 15, 2014 10:02:40 PM org.lown.consultancy.accounts.Sql createStatement
INFO: Creating Statement...
Dec 15, 2014 10:02:40 PM org.lown.consultancy.accounts.dao.StockDAO getPendingStockItems
INFO: Getting Category Details given the internal DB id... 
Dec 15, 2014 10:02:40 PM org.lown.consultancy.accounts.Sql createStatement
INFO: Creating Statement...
Dec 15, 2014 10:02:42 PM org.lown.consultancy.accounts.dialog.MainMenu actionPerformed
INFO: Loading Users Dialog form... 
Dec 15, 2014 10:02:42 PM org.lown.consultancy.accounts.dialog.UserDialog createAndShowGUI
INFO: Loading Contra Expenses Dialog
Dec 15, 2014 10:02:53 PM org.lown.consultancy.accounts.dialog.MainMenu actionPerformed
INFO: Exiting Accounts Management Application... 
Dec 15, 2014 10:02:53 PM org.lown.consultancy.accounts.dialog.LoginDialog createAndShowGUI
INFO: Loading The Log on Page
Dec 15, 2014 10:03:08 PM org.lown.consultancy.accounts.AccountsManagement main
INFO: LOWN Accounting Application logs...
Dec 15, 2014 10:03:08 PM org.lown.consultancy.accounts.AccountsManagement main
INFO: Application Starting...
Dec 15, 2014 10:03:08 PM org.lown.consultancy.accounts.dialog.LoginDialog <init>
INFO: Application User Log on UI...
Dec 15, 2014 10:03:12 PM org.lown.consultancy.accounts.dao.UserDAO getUser
INFO: Getting user Details given username and pass... 
Dec 15, 2014 10:03:12 PM org.lown.consultancy.accounts.Sql createStatement
INFO: Creating Statement...
Dec 15, 2014 10:03:13 PM org.lown.consultancy.accounts.Sql getConnection
INFO: Opening Connection to the Database
Dec 15, 2014 10:03:13 PM org.lown.consultancy.accounts.dialog.LoginDialog actionPerformed
INFO: Sucessfull Log on... Loading Main Menu
Dec 15, 2014 10:03:13 PM org.lown.consultancy.accounts.dialog.LoginDialog actionPerformed
INFO: User: super Login  Sucessfull
Dec 15, 2014 10:03:13 PM org.lown.consultancy.accounts.dao.UserDAO getUserRole
INFO: Getting user Details given username and pass... 
Dec 15, 2014 10:03:13 PM org.lown.consultancy.accounts.Sql createStatement
INFO: Creating Statement...
Dec 15, 2014 10:03:13 PM org.lown.consultancy.accounts.dao.CompanyDAO getCompanyDetails
INFO: Getting Customer Details given the internal DB id... 
Dec 15, 2014 10:03:13 PM org.lown.consultancy.accounts.Sql createStatement
INFO: Creating Statement...
Dec 15, 2014 10:03:13 PM org.lown.consultancy.accounts.dao.StockDAO getPendingStockItems
INFO: Getting Category Details given the internal DB id... 
Dec 15, 2014 10:03:13 PM org.lown.consultancy.accounts.Sql createStatement
INFO: Creating Statement...
Dec 15, 2014 10:03:14 PM org.lown.consultancy.accounts.dialog.MainMenu actionPerformed
INFO: Loading Users Dialog form... 
Dec 15, 2014 10:03:14 PM org.lown.consultancy.accounts.dialog.UserDialog createAndShowGUI
INFO: Loading Contra Expenses Dialog
Dec 15, 2014 10:03:20 PM org.lown.consultancy.accounts.dialog.MainMenu actionPerformed
INFO: Exiting Accounts Management Application... 
Dec 15, 2014 10:03:20 PM org.lown.consultancy.accounts.dialog.LoginDialog createAndShowGUI
INFO: Loading The Log on Page
Dec 15, 2014 10:03:58 PM org.lown.consultancy.accounts.AccountsManagement main
INFO: LOWN Accounting Application logs...
Dec 15, 2014 10:03:58 PM org.lown.consultancy.accounts.AccountsManagement main
INFO: Application Starting...
Dec 15, 2014 10:03:58 PM org.lown.consultancy.accounts.dialog.LoginDialog <init>
INFO: Application User Log on UI...
Dec 15, 2014 10:04:02 PM org.lown.consultancy.accounts.dao.UserDAO getUser
INFO: Getting user Details given username and pass... 
Dec 15, 2014 10:04:02 PM org.lown.consultancy.accounts.Sql createStatement
INFO: Creating Statement...
Dec 15, 2014 10:04:02 PM org.lown.consultancy.accounts.Sql getConnection
INFO: Opening Connection to the Database
Dec 15, 2014 10:04:02 PM org.lown.consultancy.accounts.dialog.LoginDialog actionPerformed
INFO: Sucessfull Log on... Loading Main Menu
Dec 15, 2014 10:04:02 PM org.lown.consultancy.accounts.dialog.LoginDialog actionPerformed
INFO: User: super Login  Sucessfull
Dec 15, 2014 10:04:02 PM org.lown.consultancy.accounts.dao.UserDAO getUserRole
INFO: Getting user Details given username and pass... 
Dec 15, 2014 10:04:02 PM org.lown.consultancy.accounts.Sql createStatement
INFO: Creating Statement...
Dec 15, 2014 10:04:02 PM org.lown.consultancy.accounts.dao.CompanyDAO getCompanyDetails
INFO: Getting Customer Details given the internal DB id... 
Dec 15, 2014 10:04:02 PM org.lown.consultancy.accounts.Sql createStatement
INFO: Creating Statement...
Dec 15, 2014 10:04:02 PM org.lown.consultancy.accounts.dao.StockDAO getPendingStockItems
INFO: Getting Category Details given the internal DB id... 
Dec 15, 2014 10:04:02 PM org.lown.consultancy.accounts.Sql createStatement
INFO: Creating Statement...
Dec 15, 2014 10:04:04 PM org.lown.consultancy.accounts.dialog.MainMenu actionPerformed
INFO: Loading Users Dialog form... 
Dec 15, 2014 10:04:04 PM org.lown.consultancy.accounts.dialog.UserDialog createAndShowGUI
INFO: Loading Contra Expenses Dialog
Dec 15, 2014 10:07:09 PM org.lown.consultancy.accounts.dialog.MainMenu actionPerformed
INFO: Exiting Accounts Management Application... 
Dec 15, 2014 10:07:09 PM org.lown.consultancy.accounts.dialog.LoginDialog createAndShowGUI
INFO: Loading The Log on Page
Dec 15, 2014 10:07:12 PM org.lown.consultancy.accounts.AccountsManagement main
INFO: LOWN Accounting Application logs...
Dec 15, 2014 10:07:12 PM org.lown.consultancy.accounts.AccountsManagement main
INFO: Application Starting...
Dec 15, 2014 10:07:12 PM org.lown.consultancy.accounts.dialog.LoginDialog <init>
INFO: Application User Log on UI...
Dec 15, 2014 10:07:22 PM org.lown.consultancy.accounts.dao.UserDAO getUser
INFO: Getting user Details given username and pass... 
Dec 15, 2014 10:07:22 PM org.lown.consultancy.accounts.Sql createStatement
INFO: Creating Statement...
Dec 15, 2014 10:07:22 PM org.lown.consultancy.accounts.Sql getConnection
INFO: Opening Connection to the Database
Dec 15, 2014 10:07:22 PM org.lown.consultancy.accounts.dialog.LoginDialog actionPerformed
INFO: Sucessfull Log on... Loading Main Menu
Dec 15, 2014 10:07:22 PM org.lown.consultancy.accounts.dialog.LoginDialog actionPerformed
INFO: User: super Login  Sucessfull
Dec 15, 2014 10:07:22 PM org.lown.consultancy.accounts.dao.UserDAO getUserRole
INFO: Getting user Details given username and pass... 
Dec 15, 2014 10:07:22 PM org.lown.consultancy.accounts.Sql createStatement
INFO: Creating Statement...
Dec 15, 2014 10:07:22 PM org.lown.consultancy.accounts.dao.CompanyDAO getCompanyDetails
INFO: Getting Customer Details given the internal DB id... 
Dec 15, 2014 10:07:22 PM org.lown.consultancy.accounts.Sql createStatement
INFO: Creating Statement...
Dec 15, 2014 10:07:22 PM org.lown.consultancy.accounts.dao.StockDAO getPendingStockItems
INFO: Getting Category Details given the internal DB id... 
Dec 15, 2014 10:07:22 PM org.lown.consultancy.accounts.Sql createStatement
INFO: Creating Statement...
Dec 15, 2014 10:07:25 PM org.lown.consultancy.accounts.dialog.MainMenu actionPerformed
INFO: Loading Users Dialog form... 
Dec 15, 2014 10:07:25 PM org.lown.consultancy.accounts.dialog.UserDialog createAndShowGUI
INFO: Loading Contra Expenses Dialog
Dec 15, 2014 10:07:39 PM org.lown.consultancy.accounts.dialog.LoginDialog createAndShowGUI
INFO: Loading The Log on Page
Dec 15, 2014 10:07:53 PM org.lown.consultancy.accounts.AccountsManagement main
INFO: LOWN Accounting Application logs...
Dec 15, 2014 10:07:53 PM org.lown.consultancy.accounts.AccountsManagement main
INFO: Application Starting...
Dec 15, 2014 10:07:53 PM org.lown.consultancy.accounts.dialog.LoginDialog <init>
INFO: Application User Log on UI...
Dec 15, 2014 10:07:57 PM org.lown.consultancy.accounts.dao.UserDAO getUser
INFO: Getting user Details given username and pass... 
Dec 15, 2014 10:07:57 PM org.lown.consultancy.accounts.Sql createStatement
INFO: Creating Statement...
Dec 15, 2014 10:07:57 PM org.lown.consultancy.accounts.Sql getConnection
INFO: Opening Connection to the Database
Dec 15, 2014 10:07:57 PM org.lown.consultancy.accounts.dialog.LoginDialog actionPerformed
INFO: Sucessfull Log on... Loading Main Menu
Dec 15, 2014 10:07:57 PM org.lown.consultancy.accounts.dialog.LoginDialog actionPerformed
INFO: User: super Login  Sucessfull
Dec 15, 2014 10:07:57 PM org.lown.consultancy.accounts.dao.UserDAO getUserRole
INFO: Getting user Details given username and pass... 
Dec 15, 2014 10:07:57 PM org.lown.consultancy.accounts.Sql createStatement
INFO: Creating Statement...
Dec 15, 2014 10:07:57 PM org.lown.consultancy.accounts.dao.CompanyDAO getCompanyDetails
INFO: Getting Customer Details given the internal DB id... 
Dec 15, 2014 10:07:57 PM org.lown.consultancy.accounts.Sql createStatement
INFO: Creating Statement...
Dec 15, 2014 10:07:57 PM org.lown.consultancy.accounts.dao.StockDAO getPendingStockItems
INFO: Getting Category Details given the internal DB id... 
Dec 15, 2014 10:07:57 PM org.lown.consultancy.accounts.Sql createStatement
INFO: Creating Statement...
Dec 15, 2014 10:07:59 PM org.lown.consultancy.accounts.dialog.MainMenu actionPerformed
INFO: Loading Users Dialog form... 
Dec 15, 2014 10:07:59 PM org.lown.consultancy.accounts.dialog.UserDialog createAndShowGUI
INFO: Loading Contra Expenses Dialog
Dec 15, 2014 10:08:19 PM org.lown.consultancy.accounts.dialog.LoginDialog createAndShowGUI
INFO: Loading The Log on Page
Dec 15, 2014 10:08:28 PM org.lown.consultancy.accounts.AccountsManagement main
INFO: LOWN Accounting Application logs...
Dec 15, 2014 10:08:28 PM org.lown.consultancy.accounts.AccountsManagement main
INFO: Application Starting...
Dec 15, 2014 10:08:29 PM org.lown.consultancy.accounts.dialog.LoginDialog <init>
INFO: Application User Log on UI...
Dec 15, 2014 10:08:33 PM org.lown.consultancy.accounts.dao.UserDAO getUser
INFO: Getting user Details given username and pass... 
Dec 15, 2014 10:08:33 PM org.lown.consultancy.accounts.Sql createStatement
INFO: Creating Statement...
Dec 15, 2014 10:08:33 PM org.lown.consultancy.accounts.Sql getConnection
INFO: Opening Connection to the Database
Dec 15, 2014 10:08:33 PM org.lown.consultancy.accounts.dialog.LoginDialog actionPerformed
INFO: Sucessfull Log on... Loading Main Menu
Dec 15, 2014 10:08:33 PM org.lown.consultancy.accounts.dialog.LoginDialog actionPerformed
INFO: User: super Login  Sucessfull
Dec 15, 2014 10:08:33 PM org.lown.consultancy.accounts.dao.UserDAO getUserRole
INFO: Getting user Details given username and pass... 
Dec 15, 2014 10:08:33 PM org.lown.consultancy.accounts.Sql createStatement
INFO: Creating Statement...
Dec 15, 2014 10:08:33 PM org.lown.consultancy.accounts.dao.CompanyDAO getCompanyDetails
INFO: Getting Customer Details given the internal DB id... 
Dec 15, 2014 10:08:33 PM org.lown.consultancy.accounts.Sql createStatement
INFO: Creating Statement...
Dec 15, 2014 10:08:33 PM org.lown.consultancy.accounts.dao.StockDAO getPendingStockItems
INFO: Getting Category Details given the internal DB id... 
Dec 15, 2014 10:08:33 PM org.lown.consultancy.accounts.Sql createStatement
INFO: Creating Statement...
Dec 15, 2014 10:08:34 PM org.lown.consultancy.accounts.dialog.MainMenu actionPerformed
INFO: Loading Users Dialog form... 
Dec 15, 2014 10:08:34 PM org.lown.consultancy.accounts.dialog.UserDialog createAndShowGUI
INFO: Loading Contra Expenses Dialog
Dec 15, 2014 10:15:45 PM org.lown.consultancy.accounts.dialog.MainMenu actionPerformed
INFO: Exiting Accounts Management Application... 
Dec 15, 2014 10:15:45 PM org.lown.consultancy.accounts.dialog.LoginDialog createAndShowGUI
INFO: Loading The Log on Page
Dec 15, 2014 10:15:48 PM org.lown.consultancy.accounts.AccountsManagement main
INFO: LOWN Accounting Application logs...
Dec 15, 2014 10:15:48 PM org.lown.consultancy.accounts.AccountsManagement main
INFO: Application Starting...
Dec 15, 2014 10:15:48 PM org.lown.consultancy.accounts.dialog.LoginDialog <init>
INFO: Application User Log on UI...
Dec 15, 2014 10:15:54 PM org.lown.consultancy.accounts.dao.UserDAO getUser
INFO: Getting user Details given username and pass... 
Dec 15, 2014 10:15:54 PM org.lown.consultancy.accounts.Sql createStatement
INFO: Creating Statement...
Dec 15, 2014 10:15:54 PM org.lown.consultancy.accounts.Sql getConnection
INFO: Opening Connection to the Database
Dec 15, 2014 10:15:54 PM org.lown.consultancy.accounts.dialog.LoginDialog actionPerformed
INFO: Sucessfull Log on... Loading Main Menu
Dec 15, 2014 10:15:54 PM org.lown.consultancy.accounts.dialog.LoginDialog actionPerformed
INFO: User: super Login  Sucessfull
Dec 15, 2014 10:15:54 PM org.lown.consultancy.accounts.dao.UserDAO getUserRole
INFO: Getting user Details given username and pass... 
Dec 15, 2014 10:15:54 PM org.lown.consultancy.accounts.Sql createStatement
INFO: Creating Statement...
Dec 15, 2014 10:15:54 PM org.lown.consultancy.accounts.dao.CompanyDAO getCompanyDetails
INFO: Getting Customer Details given the internal DB id... 
Dec 15, 2014 10:15:54 PM org.lown.consultancy.accounts.Sql createStatement
INFO: Creating Statement...
Dec 15, 2014 10:15:54 PM org.lown.consultancy.accounts.dao.StockDAO getPendingStockItems
INFO: Getting Category Details given the internal DB id... 
Dec 15, 2014 10:15:54 PM org.lown.consultancy.accounts.Sql createStatement
INFO: Creating Statement...
Dec 15, 2014 10:15:56 PM org.lown.consultancy.accounts.dialog.MainMenu actionPerformed
INFO: Loading Users Dialog form... 
Dec 15, 2014 10:15:56 PM org.lown.consultancy.accounts.dialog.UserDialog createAndShowGUI
INFO: Loading Contra Expenses Dialog
Dec 15, 2014 10:16:13 PM org.lown.consultancy.accounts.dialog.MainMenu actionPerformed
INFO: Exiting Accounts Management Application... 
Dec 15, 2014 10:16:13 PM org.lown.consultancy.accounts.dialog.LoginDialog createAndShowGUI
INFO: Loading The Log on Page
Dec 15, 2014 10:16:38 PM org.lown.consultancy.accounts.AccountsManagement main
INFO: LOWN Accounting Application logs...
Dec 15, 2014 10:16:38 PM org.lown.consultancy.accounts.AccountsManagement main
INFO: Application Starting...
Dec 15, 2014 10:16:38 PM org.lown.consultancy.accounts.dialog.LoginDialog <init>
INFO: Application User Log on UI...
Dec 15, 2014 10:16:42 PM org.lown.consultancy.accounts.dao.UserDAO getUser
INFO: Getting user Details given username and pass... 
Dec 15, 2014 10:16:42 PM org.lown.consultancy.accounts.Sql createStatement
INFO: Creating Statement...
Dec 15, 2014 10:16:42 PM org.lown.consultancy.accounts.Sql getConnection
INFO: Opening Connection to the Database
Dec 15, 2014 10:16:42 PM org.lown.consultancy.accounts.dialog.LoginDialog actionPerformed
INFO: Sucessfull Log on... Loading Main Menu
Dec 15, 2014 10:16:42 PM org.lown.consultancy.accounts.dialog.LoginDialog actionPerformed
INFO: User: super Login  Sucessfull
Dec 15, 2014 10:16:42 PM org.lown.consultancy.accounts.dao.UserDAO getUserRole
INFO: Getting user Details given username and pass... 
Dec 15, 2014 10:16:42 PM org.lown.consultancy.accounts.Sql createStatement
INFO: Creating Statement...
Dec 15, 2014 10:16:42 PM org.lown.consultancy.accounts.dao.CompanyDAO getCompanyDetails
INFO: Getting Customer Details given the internal DB id... 
Dec 15, 2014 10:16:42 PM org.lown.consultancy.accounts.Sql createStatement
INFO: Creating Statement...
Dec 15, 2014 10:16:42 PM org.lown.consultancy.accounts.dao.StockDAO getPendingStockItems
INFO: Getting Category Details given the internal DB id... 
Dec 15, 2014 10:16:42 PM org.lown.consultancy.accounts.Sql createStatement
INFO: Creating Statement...
Dec 15, 2014 10:16:43 PM org.lown.consultancy.accounts.dialog.MainMenu actionPerformed
INFO: Loading Users Dialog form... 
Dec 15, 2014 10:16:43 PM org.lown.consultancy.accounts.dialog.UserDialog createAndShowGUI
INFO: Loading Contra Expenses Dialog
Dec 15, 2014 10:38:15 PM org.lown.consultancy.accounts.dialog.MainMenu actionPerformed
INFO: Exiting Accounts Management Application... 
Dec 15, 2014 10:38:15 PM org.lown.consultancy.accounts.dialog.LoginDialog createAndShowGUI
INFO: Loading The Log on Page
Dec 15, 2014 10:38:18 PM org.lown.consultancy.accounts.AccountsManagement main
INFO: LOWN Accounting Application logs...
Dec 15, 2014 10:38:18 PM org.lown.consultancy.accounts.AccountsManagement main
INFO: Application Starting...
Dec 15, 2014 10:38:18 PM org.lown.consultancy.accounts.dialog.LoginDialog <init>
INFO: Application User Log on UI...
Dec 15, 2014 10:38:22 PM org.lown.consultancy.accounts.dao.UserDAO getUser
INFO: Getting user Details given username and pass... 
Dec 15, 2014 10:38:23 PM org.lown.consultancy.accounts.Sql createStatement
INFO: Creating Statement...
Dec 15, 2014 10:38:23 PM org.lown.consultancy.accounts.Sql getConnection
INFO: Opening Connection to the Database
Dec 15, 2014 10:38:23 PM org.lown.consultancy.accounts.dialog.LoginDialog actionPerformed
INFO: Sucessfull Log on... Loading Main Menu
Dec 15, 2014 10:38:23 PM org.lown.consultancy.accounts.dialog.LoginDialog actionPerformed
INFO: User: super Login  Sucessfull
Dec 15, 2014 10:38:23 PM org.lown.consultancy.accounts.dao.UserDAO getUserRole
INFO: Getting user Details given username and pass... 
Dec 15, 2014 10:38:23 PM org.lown.consultancy.accounts.Sql createStatement
INFO: Creating Statement...
Dec 15, 2014 10:38:23 PM org.lown.consultancy.accounts.dao.CompanyDAO getCompanyDetails
INFO: Getting Customer Details given the internal DB id... 
Dec 15, 2014 10:38:23 PM org.lown.consultancy.accounts.Sql createStatement
INFO: Creating Statement...
Dec 15, 2014 10:38:23 PM org.lown.consultancy.accounts.dao.StockDAO getPendingStockItems
INFO: Getting Category Details given the internal DB id... 
Dec 15, 2014 10:38:23 PM org.lown.consultancy.accounts.Sql createStatement
INFO: Creating Statement...
Dec 15, 2014 10:38:24 PM org.lown.consultancy.accounts.dialog.MainMenu actionPerformed
INFO: Loading Users Dialog form... 
Dec 15, 2014 10:38:24 PM org.lown.consultancy.accounts.dialog.UserDialog createAndShowGUI
INFO: Loading Contra Expenses Dialog
Dec 15, 2014 10:38:49 PM org.lown.consultancy.accounts.dialog.MainMenu actionPerformed
INFO: Exiting Accounts Management Application... 
Dec 15, 2014 10:38:49 PM org.lown.consultancy.accounts.dialog.LoginDialog createAndShowGUI
INFO: Loading The Log on Page
Dec 15, 2014 10:38:52 PM org.lown.consultancy.accounts.AccountsManagement main
INFO: LOWN Accounting Application logs...
Dec 15, 2014 10:38:52 PM org.lown.consultancy.accounts.AccountsManagement main
INFO: Application Starting...
Dec 15, 2014 10:38:52 PM org.lown.consultancy.accounts.dialog.LoginDialog <init>
INFO: Application User Log on UI...
Dec 15, 2014 10:38:57 PM org.lown.consultancy.accounts.dao.UserDAO getUser
INFO: Getting user Details given username and pass... 
Dec 15, 2014 10:38:57 PM org.lown.consultancy.accounts.Sql createStatement
INFO: Creating Statement...
Dec 15, 2014 10:38:57 PM org.lown.consultancy.accounts.Sql getConnection
INFO: Opening Connection to the Database
Dec 15, 2014 10:38:57 PM org.lown.consultancy.accounts.dialog.LoginDialog actionPerformed
INFO: Sucessfull Log on... Loading Main Menu
Dec 15, 2014 10:38:57 PM org.lown.consultancy.accounts.dialog.LoginDialog actionPerformed
INFO: User: super Login  Sucessfull
Dec 15, 2014 10:38:57 PM org.lown.consultancy.accounts.dao.UserDAO getUserRole
INFO: Getting user Details given username and pass... 
Dec 15, 2014 10:38:57 PM org.lown.consultancy.accounts.Sql createStatement
INFO: Creating Statement...
Dec 15, 2014 10:38:57 PM org.lown.consultancy.accounts.dao.CompanyDAO getCompanyDetails
INFO: Getting Customer Details given the internal DB id... 
Dec 15, 2014 10:38:57 PM org.lown.consultancy.accounts.Sql createStatement
INFO: Creating Statement...
Dec 15, 2014 10:38:57 PM org.lown.consultancy.accounts.dao.StockDAO getPendingStockItems
INFO: Getting Category Details given the internal DB id... 
Dec 15, 2014 10:38:57 PM org.lown.consultancy.accounts.Sql createStatement
INFO: Creating Statement...
Dec 15, 2014 10:38:58 PM org.lown.consultancy.accounts.dialog.MainMenu actionPerformed
INFO: Loading Users Dialog form... 
Dec 15, 2014 10:38:58 PM org.lown.consultancy.accounts.dialog.UserDialog createAndShowGUI
INFO: Loading Contra Expenses Dialog
Dec 15, 2014 10:39:57 PM org.lown.consultancy.accounts.dialog.MainMenu actionPerformed
INFO: Exiting Accounts Management Application... 
Dec 15, 2014 10:39:57 PM org.lown.consultancy.accounts.dialog.LoginDialog createAndShowGUI
INFO: Loading The Log on Page
Dec 15, 2014 10:40:00 PM org.lown.consultancy.accounts.AccountsManagement main
INFO: LOWN Accounting Application logs...
Dec 15, 2014 10:40:00 PM org.lown.consultancy.accounts.AccountsManagement main
INFO: Application Starting...
Dec 15, 2014 10:40:00 PM org.lown.consultancy.accounts.dialog.LoginDialog <init>
INFO: Application User Log on UI...
Dec 15, 2014 10:40:04 PM org.lown.consultancy.accounts.dao.UserDAO getUser
INFO: Getting user Details given username and pass... 
Dec 15, 2014 10:40:04 PM org.lown.consultancy.accounts.Sql createStatement
INFO: Creating Statement...
Dec 15, 2014 10:40:04 PM org.lown.consultancy.accounts.Sql getConnection
INFO: Opening Connection to the Database
Dec 15, 2014 10:40:04 PM org.lown.consultancy.accounts.dialog.LoginDialog actionPerformed
INFO: Sucessfull Log on... Loading Main Menu
Dec 15, 2014 10:40:04 PM org.lown.consultancy.accounts.dialog.LoginDialog actionPerformed
INFO: User: super Login  Sucessfull
Dec 15, 2014 10:40:04 PM org.lown.consultancy.accounts.dao.UserDAO getUserRole
INFO: Getting user Details given username and pass... 
Dec 15, 2014 10:40:04 PM org.lown.consultancy.accounts.Sql createStatement
INFO: Creating Statement...
Dec 15, 2014 10:40:04 PM org.lown.consultancy.accounts.dao.CompanyDAO getCompanyDetails
INFO: Getting Customer Details given the internal DB id... 
Dec 15, 2014 10:40:04 PM org.lown.consultancy.accounts.Sql createStatement
INFO: Creating Statement...
Dec 15, 2014 10:40:04 PM org.lown.consultancy.accounts.dao.StockDAO getPendingStockItems
INFO: Getting Category Details given the internal DB id... 
Dec 15, 2014 10:40:04 PM org.lown.consultancy.accounts.Sql createStatement
INFO: Creating Statement...
Dec 15, 2014 10:40:06 PM org.lown.consultancy.accounts.dialog.MainMenu actionPerformed
INFO: Loading Users Dialog form... 
Dec 15, 2014 10:40:06 PM org.lown.consultancy.accounts.dialog.UserDialog createAndShowGUI
INFO: Loading Contra Expenses Dialog
Dec 15, 2014 10:40:18 PM org.lown.consultancy.accounts.dialog.MainMenu actionPerformed
INFO: Exiting Accounts Management Application... 
Dec 15, 2014 10:40:18 PM org.lown.consultancy.accounts.dialog.LoginDialog createAndShowGUI
INFO: Loading The Log on Page
Dec 15, 2014 10:41:13 PM org.lown.consultancy.accounts.AccountsManagement main
INFO: LOWN Accounting Application logs...
Dec 15, 2014 10:41:13 PM org.lown.consultancy.accounts.AccountsManagement main
INFO: Application Starting...
Dec 15, 2014 10:41:13 PM org.lown.consultancy.accounts.dialog.LoginDialog <init>
INFO: Application User Log on UI...
Dec 15, 2014 10:41:17 PM org.lown.consultancy.accounts.dao.UserDAO getUser
INFO: Getting user Details given username and pass... 
Dec 15, 2014 10:41:17 PM org.lown.consultancy.accounts.Sql createStatement
INFO: Creating Statement...
Dec 15, 2014 10:41:18 PM org.lown.consultancy.accounts.Sql getConnection
INFO: Opening Connection to the Database
Dec 15, 2014 10:41:18 PM org.lown.consultancy.accounts.dialog.LoginDialog actionPerformed
INFO: Sucessfull Log on... Loading Main Menu
Dec 15, 2014 10:41:18 PM org.lown.consultancy.accounts.dialog.LoginDialog actionPerformed
INFO: User: super Login  Sucessfull
Dec 15, 2014 10:41:18 PM org.lown.consultancy.accounts.dao.UserDAO getUserRole
INFO: Getting user Details given username and pass... 
Dec 15, 2014 10:41:18 PM org.lown.consultancy.accounts.Sql createStatement
INFO: Creating Statement...
Dec 15, 2014 10:41:18 PM org.lown.consultancy.accounts.dao.CompanyDAO getCompanyDetails
INFO: Getting Customer Details given the internal DB id... 
Dec 15, 2014 10:41:18 PM org.lown.consultancy.accounts.Sql createStatement
INFO: Creating Statement...
Dec 15, 2014 10:41:18 PM org.lown.consultancy.accounts.dao.StockDAO getPendingStockItems
INFO: Getting Category Details given the internal DB id... 
Dec 15, 2014 10:41:18 PM org.lown.consultancy.accounts.Sql createStatement
INFO: Creating Statement...
Dec 15, 2014 10:41:20 PM org.lown.consultancy.accounts.dialog.MainMenu actionPerformed
INFO: Loading Users Dialog form... 
Dec 15, 2014 10:41:20 PM org.lown.consultancy.accounts.dialog.UserDialog createAndShowGUI
INFO: Loading Contra Expenses Dialog
Dec 15, 2014 10:41:49 PM org.lown.consultancy.accounts.dialog.MainMenu actionPerformed
INFO: Exiting Accounts Management Application... 
Dec 15, 2014 10:41:49 PM org.lown.consultancy.accounts.dialog.LoginDialog createAndShowGUI
INFO: Loading The Log on Page
Dec 15, 2014 10:41:57 PM org.lown.consultancy.accounts.AccountsManagement main
INFO: LOWN Accounting Application logs...
Dec 15, 2014 10:41:57 PM org.lown.consultancy.accounts.AccountsManagement main
INFO: Application Starting...
Dec 15, 2014 10:41:57 PM org.lown.consultancy.accounts.dialog.LoginDialog <init>
INFO: Application User Log on UI...
Dec 15, 2014 10:42:02 PM org.lown.consultancy.accounts.dao.UserDAO getUser
INFO: Getting user Details given username and pass... 
Dec 15, 2014 10:42:02 PM org.lown.consultancy.accounts.Sql createStatement
INFO: Creating Statement...
Dec 15, 2014 10:42:02 PM org.lown.consultancy.accounts.Sql getConnection
INFO: Opening Connection to the Database
Dec 15, 2014 10:42:02 PM org.lown.consultancy.accounts.dialog.LoginDialog actionPerformed
INFO: Sucessfull Log on... Loading Main Menu
Dec 15, 2014 10:42:02 PM org.lown.consultancy.accounts.dialog.LoginDialog actionPerformed
INFO: User: super Login  Sucessfull
Dec 15, 2014 10:42:02 PM org.lown.consultancy.accounts.dao.UserDAO getUserRole
INFO: Getting user Details given username and pass... 
Dec 15, 2014 10:42:02 PM org.lown.consultancy.accounts.Sql createStatement
INFO: Creating Statement...
Dec 15, 2014 10:42:02 PM org.lown.consultancy.accounts.dao.CompanyDAO getCompanyDetails
INFO: Getting Customer Details given the internal DB id... 
Dec 15, 2014 10:42:02 PM org.lown.consultancy.accounts.Sql createStatement
INFO: Creating Statement...
Dec 15, 2014 10:42:02 PM org.lown.consultancy.accounts.dao.StockDAO getPendingStockItems
INFO: Getting Category Details given the internal DB id... 
Dec 15, 2014 10:42:02 PM org.lown.consultancy.accounts.Sql createStatement
INFO: Creating Statement...
Dec 15, 2014 10:42:04 PM org.lown.consultancy.accounts.dialog.MainMenu actionPerformed
INFO: Loading Users Dialog form... 
Dec 15, 2014 10:42:04 PM org.lown.consultancy.accounts.dialog.UserDialog createAndShowGUI
INFO: Loading Contra Expenses Dialog
Dec 15, 2014 10:42:17 PM org.lown.consultancy.accounts.dialog.MainMenu actionPerformed
INFO: Exiting Accounts Management Application... 
Dec 15, 2014 10:42:17 PM org.lown.consultancy.accounts.dialog.LoginDialog createAndShowGUI
INFO: Loading The Log on Page
Dec 15, 2014 10:42:29 PM org.lown.consultancy.accounts.AccountsManagement main
INFO: LOWN Accounting Application logs...
Dec 15, 2014 10:42:29 PM org.lown.consultancy.accounts.AccountsManagement main
INFO: Application Starting...
Dec 15, 2014 10:42:29 PM org.lown.consultancy.accounts.dialog.LoginDialog <init>
INFO: Application User Log on UI...
Dec 15, 2014 10:42:33 PM org.lown.consultancy.accounts.dao.UserDAO getUser
INFO: Getting user Details given username and pass... 
Dec 15, 2014 10:42:33 PM org.lown.consultancy.accounts.Sql createStatement
INFO: Creating Statement...
Dec 15, 2014 10:42:33 PM org.lown.consultancy.accounts.Sql getConnection
INFO: Opening Connection to the Database
Dec 15, 2014 10:42:33 PM org.lown.consultancy.accounts.dialog.LoginDialog actionPerformed
INFO: Sucessfull Log on... Loading Main Menu
Dec 15, 2014 10:42:33 PM org.lown.consultancy.accounts.dialog.LoginDialog actionPerformed
INFO: User: super Login  Sucessfull
Dec 15, 2014 10:42:33 PM org.lown.consultancy.accounts.dao.UserDAO getUserRole
INFO: Getting user Details given username and pass... 
Dec 15, 2014 10:42:33 PM org.lown.consultancy.accounts.Sql createStatement
INFO: Creating Statement...
Dec 15, 2014 10:42:33 PM org.lown.consultancy.accounts.dao.CompanyDAO getCompanyDetails
INFO: Getting Customer Details given the internal DB id... 
Dec 15, 2014 10:42:33 PM org.lown.consultancy.accounts.Sql createStatement
INFO: Creating Statement...
Dec 15, 2014 10:42:33 PM org.lown.consultancy.accounts.dao.StockDAO getPendingStockItems
INFO: Getting Category Details given the internal DB id... 
Dec 15, 2014 10:42:33 PM org.lown.consultancy.accounts.Sql createStatement
INFO: Creating Statement...
Dec 15, 2014 10:42:35 PM org.lown.consultancy.accounts.dialog.MainMenu actionPerformed
INFO: Loading Users Dialog form... 
Dec 15, 2014 10:42:35 PM org.lown.consultancy.accounts.dialog.UserDialog createAndShowGUI
INFO: Loading Contra Expenses Dialog
Dec 15, 2014 10:42:42 PM org.lown.consultancy.accounts.dialog.MainMenu actionPerformed
INFO: Exiting Accounts Management Application... 
Dec 15, 2014 10:42:42 PM org.lown.consultancy.accounts.dialog.LoginDialog createAndShowGUI
INFO: Loading The Log on Page
Dec 15, 2014 10:42:48 PM org.lown.consultancy.accounts.AccountsManagement main
INFO: LOWN Accounting Application logs...
Dec 15, 2014 10:42:48 PM org.lown.consultancy.accounts.AccountsManagement main
INFO: Application Starting...
Dec 15, 2014 10:42:48 PM org.lown.consultancy.accounts.dialog.LoginDialog <init>
INFO: Application User Log on UI...
Dec 15, 2014 10:42:53 PM org.lown.consultancy.accounts.dao.UserDAO getUser
INFO: Getting user Details given username and pass... 
Dec 15, 2014 10:42:53 PM org.lown.consultancy.accounts.Sql createStatement
INFO: Creating Statement...
Dec 15, 2014 10:42:53 PM org.lown.consultancy.accounts.Sql getConnection
INFO: Opening Connection to the Database
Dec 15, 2014 10:42:53 PM org.lown.consultancy.accounts.dialog.LoginDialog actionPerformed
INFO: Sucessfull Log on... Loading Main Menu
Dec 15, 2014 10:42:53 PM org.lown.consultancy.accounts.dialog.LoginDialog actionPerformed
INFO: User: super Login  Sucessfull
Dec 15, 2014 10:42:53 PM org.lown.consultancy.accounts.dao.UserDAO getUserRole
INFO: Getting user Details given username and pass... 
Dec 15, 2014 10:42:53 PM org.lown.consultancy.accounts.Sql createStatement
INFO: Creating Statement...
Dec 15, 2014 10:42:53 PM org.lown.consultancy.accounts.dao.CompanyDAO getCompanyDetails
INFO: Getting Customer Details given the internal DB id... 
Dec 15, 2014 10:42:53 PM org.lown.consultancy.accounts.Sql createStatement
INFO: Creating Statement...
Dec 15, 2014 10:42:53 PM org.lown.consultancy.accounts.dao.StockDAO getPendingStockItems
INFO: Getting Category Details given the internal DB id... 
Dec 15, 2014 10:42:53 PM org.lown.consultancy.accounts.Sql createStatement
INFO: Creating Statement...
Dec 15, 2014 10:42:55 PM org.lown.consultancy.accounts.dialog.MainMenu actionPerformed
INFO: Loading Users Dialog form... 
Dec 15, 2014 10:42:55 PM org.lown.consultancy.accounts.dialog.UserDialog createAndShowGUI
INFO: Loading Contra Expenses Dialog
Dec 15, 2014 10:43:07 PM org.lown.consultancy.accounts.dialog.MainMenu actionPerformed
INFO: Exiting Accounts Management Application... 
Dec 15, 2014 10:43:07 PM org.lown.consultancy.accounts.dialog.LoginDialog createAndShowGUI
INFO: Loading The Log on Page
Dec 15, 2014 10:43:27 PM org.lown.consultancy.accounts.AccountsManagement main
INFO: LOWN Accounting Application logs...
Dec 15, 2014 10:43:27 PM org.lown.consultancy.accounts.AccountsManagement main
INFO: Application Starting...
Dec 15, 2014 10:43:27 PM org.lown.consultancy.accounts.dialog.LoginDialog <init>
INFO: Application User Log on UI...
Dec 15, 2014 10:43:32 PM org.lown.consultancy.accounts.dao.UserDAO getUser
INFO: Getting user Details given username and pass... 
Dec 15, 2014 10:43:32 PM org.lown.consultancy.accounts.Sql createStatement
INFO: Creating Statement...
Dec 15, 2014 10:43:32 PM org.lown.consultancy.accounts.Sql getConnection
INFO: Opening Connection to the Database
Dec 15, 2014 10:43:32 PM org.lown.consultancy.accounts.dialog.LoginDialog actionPerformed
INFO: Sucessfull Log on... Loading Main Menu
Dec 15, 2014 10:43:32 PM org.lown.consultancy.accounts.dialog.LoginDialog actionPerformed
INFO: User: super Login  Sucessfull
Dec 15, 2014 10:43:32 PM org.lown.consultancy.accounts.dao.UserDAO getUserRole
INFO: Getting user Details given username and pass... 
Dec 15, 2014 10:43:32 PM org.lown.consultancy.accounts.Sql createStatement
INFO: Creating Statement...
Dec 15, 2014 10:43:32 PM org.lown.consultancy.accounts.dao.CompanyDAO getCompanyDetails
INFO: Getting Customer Details given the internal DB id... 
Dec 15, 2014 10:43:32 PM org.lown.consultancy.accounts.Sql createStatement
INFO: Creating Statement...
Dec 15, 2014 10:43:32 PM org.lown.consultancy.accounts.dao.StockDAO getPendingStockItems
INFO: Getting Category Details given the internal DB id... 
Dec 15, 2014 10:43:32 PM org.lown.consultancy.accounts.Sql createStatement
INFO: Creating Statement...
Dec 15, 2014 10:43:33 PM org.lown.consultancy.accounts.dialog.MainMenu actionPerformed
INFO: Loading Users Dialog form... 
Dec 15, 2014 10:43:33 PM org.lown.consultancy.accounts.dialog.UserDialog createAndShowGUI
INFO: Loading Contra Expenses Dialog
Dec 15, 2014 10:43:46 PM org.lown.consultancy.accounts.dialog.MainMenu actionPerformed
INFO: Exiting Accounts Management Application... 
Dec 15, 2014 10:43:46 PM org.lown.consultancy.accounts.dialog.LoginDialog createAndShowGUI
INFO: Loading The Log on Page
Dec 15, 2014 10:43:53 PM org.lown.consultancy.accounts.AccountsManagement main
INFO: LOWN Accounting Application logs...
Dec 15, 2014 10:43:53 PM org.lown.consultancy.accounts.AccountsManagement main
INFO: Application Starting...
Dec 15, 2014 10:43:53 PM org.lown.consultancy.accounts.dialog.LoginDialog <init>
INFO: Application User Log on UI...
Dec 15, 2014 10:43:57 PM org.lown.consultancy.accounts.dao.UserDAO getUser
INFO: Getting user Details given username and pass... 
Dec 15, 2014 10:43:57 PM org.lown.consultancy.accounts.Sql createStatement
INFO: Creating Statement...
Dec 15, 2014 10:43:57 PM org.lown.consultancy.accounts.Sql getConnection
INFO: Opening Connection to the Database
Dec 15, 2014 10:43:57 PM org.lown.consultancy.accounts.dialog.LoginDialog actionPerformed
INFO: Sucessfull Log on... Loading Main Menu
Dec 15, 2014 10:43:57 PM org.lown.consultancy.accounts.dialog.LoginDialog actionPerformed
INFO: User: super Login  Sucessfull
Dec 15, 2014 10:43:57 PM org.lown.consultancy.accounts.dao.UserDAO getUserRole
INFO: Getting user Details given username and pass... 
Dec 15, 2014 10:43:57 PM org.lown.consultancy.accounts.Sql createStatement
INFO: Creating Statement...
Dec 15, 2014 10:43:57 PM org.lown.consultancy.accounts.dao.CompanyDAO getCompanyDetails
INFO: Getting Customer Details given the internal DB id... 
Dec 15, 2014 10:43:57 PM org.lown.consultancy.accounts.Sql createStatement
INFO: Creating Statement...
Dec 15, 2014 10:43:57 PM org.lown.consultancy.accounts.dao.StockDAO getPendingStockItems
INFO: Getting Category Details given the internal DB id... 
Dec 15, 2014 10:43:57 PM org.lown.consultancy.accounts.Sql createStatement
INFO: Creating Statement...
Dec 15, 2014 10:44:00 PM org.lown.consultancy.accounts.dialog.MainMenu actionPerformed
INFO: Loading Users Dialog form... 
Dec 15, 2014 10:44:00 PM org.lown.consultancy.accounts.dialog.UserDialog createAndShowGUI
INFO: Loading Contra Expenses Dialog
Dec 15, 2014 10:44:14 PM org.lown.consultancy.accounts.dialog.MainMenu actionPerformed
INFO: Exiting Accounts Management Application... 
Dec 15, 2014 10:44:14 PM org.lown.consultancy.accounts.dialog.LoginDialog createAndShowGUI
INFO: Loading The Log on Page
Dec 15, 2014 10:44:20 PM org.lown.consultancy.accounts.AccountsManagement main
INFO: LOWN Accounting Application logs...
Dec 15, 2014 10:44:20 PM org.lown.consultancy.accounts.AccountsManagement main
INFO: Application Starting...
Dec 15, 2014 10:44:20 PM org.lown.consultancy.accounts.dialog.LoginDialog <init>
INFO: Application User Log on UI...
Dec 15, 2014 10:44:24 PM org.lown.consultancy.accounts.dao.UserDAO getUser
INFO: Getting user Details given username and pass... 
Dec 15, 2014 10:44:24 PM org.lown.consultancy.accounts.Sql createStatement
INFO: Creating Statement...
Dec 15, 2014 10:44:24 PM org.lown.consultancy.accounts.Sql getConnection
INFO: Opening Connection to the Database
Dec 15, 2014 10:44:24 PM org.lown.consultancy.accounts.dialog.LoginDialog actionPerformed
INFO: Sucessfull Log on... Loading Main Menu
Dec 15, 2014 10:44:24 PM org.lown.consultancy.accounts.dialog.LoginDialog actionPerformed
INFO: User: super Login  Sucessfull
Dec 15, 2014 10:44:24 PM org.lown.consultancy.accounts.dao.UserDAO getUserRole
INFO: Getting user Details given username and pass... 
Dec 15, 2014 10:44:24 PM org.lown.consultancy.accounts.Sql createStatement
INFO: Creating Statement...
Dec 15, 2014 10:44:24 PM org.lown.consultancy.accounts.dao.CompanyDAO getCompanyDetails
INFO: Getting Customer Details given the internal DB id... 
Dec 15, 2014 10:44:24 PM org.lown.consultancy.accounts.Sql createStatement
INFO: Creating Statement...
Dec 15, 2014 10:44:24 PM org.lown.consultancy.accounts.dao.StockDAO getPendingStockItems
INFO: Getting Category Details given the internal DB id... 
Dec 15, 2014 10:44:24 PM org.lown.consultancy.accounts.Sql createStatement
INFO: Creating Statement...
Dec 15, 2014 10:44:26 PM org.lown.consultancy.accounts.dialog.MainMenu actionPerformed
INFO: Loading Users Dialog form... 
Dec 15, 2014 10:44:26 PM org.lown.consultancy.accounts.dialog.UserDialog createAndShowGUI
INFO: Loading Contra Expenses Dialog
Dec 15, 2014 10:44:48 PM org.lown.consultancy.accounts.dialog.MainMenu actionPerformed
INFO: Exiting Accounts Management Application... 
Dec 15, 2014 10:44:48 PM org.lown.consultancy.accounts.dialog.LoginDialog createAndShowGUI
INFO: Loading The Log on Page
Dec 15, 2014 10:45:03 PM org.lown.consultancy.accounts.AccountsManagement main
INFO: LOWN Accounting Application logs...
Dec 15, 2014 10:45:03 PM org.lown.consultancy.accounts.AccountsManagement main
INFO: Application Starting...
Dec 15, 2014 10:45:03 PM org.lown.consultancy.accounts.dialog.LoginDialog <init>
INFO: Application User Log on UI...
Dec 15, 2014 10:45:07 PM org.lown.consultancy.accounts.dao.UserDAO getUser
INFO: Getting user Details given username and pass... 
Dec 15, 2014 10:45:07 PM org.lown.consultancy.accounts.Sql createStatement
INFO: Creating Statement...
Dec 15, 2014 10:45:07 PM org.lown.consultancy.accounts.Sql getConnection
INFO: Opening Connection to the Database
Dec 15, 2014 10:45:07 PM org.lown.consultancy.accounts.dialog.LoginDialog actionPerformed
INFO: Sucessfull Log on... Loading Main Menu
Dec 15, 2014 10:45:07 PM org.lown.consultancy.accounts.dialog.LoginDialog actionPerformed
INFO: User: super Login  Sucessfull
Dec 15, 2014 10:45:07 PM org.lown.consultancy.accounts.dao.UserDAO getUserRole
INFO: Getting user Details given username and pass... 
Dec 15, 2014 10:45:07 PM org.lown.consultancy.accounts.Sql createStatement
INFO: Creating Statement...
Dec 15, 2014 10:45:07 PM org.lown.consultancy.accounts.dao.CompanyDAO getCompanyDetails
INFO: Getting Customer Details given the internal DB id... 
Dec 15, 2014 10:45:07 PM org.lown.consultancy.accounts.Sql createStatement
INFO: Creating Statement...
Dec 15, 2014 10:45:07 PM org.lown.consultancy.accounts.dao.StockDAO getPendingStockItems
INFO: Getting Category Details given the internal DB id... 
Dec 15, 2014 10:45:07 PM org.lown.consultancy.accounts.Sql createStatement
INFO: Creating Statement...
Dec 15, 2014 10:45:09 PM org.lown.consultancy.accounts.dialog.MainMenu actionPerformed
INFO: Loading Users Dialog form... 
Dec 15, 2014 10:45:09 PM org.lown.consultancy.accounts.dialog.UserDialog createAndShowGUI
INFO: Loading Contra Expenses Dialog
Dec 15, 2014 10:59:01 PM org.lown.consultancy.accounts.dialog.MainMenu actionPerformed
INFO: Exiting Accounts Management Application... 
Dec 15, 2014 10:59:01 PM org.lown.consultancy.accounts.dialog.LoginDialog createAndShowGUI
INFO: Loading The Log on Page
Dec 15, 2014 11:14:34 PM org.lown.consultancy.accounts.AccountsManagement main
INFO: LOWN Accounting Application logs...
Dec 15, 2014 11:14:34 PM org.lown.consultancy.accounts.AccountsManagement main
INFO: Application Starting...
Dec 15, 2014 11:14:34 PM org.lown.consultancy.accounts.dialog.LoginDialog <init>
INFO: Application User Log on UI...
Dec 15, 2014 11:14:38 PM org.lown.consultancy.accounts.dao.UserDAO getUser
INFO: Getting user Details given username and pass... 
Dec 15, 2014 11:14:38 PM org.lown.consultancy.accounts.Sql createStatement
INFO: Creating Statement...
Dec 15, 2014 11:14:38 PM org.lown.consultancy.accounts.Sql getConnection
INFO: Opening Connection to the Database
Dec 15, 2014 11:14:38 PM org.lown.consultancy.accounts.dialog.LoginDialog actionPerformed
INFO: Sucessfull Log on... Loading Main Menu
Dec 15, 2014 11:14:38 PM org.lown.consultancy.accounts.dialog.LoginDialog actionPerformed
INFO: User: super Login  Sucessfull
Dec 15, 2014 11:14:38 PM org.lown.consultancy.accounts.dao.UserDAO getUserRole
INFO: Getting user Details given username and pass... 
Dec 15, 2014 11:14:38 PM org.lown.consultancy.accounts.Sql createStatement
INFO: Creating Statement...
Dec 15, 2014 11:14:38 PM org.lown.consultancy.accounts.dao.CompanyDAO getCompanyDetails
INFO: Getting Customer Details given the internal DB id... 
Dec 15, 2014 11:14:38 PM org.lown.consultancy.accounts.Sql createStatement
INFO: Creating Statement...
Dec 15, 2014 11:14:38 PM org.lown.consultancy.accounts.dao.StockDAO getPendingStockItems
INFO: Getting Category Details given the internal DB id... 
Dec 15, 2014 11:14:38 PM org.lown.consultancy.accounts.Sql createStatement
INFO: Creating Statement...
Dec 15, 2014 11:14:40 PM org.lown.consultancy.accounts.dialog.MainMenu actionPerformed
INFO: Loading Users Dialog form... 
Dec 15, 2014 11:14:40 PM org.lown.consultancy.accounts.dialog.UserDialog createAndShowGUI
INFO: Loading Contra Expenses Dialog
Dec 15, 2014 11:14:40 PM org.lown.consultancy.accounts.dao.UserDAO getAllUsers
INFO: Getting user Details given username and pass... 
Dec 15, 2014 11:14:40 PM org.lown.consultancy.accounts.Sql createStatement
INFO: Creating Statement...
Dec 15, 2014 11:15:23 PM org.lown.consultancy.accounts.dialog.MainMenu actionPerformed
INFO: Exiting Accounts Management Application... 
Dec 15, 2014 11:15:23 PM org.lown.consultancy.accounts.dialog.LoginDialog createAndShowGUI
INFO: Loading The Log on Page
Dec 15, 2014 11:15:26 PM org.lown.consultancy.accounts.AccountsManagement main
INFO: LOWN Accounting Application logs...
Dec 15, 2014 11:15:26 PM org.lown.consultancy.accounts.AccountsManagement main
INFO: Application Starting...
Dec 15, 2014 11:15:26 PM org.lown.consultancy.accounts.dialog.LoginDialog <init>
INFO: Application User Log on UI...
Dec 15, 2014 11:15:30 PM org.lown.consultancy.accounts.dao.UserDAO getUser
INFO: Getting user Details given username and pass... 
Dec 15, 2014 11:15:30 PM org.lown.consultancy.accounts.Sql createStatement
INFO: Creating Statement...
Dec 15, 2014 11:15:30 PM org.lown.consultancy.accounts.Sql getConnection
INFO: Opening Connection to the Database
Dec 15, 2014 11:15:30 PM org.lown.consultancy.accounts.dialog.LoginDialog actionPerformed
INFO: Sucessfull Log on... Loading Main Menu
Dec 15, 2014 11:15:30 PM org.lown.consultancy.accounts.dialog.LoginDialog actionPerformed
INFO: User: super Login  Sucessfull
Dec 15, 2014 11:15:30 PM org.lown.consultancy.accounts.dao.UserDAO getUserRole
INFO: Getting user Details given username and pass... 
Dec 15, 2014 11:15:30 PM org.lown.consultancy.accounts.Sql createStatement
INFO: Creating Statement...
Dec 15, 2014 11:15:30 PM org.lown.consultancy.accounts.dao.CompanyDAO getCompanyDetails
INFO: Getting Customer Details given the internal DB id... 
Dec 15, 2014 11:15:30 PM org.lown.consultancy.accounts.Sql createStatement
INFO: Creating Statement...
Dec 15, 2014 11:15:30 PM org.lown.consultancy.accounts.dao.StockDAO getPendingStockItems
INFO: Getting Category Details given the internal DB id... 
Dec 15, 2014 11:15:30 PM org.lown.consultancy.accounts.Sql createStatement
INFO: Creating Statement...
Dec 15, 2014 11:15:32 PM org.lown.consultancy.accounts.dialog.MainMenu actionPerformed
INFO: Loading Users Dialog form... 
Dec 15, 2014 11:15:32 PM org.lown.consultancy.accounts.dialog.UserDialog createAndShowGUI
INFO: Loading Contra Expenses Dialog
Dec 15, 2014 11:15:32 PM org.lown.consultancy.accounts.dao.UserDAO getAllUsers
INFO: Getting user Details given username and pass... 
Dec 15, 2014 11:15:32 PM org.lown.consultancy.accounts.Sql createStatement
INFO: Creating Statement...
Dec 15, 2014 11:15:42 PM org.lown.consultancy.accounts.dialog.MainMenu actionPerformed
INFO: Exiting Accounts Management Application... 
Dec 15, 2014 11:15:42 PM org.lown.consultancy.accounts.dialog.LoginDialog createAndShowGUI
INFO: Loading The Log on Page
Dec 15, 2014 11:15:51 PM org.lown.consultancy.accounts.AccountsManagement main
INFO: LOWN Accounting Application logs...
Dec 15, 2014 11:15:51 PM org.lown.consultancy.accounts.AccountsManagement main
INFO: Application Starting...
Dec 15, 2014 11:15:51 PM org.lown.consultancy.accounts.dialog.LoginDialog <init>
INFO: Application User Log on UI...
Dec 15, 2014 11:15:55 PM org.lown.consultancy.accounts.dao.UserDAO getUser
INFO: Getting user Details given username and pass... 
Dec 15, 2014 11:15:55 PM org.lown.consultancy.accounts.Sql createStatement
INFO: Creating Statement...
Dec 15, 2014 11:15:55 PM org.lown.consultancy.accounts.Sql getConnection
INFO: Opening Connection to the Database
Dec 15, 2014 11:15:55 PM org.lown.consultancy.accounts.dialog.LoginDialog actionPerformed
INFO: Sucessfull Log on... Loading Main Menu
Dec 15, 2014 11:15:55 PM org.lown.consultancy.accounts.dialog.LoginDialog actionPerformed
INFO: User: super Login  Sucessfull
Dec 15, 2014 11:15:55 PM org.lown.consultancy.accounts.dao.UserDAO getUserRole
INFO: Getting user Details given username and pass... 
Dec 15, 2014 11:15:55 PM org.lown.consultancy.accounts.Sql createStatement
INFO: Creating Statement...
Dec 15, 2014 11:15:55 PM org.lown.consultancy.accounts.dao.CompanyDAO getCompanyDetails
INFO: Getting Customer Details given the internal DB id... 
Dec 15, 2014 11:15:55 PM org.lown.consultancy.accounts.Sql createStatement
INFO: Creating Statement...
Dec 15, 2014 11:15:55 PM org.lown.consultancy.accounts.dao.StockDAO getPendingStockItems
INFO: Getting Category Details given the internal DB id... 
Dec 15, 2014 11:15:55 PM org.lown.consultancy.accounts.Sql createStatement
INFO: Creating Statement...
Dec 15, 2014 11:15:56 PM org.lown.consultancy.accounts.dialog.MainMenu actionPerformed
INFO: Loading Users Dialog form... 
Dec 15, 2014 11:15:56 PM org.lown.consultancy.accounts.dialog.UserDialog createAndShowGUI
INFO: Loading Contra Expenses Dialog
Dec 15, 2014 11:15:56 PM org.lown.consultancy.accounts.dao.UserDAO getAllUsers
INFO: Getting user Details given username and pass... 
Dec 15, 2014 11:15:56 PM org.lown.consultancy.accounts.Sql createStatement
INFO: Creating Statement...
Dec 15, 2014 11:16:02 PM org.lown.consultancy.accounts.dialog.MainMenu actionPerformed
INFO: Exiting Accounts Management Application... 
Dec 15, 2014 11:16:02 PM org.lown.consultancy.accounts.dialog.LoginDialog createAndShowGUI
INFO: Loading The Log on Page
Dec 15, 2014 11:16:18 PM org.lown.consultancy.accounts.AccountsManagement main
INFO: LOWN Accounting Application logs...
Dec 15, 2014 11:16:18 PM org.lown.consultancy.accounts.AccountsManagement main
INFO: Application Starting...
Dec 15, 2014 11:16:18 PM org.lown.consultancy.accounts.dialog.LoginDialog <init>
INFO: Application User Log on UI...
Dec 15, 2014 11:16:22 PM org.lown.consultancy.accounts.dao.UserDAO getUser
INFO: Getting user Details given username and pass... 
Dec 15, 2014 11:16:22 PM org.lown.consultancy.accounts.Sql createStatement
INFO: Creating Statement...
Dec 15, 2014 11:16:22 PM org.lown.consultancy.accounts.Sql getConnection
INFO: Opening Connection to the Database
Dec 15, 2014 11:16:22 PM org.lown.consultancy.accounts.dialog.LoginDialog actionPerformed
INFO: Sucessfull Log on... Loading Main Menu
Dec 15, 2014 11:16:22 PM org.lown.consultancy.accounts.dialog.LoginDialog actionPerformed
INFO: User: super Login  Sucessfull
Dec 15, 2014 11:16:22 PM org.lown.consultancy.accounts.dao.UserDAO getUserRole
INFO: Getting user Details given username and pass... 
Dec 15, 2014 11:16:22 PM org.lown.consultancy.accounts.Sql createStatement
INFO: Creating Statement...
Dec 15, 2014 11:16:22 PM org.lown.consultancy.accounts.dao.CompanyDAO getCompanyDetails
INFO: Getting Customer Details given the internal DB id... 
Dec 15, 2014 11:16:22 PM org.lown.consultancy.accounts.Sql createStatement
INFO: Creating Statement...
Dec 15, 2014 11:16:22 PM org.lown.consultancy.accounts.dao.StockDAO getPendingStockItems
INFO: Getting Category Details given the internal DB id... 
Dec 15, 2014 11:16:22 PM org.lown.consultancy.accounts.Sql createStatement
INFO: Creating Statement...
Dec 15, 2014 11:16:23 PM org.lown.consultancy.accounts.dialog.MainMenu actionPerformed
INFO: Loading Users Dialog form... 
Dec 15, 2014 11:16:23 PM org.lown.consultancy.accounts.dialog.UserDialog createAndShowGUI
INFO: Loading Contra Expenses Dialog
Dec 15, 2014 11:16:23 PM org.lown.consultancy.accounts.dao.UserDAO getAllUsers
INFO: Getting user Details given username and pass... 
Dec 15, 2014 11:16:23 PM org.lown.consultancy.accounts.Sql createStatement
INFO: Creating Statement...
Dec 15, 2014 11:16:55 PM org.lown.consultancy.accounts.dialog.MainMenu actionPerformed
INFO: Exiting Accounts Management Application... 
Dec 15, 2014 11:16:55 PM org.lown.consultancy.accounts.dialog.LoginDialog createAndShowGUI
INFO: Loading The Log on Page
Dec 15, 2014 11:17:05 PM org.lown.consultancy.accounts.AccountsManagement main
INFO: LOWN Accounting Application logs...
Dec 15, 2014 11:17:05 PM org.lown.consultancy.accounts.AccountsManagement main
INFO: Application Starting...
Dec 15, 2014 11:17:05 PM org.lown.consultancy.accounts.dialog.LoginDialog <init>
INFO: Application User Log on UI...
Dec 15, 2014 11:17:09 PM org.lown.consultancy.accounts.dao.UserDAO getUser
INFO: Getting user Details given username and pass... 
Dec 15, 2014 11:17:09 PM org.lown.consultancy.accounts.Sql createStatement
INFO: Creating Statement...
Dec 15, 2014 11:17:09 PM org.lown.consultancy.accounts.Sql getConnection
INFO: Opening Connection to the Database
Dec 15, 2014 11:17:09 PM org.lown.consultancy.accounts.dialog.LoginDialog actionPerformed
INFO: Sucessfull Log on... Loading Main Menu
Dec 15, 2014 11:17:09 PM org.lown.consultancy.accounts.dialog.LoginDialog actionPerformed
INFO: User: super Login  Sucessfull
Dec 15, 2014 11:17:09 PM org.lown.consultancy.accounts.dao.UserDAO getUserRole
INFO: Getting user Details given username and pass... 
Dec 15, 2014 11:17:09 PM org.lown.consultancy.accounts.Sql createStatement
INFO: Creating Statement...
Dec 15, 2014 11:17:09 PM org.lown.consultancy.accounts.dao.CompanyDAO getCompanyDetails
INFO: Getting Customer Details given the internal DB id... 
Dec 15, 2014 11:17:09 PM org.lown.consultancy.accounts.Sql createStatement
INFO: Creating Statement...
Dec 15, 2014 11:17:09 PM org.lown.consultancy.accounts.dao.StockDAO getPendingStockItems
INFO: Getting Category Details given the internal DB id... 
Dec 15, 2014 11:17:09 PM org.lown.consultancy.accounts.Sql createStatement
INFO: Creating Statement...
Dec 15, 2014 11:17:10 PM org.lown.consultancy.accounts.dialog.MainMenu actionPerformed
INFO: Loading Users Dialog form... 
Dec 15, 2014 11:17:10 PM org.lown.consultancy.accounts.dialog.UserDialog createAndShowGUI
INFO: Loading Contra Expenses Dialog
Dec 15, 2014 11:17:10 PM org.lown.consultancy.accounts.dao.UserDAO getAllUsers
INFO: Getting user Details given username and pass... 
Dec 15, 2014 11:17:10 PM org.lown.consultancy.accounts.Sql createStatement
INFO: Creating Statement...
Dec 15, 2014 11:17:25 PM org.lown.consultancy.accounts.dialog.MainMenu actionPerformed
INFO: Exiting Accounts Management Application... 
Dec 15, 2014 11:17:25 PM org.lown.consultancy.accounts.dialog.LoginDialog createAndShowGUI
INFO: Loading The Log on Page
