Dec 10, 2014 4:54:05 AM org.lown.consultancy.accounts.AccountsManagement main
INFO: LOWN Accounting Application logs...
Dec 10, 2014 4:54:05 AM org.lown.consultancy.accounts.AccountsManagement main
INFO: Application Starting...
Dec 10, 2014 4:54:05 AM org.lown.consultancy.accounts.dialog.LoginDialog <init>
INFO: Application User Log on UI...
Dec 10, 2014 4:54:11 AM org.lown.consultancy.accounts.api.UserService getUser
INFO: Getting user Details given username and pass... 
Dec 10, 2014 4:54:11 AM org.lown.consultancy.accounts.Sql createStatement
INFO: Creating Statement...
Dec 10, 2014 4:54:11 AM org.lown.consultancy.accounts.Sql getConnection
INFO: Opening Connection to the Database
Dec 10, 2014 4:54:11 AM org.lown.consultancy.accounts.dialog.LoginDialog actionPerformed
INFO: Sucessfull Log on... Loading Main Menu
Dec 10, 2014 4:54:11 AM org.lown.consultancy.accounts.dialog.LoginDialog actionPerformed
INFO: User: super Login  Sucessfull
Dec 10, 2014 4:54:11 AM org.lown.consultancy.accounts.api.CompanyService getCompanyDetails
INFO: Getting Customer Details given the internal DB id... 
Dec 10, 2014 4:54:11 AM org.lown.consultancy.accounts.Sql createStatement
INFO: Creating Statement...
Dec 10, 2014 4:54:11 AM org.lown.consultancy.accounts.api.StockService getPendingStockItems
INFO: Getting Category Details given the internal DB id... 
Dec 10, 2014 4:54:11 AM org.lown.consultancy.accounts.Sql createStatement
INFO: Creating Statement...
Dec 10, 2014 5:14:47 AM org.lown.consultancy.accounts.dialog.MainMenu actionPerformed
INFO: Exiting Accounts Management Application... 
Dec 10, 2014 5:14:47 AM org.lown.consultancy.accounts.dialog.LoginDialog createAndShowGUI
INFO: Loading The Log on Page
Dec 10, 2014 5:16:53 AM org.lown.consultancy.accounts.AccountsManagement main
INFO: LOWN Accounting Application logs...
Dec 10, 2014 5:16:53 AM org.lown.consultancy.accounts.AccountsManagement main
INFO: Application Starting...
Dec 10, 2014 5:16:53 AM org.lown.consultancy.accounts.dialog.LoginDialog <init>
INFO: Application User Log on UI...
Dec 10, 2014 5:16:57 AM org.lown.consultancy.accounts.api.UserService getUser
INFO: Getting user Details given username and pass... 
Dec 10, 2014 5:16:57 AM org.lown.consultancy.accounts.Sql createStatement
INFO: Creating Statement...
Dec 10, 2014 5:16:57 AM org.lown.consultancy.accounts.Sql getConnection
INFO: Opening Connection to the Database
Dec 10, 2014 5:16:57 AM org.lown.consultancy.accounts.dialog.LoginDialog actionPerformed
INFO: Sucessfull Log on... Loading Main Menu
Dec 10, 2014 5:16:57 AM org.lown.consultancy.accounts.dialog.LoginDialog actionPerformed
INFO: User: super Login  Sucessfull
Dec 10, 2014 5:16:57 AM org.lown.consultancy.accounts.api.UserService getUserRole
INFO: Getting user Details given username and pass... 
Dec 10, 2014 5:16:57 AM org.lown.consultancy.accounts.Sql createStatement
INFO: Creating Statement...
Dec 10, 2014 5:16:57 AM org.lown.consultancy.accounts.api.CompanyService getCompanyDetails
INFO: Getting Customer Details given the internal DB id... 
Dec 10, 2014 5:16:57 AM org.lown.consultancy.accounts.Sql createStatement
INFO: Creating Statement...
Dec 10, 2014 5:16:57 AM org.lown.consultancy.accounts.api.StockService getPendingStockItems
INFO: Getting Category Details given the internal DB id... 
Dec 10, 2014 5:16:57 AM org.lown.consultancy.accounts.Sql createStatement
INFO: Creating Statement...
Dec 10, 2014 5:17:43 AM org.lown.consultancy.accounts.dialog.MainMenu actionPerformed
INFO: Exiting Accounts Management Application... 
Dec 10, 2014 5:17:43 AM org.lown.consultancy.accounts.dialog.LoginDialog createAndShowGUI
INFO: Loading The Log on Page
Dec 10, 2014 5:27:55 AM org.lown.consultancy.accounts.AccountsManagement main
INFO: LOWN Accounting Application logs...
Dec 10, 2014 5:27:55 AM org.lown.consultancy.accounts.AccountsManagement main
INFO: Application Starting...
Dec 10, 2014 5:27:55 AM org.lown.consultancy.accounts.dialog.LoginDialog <init>
INFO: Application User Log on UI...
Dec 10, 2014 5:28:00 AM org.lown.consultancy.accounts.api.UserService getUser
INFO: Getting user Details given username and pass... 
Dec 10, 2014 5:28:00 AM org.lown.consultancy.accounts.Sql createStatement
INFO: Creating Statement...
Dec 10, 2014 5:28:00 AM org.lown.consultancy.accounts.Sql getConnection
INFO: Opening Connection to the Database
Dec 10, 2014 5:28:00 AM org.lown.consultancy.accounts.dialog.LoginDialog actionPerformed
INFO: Sucessfull Log on... Loading Main Menu
Dec 10, 2014 5:28:00 AM org.lown.consultancy.accounts.dialog.LoginDialog actionPerformed
INFO: User: super Login  Sucessfull
Dec 10, 2014 5:28:00 AM org.lown.consultancy.accounts.api.UserService getUserRole
INFO: Getting user Details given username and pass... 
Dec 10, 2014 5:28:00 AM org.lown.consultancy.accounts.Sql createStatement
INFO: Creating Statement...
Dec 10, 2014 5:28:00 AM org.lown.consultancy.accounts.api.CompanyService getCompanyDetails
INFO: Getting Customer Details given the internal DB id... 
Dec 10, 2014 5:28:00 AM org.lown.consultancy.accounts.Sql createStatement
INFO: Creating Statement...
Dec 10, 2014 5:28:00 AM org.lown.consultancy.accounts.api.StockService getPendingStockItems
INFO: Getting Category Details given the internal DB id... 
Dec 10, 2014 5:28:00 AM org.lown.consultancy.accounts.Sql createStatement
INFO: Creating Statement...
Dec 10, 2014 5:28:07 AM org.lown.consultancy.accounts.dialog.MainMenu actionPerformed
INFO: Loading Treasury Dashboard Dialog form... 
Dec 10, 2014 5:28:07 AM org.lown.consultancy.accounts.dialog.TreasuryDialog createAndShowGUI
INFO: Loading Treasury Dialog
Dec 10, 2014 5:28:07 AM org.lown.consultancy.accounts.api.CompanyService getAllAccounts
INFO: Get List of All products... 
Dec 10, 2014 5:28:07 AM org.lown.consultancy.accounts.api.CompanyService getAllAccounts
INFO: Executing Query: Select account_id,account_name,account_number, bank, branch,open_balance, account_balance  from account WHERE voided=0;
Dec 10, 2014 5:28:07 AM org.lown.consultancy.accounts.Sql createStatement
INFO: Creating Statement...
Dec 10, 2014 5:28:19 AM org.lown.consultancy.accounts.api.CashService getTotalCash
INFO: get available cash... 
Dec 10, 2014 5:28:19 AM org.lown.consultancy.accounts.Sql createStatement
INFO: Creating Statement...
Dec 10, 2014 5:28:19 AM org.lown.consultancy.accounts.api.CashService getTotalCashPayments
INFO: get available cash... 
Dec 10, 2014 5:28:19 AM org.lown.consultancy.accounts.Sql createStatement
INFO: Creating Statement...
Dec 10, 2014 5:48:42 AM org.lown.consultancy.accounts.dialog.MainMenu actionPerformed
INFO: Loading Customer Dashboard Dialog form... 
Dec 10, 2014 5:48:42 AM org.lown.consultancy.accounts.dialog.CustomerDashboard createAndShowGUI
INFO: Loading CustomerDashboard Dialog
Dec 10, 2014 5:48:42 AM org.lown.consultancy.accounts.tables.TransactionsTable <init>
INFO: Creating Transactions Table UI...
Dec 10, 2014 5:48:42 AM org.lown.consultancy.accounts.tables.CustomerListTable <init>
INFO: Creating Find Table UI...
Dec 10, 2014 5:48:45 AM org.lown.consultancy.accounts.api.CustomerService getCustomerByName
INFO: Get List of Customers given the search criteria... 
Dec 10, 2014 5:48:46 AM org.lown.consultancy.accounts.api.CustomerService getCustomerByName
INFO: Executing Query: Select customer_id,customername,customernumber,phone,address, contactperson from customer WHERE voided=0 and (customernumber like '%ura%' or  customername like '%ura%' or phone like '%ura%' or address like '%ura%'  or contactperson like '%ura%') order by customernumber asc;
Dec 10, 2014 5:48:46 AM org.lown.consultancy.accounts.Sql createStatement
INFO: Creating Statement...
Dec 10, 2014 5:48:48 AM org.lown.consultancy.accounts.api.CustomerService getCustomerByNumber
INFO: Getting Customer Details given the internal DB id... 
Dec 10, 2014 5:48:48 AM org.lown.consultancy.accounts.Sql createStatement
INFO: Creating Statement...
Dec 10, 2014 5:48:48 AM org.lown.consultancy.accounts.api.SalesService getTransactionsByCustomerId
INFO: Getting Category Details given the internal DB id... 
Dec 10, 2014 5:48:48 AM org.lown.consultancy.accounts.Sql createStatement
INFO: Creating Statement...
Dec 10, 2014 5:48:48 AM org.lown.consultancy.accounts.api.SalesService getTransactionsByCustomerId
INFO: Getting Category Details given the internal DB id... 
Dec 10, 2014 5:48:48 AM org.lown.consultancy.accounts.Sql createStatement
INFO: Creating Statement...
Dec 10, 2014 5:48:48 AM org.lown.consultancy.accounts.api.SalesService getTotalSalesByCustomerId
INFO: getTotalSalesByCustomerId given DB id... 
Dec 10, 2014 5:48:48 AM org.lown.consultancy.accounts.Sql createStatement
INFO: Creating Statement...
Dec 10, 2014 5:48:48 AM org.lown.consultancy.accounts.api.SalesService getTotalCashByCustomerId
INFO: getTotalSalesByCustomerId given DB id... 
Dec 10, 2014 5:48:48 AM org.lown.consultancy.accounts.Sql createStatement
INFO: Creating Statement...
Dec 10, 2014 5:48:48 AM org.lown.consultancy.accounts.api.SalesService getLastCustomerPayment
INFO: Getting Category Details given the internal DB id... 
Dec 10, 2014 5:48:48 AM org.lown.consultancy.accounts.Sql createStatement
INFO: Creating Statement...
Dec 10, 2014 5:48:48 AM org.lown.consultancy.accounts.api.CustomerService getCustomerByNumber
INFO: Getting Customer Details given the internal DB id... 
Dec 10, 2014 5:48:48 AM org.lown.consultancy.accounts.Sql createStatement
INFO: Creating Statement...
Dec 10, 2014 5:48:48 AM org.lown.consultancy.accounts.api.SalesService getTransactionsByCustomerId
INFO: Getting Category Details given the internal DB id... 
Dec 10, 2014 5:48:48 AM org.lown.consultancy.accounts.Sql createStatement
INFO: Creating Statement...
Dec 10, 2014 5:48:48 AM org.lown.consultancy.accounts.api.SalesService getTransactionsByCustomerId
INFO: Getting Category Details given the internal DB id... 
Dec 10, 2014 5:48:48 AM org.lown.consultancy.accounts.Sql createStatement
INFO: Creating Statement...
Dec 10, 2014 5:48:48 AM org.lown.consultancy.accounts.api.SalesService getTotalSalesByCustomerId
INFO: getTotalSalesByCustomerId given DB id... 
Dec 10, 2014 5:48:48 AM org.lown.consultancy.accounts.Sql createStatement
INFO: Creating Statement...
Dec 10, 2014 5:48:48 AM org.lown.consultancy.accounts.api.SalesService getTotalCashByCustomerId
INFO: getTotalSalesByCustomerId given DB id... 
Dec 10, 2014 5:48:48 AM org.lown.consultancy.accounts.Sql createStatement
INFO: Creating Statement...
Dec 10, 2014 5:48:48 AM org.lown.consultancy.accounts.api.SalesService getLastCustomerPayment
INFO: Getting Category Details given the internal DB id... 
Dec 10, 2014 5:48:48 AM org.lown.consultancy.accounts.Sql createStatement
INFO: Creating Statement...
Dec 10, 2014 5:48:53 AM org.lown.consultancy.accounts.dialog.ReceivePaymentDialog createAndShowGUI
INFO: Loading Receive Payment Dialog
Dec 10, 2014 5:48:53 AM org.lown.consultancy.accounts.tables.InvoiceList <init>
INFO: Creating Transactions Table UI...
Dec 10, 2014 5:48:53 AM org.lown.consultancy.accounts.api.SalesService getPendingInvoicesByCustomerId
INFO: Getting Category Details given the internal DB id... 
Dec 10, 2014 5:48:53 AM org.lown.consultancy.accounts.Sql createStatement
INFO: Creating Statement...
Dec 10, 2014 5:48:53 AM org.lown.consultancy.accounts.api.SalesService getTransactionBalance
INFO: getTotalSalesByCustomerId given DB id... 
Dec 10, 2014 5:48:53 AM org.lown.consultancy.accounts.Sql createStatement
INFO: Creating Statement...
Dec 10, 2014 5:48:53 AM org.lown.consultancy.accounts.api.SalesService getTransactionBalance
INFO: getTotalSalesByCustomerId given DB id... 
Dec 10, 2014 5:48:53 AM org.lown.consultancy.accounts.Sql createStatement
INFO: Creating Statement...
Dec 10, 2014 5:48:53 AM org.lown.consultancy.accounts.api.SalesService getTransactionBalance
INFO: getTotalSalesByCustomerId given DB id... 
Dec 10, 2014 5:48:53 AM org.lown.consultancy.accounts.Sql createStatement
INFO: Creating Statement...
Dec 10, 2014 5:48:53 AM org.lown.consultancy.accounts.api.SalesService getTransactionBalance
INFO: getTotalSalesByCustomerId given DB id... 
Dec 10, 2014 5:48:53 AM org.lown.consultancy.accounts.Sql createStatement
INFO: Creating Statement...
Dec 10, 2014 5:48:53 AM org.lown.consultancy.accounts.api.SalesService getTransactionBalance
INFO: getTotalSalesByCustomerId given DB id... 
Dec 10, 2014 5:48:53 AM org.lown.consultancy.accounts.Sql createStatement
INFO: Creating Statement...
Dec 10, 2014 5:48:53 AM org.lown.consultancy.accounts.api.SalesService getTransactionBalance
INFO: getTotalSalesByCustomerId given DB id... 
Dec 10, 2014 5:48:53 AM org.lown.consultancy.accounts.Sql createStatement
INFO: Creating Statement...
Dec 10, 2014 5:48:53 AM org.lown.consultancy.accounts.api.SalesService getTransactionBalance
INFO: getTotalSalesByCustomerId given DB id... 
Dec 10, 2014 5:48:53 AM org.lown.consultancy.accounts.Sql createStatement
INFO: Creating Statement...
Dec 10, 2014 5:48:53 AM org.lown.consultancy.accounts.api.SalesService getTotalPrepaymentByCustomerId
INFO: getTotalSalesByCustomerId given DB id... 
Dec 10, 2014 5:48:53 AM org.lown.consultancy.accounts.Sql createStatement
INFO: Creating Statement...
Dec 10, 2014 5:48:53 AM org.lown.consultancy.accounts.Sql createStatement
INFO: Creating Statement...
Dec 10, 2014 5:49:35 AM org.lown.consultancy.accounts.api.SalesService getTotalSalesByCustomerId
INFO: getTotalSalesByCustomerId given DB id... 
Dec 10, 2014 5:49:35 AM org.lown.consultancy.accounts.Sql createStatement
INFO: Creating Statement...
Dec 10, 2014 5:49:35 AM org.lown.consultancy.accounts.api.SalesService getTotalCashByCustomerId
INFO: getTotalSalesByCustomerId given DB id... 
Dec 10, 2014 5:49:35 AM org.lown.consultancy.accounts.Sql createStatement
INFO: Creating Statement...
Dec 10, 2014 5:49:35 AM org.lown.consultancy.accounts.api.SalesService getLastCustomerPayment
INFO: Getting Category Details given the internal DB id... 
Dec 10, 2014 5:49:35 AM org.lown.consultancy.accounts.Sql createStatement
INFO: Creating Statement...
Dec 10, 2014 5:50:04 AM org.lown.consultancy.accounts.api.SalesService getTotalSalesByCustomerId
INFO: getTotalSalesByCustomerId given DB id... 
Dec 10, 2014 5:50:04 AM org.lown.consultancy.accounts.Sql createStatement
INFO: Creating Statement...
Dec 10, 2014 5:50:04 AM org.lown.consultancy.accounts.api.SalesService getTotalCashByCustomerId
INFO: getTotalSalesByCustomerId given DB id... 
Dec 10, 2014 5:50:04 AM org.lown.consultancy.accounts.Sql createStatement
INFO: Creating Statement...
Dec 10, 2014 5:50:04 AM org.lown.consultancy.accounts.api.SalesService getLastCustomerPayment
INFO: Getting Category Details given the internal DB id... 
Dec 10, 2014 5:50:04 AM org.lown.consultancy.accounts.Sql createStatement
INFO: Creating Statement...
Dec 10, 2014 5:51:56 AM org.lown.consultancy.accounts.dialog.MainMenu actionPerformed
INFO: Loading Treasury Dashboard Dialog form... 
Dec 10, 2014 5:51:56 AM org.lown.consultancy.accounts.dialog.TreasuryDialog createAndShowGUI
INFO: Loading Treasury Dialog
Dec 10, 2014 5:51:56 AM org.lown.consultancy.accounts.api.CompanyService getAllAccounts
INFO: Get List of All products... 
Dec 10, 2014 5:51:56 AM org.lown.consultancy.accounts.api.CompanyService getAllAccounts
INFO: Executing Query: Select account_id,account_name,account_number, bank, branch,open_balance, account_balance  from account WHERE voided=0;
Dec 10, 2014 5:51:56 AM org.lown.consultancy.accounts.Sql createStatement
INFO: Creating Statement...
Dec 10, 2014 5:52:01 AM org.lown.consultancy.accounts.api.CashService getTotalBank
INFO: get available cash... 
Dec 10, 2014 5:52:01 AM org.lown.consultancy.accounts.Sql createStatement
INFO: Creating Statement...
Dec 10, 2014 5:52:01 AM org.lown.consultancy.accounts.api.CashService getTotalBankPayments
INFO: get available cash... 
Dec 10, 2014 5:52:01 AM org.lown.consultancy.accounts.Sql createStatement
INFO: Creating Statement...
Dec 10, 2014 5:53:45 AM org.lown.consultancy.accounts.dialog.MainMenu actionPerformed
INFO: Exiting Accounts Management Application... 
Dec 10, 2014 5:53:45 AM org.lown.consultancy.accounts.dialog.LoginDialog createAndShowGUI
INFO: Loading The Log on Page
Dec 10, 2014 5:53:47 AM org.lown.consultancy.accounts.AccountsManagement main
INFO: LOWN Accounting Application logs...
Dec 10, 2014 5:53:47 AM org.lown.consultancy.accounts.AccountsManagement main
INFO: Application Starting...
Dec 10, 2014 5:53:47 AM org.lown.consultancy.accounts.dialog.LoginDialog <init>
INFO: Application User Log on UI...
Dec 10, 2014 5:53:51 AM org.lown.consultancy.accounts.api.UserService getUser
INFO: Getting user Details given username and pass... 
Dec 10, 2014 5:53:51 AM org.lown.consultancy.accounts.Sql createStatement
INFO: Creating Statement...
Dec 10, 2014 5:53:52 AM org.lown.consultancy.accounts.Sql getConnection
INFO: Opening Connection to the Database
Dec 10, 2014 5:53:52 AM org.lown.consultancy.accounts.dialog.LoginDialog actionPerformed
INFO: Sucessfull Log on... Loading Main Menu
Dec 10, 2014 5:53:52 AM org.lown.consultancy.accounts.dialog.LoginDialog actionPerformed
INFO: User: super Login  Sucessfull
Dec 10, 2014 5:53:52 AM org.lown.consultancy.accounts.api.UserService getUserRole
INFO: Getting user Details given username and pass... 
Dec 10, 2014 5:53:52 AM org.lown.consultancy.accounts.Sql createStatement
INFO: Creating Statement...
Dec 10, 2014 5:53:52 AM org.lown.consultancy.accounts.api.CompanyService getCompanyDetails
INFO: Getting Customer Details given the internal DB id... 
Dec 10, 2014 5:53:52 AM org.lown.consultancy.accounts.Sql createStatement
INFO: Creating Statement...
Dec 10, 2014 5:53:52 AM org.lown.consultancy.accounts.api.StockService getPendingStockItems
INFO: Getting Category Details given the internal DB id... 
Dec 10, 2014 5:53:52 AM org.lown.consultancy.accounts.Sql createStatement
INFO: Creating Statement...
Dec 10, 2014 5:53:58 AM org.lown.consultancy.accounts.dialog.MainMenu actionPerformed
INFO: Loading Treasury Dashboard Dialog form... 
Dec 10, 2014 5:53:58 AM org.lown.consultancy.accounts.dialog.TreasuryDialog createAndShowGUI
INFO: Loading Treasury Dialog
Dec 10, 2014 5:53:58 AM org.lown.consultancy.accounts.api.CompanyService getAllAccounts
INFO: Get List of All products... 
Dec 10, 2014 5:53:58 AM org.lown.consultancy.accounts.api.CompanyService getAllAccounts
INFO: Executing Query: Select account_id,account_name,account_number, bank, branch,open_balance, account_balance  from account WHERE voided=0;
Dec 10, 2014 5:53:58 AM org.lown.consultancy.accounts.Sql createStatement
INFO: Creating Statement...
Dec 10, 2014 5:54:06 AM org.lown.consultancy.accounts.api.CashService getTotalCash
INFO: get available cash... 
Dec 10, 2014 5:54:06 AM org.lown.consultancy.accounts.Sql createStatement
INFO: Creating Statement...
Dec 10, 2014 5:54:06 AM org.lown.consultancy.accounts.api.CashService getTotalCashPayments
INFO: get available cash... 
Dec 10, 2014 5:54:06 AM org.lown.consultancy.accounts.Sql createStatement
INFO: Creating Statement...
Dec 10, 2014 5:54:09 AM org.lown.consultancy.accounts.api.CashService getTotalBank
INFO: get available cash... 
Dec 10, 2014 5:54:09 AM org.lown.consultancy.accounts.Sql createStatement
INFO: Creating Statement...
Dec 10, 2014 5:54:09 AM org.lown.consultancy.accounts.api.CashService getTotalBankPayments
INFO: get available cash... 
Dec 10, 2014 5:54:09 AM org.lown.consultancy.accounts.Sql createStatement
INFO: Creating Statement...
Dec 10, 2014 6:12:20 AM org.lown.consultancy.accounts.dialog.MainMenu actionPerformed
INFO: Exiting Accounts Management Application... 
Dec 10, 2014 6:12:20 AM org.lown.consultancy.accounts.dialog.LoginDialog createAndShowGUI
INFO: Loading The Log on Page
