Dec 9, 2014 5:28:56 AM org.lown.consultancy.accounts.AccountsManagement main
INFO: LOWN Accounting Application logs...
Dec 9, 2014 5:28:56 AM org.lown.consultancy.accounts.AccountsManagement main
INFO: Application Starting...
Dec 9, 2014 5:28:56 AM org.lown.consultancy.accounts.dialog.LoginDialog <init>
INFO: Application User Log on UI...
Dec 9, 2014 5:29:00 AM org.lown.consultancy.accounts.api.UserService getUser
INFO: Getting user Details given username and pass... 
Dec 9, 2014 5:29:00 AM org.lown.consultancy.accounts.Sql createStatement
INFO: Creating Statement...
Dec 9, 2014 5:29:00 AM org.lown.consultancy.accounts.Sql getConnection
INFO: Opening Connection to the Database
Dec 9, 2014 5:29:00 AM org.lown.consultancy.accounts.dialog.LoginDialog actionPerformed
INFO: Sucessfull Log on... Loading Main Menu
Dec 9, 2014 5:29:00 AM org.lown.consultancy.accounts.dialog.LoginDialog actionPerformed
INFO: User: super Login  Sucessfull
Dec 9, 2014 5:29:00 AM org.lown.consultancy.accounts.api.CompanyService getCompanyDetails
INFO: Getting Customer Details given the internal DB id... 
Dec 9, 2014 5:29:00 AM org.lown.consultancy.accounts.Sql createStatement
INFO: Creating Statement...
Dec 9, 2014 5:29:00 AM org.lown.consultancy.accounts.api.StockService getPendingStockItems
INFO: Getting Category Details given the internal DB id... 
Dec 9, 2014 5:29:00 AM org.lown.consultancy.accounts.Sql createStatement
INFO: Creating Statement...
Dec 9, 2014 5:29:04 AM org.lown.consultancy.accounts.dialog.MainMenu actionPerformed
INFO: Loading Treasury Dashboard Dialog form... 
Dec 9, 2014 5:29:04 AM org.lown.consultancy.accounts.dialog.TreasuryDialog createAndShowGUI
INFO: Loading Treasury Dialog
Dec 9, 2014 5:29:22 AM org.lown.consultancy.accounts.dialog.AccountDialog createAndShowGUI
INFO: Loading Company Accounts Dialog
Dec 9, 2014 5:29:22 AM org.lown.consultancy.accounts.dialog.AccountDialog <init>
INFO: Creating Company Accounts UI...
Dec 9, 2014 5:35:43 AM org.lown.consultancy.accounts.dialog.MainMenu actionPerformed
INFO: Exiting Accounts Management Application... 
Dec 9, 2014 5:35:43 AM org.lown.consultancy.accounts.dialog.LoginDialog createAndShowGUI
INFO: Loading The Log on Page
Dec 9, 2014 5:40:59 AM org.lown.consultancy.accounts.AccountsManagement main
INFO: LOWN Accounting Application logs...
Dec 9, 2014 5:40:59 AM org.lown.consultancy.accounts.AccountsManagement main
INFO: Application Starting...
Dec 9, 2014 5:40:59 AM org.lown.consultancy.accounts.dialog.LoginDialog <init>
INFO: Application User Log on UI...
Dec 9, 2014 5:41:03 AM org.lown.consultancy.accounts.api.UserService getUser
INFO: Getting user Details given username and pass... 
Dec 9, 2014 5:41:03 AM org.lown.consultancy.accounts.Sql createStatement
INFO: Creating Statement...
Dec 9, 2014 5:41:03 AM org.lown.consultancy.accounts.Sql getConnection
INFO: Opening Connection to the Database
Dec 9, 2014 5:41:03 AM org.lown.consultancy.accounts.dialog.LoginDialog actionPerformed
INFO: Sucessfull Log on... Loading Main Menu
Dec 9, 2014 5:41:03 AM org.lown.consultancy.accounts.dialog.LoginDialog actionPerformed
INFO: User: super Login  Sucessfull
Dec 9, 2014 5:41:03 AM org.lown.consultancy.accounts.api.CompanyService getCompanyDetails
INFO: Getting Customer Details given the internal DB id... 
Dec 9, 2014 5:41:03 AM org.lown.consultancy.accounts.Sql createStatement
INFO: Creating Statement...
Dec 9, 2014 5:41:03 AM org.lown.consultancy.accounts.api.StockService getPendingStockItems
INFO: Getting Category Details given the internal DB id... 
Dec 9, 2014 5:41:03 AM org.lown.consultancy.accounts.Sql createStatement
INFO: Creating Statement...
Dec 9, 2014 5:41:08 AM org.lown.consultancy.accounts.dialog.MainMenu actionPerformed
INFO: Loading Treasury Dashboard Dialog form... 
Dec 9, 2014 5:41:08 AM org.lown.consultancy.accounts.dialog.TreasuryDialog createAndShowGUI
INFO: Loading Treasury Dialog
Dec 9, 2014 5:42:00 AM org.lown.consultancy.accounts.dialog.MainMenu actionPerformed
INFO: Exiting Accounts Management Application... 
Dec 9, 2014 5:42:00 AM org.lown.consultancy.accounts.dialog.LoginDialog createAndShowGUI
INFO: Loading The Log on Page
Dec 9, 2014 5:42:02 AM org.lown.consultancy.accounts.AccountsManagement main
INFO: LOWN Accounting Application logs...
Dec 9, 2014 5:42:02 AM org.lown.consultancy.accounts.AccountsManagement main
INFO: Application Starting...
Dec 9, 2014 5:42:02 AM org.lown.consultancy.accounts.dialog.LoginDialog <init>
INFO: Application User Log on UI...
Dec 9, 2014 5:42:06 AM org.lown.consultancy.accounts.api.UserService getUser
INFO: Getting user Details given username and pass... 
Dec 9, 2014 5:42:06 AM org.lown.consultancy.accounts.Sql createStatement
INFO: Creating Statement...
Dec 9, 2014 5:42:07 AM org.lown.consultancy.accounts.Sql getConnection
INFO: Opening Connection to the Database
Dec 9, 2014 5:42:07 AM org.lown.consultancy.accounts.dialog.LoginDialog actionPerformed
INFO: Sucessfull Log on... Loading Main Menu
Dec 9, 2014 5:42:07 AM org.lown.consultancy.accounts.dialog.LoginDialog actionPerformed
INFO: User: super Login  Sucessfull
Dec 9, 2014 5:42:07 AM org.lown.consultancy.accounts.api.CompanyService getCompanyDetails
INFO: Getting Customer Details given the internal DB id... 
Dec 9, 2014 5:42:07 AM org.lown.consultancy.accounts.Sql createStatement
INFO: Creating Statement...
Dec 9, 2014 5:42:07 AM org.lown.consultancy.accounts.api.StockService getPendingStockItems
INFO: Getting Category Details given the internal DB id... 
Dec 9, 2014 5:42:07 AM org.lown.consultancy.accounts.Sql createStatement
INFO: Creating Statement...
Dec 9, 2014 5:42:09 AM org.lown.consultancy.accounts.dialog.MainMenu actionPerformed
INFO: Loading Treasury Dashboard Dialog form... 
Dec 9, 2014 5:42:09 AM org.lown.consultancy.accounts.dialog.TreasuryDialog createAndShowGUI
INFO: Loading Treasury Dialog
Dec 9, 2014 5:42:22 AM org.lown.consultancy.accounts.dialog.LoginDialog createAndShowGUI
INFO: Loading The Log on Page
Dec 9, 2014 5:42:32 AM org.lown.consultancy.accounts.AccountsManagement main
INFO: LOWN Accounting Application logs...
Dec 9, 2014 5:42:32 AM org.lown.consultancy.accounts.AccountsManagement main
INFO: Application Starting...
Dec 9, 2014 5:42:32 AM org.lown.consultancy.accounts.dialog.LoginDialog <init>
INFO: Application User Log on UI...
Dec 9, 2014 5:42:36 AM org.lown.consultancy.accounts.api.UserService getUser
INFO: Getting user Details given username and pass... 
Dec 9, 2014 5:42:36 AM org.lown.consultancy.accounts.Sql createStatement
INFO: Creating Statement...
Dec 9, 2014 5:42:36 AM org.lown.consultancy.accounts.Sql getConnection
INFO: Opening Connection to the Database
Dec 9, 2014 5:42:36 AM org.lown.consultancy.accounts.dialog.LoginDialog actionPerformed
INFO: Sucessfull Log on... Loading Main Menu
Dec 9, 2014 5:42:36 AM org.lown.consultancy.accounts.dialog.LoginDialog actionPerformed
INFO: User: super Login  Sucessfull
Dec 9, 2014 5:42:36 AM org.lown.consultancy.accounts.api.CompanyService getCompanyDetails
INFO: Getting Customer Details given the internal DB id... 
Dec 9, 2014 5:42:36 AM org.lown.consultancy.accounts.Sql createStatement
INFO: Creating Statement...
Dec 9, 2014 5:42:36 AM org.lown.consultancy.accounts.api.StockService getPendingStockItems
INFO: Getting Category Details given the internal DB id... 
Dec 9, 2014 5:42:36 AM org.lown.consultancy.accounts.Sql createStatement
INFO: Creating Statement...
Dec 9, 2014 5:42:40 AM org.lown.consultancy.accounts.dialog.MainMenu actionPerformed
INFO: Loading Treasury Dashboard Dialog form... 
Dec 9, 2014 5:42:40 AM org.lown.consultancy.accounts.dialog.TreasuryDialog createAndShowGUI
INFO: Loading Treasury Dialog
Dec 9, 2014 5:43:11 AM org.lown.consultancy.accounts.dialog.MainMenu actionPerformed
INFO: Exiting Accounts Management Application... 
Dec 9, 2014 5:43:11 AM org.lown.consultancy.accounts.dialog.LoginDialog createAndShowGUI
INFO: Loading The Log on Page
Dec 9, 2014 5:43:14 AM org.lown.consultancy.accounts.AccountsManagement main
INFO: LOWN Accounting Application logs...
Dec 9, 2014 5:43:14 AM org.lown.consultancy.accounts.AccountsManagement main
INFO: Application Starting...
Dec 9, 2014 5:43:14 AM org.lown.consultancy.accounts.dialog.LoginDialog <init>
INFO: Application User Log on UI...
Dec 9, 2014 5:43:19 AM org.lown.consultancy.accounts.api.UserService getUser
INFO: Getting user Details given username and pass... 
Dec 9, 2014 5:43:19 AM org.lown.consultancy.accounts.Sql createStatement
INFO: Creating Statement...
Dec 9, 2014 5:43:19 AM org.lown.consultancy.accounts.Sql getConnection
INFO: Opening Connection to the Database
Dec 9, 2014 5:43:19 AM org.lown.consultancy.accounts.dialog.LoginDialog actionPerformed
INFO: Sucessfull Log on... Loading Main Menu
Dec 9, 2014 5:43:19 AM org.lown.consultancy.accounts.dialog.LoginDialog actionPerformed
INFO: User: super Login  Sucessfull
Dec 9, 2014 5:43:19 AM org.lown.consultancy.accounts.api.CompanyService getCompanyDetails
INFO: Getting Customer Details given the internal DB id... 
Dec 9, 2014 5:43:19 AM org.lown.consultancy.accounts.Sql createStatement
INFO: Creating Statement...
Dec 9, 2014 5:43:19 AM org.lown.consultancy.accounts.api.StockService getPendingStockItems
INFO: Getting Category Details given the internal DB id... 
Dec 9, 2014 5:43:19 AM org.lown.consultancy.accounts.Sql createStatement
INFO: Creating Statement...
Dec 9, 2014 5:43:25 AM org.lown.consultancy.accounts.dialog.MainMenu actionPerformed
INFO: Loading Treasury Dashboard Dialog form... 
Dec 9, 2014 5:43:25 AM org.lown.consultancy.accounts.dialog.TreasuryDialog createAndShowGUI
INFO: Loading Treasury Dialog
Dec 9, 2014 5:44:35 AM org.lown.consultancy.accounts.dialog.MainMenu actionPerformed
INFO: Exiting Accounts Management Application... 
Dec 9, 2014 5:44:35 AM org.lown.consultancy.accounts.dialog.LoginDialog createAndShowGUI
INFO: Loading The Log on Page
Dec 9, 2014 5:44:37 AM org.lown.consultancy.accounts.AccountsManagement main
INFO: LOWN Accounting Application logs...
Dec 9, 2014 5:44:37 AM org.lown.consultancy.accounts.AccountsManagement main
INFO: Application Starting...
Dec 9, 2014 5:44:37 AM org.lown.consultancy.accounts.dialog.LoginDialog <init>
INFO: Application User Log on UI...
Dec 9, 2014 5:44:41 AM org.lown.consultancy.accounts.api.UserService getUser
INFO: Getting user Details given username and pass... 
Dec 9, 2014 5:44:41 AM org.lown.consultancy.accounts.Sql createStatement
INFO: Creating Statement...
Dec 9, 2014 5:44:42 AM org.lown.consultancy.accounts.Sql getConnection
INFO: Opening Connection to the Database
Dec 9, 2014 5:44:42 AM org.lown.consultancy.accounts.dialog.LoginDialog actionPerformed
INFO: Sucessfull Log on... Loading Main Menu
Dec 9, 2014 5:44:42 AM org.lown.consultancy.accounts.dialog.LoginDialog actionPerformed
INFO: User: super Login  Sucessfull
Dec 9, 2014 5:44:42 AM org.lown.consultancy.accounts.api.CompanyService getCompanyDetails
INFO: Getting Customer Details given the internal DB id... 
Dec 9, 2014 5:44:42 AM org.lown.consultancy.accounts.Sql createStatement
INFO: Creating Statement...
Dec 9, 2014 5:44:42 AM org.lown.consultancy.accounts.api.StockService getPendingStockItems
INFO: Getting Category Details given the internal DB id... 
Dec 9, 2014 5:44:42 AM org.lown.consultancy.accounts.Sql createStatement
INFO: Creating Statement...
Dec 9, 2014 5:44:50 AM org.lown.consultancy.accounts.dialog.MainMenu actionPerformed
INFO: Loading Treasury Dashboard Dialog form... 
Dec 9, 2014 5:44:50 AM org.lown.consultancy.accounts.dialog.TreasuryDialog createAndShowGUI
INFO: Loading Treasury Dialog
Dec 9, 2014 6:09:58 AM org.lown.consultancy.accounts.dialog.MainMenu actionPerformed
INFO: Exiting Accounts Management Application... 
Dec 9, 2014 6:09:58 AM org.lown.consultancy.accounts.dialog.LoginDialog createAndShowGUI
INFO: Loading The Log on Page
Dec 9, 2014 6:10:00 AM org.lown.consultancy.accounts.AccountsManagement main
INFO: LOWN Accounting Application logs...
Dec 9, 2014 6:10:00 AM org.lown.consultancy.accounts.AccountsManagement main
INFO: Application Starting...
Dec 9, 2014 6:10:00 AM org.lown.consultancy.accounts.dialog.LoginDialog <init>
INFO: Application User Log on UI...
Dec 9, 2014 6:10:05 AM org.lown.consultancy.accounts.api.UserService getUser
INFO: Getting user Details given username and pass... 
Dec 9, 2014 6:10:05 AM org.lown.consultancy.accounts.Sql createStatement
INFO: Creating Statement...
Dec 9, 2014 6:10:05 AM org.lown.consultancy.accounts.Sql getConnection
INFO: Opening Connection to the Database
Dec 9, 2014 6:10:05 AM org.lown.consultancy.accounts.dialog.LoginDialog actionPerformed
INFO: Sucessfull Log on... Loading Main Menu
Dec 9, 2014 6:10:05 AM org.lown.consultancy.accounts.dialog.LoginDialog actionPerformed
INFO: User: super Login  Sucessfull
Dec 9, 2014 6:10:05 AM org.lown.consultancy.accounts.api.CompanyService getCompanyDetails
INFO: Getting Customer Details given the internal DB id... 
Dec 9, 2014 6:10:05 AM org.lown.consultancy.accounts.Sql createStatement
INFO: Creating Statement...
Dec 9, 2014 6:10:05 AM org.lown.consultancy.accounts.api.StockService getPendingStockItems
INFO: Getting Category Details given the internal DB id... 
Dec 9, 2014 6:10:05 AM org.lown.consultancy.accounts.Sql createStatement
INFO: Creating Statement...
Dec 9, 2014 6:10:08 AM org.lown.consultancy.accounts.dialog.MainMenu actionPerformed
INFO: Loading Treasury Dashboard Dialog form... 
Dec 9, 2014 6:10:08 AM org.lown.consultancy.accounts.dialog.TreasuryDialog createAndShowGUI
INFO: Loading Treasury Dialog
Dec 9, 2014 6:10:55 AM org.lown.consultancy.accounts.dialog.MainMenu actionPerformed
INFO: Exiting Accounts Management Application... 
Dec 9, 2014 6:10:55 AM org.lown.consultancy.accounts.dialog.LoginDialog createAndShowGUI
INFO: Loading The Log on Page
Dec 9, 2014 6:11:36 AM org.lown.consultancy.accounts.AccountsManagement main
INFO: LOWN Accounting Application logs...
Dec 9, 2014 6:11:36 AM org.lown.consultancy.accounts.AccountsManagement main
INFO: Application Starting...
Dec 9, 2014 6:11:36 AM org.lown.consultancy.accounts.dialog.LoginDialog <init>
INFO: Application User Log on UI...
Dec 9, 2014 6:11:40 AM org.lown.consultancy.accounts.api.UserService getUser
INFO: Getting user Details given username and pass... 
Dec 9, 2014 6:11:40 AM org.lown.consultancy.accounts.Sql createStatement
INFO: Creating Statement...
Dec 9, 2014 6:11:40 AM org.lown.consultancy.accounts.Sql getConnection
INFO: Opening Connection to the Database
Dec 9, 2014 6:11:40 AM org.lown.consultancy.accounts.dialog.LoginDialog actionPerformed
INFO: Sucessfull Log on... Loading Main Menu
Dec 9, 2014 6:11:40 AM org.lown.consultancy.accounts.dialog.LoginDialog actionPerformed
INFO: User: super Login  Sucessfull
Dec 9, 2014 6:11:40 AM org.lown.consultancy.accounts.api.CompanyService getCompanyDetails
INFO: Getting Customer Details given the internal DB id... 
Dec 9, 2014 6:11:40 AM org.lown.consultancy.accounts.Sql createStatement
INFO: Creating Statement...
Dec 9, 2014 6:11:40 AM org.lown.consultancy.accounts.api.StockService getPendingStockItems
INFO: Getting Category Details given the internal DB id... 
Dec 9, 2014 6:11:40 AM org.lown.consultancy.accounts.Sql createStatement
INFO: Creating Statement...
Dec 9, 2014 6:11:44 AM org.lown.consultancy.accounts.dialog.MainMenu actionPerformed
INFO: Loading Treasury Dashboard Dialog form... 
Dec 9, 2014 6:11:44 AM org.lown.consultancy.accounts.dialog.TreasuryDialog createAndShowGUI
INFO: Loading Treasury Dialog
Dec 9, 2014 6:16:04 AM org.lown.consultancy.accounts.dialog.MainMenu actionPerformed
INFO: Exiting Accounts Management Application... 
Dec 9, 2014 6:16:04 AM org.lown.consultancy.accounts.dialog.LoginDialog createAndShowGUI
INFO: Loading The Log on Page
Dec 9, 2014 6:16:13 AM org.lown.consultancy.accounts.AccountsManagement main
INFO: LOWN Accounting Application logs...
Dec 9, 2014 6:16:13 AM org.lown.consultancy.accounts.AccountsManagement main
INFO: Application Starting...
Dec 9, 2014 6:16:13 AM org.lown.consultancy.accounts.dialog.LoginDialog <init>
INFO: Application User Log on UI...
Dec 9, 2014 6:16:17 AM org.lown.consultancy.accounts.api.UserService getUser
INFO: Getting user Details given username and pass... 
Dec 9, 2014 6:16:17 AM org.lown.consultancy.accounts.Sql createStatement
INFO: Creating Statement...
Dec 9, 2014 6:16:17 AM org.lown.consultancy.accounts.Sql getConnection
INFO: Opening Connection to the Database
Dec 9, 2014 6:16:17 AM org.lown.consultancy.accounts.dialog.LoginDialog actionPerformed
INFO: Sucessfull Log on... Loading Main Menu
Dec 9, 2014 6:16:17 AM org.lown.consultancy.accounts.dialog.LoginDialog actionPerformed
INFO: User: super Login  Sucessfull
Dec 9, 2014 6:16:17 AM org.lown.consultancy.accounts.api.CompanyService getCompanyDetails
INFO: Getting Customer Details given the internal DB id... 
Dec 9, 2014 6:16:17 AM org.lown.consultancy.accounts.Sql createStatement
INFO: Creating Statement...
Dec 9, 2014 6:16:17 AM org.lown.consultancy.accounts.api.StockService getPendingStockItems
INFO: Getting Category Details given the internal DB id... 
Dec 9, 2014 6:16:17 AM org.lown.consultancy.accounts.Sql createStatement
INFO: Creating Statement...
Dec 9, 2014 6:16:19 AM org.lown.consultancy.accounts.dialog.MainMenu actionPerformed
INFO: Loading Treasury Dashboard Dialog form... 
Dec 9, 2014 6:16:19 AM org.lown.consultancy.accounts.dialog.TreasuryDialog createAndShowGUI
INFO: Loading Treasury Dialog
Dec 9, 2014 6:16:35 AM org.lown.consultancy.accounts.dialog.LoginDialog createAndShowGUI
INFO: Loading The Log on Page
Dec 9, 2014 6:17:04 AM org.lown.consultancy.accounts.AccountsManagement main
INFO: LOWN Accounting Application logs...
Dec 9, 2014 6:17:04 AM org.lown.consultancy.accounts.AccountsManagement main
INFO: Application Starting...
Dec 9, 2014 6:17:04 AM org.lown.consultancy.accounts.dialog.LoginDialog <init>
INFO: Application User Log on UI...
Dec 9, 2014 6:17:08 AM org.lown.consultancy.accounts.api.UserService getUser
INFO: Getting user Details given username and pass... 
Dec 9, 2014 6:17:08 AM org.lown.consultancy.accounts.Sql createStatement
INFO: Creating Statement...
Dec 9, 2014 6:17:08 AM org.lown.consultancy.accounts.Sql getConnection
INFO: Opening Connection to the Database
Dec 9, 2014 6:17:08 AM org.lown.consultancy.accounts.dialog.LoginDialog actionPerformed
INFO: Sucessfull Log on... Loading Main Menu
Dec 9, 2014 6:17:08 AM org.lown.consultancy.accounts.dialog.LoginDialog actionPerformed
INFO: User: super Login  Sucessfull
Dec 9, 2014 6:17:08 AM org.lown.consultancy.accounts.api.CompanyService getCompanyDetails
INFO: Getting Customer Details given the internal DB id... 
Dec 9, 2014 6:17:08 AM org.lown.consultancy.accounts.Sql createStatement
INFO: Creating Statement...
Dec 9, 2014 6:17:08 AM org.lown.consultancy.accounts.api.StockService getPendingStockItems
INFO: Getting Category Details given the internal DB id... 
Dec 9, 2014 6:17:08 AM org.lown.consultancy.accounts.Sql createStatement
INFO: Creating Statement...
Dec 9, 2014 6:17:10 AM org.lown.consultancy.accounts.dialog.MainMenu actionPerformed
INFO: Loading Treasury Dashboard Dialog form... 
Dec 9, 2014 6:17:10 AM org.lown.consultancy.accounts.dialog.TreasuryDialog createAndShowGUI
INFO: Loading Treasury Dialog
Dec 9, 2014 6:17:34 AM org.lown.consultancy.accounts.dialog.MainMenu actionPerformed
INFO: Exiting Accounts Management Application... 
Dec 9, 2014 6:17:34 AM org.lown.consultancy.accounts.dialog.LoginDialog createAndShowGUI
INFO: Loading The Log on Page
Dec 9, 2014 6:17:49 AM org.lown.consultancy.accounts.AccountsManagement main
INFO: LOWN Accounting Application logs...
Dec 9, 2014 6:17:49 AM org.lown.consultancy.accounts.AccountsManagement main
INFO: Application Starting...
Dec 9, 2014 6:17:49 AM org.lown.consultancy.accounts.dialog.LoginDialog <init>
INFO: Application User Log on UI...
Dec 9, 2014 6:17:53 AM org.lown.consultancy.accounts.api.UserService getUser
INFO: Getting user Details given username and pass... 
Dec 9, 2014 6:17:53 AM org.lown.consultancy.accounts.Sql createStatement
INFO: Creating Statement...
Dec 9, 2014 6:17:53 AM org.lown.consultancy.accounts.Sql getConnection
INFO: Opening Connection to the Database
Dec 9, 2014 6:17:53 AM org.lown.consultancy.accounts.dialog.LoginDialog actionPerformed
INFO: Sucessfull Log on... Loading Main Menu
Dec 9, 2014 6:17:53 AM org.lown.consultancy.accounts.dialog.LoginDialog actionPerformed
INFO: User: super Login  Sucessfull
Dec 9, 2014 6:17:53 AM org.lown.consultancy.accounts.api.CompanyService getCompanyDetails
INFO: Getting Customer Details given the internal DB id... 
Dec 9, 2014 6:17:53 AM org.lown.consultancy.accounts.Sql createStatement
INFO: Creating Statement...
Dec 9, 2014 6:17:53 AM org.lown.consultancy.accounts.api.StockService getPendingStockItems
INFO: Getting Category Details given the internal DB id... 
Dec 9, 2014 6:17:53 AM org.lown.consultancy.accounts.Sql createStatement
INFO: Creating Statement...
Dec 9, 2014 6:17:55 AM org.lown.consultancy.accounts.dialog.MainMenu actionPerformed
INFO: Loading Treasury Dashboard Dialog form... 
Dec 9, 2014 6:17:55 AM org.lown.consultancy.accounts.dialog.TreasuryDialog createAndShowGUI
INFO: Loading Treasury Dialog
Dec 9, 2014 6:18:44 AM org.lown.consultancy.accounts.dialog.MainMenu actionPerformed
INFO: Exiting Accounts Management Application... 
Dec 9, 2014 6:18:44 AM org.lown.consultancy.accounts.dialog.LoginDialog createAndShowGUI
INFO: Loading The Log on Page
Dec 9, 2014 6:19:36 AM org.lown.consultancy.accounts.AccountsManagement main
INFO: LOWN Accounting Application logs...
Dec 9, 2014 6:19:36 AM org.lown.consultancy.accounts.AccountsManagement main
INFO: Application Starting...
Dec 9, 2014 6:19:36 AM org.lown.consultancy.accounts.dialog.LoginDialog <init>
INFO: Application User Log on UI...
Dec 9, 2014 6:19:40 AM org.lown.consultancy.accounts.api.UserService getUser
INFO: Getting user Details given username and pass... 
Dec 9, 2014 6:19:40 AM org.lown.consultancy.accounts.Sql createStatement
INFO: Creating Statement...
Dec 9, 2014 6:19:40 AM org.lown.consultancy.accounts.Sql getConnection
INFO: Opening Connection to the Database
Dec 9, 2014 6:19:40 AM org.lown.consultancy.accounts.dialog.LoginDialog actionPerformed
INFO: Sucessfull Log on... Loading Main Menu
Dec 9, 2014 6:19:40 AM org.lown.consultancy.accounts.dialog.LoginDialog actionPerformed
INFO: User: super Login  Sucessfull
Dec 9, 2014 6:19:40 AM org.lown.consultancy.accounts.api.CompanyService getCompanyDetails
INFO: Getting Customer Details given the internal DB id... 
Dec 9, 2014 6:19:40 AM org.lown.consultancy.accounts.Sql createStatement
INFO: Creating Statement...
Dec 9, 2014 6:19:40 AM org.lown.consultancy.accounts.api.StockService getPendingStockItems
INFO: Getting Category Details given the internal DB id... 
Dec 9, 2014 6:19:40 AM org.lown.consultancy.accounts.Sql createStatement
INFO: Creating Statement...
Dec 9, 2014 6:19:42 AM org.lown.consultancy.accounts.dialog.MainMenu actionPerformed
INFO: Loading Treasury Dashboard Dialog form... 
Dec 9, 2014 6:19:42 AM org.lown.consultancy.accounts.dialog.TreasuryDialog createAndShowGUI
INFO: Loading Treasury Dialog
Dec 9, 2014 6:19:55 AM org.lown.consultancy.accounts.dialog.MainMenu actionPerformed
INFO: Exiting Accounts Management Application... 
Dec 9, 2014 6:19:55 AM org.lown.consultancy.accounts.dialog.LoginDialog createAndShowGUI
INFO: Loading The Log on Page
Dec 9, 2014 6:20:41 AM org.lown.consultancy.accounts.AccountsManagement main
INFO: LOWN Accounting Application logs...
Dec 9, 2014 6:20:41 AM org.lown.consultancy.accounts.AccountsManagement main
INFO: Application Starting...
Dec 9, 2014 6:20:41 AM org.lown.consultancy.accounts.dialog.LoginDialog <init>
INFO: Application User Log on UI...
Dec 9, 2014 6:20:45 AM org.lown.consultancy.accounts.api.UserService getUser
INFO: Getting user Details given username and pass... 
Dec 9, 2014 6:20:45 AM org.lown.consultancy.accounts.Sql createStatement
INFO: Creating Statement...
Dec 9, 2014 6:20:45 AM org.lown.consultancy.accounts.Sql getConnection
INFO: Opening Connection to the Database
Dec 9, 2014 6:20:45 AM org.lown.consultancy.accounts.dialog.LoginDialog actionPerformed
INFO: Sucessfull Log on... Loading Main Menu
Dec 9, 2014 6:20:45 AM org.lown.consultancy.accounts.dialog.LoginDialog actionPerformed
INFO: User: super Login  Sucessfull
Dec 9, 2014 6:20:45 AM org.lown.consultancy.accounts.api.CompanyService getCompanyDetails
INFO: Getting Customer Details given the internal DB id... 
Dec 9, 2014 6:20:45 AM org.lown.consultancy.accounts.Sql createStatement
INFO: Creating Statement...
Dec 9, 2014 6:20:45 AM org.lown.consultancy.accounts.api.StockService getPendingStockItems
INFO: Getting Category Details given the internal DB id... 
Dec 9, 2014 6:20:45 AM org.lown.consultancy.accounts.Sql createStatement
INFO: Creating Statement...
Dec 9, 2014 6:20:47 AM org.lown.consultancy.accounts.dialog.MainMenu actionPerformed
INFO: Loading Treasury Dashboard Dialog form... 
Dec 9, 2014 6:20:47 AM org.lown.consultancy.accounts.dialog.TreasuryDialog createAndShowGUI
INFO: Loading Treasury Dialog
Dec 9, 2014 6:23:09 AM org.lown.consultancy.accounts.dialog.AccountDialog createAndShowGUI
INFO: Loading Company Accounts Dialog
Dec 9, 2014 6:23:09 AM org.lown.consultancy.accounts.dialog.AccountDialog <init>
INFO: Creating Company Accounts UI...
Dec 9, 2014 6:27:19 AM org.lown.consultancy.accounts.dialog.MainMenu actionPerformed
INFO: Exiting Accounts Management Application... 
Dec 9, 2014 6:27:19 AM org.lown.consultancy.accounts.dialog.LoginDialog createAndShowGUI
INFO: Loading The Log on Page
Dec 9, 2014 6:27:22 AM org.lown.consultancy.accounts.AccountsManagement main
INFO: LOWN Accounting Application logs...
Dec 9, 2014 6:27:22 AM org.lown.consultancy.accounts.AccountsManagement main
INFO: Application Starting...
Dec 9, 2014 6:27:22 AM org.lown.consultancy.accounts.dialog.LoginDialog <init>
INFO: Application User Log on UI...
Dec 9, 2014 6:27:26 AM org.lown.consultancy.accounts.api.UserService getUser
INFO: Getting user Details given username and pass... 
Dec 9, 2014 6:27:26 AM org.lown.consultancy.accounts.Sql createStatement
INFO: Creating Statement...
Dec 9, 2014 6:27:26 AM org.lown.consultancy.accounts.Sql getConnection
INFO: Opening Connection to the Database
Dec 9, 2014 6:27:26 AM org.lown.consultancy.accounts.dialog.LoginDialog actionPerformed
INFO: Sucessfull Log on... Loading Main Menu
Dec 9, 2014 6:27:26 AM org.lown.consultancy.accounts.dialog.LoginDialog actionPerformed
INFO: User: super Login  Sucessfull
Dec 9, 2014 6:27:26 AM org.lown.consultancy.accounts.api.CompanyService getCompanyDetails
INFO: Getting Customer Details given the internal DB id... 
Dec 9, 2014 6:27:26 AM org.lown.consultancy.accounts.Sql createStatement
INFO: Creating Statement...
Dec 9, 2014 6:27:27 AM org.lown.consultancy.accounts.api.StockService getPendingStockItems
INFO: Getting Category Details given the internal DB id... 
Dec 9, 2014 6:27:27 AM org.lown.consultancy.accounts.Sql createStatement
INFO: Creating Statement...
Dec 9, 2014 6:27:29 AM org.lown.consultancy.accounts.dialog.MainMenu actionPerformed
INFO: Loading Treasury Dashboard Dialog form... 
Dec 9, 2014 6:27:29 AM org.lown.consultancy.accounts.dialog.TreasuryDialog createAndShowGUI
INFO: Loading Treasury Dialog
Dec 9, 2014 6:39:00 AM org.lown.consultancy.accounts.dialog.MainMenu actionPerformed
INFO: Exiting Accounts Management Application... 
Dec 9, 2014 6:39:00 AM org.lown.consultancy.accounts.dialog.LoginDialog createAndShowGUI
INFO: Loading The Log on Page
Dec 9, 2014 6:39:03 AM org.lown.consultancy.accounts.AccountsManagement main
INFO: LOWN Accounting Application logs...
Dec 9, 2014 6:39:03 AM org.lown.consultancy.accounts.AccountsManagement main
INFO: Application Starting...
Dec 9, 2014 6:39:03 AM org.lown.consultancy.accounts.dialog.LoginDialog <init>
INFO: Application User Log on UI...
Dec 9, 2014 6:39:08 AM org.lown.consultancy.accounts.api.UserService getUser
INFO: Getting user Details given username and pass... 
Dec 9, 2014 6:39:08 AM org.lown.consultancy.accounts.Sql createStatement
INFO: Creating Statement...
Dec 9, 2014 6:39:08 AM org.lown.consultancy.accounts.Sql getConnection
INFO: Opening Connection to the Database
Dec 9, 2014 6:39:08 AM org.lown.consultancy.accounts.dialog.LoginDialog actionPerformed
INFO: Sucessfull Log on... Loading Main Menu
Dec 9, 2014 6:39:08 AM org.lown.consultancy.accounts.dialog.LoginDialog actionPerformed
INFO: User: super Login  Sucessfull
Dec 9, 2014 6:39:08 AM org.lown.consultancy.accounts.api.CompanyService getCompanyDetails
INFO: Getting Customer Details given the internal DB id... 
Dec 9, 2014 6:39:08 AM org.lown.consultancy.accounts.Sql createStatement
INFO: Creating Statement...
Dec 9, 2014 6:39:08 AM org.lown.consultancy.accounts.api.StockService getPendingStockItems
INFO: Getting Category Details given the internal DB id... 
Dec 9, 2014 6:39:08 AM org.lown.consultancy.accounts.Sql createStatement
INFO: Creating Statement...
Dec 9, 2014 6:39:10 AM org.lown.consultancy.accounts.dialog.MainMenu actionPerformed
INFO: Loading Treasury Dashboard Dialog form... 
Dec 9, 2014 6:39:10 AM org.lown.consultancy.accounts.dialog.TreasuryDialog createAndShowGUI
INFO: Loading Treasury Dialog
Dec 9, 2014 6:39:15 AM org.lown.consultancy.accounts.api.CashService getTotalCash
INFO: get available cash... 
Dec 9, 2014 6:39:15 AM org.lown.consultancy.accounts.Sql createStatement
INFO: Creating Statement...
Dec 9, 2014 6:39:15 AM org.lown.consultancy.accounts.api.CashService getTotalCashPayments
INFO: get available cash... 
Dec 9, 2014 6:39:15 AM org.lown.consultancy.accounts.Sql createStatement
INFO: Creating Statement...
Dec 9, 2014 6:46:35 AM org.lown.consultancy.accounts.dialog.MainMenu actionPerformed
INFO: Exiting Accounts Management Application... 
Dec 9, 2014 6:46:35 AM org.lown.consultancy.accounts.dialog.LoginDialog createAndShowGUI
INFO: Loading The Log on Page
Dec 9, 2014 6:46:38 AM org.lown.consultancy.accounts.AccountsManagement main
INFO: LOWN Accounting Application logs...
Dec 9, 2014 6:46:38 AM org.lown.consultancy.accounts.AccountsManagement main
INFO: Application Starting...
Dec 9, 2014 6:46:38 AM org.lown.consultancy.accounts.dialog.LoginDialog <init>
INFO: Application User Log on UI...
Dec 9, 2014 6:46:42 AM org.lown.consultancy.accounts.api.UserService getUser
INFO: Getting user Details given username and pass... 
Dec 9, 2014 6:46:42 AM org.lown.consultancy.accounts.Sql createStatement
INFO: Creating Statement...
Dec 9, 2014 6:46:42 AM org.lown.consultancy.accounts.Sql getConnection
INFO: Opening Connection to the Database
Dec 9, 2014 6:46:42 AM org.lown.consultancy.accounts.dialog.LoginDialog actionPerformed
INFO: Sucessfull Log on... Loading Main Menu
Dec 9, 2014 6:46:42 AM org.lown.consultancy.accounts.dialog.LoginDialog actionPerformed
INFO: User: super Login  Sucessfull
Dec 9, 2014 6:46:42 AM org.lown.consultancy.accounts.api.CompanyService getCompanyDetails
INFO: Getting Customer Details given the internal DB id... 
Dec 9, 2014 6:46:42 AM org.lown.consultancy.accounts.Sql createStatement
INFO: Creating Statement...
Dec 9, 2014 6:46:42 AM org.lown.consultancy.accounts.api.StockService getPendingStockItems
INFO: Getting Category Details given the internal DB id... 
Dec 9, 2014 6:46:42 AM org.lown.consultancy.accounts.Sql createStatement
INFO: Creating Statement...
Dec 9, 2014 6:46:44 AM org.lown.consultancy.accounts.dialog.MainMenu actionPerformed
INFO: Loading Treasury Dashboard Dialog form... 
Dec 9, 2014 6:46:44 AM org.lown.consultancy.accounts.dialog.TreasuryDialog createAndShowGUI
INFO: Loading Treasury Dialog
Dec 9, 2014 6:46:50 AM org.lown.consultancy.accounts.api.CashService getTotalCash
INFO: get available cash... 
Dec 9, 2014 6:46:50 AM org.lown.consultancy.accounts.Sql createStatement
INFO: Creating Statement...
Dec 9, 2014 6:46:50 AM org.lown.consultancy.accounts.api.CashService getTotalCashPayments
INFO: get available cash... 
Dec 9, 2014 6:46:50 AM org.lown.consultancy.accounts.Sql createStatement
INFO: Creating Statement...
Dec 9, 2014 6:46:53 AM org.lown.consultancy.accounts.api.CashService getTotalBank
INFO: get available cash... 
Dec 9, 2014 6:46:53 AM org.lown.consultancy.accounts.Sql createStatement
INFO: Creating Statement...
Dec 9, 2014 6:46:53 AM org.lown.consultancy.accounts.api.CashService getTotalBankPayments
INFO: get available cash... 
Dec 9, 2014 6:46:53 AM org.lown.consultancy.accounts.Sql createStatement
INFO: Creating Statement...
Dec 9, 2014 6:47:11 AM org.lown.consultancy.accounts.dialog.MainMenu actionPerformed
INFO: Exiting Accounts Management Application... 
Dec 9, 2014 6:47:11 AM org.lown.consultancy.accounts.dialog.LoginDialog createAndShowGUI
INFO: Loading The Log on Page
Dec 9, 2014 6:47:35 AM org.lown.consultancy.accounts.AccountsManagement main
INFO: LOWN Accounting Application logs...
Dec 9, 2014 6:47:35 AM org.lown.consultancy.accounts.AccountsManagement main
INFO: Application Starting...
Dec 9, 2014 6:47:35 AM org.lown.consultancy.accounts.dialog.LoginDialog <init>
INFO: Application User Log on UI...
Dec 9, 2014 6:47:42 AM org.lown.consultancy.accounts.api.UserService getUser
INFO: Getting user Details given username and pass... 
Dec 9, 2014 6:47:42 AM org.lown.consultancy.accounts.Sql createStatement
INFO: Creating Statement...
Dec 9, 2014 6:47:42 AM org.lown.consultancy.accounts.Sql getConnection
INFO: Opening Connection to the Database
Dec 9, 2014 6:47:42 AM org.lown.consultancy.accounts.dialog.LoginDialog actionPerformed
INFO: Sucessfull Log on... Loading Main Menu
Dec 9, 2014 6:47:42 AM org.lown.consultancy.accounts.dialog.LoginDialog actionPerformed
INFO: User: super Login  Sucessfull
Dec 9, 2014 6:47:42 AM org.lown.consultancy.accounts.api.CompanyService getCompanyDetails
INFO: Getting Customer Details given the internal DB id... 
Dec 9, 2014 6:47:42 AM org.lown.consultancy.accounts.Sql createStatement
INFO: Creating Statement...
Dec 9, 2014 6:47:42 AM org.lown.consultancy.accounts.api.StockService getPendingStockItems
INFO: Getting Category Details given the internal DB id... 
Dec 9, 2014 6:47:42 AM org.lown.consultancy.accounts.Sql createStatement
INFO: Creating Statement...
Dec 9, 2014 6:47:45 AM org.lown.consultancy.accounts.dialog.MainMenu actionPerformed
INFO: Loading Treasury Dashboard Dialog form... 
Dec 9, 2014 6:47:45 AM org.lown.consultancy.accounts.dialog.TreasuryDialog createAndShowGUI
INFO: Loading Treasury Dialog
Dec 9, 2014 6:48:08 AM org.lown.consultancy.accounts.dialog.MainMenu actionPerformed
INFO: Exiting Accounts Management Application... 
Dec 9, 2014 6:48:08 AM org.lown.consultancy.accounts.dialog.LoginDialog createAndShowGUI
INFO: Loading The Log on Page
Dec 9, 2014 6:48:28 AM org.lown.consultancy.accounts.AccountsManagement main
INFO: LOWN Accounting Application logs...
Dec 9, 2014 6:48:28 AM org.lown.consultancy.accounts.AccountsManagement main
INFO: Application Starting...
Dec 9, 2014 6:48:28 AM org.lown.consultancy.accounts.dialog.LoginDialog <init>
INFO: Application User Log on UI...
Dec 9, 2014 6:48:32 AM org.lown.consultancy.accounts.api.UserService getUser
INFO: Getting user Details given username and pass... 
Dec 9, 2014 6:48:32 AM org.lown.consultancy.accounts.Sql createStatement
INFO: Creating Statement...
Dec 9, 2014 6:48:33 AM org.lown.consultancy.accounts.Sql getConnection
INFO: Opening Connection to the Database
Dec 9, 2014 6:48:33 AM org.lown.consultancy.accounts.dialog.LoginDialog actionPerformed
INFO: Sucessfull Log on... Loading Main Menu
Dec 9, 2014 6:48:33 AM org.lown.consultancy.accounts.dialog.LoginDialog actionPerformed
INFO: User: super Login  Sucessfull
Dec 9, 2014 6:48:33 AM org.lown.consultancy.accounts.api.CompanyService getCompanyDetails
INFO: Getting Customer Details given the internal DB id... 
Dec 9, 2014 6:48:33 AM org.lown.consultancy.accounts.Sql createStatement
INFO: Creating Statement...
Dec 9, 2014 6:48:33 AM org.lown.consultancy.accounts.api.StockService getPendingStockItems
INFO: Getting Category Details given the internal DB id... 
Dec 9, 2014 6:48:33 AM org.lown.consultancy.accounts.Sql createStatement
INFO: Creating Statement...
Dec 9, 2014 6:48:34 AM org.lown.consultancy.accounts.dialog.MainMenu actionPerformed
INFO: Loading Treasury Dashboard Dialog form... 
Dec 9, 2014 6:48:34 AM org.lown.consultancy.accounts.dialog.TreasuryDialog createAndShowGUI
INFO: Loading Treasury Dialog
Dec 9, 2014 8:37:50 AM org.lown.consultancy.accounts.dialog.MainMenu actionPerformed
INFO: Exiting Accounts Management Application... 
Dec 9, 2014 8:37:50 AM org.lown.consultancy.accounts.dialog.LoginDialog createAndShowGUI
INFO: Loading The Log on Page
Dec 9, 2014 8:37:52 AM org.lown.consultancy.accounts.AccountsManagement main
INFO: LOWN Accounting Application logs...
Dec 9, 2014 8:37:52 AM org.lown.consultancy.accounts.AccountsManagement main
INFO: Application Starting...
Dec 9, 2014 8:37:53 AM org.lown.consultancy.accounts.dialog.LoginDialog <init>
INFO: Application User Log on UI...
Dec 9, 2014 8:37:57 AM org.lown.consultancy.accounts.api.UserService getUser
INFO: Getting user Details given username and pass... 
Dec 9, 2014 8:37:57 AM org.lown.consultancy.accounts.Sql createStatement
INFO: Creating Statement...
Dec 9, 2014 8:37:57 AM org.lown.consultancy.accounts.Sql getConnection
INFO: Opening Connection to the Database
Dec 9, 2014 8:37:57 AM org.lown.consultancy.accounts.dialog.LoginDialog actionPerformed
INFO: Sucessfull Log on... Loading Main Menu
Dec 9, 2014 8:37:57 AM org.lown.consultancy.accounts.dialog.LoginDialog actionPerformed
INFO: User: super Login  Sucessfull
Dec 9, 2014 8:37:57 AM org.lown.consultancy.accounts.api.CompanyService getCompanyDetails
INFO: Getting Customer Details given the internal DB id... 
Dec 9, 2014 8:37:57 AM org.lown.consultancy.accounts.Sql createStatement
INFO: Creating Statement...
Dec 9, 2014 8:37:57 AM org.lown.consultancy.accounts.api.StockService getPendingStockItems
INFO: Getting Category Details given the internal DB id... 
Dec 9, 2014 8:37:57 AM org.lown.consultancy.accounts.Sql createStatement
INFO: Creating Statement...
Dec 9, 2014 8:38:00 AM org.lown.consultancy.accounts.dialog.MainMenu actionPerformed
INFO: Loading Treasury Dashboard Dialog form... 
Dec 9, 2014 8:38:00 AM org.lown.consultancy.accounts.dialog.TreasuryDialog createAndShowGUI
INFO: Loading Treasury Dialog
Dec 9, 2014 8:38:00 AM org.lown.consultancy.accounts.api.CompanyService getAllAccounts
INFO: Get List of All products... 
Dec 9, 2014 8:38:00 AM org.lown.consultancy.accounts.api.CompanyService getAllAccounts
INFO: Executing Query: Select account_id,account_name,account_number, bank, branch,open_balance, account_balance  from account WHERE voided=0;
Dec 9, 2014 8:38:00 AM org.lown.consultancy.accounts.Sql createStatement
INFO: Creating Statement...
Dec 9, 2014 8:38:23 AM org.lown.consultancy.accounts.dialog.MainMenu actionPerformed
INFO: Exiting Accounts Management Application... 
Dec 9, 2014 8:38:23 AM org.lown.consultancy.accounts.dialog.LoginDialog createAndShowGUI
INFO: Loading The Log on Page
Dec 9, 2014 8:39:26 AM org.lown.consultancy.accounts.AccountsManagement main
INFO: LOWN Accounting Application logs...
Dec 9, 2014 8:39:26 AM org.lown.consultancy.accounts.AccountsManagement main
INFO: Application Starting...
Dec 9, 2014 8:39:26 AM org.lown.consultancy.accounts.dialog.LoginDialog <init>
INFO: Application User Log on UI...
Dec 9, 2014 8:39:30 AM org.lown.consultancy.accounts.api.UserService getUser
INFO: Getting user Details given username and pass... 
Dec 9, 2014 8:39:30 AM org.lown.consultancy.accounts.Sql createStatement
INFO: Creating Statement...
Dec 9, 2014 8:39:30 AM org.lown.consultancy.accounts.Sql getConnection
INFO: Opening Connection to the Database
Dec 9, 2014 8:39:30 AM org.lown.consultancy.accounts.dialog.LoginDialog actionPerformed
INFO: Sucessfull Log on... Loading Main Menu
Dec 9, 2014 8:39:30 AM org.lown.consultancy.accounts.dialog.LoginDialog actionPerformed
INFO: User: super Login  Sucessfull
Dec 9, 2014 8:39:30 AM org.lown.consultancy.accounts.api.CompanyService getCompanyDetails
INFO: Getting Customer Details given the internal DB id... 
Dec 9, 2014 8:39:30 AM org.lown.consultancy.accounts.Sql createStatement
INFO: Creating Statement...
Dec 9, 2014 8:39:30 AM org.lown.consultancy.accounts.api.StockService getPendingStockItems
INFO: Getting Category Details given the internal DB id... 
Dec 9, 2014 8:39:30 AM org.lown.consultancy.accounts.Sql createStatement
INFO: Creating Statement...
Dec 9, 2014 8:39:32 AM org.lown.consultancy.accounts.dialog.MainMenu actionPerformed
INFO: Loading Treasury Dashboard Dialog form... 
Dec 9, 2014 8:39:32 AM org.lown.consultancy.accounts.dialog.TreasuryDialog createAndShowGUI
INFO: Loading Treasury Dialog
Dec 9, 2014 8:39:32 AM org.lown.consultancy.accounts.api.CompanyService getAllAccounts
INFO: Get List of All products... 
Dec 9, 2014 8:39:32 AM org.lown.consultancy.accounts.api.CompanyService getAllAccounts
INFO: Executing Query: Select account_id,account_name,account_number, bank, branch,open_balance, account_balance  from account WHERE voided=0;
Dec 9, 2014 8:39:32 AM org.lown.consultancy.accounts.Sql createStatement
INFO: Creating Statement...
Dec 9, 2014 8:40:08 AM org.lown.consultancy.accounts.dialog.MainMenu actionPerformed
INFO: Exiting Accounts Management Application... 
Dec 9, 2014 8:40:08 AM org.lown.consultancy.accounts.dialog.LoginDialog createAndShowGUI
INFO: Loading The Log on Page
