Dec 24, 2014 7:25:34 PM org.lown.consultancy.accounts.AccountsManagement main
INFO: LOWN Accounting Application logs...
Dec 24, 2014 7:25:34 PM org.lown.consultancy.accounts.AccountsManagement main
INFO: Application Starting...
Dec 24, 2014 7:25:35 PM org.lown.consultancy.accounts.dialog.LoginDialog <init>
INFO: Application User Log on UI...
Dec 24, 2014 7:25:48 PM org.lown.consultancy.accounts.dao.UserDAO getUser
INFO: Getting user Details given username and pass... 
Dec 24, 2014 7:25:48 PM org.lown.consultancy.accounts.Sql createStatement
INFO: Creating Statement...
Dec 24, 2014 7:25:49 PM org.lown.consultancy.accounts.Sql getConnection
INFO: Opening Connection to the Database
Dec 24, 2014 7:25:49 PM org.lown.consultancy.accounts.dialog.LoginDialog actionPerformed
INFO: Sucessfull Log on... Loading Main Menu
Dec 24, 2014 7:25:49 PM org.lown.consultancy.accounts.dialog.LoginDialog actionPerformed
INFO: User: super Login  Sucessfull
Dec 24, 2014 7:25:49 PM org.lown.consultancy.accounts.dao.UserDAO getUserRole
INFO: Getting user Details given username and pass... 
Dec 24, 2014 7:25:49 PM org.lown.consultancy.accounts.Sql createStatement
INFO: Creating Statement...
Dec 24, 2014 7:25:49 PM org.lown.consultancy.accounts.dao.CompanyDAO getCompanyDetails
INFO: Getting Customer Details given the internal DB id... 
Dec 24, 2014 7:25:49 PM org.lown.consultancy.accounts.Sql createStatement
INFO: Creating Statement...
Dec 24, 2014 7:25:49 PM org.lown.consultancy.accounts.dao.StockDAO getPendingStockItems
INFO: Getting Category Details given the internal DB id... 
Dec 24, 2014 7:25:49 PM org.lown.consultancy.accounts.Sql createStatement
INFO: Creating Statement...
Dec 24, 2014 7:26:35 PM org.lown.consultancy.accounts.dialog.MainMenu actionPerformed
INFO: Loading Users Dialog form... 
Dec 24, 2014 7:26:35 PM org.lown.consultancy.accounts.dialog.UserDialog createAndShowGUI
INFO: Loading Contra Expenses Dialog
Dec 24, 2014 7:26:35 PM org.lown.consultancy.accounts.dao.UserDAO getAllUsers
INFO: Getting user Details given username and pass... 
Dec 24, 2014 7:26:35 PM org.lown.consultancy.accounts.Sql createStatement
INFO: Creating Statement...
Dec 24, 2014 8:23:07 PM org.lown.consultancy.accounts.dialog.MainMenu actionPerformed
INFO: Exiting Accounts Management Application... 
Dec 24, 2014 8:23:07 PM org.lown.consultancy.accounts.dialog.LoginDialog createAndShowGUI
INFO: Loading The Log on Page
Dec 24, 2014 8:23:10 PM org.lown.consultancy.accounts.AccountsManagement main
INFO: LOWN Accounting Application logs...
Dec 24, 2014 8:23:10 PM org.lown.consultancy.accounts.AccountsManagement main
INFO: Application Starting...
Dec 24, 2014 8:23:10 PM org.lown.consultancy.accounts.dialog.LoginDialog <init>
INFO: Application User Log on UI...
Dec 24, 2014 8:23:17 PM org.lown.consultancy.accounts.dao.UserDAO getUser
INFO: Getting user Details given username and pass... 
Dec 24, 2014 8:23:17 PM org.lown.consultancy.accounts.Sql createStatement
INFO: Creating Statement...
Dec 24, 2014 8:23:17 PM org.lown.consultancy.accounts.Sql getConnection
INFO: Opening Connection to the Database
Dec 24, 2014 8:23:17 PM org.lown.consultancy.accounts.dialog.LoginDialog actionPerformed
INFO: Sucessfull Log on... Loading Main Menu
Dec 24, 2014 8:23:17 PM org.lown.consultancy.accounts.dialog.LoginDialog actionPerformed
INFO: User: super Login  Sucessfull
Dec 24, 2014 8:23:17 PM org.lown.consultancy.accounts.dao.UserDAO getUserRole
INFO: Getting user Details given username and pass... 
Dec 24, 2014 8:23:17 PM org.lown.consultancy.accounts.Sql createStatement
INFO: Creating Statement...
Dec 24, 2014 8:23:17 PM org.lown.consultancy.accounts.dao.CompanyDAO getCompanyDetails
INFO: Getting Customer Details given the internal DB id... 
Dec 24, 2014 8:23:17 PM org.lown.consultancy.accounts.Sql createStatement
INFO: Creating Statement...
Dec 24, 2014 8:23:17 PM org.lown.consultancy.accounts.dao.StockDAO getPendingStockItems
INFO: Getting Category Details given the internal DB id... 
Dec 24, 2014 8:23:17 PM org.lown.consultancy.accounts.Sql createStatement
INFO: Creating Statement...
Dec 24, 2014 8:23:30 PM org.lown.consultancy.accounts.dialog.MainMenu actionPerformed
INFO: Loading Users Dialog form... 
Dec 24, 2014 8:23:30 PM org.lown.consultancy.accounts.dialog.UserDialog createAndShowGUI
INFO: Loading Contra Expenses Dialog
Dec 24, 2014 8:23:30 PM org.lown.consultancy.accounts.dao.UserDAO getAllUsers
INFO: Getting user Details given username and pass... 
Dec 24, 2014 8:23:30 PM org.lown.consultancy.accounts.Sql createStatement
INFO: Creating Statement...
Dec 24, 2014 8:27:27 PM org.lown.consultancy.accounts.dialog.MainMenu actionPerformed
INFO: Exiting Accounts Management Application... 
Dec 24, 2014 8:27:27 PM org.lown.consultancy.accounts.dialog.LoginDialog createAndShowGUI
INFO: Loading The Log on Page
Dec 24, 2014 8:27:31 PM org.lown.consultancy.accounts.AccountsManagement main
INFO: LOWN Accounting Application logs...
Dec 24, 2014 8:27:31 PM org.lown.consultancy.accounts.AccountsManagement main
INFO: Application Starting...
Dec 24, 2014 8:27:31 PM org.lown.consultancy.accounts.dialog.LoginDialog <init>
INFO: Application User Log on UI...
Dec 24, 2014 8:27:36 PM org.lown.consultancy.accounts.dao.UserDAO getUser
INFO: Getting user Details given username and pass... 
Dec 24, 2014 8:27:36 PM org.lown.consultancy.accounts.Sql createStatement
INFO: Creating Statement...
Dec 24, 2014 8:27:36 PM org.lown.consultancy.accounts.Sql getConnection
INFO: Opening Connection to the Database
Dec 24, 2014 8:27:36 PM org.lown.consultancy.accounts.dialog.LoginDialog actionPerformed
INFO: Sucessfull Log on... Loading Main Menu
Dec 24, 2014 8:27:36 PM org.lown.consultancy.accounts.dialog.LoginDialog actionPerformed
INFO: User: super Login  Sucessfull
Dec 24, 2014 8:27:36 PM org.lown.consultancy.accounts.dao.UserDAO getUserRole
INFO: Getting user Details given username and pass... 
Dec 24, 2014 8:27:36 PM org.lown.consultancy.accounts.Sql createStatement
INFO: Creating Statement...
Dec 24, 2014 8:27:36 PM org.lown.consultancy.accounts.dao.CompanyDAO getCompanyDetails
INFO: Getting Customer Details given the internal DB id... 
Dec 24, 2014 8:27:36 PM org.lown.consultancy.accounts.Sql createStatement
INFO: Creating Statement...
Dec 24, 2014 8:27:36 PM org.lown.consultancy.accounts.dao.StockDAO getPendingStockItems
INFO: Getting Category Details given the internal DB id... 
Dec 24, 2014 8:27:36 PM org.lown.consultancy.accounts.Sql createStatement
INFO: Creating Statement...
Dec 24, 2014 8:27:38 PM org.lown.consultancy.accounts.dialog.MainMenu actionPerformed
INFO: Loading Treasury Dashboard Dialog form... 
Dec 24, 2014 8:27:38 PM org.lown.consultancy.accounts.dialog.TreasuryDialog createAndShowGUI
INFO: Loading Treasury Dialog
Dec 24, 2014 8:27:38 PM org.lown.consultancy.accounts.dao.CompanyDAO getAllAccounts
INFO: Get List of All products... 
Dec 24, 2014 8:27:38 PM org.lown.consultancy.accounts.dao.CompanyDAO getAllAccounts
INFO: Executing Query: Select account_id,account_name,account_number, bank, branch,open_balance, account_balance  from account WHERE voided=0;
Dec 24, 2014 8:27:38 PM org.lown.consultancy.accounts.Sql createStatement
INFO: Creating Statement...
Dec 24, 2014 8:27:45 PM org.lown.consultancy.accounts.dialog.MainMenu actionPerformed
INFO: Loading Treasury Dashboard Dialog form... 
Dec 24, 2014 8:27:45 PM org.lown.consultancy.accounts.dialog.TreasuryDialog createAndShowGUI
INFO: Loading Treasury Dialog
Dec 24, 2014 8:27:45 PM org.lown.consultancy.accounts.dao.CompanyDAO getAllAccounts
INFO: Get List of All products... 
Dec 24, 2014 8:27:45 PM org.lown.consultancy.accounts.dao.CompanyDAO getAllAccounts
INFO: Executing Query: Select account_id,account_name,account_number, bank, branch,open_balance, account_balance  from account WHERE voided=0;
Dec 24, 2014 8:27:45 PM org.lown.consultancy.accounts.Sql createStatement
INFO: Creating Statement...
Dec 24, 2014 8:27:48 PM org.lown.consultancy.accounts.dialog.MainMenu actionPerformed
INFO: Loading Users Dialog form... 
Dec 24, 2014 8:27:48 PM org.lown.consultancy.accounts.dialog.UserDialog createAndShowGUI
INFO: Loading Contra Expenses Dialog
Dec 24, 2014 8:27:48 PM org.lown.consultancy.accounts.dao.UserDAO getAllUsers
INFO: Getting user Details given username and pass... 
Dec 24, 2014 8:27:48 PM org.lown.consultancy.accounts.Sql createStatement
INFO: Creating Statement...
Dec 24, 2014 8:28:33 PM org.lown.consultancy.accounts.dialog.MainMenu actionPerformed
INFO: Loading Users Dialog form... 
Dec 24, 2014 8:28:33 PM org.lown.consultancy.accounts.dialog.UserDialog createAndShowGUI
INFO: Loading Contra Expenses Dialog
Dec 24, 2014 8:28:33 PM org.lown.consultancy.accounts.dao.UserDAO getAllUsers
INFO: Getting user Details given username and pass... 
Dec 24, 2014 8:28:33 PM org.lown.consultancy.accounts.Sql createStatement
INFO: Creating Statement...
Dec 24, 2014 10:07:20 PM org.lown.consultancy.accounts.dialog.MainMenu actionPerformed
INFO: Exiting Accounts Management Application... 
Dec 24, 2014 10:07:20 PM org.lown.consultancy.accounts.dialog.LoginDialog createAndShowGUI
INFO: Loading The Log on Page
Dec 24, 2014 10:08:00 PM org.lown.consultancy.accounts.AccountsManagement main
INFO: LOWN Accounting Application logs...
Dec 24, 2014 10:08:00 PM org.lown.consultancy.accounts.AccountsManagement main
INFO: Application Starting...
Dec 24, 2014 10:08:00 PM org.lown.consultancy.accounts.dialog.LoginDialog <init>
INFO: Application User Log on UI...
Dec 24, 2014 10:08:00 PM org.lown.consultancy.accounts.dao.UserDAO getUserRoleMap
INFO: Getting user roles.. 
Dec 24, 2014 10:08:00 PM org.lown.consultancy.accounts.Sql createStatement
INFO: Creating Statement...
Dec 24, 2014 10:08:00 PM org.lown.consultancy.accounts.Sql getConnection
INFO: Opening Connection to the Database
Dec 24, 2014 10:08:07 PM org.lown.consultancy.accounts.dao.UserDAO getUser
INFO: Getting user Details given username and pass... 
Dec 24, 2014 10:08:07 PM org.lown.consultancy.accounts.Sql createStatement
INFO: Creating Statement...
Dec 24, 2014 10:08:07 PM org.lown.consultancy.accounts.dialog.LoginDialog actionPerformed
INFO: Sucessfull Log on... Loading Main Menu
Dec 24, 2014 10:08:07 PM org.lown.consultancy.accounts.dialog.LoginDialog actionPerformed
INFO: User: super Login  Sucessfull
Dec 24, 2014 10:08:07 PM org.lown.consultancy.accounts.dao.UserDAO getUserRole
INFO: Getting user Details given username and pass... 
Dec 24, 2014 10:08:07 PM org.lown.consultancy.accounts.Sql createStatement
INFO: Creating Statement...
Dec 24, 2014 10:08:07 PM org.lown.consultancy.accounts.dao.CompanyDAO getCompanyDetails
INFO: Getting Customer Details given the internal DB id... 
Dec 24, 2014 10:08:07 PM org.lown.consultancy.accounts.Sql createStatement
INFO: Creating Statement...
Dec 24, 2014 10:08:07 PM org.lown.consultancy.accounts.dao.StockDAO getPendingStockItems
INFO: Getting Category Details given the internal DB id... 
Dec 24, 2014 10:08:07 PM org.lown.consultancy.accounts.Sql createStatement
INFO: Creating Statement...
Dec 24, 2014 10:08:11 PM org.lown.consultancy.accounts.dialog.MainMenu actionPerformed
INFO: Loading Users Dialog form... 
Dec 24, 2014 10:08:11 PM org.lown.consultancy.accounts.dialog.UserDialog createAndShowGUI
INFO: Loading Contra Expenses Dialog
Dec 24, 2014 10:08:11 PM org.lown.consultancy.accounts.dao.UserDAO getAllUsers
INFO: Getting user Details given username and pass... 
Dec 24, 2014 10:08:11 PM org.lown.consultancy.accounts.Sql createStatement
INFO: Creating Statement...
Dec 24, 2014 10:10:46 PM org.lown.consultancy.accounts.dialog.MainMenu actionPerformed
INFO: Exiting Accounts Management Application... 
Dec 24, 2014 10:10:46 PM org.lown.consultancy.accounts.dialog.LoginDialog createAndShowGUI
INFO: Loading The Log on Page
Dec 24, 2014 10:10:48 PM org.lown.consultancy.accounts.AccountsManagement main
INFO: LOWN Accounting Application logs...
Dec 24, 2014 10:10:48 PM org.lown.consultancy.accounts.AccountsManagement main
INFO: Application Starting...
Dec 24, 2014 10:10:48 PM org.lown.consultancy.accounts.dialog.LoginDialog <init>
INFO: Application User Log on UI...
Dec 24, 2014 10:10:48 PM org.lown.consultancy.accounts.dao.UserDAO getUserRoleMap
INFO: Getting user roles.. 
Dec 24, 2014 10:10:48 PM org.lown.consultancy.accounts.Sql createStatement
INFO: Creating Statement...
Dec 24, 2014 10:10:48 PM org.lown.consultancy.accounts.Sql getConnection
INFO: Opening Connection to the Database
Dec 24, 2014 10:10:52 PM org.lown.consultancy.accounts.dao.UserDAO getUser
INFO: Getting user Details given username and pass... 
Dec 24, 2014 10:10:52 PM org.lown.consultancy.accounts.Sql createStatement
INFO: Creating Statement...
Dec 24, 2014 10:10:52 PM org.lown.consultancy.accounts.dialog.LoginDialog actionPerformed
INFO: Failled Loging on User: admin
Dec 24, 2014 10:10:57 PM org.lown.consultancy.accounts.dao.UserDAO getUser
INFO: Getting user Details given username and pass... 
Dec 24, 2014 10:10:57 PM org.lown.consultancy.accounts.Sql createStatement
INFO: Creating Statement...
Dec 24, 2014 10:10:57 PM org.lown.consultancy.accounts.dialog.LoginDialog actionPerformed
INFO: Sucessfull Log on... Loading Main Menu
Dec 24, 2014 10:10:57 PM org.lown.consultancy.accounts.dialog.LoginDialog actionPerformed
INFO: User: super Login  Sucessfull
Dec 24, 2014 10:10:57 PM org.lown.consultancy.accounts.dao.UserDAO getUserRole
INFO: Getting user Details given username and pass... 
Dec 24, 2014 10:10:57 PM org.lown.consultancy.accounts.Sql createStatement
INFO: Creating Statement...
Dec 24, 2014 10:10:58 PM org.lown.consultancy.accounts.dao.CompanyDAO getCompanyDetails
INFO: Getting Customer Details given the internal DB id... 
Dec 24, 2014 10:10:58 PM org.lown.consultancy.accounts.Sql createStatement
INFO: Creating Statement...
Dec 24, 2014 10:10:58 PM org.lown.consultancy.accounts.dao.StockDAO getPendingStockItems
INFO: Getting Category Details given the internal DB id... 
Dec 24, 2014 10:10:58 PM org.lown.consultancy.accounts.Sql createStatement
INFO: Creating Statement...
Dec 24, 2014 10:10:59 PM org.lown.consultancy.accounts.dialog.MainMenu actionPerformed
INFO: Loading Users Dialog form... 
Dec 24, 2014 10:10:59 PM org.lown.consultancy.accounts.dialog.UserDialog createAndShowGUI
INFO: Loading Contra Expenses Dialog
Dec 24, 2014 10:10:59 PM org.lown.consultancy.accounts.dao.UserDAO getAllUsers
INFO: Getting user Details given username and pass... 
Dec 24, 2014 10:10:59 PM org.lown.consultancy.accounts.Sql createStatement
INFO: Creating Statement...
Dec 24, 2014 10:11:24 PM org.lown.consultancy.accounts.Sql createStatement
INFO: Creating Statement...
Dec 24, 2014 10:11:25 PM org.lown.consultancy.accounts.dao.UserDAO saveUser
SEVERE: ERROR
Dec 24, 2014 11:03:34 PM org.lown.consultancy.accounts.dialog.MainMenu actionPerformed
INFO: Exiting Accounts Management Application... 
Dec 24, 2014 11:03:34 PM org.lown.consultancy.accounts.dialog.LoginDialog createAndShowGUI
INFO: Loading The Log on Page
Dec 24, 2014 11:03:37 PM org.lown.consultancy.accounts.AccountsManagement main
INFO: LOWN Accounting Application logs...
Dec 24, 2014 11:03:37 PM org.lown.consultancy.accounts.AccountsManagement main
INFO: Application Starting...
Dec 24, 2014 11:03:37 PM org.lown.consultancy.accounts.dialog.LoginDialog <init>
INFO: Application User Log on UI...
Dec 24, 2014 11:03:37 PM org.lown.consultancy.accounts.dao.UserDAO getUserRoleMap
INFO: Getting user roles.. 
Dec 24, 2014 11:03:37 PM org.lown.consultancy.accounts.Sql createStatement
INFO: Creating Statement...
Dec 24, 2014 11:03:37 PM org.lown.consultancy.accounts.Sql getConnection
INFO: Opening Connection to the Database
Dec 24, 2014 11:03:42 PM org.lown.consultancy.accounts.dao.UserDAO getUser
INFO: Getting user Details given username and pass... 
Dec 24, 2014 11:03:42 PM org.lown.consultancy.accounts.Sql createStatement
INFO: Creating Statement...
Dec 24, 2014 11:03:42 PM org.lown.consultancy.accounts.dialog.LoginDialog actionPerformed
INFO: Sucessfull Log on... Loading Main Menu
Dec 24, 2014 11:03:42 PM org.lown.consultancy.accounts.dialog.LoginDialog actionPerformed
INFO: User: super Login  Sucessfull
Dec 24, 2014 11:03:42 PM org.lown.consultancy.accounts.dao.UserDAO getUserRole
INFO: Getting user Details given username and pass... 
Dec 24, 2014 11:03:42 PM org.lown.consultancy.accounts.Sql createStatement
INFO: Creating Statement...
Dec 24, 2014 11:03:42 PM org.lown.consultancy.accounts.dao.CompanyDAO getCompanyDetails
INFO: Getting Customer Details given the internal DB id... 
Dec 24, 2014 11:03:42 PM org.lown.consultancy.accounts.Sql createStatement
INFO: Creating Statement...
Dec 24, 2014 11:03:42 PM org.lown.consultancy.accounts.dao.StockDAO getPendingStockItems
INFO: Getting Category Details given the internal DB id... 
Dec 24, 2014 11:03:42 PM org.lown.consultancy.accounts.Sql createStatement
INFO: Creating Statement...
Dec 24, 2014 11:03:44 PM org.lown.consultancy.accounts.dialog.MainMenu actionPerformed
INFO: Loading Users Dialog form... 
Dec 24, 2014 11:03:44 PM org.lown.consultancy.accounts.dialog.UserDialog createAndShowGUI
INFO: Loading Contra Expenses Dialog
Dec 24, 2014 11:03:44 PM org.lown.consultancy.accounts.dao.UserDAO getAllUsers
INFO: Getting user Details given username and pass... 
Dec 24, 2014 11:03:44 PM org.lown.consultancy.accounts.Sql createStatement
INFO: Creating Statement...
Dec 24, 2014 11:04:28 PM org.lown.consultancy.accounts.Sql createStatement
INFO: Creating Statement...
Dec 24, 2014 11:04:28 PM org.lown.consultancy.accounts.Sql createStatement
INFO: Creating Statement...
Dec 24, 2014 11:04:28 PM org.lown.consultancy.accounts.dao.UserDAO saveUser
SEVERE: ERROR
Dec 24, 2014 11:06:39 PM org.lown.consultancy.accounts.dialog.MainMenu actionPerformed
INFO: Exiting Accounts Management Application... 
Dec 24, 2014 11:06:39 PM org.lown.consultancy.accounts.dialog.LoginDialog createAndShowGUI
INFO: Loading The Log on Page
Dec 24, 2014 11:06:41 PM org.lown.consultancy.accounts.AccountsManagement main
INFO: LOWN Accounting Application logs...
Dec 24, 2014 11:06:41 PM org.lown.consultancy.accounts.AccountsManagement main
INFO: Application Starting...
Dec 24, 2014 11:06:41 PM org.lown.consultancy.accounts.dialog.LoginDialog <init>
INFO: Application User Log on UI...
Dec 24, 2014 11:06:41 PM org.lown.consultancy.accounts.dao.UserDAO getUserRoleMap
INFO: Getting user roles.. 
Dec 24, 2014 11:06:41 PM org.lown.consultancy.accounts.Sql createStatement
INFO: Creating Statement...
Dec 24, 2014 11:06:42 PM org.lown.consultancy.accounts.Sql getConnection
INFO: Opening Connection to the Database
Dec 24, 2014 11:06:47 PM org.lown.consultancy.accounts.dao.UserDAO getUser
INFO: Getting user Details given username and pass... 
Dec 24, 2014 11:06:47 PM org.lown.consultancy.accounts.Sql createStatement
INFO: Creating Statement...
Dec 24, 2014 11:06:47 PM org.lown.consultancy.accounts.dialog.LoginDialog actionPerformed
INFO: Sucessfull Log on... Loading Main Menu
Dec 24, 2014 11:06:47 PM org.lown.consultancy.accounts.dialog.LoginDialog actionPerformed
INFO: User: super Login  Sucessfull
Dec 24, 2014 11:06:47 PM org.lown.consultancy.accounts.dao.UserDAO getUserRole
INFO: Getting user Details given username and pass... 
Dec 24, 2014 11:06:47 PM org.lown.consultancy.accounts.Sql createStatement
INFO: Creating Statement...
Dec 24, 2014 11:06:47 PM org.lown.consultancy.accounts.dao.CompanyDAO getCompanyDetails
INFO: Getting Customer Details given the internal DB id... 
Dec 24, 2014 11:06:47 PM org.lown.consultancy.accounts.Sql createStatement
INFO: Creating Statement...
Dec 24, 2014 11:06:47 PM org.lown.consultancy.accounts.dao.StockDAO getPendingStockItems
INFO: Getting Category Details given the internal DB id... 
Dec 24, 2014 11:06:47 PM org.lown.consultancy.accounts.Sql createStatement
INFO: Creating Statement...
Dec 24, 2014 11:06:51 PM org.lown.consultancy.accounts.dialog.MainMenu actionPerformed
INFO: Loading Users Dialog form... 
Dec 24, 2014 11:06:51 PM org.lown.consultancy.accounts.dialog.UserDialog createAndShowGUI
INFO: Loading Contra Expenses Dialog
Dec 24, 2014 11:06:51 PM org.lown.consultancy.accounts.dao.UserDAO getAllUsers
INFO: Getting user Details given username and pass... 
Dec 24, 2014 11:06:51 PM org.lown.consultancy.accounts.Sql createStatement
INFO: Creating Statement...
Dec 24, 2014 11:07:48 PM org.lown.consultancy.accounts.Sql createStatement
INFO: Creating Statement...
Dec 24, 2014 11:07:48 PM org.lown.consultancy.accounts.Sql createStatement
INFO: Creating Statement...
Dec 24, 2014 11:07:48 PM org.lown.consultancy.accounts.Sql createStatement
INFO: Creating Statement...
Dec 24, 2014 11:08:07 PM org.lown.consultancy.accounts.dialog.MainMenu actionPerformed
INFO: Exiting Accounts Management Application... 
Dec 24, 2014 11:08:07 PM org.lown.consultancy.accounts.dialog.LoginDialog createAndShowGUI
INFO: Loading The Log on Page
Dec 24, 2014 11:08:09 PM org.lown.consultancy.accounts.AccountsManagement main
INFO: LOWN Accounting Application logs...
Dec 24, 2014 11:08:09 PM org.lown.consultancy.accounts.AccountsManagement main
INFO: Application Starting...
Dec 24, 2014 11:08:09 PM org.lown.consultancy.accounts.dialog.LoginDialog <init>
INFO: Application User Log on UI...
Dec 24, 2014 11:08:09 PM org.lown.consultancy.accounts.dao.UserDAO getUserRoleMap
INFO: Getting user roles.. 
Dec 24, 2014 11:08:09 PM org.lown.consultancy.accounts.Sql createStatement
INFO: Creating Statement...
Dec 24, 2014 11:08:09 PM org.lown.consultancy.accounts.Sql getConnection
INFO: Opening Connection to the Database
Dec 24, 2014 11:08:16 PM org.lown.consultancy.accounts.dao.UserDAO getUser
INFO: Getting user Details given username and pass... 
Dec 24, 2014 11:08:16 PM org.lown.consultancy.accounts.Sql createStatement
INFO: Creating Statement...
Dec 24, 2014 11:08:16 PM org.lown.consultancy.accounts.dialog.LoginDialog actionPerformed
INFO: Sucessfull Log on... Loading Main Menu
Dec 24, 2014 11:08:16 PM org.lown.consultancy.accounts.dialog.LoginDialog actionPerformed
INFO: User: Wafula Login  Sucessfull
Dec 24, 2014 11:08:16 PM org.lown.consultancy.accounts.dao.UserDAO getUserRole
INFO: Getting user Details given username and pass... 
Dec 24, 2014 11:08:16 PM org.lown.consultancy.accounts.Sql createStatement
INFO: Creating Statement...
Dec 24, 2014 11:08:16 PM org.lown.consultancy.accounts.dao.CompanyDAO getCompanyDetails
INFO: Getting Customer Details given the internal DB id... 
Dec 24, 2014 11:08:16 PM org.lown.consultancy.accounts.Sql createStatement
INFO: Creating Statement...
Dec 24, 2014 11:08:16 PM org.lown.consultancy.accounts.dao.StockDAO getPendingStockItems
INFO: Getting Category Details given the internal DB id... 
Dec 24, 2014 11:08:16 PM org.lown.consultancy.accounts.Sql createStatement
INFO: Creating Statement...
Dec 24, 2014 11:08:28 PM org.lown.consultancy.accounts.dialog.MainMenu actionPerformed
INFO: Exiting Accounts Management Application... 
Dec 24, 2014 11:08:28 PM org.lown.consultancy.accounts.dialog.LoginDialog createAndShowGUI
INFO: Loading The Log on Page
